<?xml version="1.0" encoding="UTF-8"?>
<testsuites name="TS_07_EditName_datadriven" time="156.12" tests="5" failures="1" errors="0">
   <testsuite name="TS_07_EditName_datadriven" tests="5" failures="1" errors="0" time="156.12" timestamp="2020-06-03 16:46:58" hostname="Van Hoang - DESKTOP-P2TV5PF" id="Test Suites/datadriven/internal/TS_07_EditName_datadriven">
      <properties>
         <property name="deviceName" value=""/>
         <property name="devicePlatform" value=""/>
         <property name="logFolder" value="C:\\Users\\Van Hoang\\git\\1512660_hw2_katalon\\Reports\\20200603_164657\\datadriven\\internal\\TS_07_EditName_datadriven\\20200603_164657"/>
         <property name="logFiles" value="C:\\Users\\Van Hoang\\git\\1512660_hw2_katalon\\Reports\\20200603_164657\\datadriven\\internal\\TS_07_EditName_datadriven\\20200603_164657\\execution0.log"/>
         <property name="attachments" value="C:\\Users\\Van Hoang\\git\\1512660_hw2_katalon\\Reports\\20200603_164657\\datadriven\\internal\\TS_07_EditName_datadriven\\20200603_164657\\1591177705509.png"/>
         <property name="hostName" value="Van Hoang - DESKTOP-P2TV5PF"/>
         <property name="os" value="Windows 10 64bit"/>
         <property name="katalonVersion" value="7.4.0.1"/>
         <property name="browser" value="Chrome 83.0.4103.61"/>
         <property name="hostAddress" value="192.168.1.6"/>
         <property name="sessionId" value="d1d32d7197dcd2c872737fcb185ddee1"/>
         <property name="seleniumVersion" value="3.141.59"/>
         <property name="proxyInformation" value="ProxyInformation{proxyOption=NO_PROXY, proxyServerType=HTTP, password=, proxyServerAddress=, proxyServerPort=0, executionList=}"/>
         <property name="platform" value="Windows 10"/>
      </properties>
      <testcase name="Test Cases/datadriven/internal/TC_07_EditName_datadriven" time="22.473" classname="Test Cases/datadriven/internal/TC_07_EditName_datadriven" status="PASSED">
         <system-out><![CDATA[2020-06-03 16:46:59 - [TEST_CASE][PASSED] - Test Cases/datadriven/internal/TC_07_EditName_datadriven: Test Cases/datadriven/internal/TC_07_EditName_datadriven

2020-06-03 16:46:59 - [TEST_STEP][PASSED] - openBrowser(""): Browser is opened with url: ''

2020-06-03 16:46:59 - [MESSAGE][INFO] - Starting 'Chrome' driver

2020-06-03 16:46:59 - [MESSAGE][INFO] - Action delay is set to 0 milliseconds

2020-06-03 16:47:03 - [MESSAGE][PASSED] - Browser is opened with url: ''

2020-06-03 16:47:03 - [TEST_STEP][PASSED] - navigateToUrl("https://hw2katalonkattermost.herokuapp.com/test/channels/town-square"): Navigate to 'https://hw2katalonkattermost.herokuapp.com/test/channels/town-square' successfully

2020-06-03 16:47:08 - [MESSAGE][PASSED] - Navigate to 'https://hw2katalonkattermost.herokuapp.com/test/channels/town-square' successfully

2020-06-03 16:47:08 - [TEST_STEP][PASSED] - setText(findTestObject("Page_Mattermost/input_All team communication in one place s_703ef5"), "vanhoang"): Text 'vanhoang' is set on object 'Object Repository/Page_Mattermost/input_All team communication in one place s_703ef5'

2020-06-03 16:47:14 - [MESSAGE][PASSED] - Text 'vanhoang' is set on object 'Object Repository/Page_Mattermost/input_All team communication in one place s_703ef5'

2020-06-03 16:47:14 - [TEST_STEP][PASSED] - setEncryptedText(findTestObject("Page_Mattermost/input_All team communication in one place s_2f2733"), "iGDxf8hSRT4="): Text ****** has been set on object 'Object Repository/Page_Mattermost/input_All team communication in one place s_2f2733'

2020-06-03 16:47:14 - [MESSAGE][PASSED] - Text ****** has been set on object 'Object Repository/Page_Mattermost/input_All team communication in one place s_2f2733'

2020-06-03 16:47:14 - [TEST_STEP][PASSED] - click(findTestObject("Page_Mattermost/span_Sign in")): Object: 'Object Repository/Page_Mattermost/span_Sign in' is clicked on

2020-06-03 16:47:15 - [MESSAGE][PASSED] - Object: 'Object Repository/Page_Mattermost/span_Sign in' is clicked on

2020-06-03 16:47:15 - [TEST_STEP][PASSED] - click(findTestObject("Page_Town Square - test Mattermost/svg")): Object: 'Object Repository/Page_Town Square - test Mattermost/svg' is clicked on

2020-06-03 16:47:17 - [MESSAGE][PASSED] - Object: 'Object Repository/Page_Town Square - test Mattermost/svg' is clicked on

2020-06-03 16:47:17 - [TEST_STEP][PASSED] - click(findTestObject("Page_Town Square - test Mattermost/span_Account Settings")): Object: 'Object Repository/Page_Town Square - test Mattermost/span_Account Settings' is clicked on

2020-06-03 16:47:18 - [MESSAGE][PASSED] - Object: 'Object Repository/Page_Town Square - test Mattermost/span_Account Settings' is clicked on

2020-06-03 16:47:18 - [TEST_STEP][PASSED] - click(findTestObject("Page_Town Square - test Mattermost/span_Edit")): Object: 'Object Repository/Page_Town Square - test Mattermost/span_Edit' is clicked on

2020-06-03 16:47:19 - [MESSAGE][PASSED] - Object: 'Object Repository/Page_Town Square - test Mattermost/span_Edit' is clicked on

2020-06-03 16:47:19 - [TEST_STEP][PASSED] - setText(findTestObject("Object Repository/Page_Town Square - test Mattermost/input_First Name_firstName"), firstname): Text '?./\~!@#$%^&*()' is set on object 'Object Repository/Page_Town Square - test Mattermost/input_First Name_firstName'

2020-06-03 16:47:20 - [MESSAGE][PASSED] - Text '?./\~!@#$%^&*()' is set on object 'Object Repository/Page_Town Square - test Mattermost/input_First Name_firstName'

2020-06-03 16:47:20 - [TEST_STEP][PASSED] - setText(findTestObject("Object Repository/Page_Town Square - test Mattermost/input_Last Name_lastName"), lastname): Text '?./\~!@#$%^&*()' is set on object 'Object Repository/Page_Town Square - test Mattermost/input_Last Name_lastName'

2020-06-03 16:47:20 - [MESSAGE][PASSED] - Text '?./\~!@#$%^&*()' is set on object 'Object Repository/Page_Town Square - test Mattermost/input_Last Name_lastName'

2020-06-03 16:47:20 - [TEST_STEP][PASSED] - click(findTestObject("Page_Town Square - test Mattermost/span_Save")): Object: 'Object Repository/Page_Town Square - test Mattermost/span_Save' is clicked on

2020-06-03 16:47:21 - [MESSAGE][PASSED] - Object: 'Object Repository/Page_Town Square - test Mattermost/span_Save' is clicked on

2020-06-03 16:47:21 - [TEST_STEP][PASSED] - closeBrowser(): Browser is closed

2020-06-03 16:47:21 - [MESSAGE][PASSED] - Browser is closed]]></system-out>
         <system-err><![CDATA[]]></system-err>
      </testcase>
      <testcase name="Test Cases/datadriven/internal/TC_07_EditName_datadriven" time="64.43" classname="Test Cases/datadriven/internal/TC_07_EditName_datadriven" status="FAILED">
         <failure type="FAILED" message="Test Cases/datadriven/internal/TC_07_EditName_datadriven FAILED.
Reason:
com.kms.katalon.core.exception.StepFailedException: Unable to click on object 'Object Repository/Page_Town Square - test Mattermost/svg'
	at com.kms.katalon.core.webui.keyword.internal.WebUIKeywordMain.stepFailed(WebUIKeywordMain.groovy:64)
	at com.kms.katalon.core.webui.keyword.internal.WebUIKeywordMain.runKeyword(WebUIKeywordMain.groovy:26)
	at com.kms.katalon.core.webui.keyword.builtin.ClickKeyword.click(ClickKeyword.groovy:76)
	at com.kms.katalon.core.webui.keyword.builtin.ClickKeyword.execute(ClickKeyword.groovy:43)
	at com.kms.katalon.core.keyword.internal.KeywordExecutor.executeKeywordForPlatform(KeywordExecutor.groovy:72)
	at com.kms.katalon.core.webui.keyword.WebUiBuiltInKeywords.click(WebUiBuiltInKeywords.groovy:616)
	at com.kms.katalon.core.webui.keyword.WebUiBuiltInKeywords$click$3.call(Unknown Source)
	at TC_07_EditName_datadriven.run(TC_07_EditName_datadriven:29)
	at com.kms.katalon.core.main.ScriptEngine.run(ScriptEngine.java:194)
	at com.kms.katalon.core.main.ScriptEngine.runScriptAsRawText(ScriptEngine.java:119)
	at com.kms.katalon.core.main.TestCaseExecutor.runScript(TestCaseExecutor.java:337)
	at com.kms.katalon.core.main.TestCaseExecutor.doExecute(TestCaseExecutor.java:328)
	at com.kms.katalon.core.main.TestCaseExecutor.processExecutionPhase(TestCaseExecutor.java:307)
	at com.kms.katalon.core.main.TestCaseExecutor.accessMainPhase(TestCaseExecutor.java:299)
	at com.kms.katalon.core.main.TestCaseExecutor.execute(TestCaseExecutor.java:233)
	at com.kms.katalon.core.main.TestSuiteExecutor.accessTestCaseMainPhase(TestSuiteExecutor.java:169)
	at com.kms.katalon.core.main.TestSuiteExecutor.accessTestSuiteMainPhase(TestSuiteExecutor.java:142)
	at com.kms.katalon.core.main.TestSuiteExecutor.execute(TestSuiteExecutor.java:91)
	at com.kms.katalon.core.main.TestCaseMain.startTestSuite(TestCaseMain.java:157)
	at com.kms.katalon.core.main.TestCaseMain$startTestSuite$0.call(Unknown Source)
	at TempTestSuite1591177617267.run(TempTestSuite1591177617267.groovy:37)
Caused by: com.kms.katalon.core.webui.exception.WebElementNotFoundException: Web element with id: 'Object Repository/Page_Town Square - test Mattermost/svg' located by 'By.xpath: (.//*[normalize-space(text()) and normalize-space(.)='@vanhoang'])[1]/following::*[name()='svg'][1]' not found
	at com.kms.katalon.core.webui.common.WebUiCommonHelper.findWebElement(WebUiCommonHelper.java:1154)
	at com.kms.katalon.core.webui.keyword.internal.WebUIAbstractKeyword.findWebElement(WebUIAbstractKeyword.groovy:27)
	at com.kms.katalon.core.webui.keyword.internal.WebUIAbstractKeyword.findWebElement(WebUIAbstractKeyword.groovy:26)
	at com.kms.katalon.core.webui.keyword.builtin.ClickKeyword$_click_closure1.doCall(ClickKeyword.groovy:67)
	at com.kms.katalon.core.webui.keyword.builtin.ClickKeyword$_click_closure1.call(ClickKeyword.groovy)
	at com.kms.katalon.core.webui.keyword.internal.WebUIKeywordMain.runKeyword(WebUIKeywordMain.groovy:20)
	... 19 more
"/>
         <system-out><![CDATA[2020-06-03 16:47:21 - [TEST_CASE][FAILED] - Test Cases/datadriven/internal/TC_07_EditName_datadriven: Test Cases/datadriven/internal/TC_07_EditName_datadriven FAILED.
Reason:
com.kms.katalon.core.exception.StepFailedException: Unable to click on object 'Object Repository/Page_Town Square - test Mattermost/svg'
	at com.kms.katalon.core.webui.keyword.internal.WebUIKeywordMain.stepFailed(WebUIKeywordMain.groovy:64)
	at com.kms.katalon.core.webui.keyword.internal.WebUIKeywordMain.runKeyword(WebUIKeywordMain.groovy:26)
	at com.kms.katalon.core.webui.keyword.builtin.ClickKeyword.click(ClickKeyword.groovy:76)
	at com.kms.katalon.core.webui.keyword.builtin.ClickKeyword.execute(ClickKeyword.groovy:43)
	at com.kms.katalon.core.keyword.internal.KeywordExecutor.executeKeywordForPlatform(KeywordExecutor.groovy:72)
	at com.kms.katalon.core.webui.keyword.WebUiBuiltInKeywords.click(WebUiBuiltInKeywords.groovy:616)
	at com.kms.katalon.core.webui.keyword.WebUiBuiltInKeywords$click$3.call(Unknown Source)
	at TC_07_EditName_datadriven.run(TC_07_EditName_datadriven:29)
	at com.kms.katalon.core.main.ScriptEngine.run(ScriptEngine.java:194)
	at com.kms.katalon.core.main.ScriptEngine.runScriptAsRawText(ScriptEngine.java:119)
	at com.kms.katalon.core.main.TestCaseExecutor.runScript(TestCaseExecutor.java:337)
	at com.kms.katalon.core.main.TestCaseExecutor.doExecute(TestCaseExecutor.java:328)
	at com.kms.katalon.core.main.TestCaseExecutor.processExecutionPhase(TestCaseExecutor.java:307)
	at com.kms.katalon.core.main.TestCaseExecutor.accessMainPhase(TestCaseExecutor.java:299)
	at com.kms.katalon.core.main.TestCaseExecutor.execute(TestCaseExecutor.java:233)
	at com.kms.katalon.core.main.TestSuiteExecutor.accessTestCaseMainPhase(TestSuiteExecutor.java:169)
	at com.kms.katalon.core.main.TestSuiteExecutor.accessTestSuiteMainPhase(TestSuiteExecutor.java:142)
	at com.kms.katalon.core.main.TestSuiteExecutor.execute(TestSuiteExecutor.java:91)
	at com.kms.katalon.core.main.TestCaseMain.startTestSuite(TestCaseMain.java:157)
	at com.kms.katalon.core.main.TestCaseMain$startTestSuite$0.call(Unknown Source)
	at TempTestSuite1591177617267.run(TempTestSuite1591177617267.groovy:37)
Caused by: com.kms.katalon.core.webui.exception.WebElementNotFoundException: Web element with id: 'Object Repository/Page_Town Square - test Mattermost/svg' located by 'By.xpath: (.//*[normalize-space(text()) and normalize-space(.)='@vanhoang'])[1]/following::*[name()='svg'][1]' not found
	at com.kms.katalon.core.webui.common.WebUiCommonHelper.findWebElement(WebUiCommonHelper.java:1154)
	at com.kms.katalon.core.webui.keyword.internal.WebUIAbstractKeyword.findWebElement(WebUIAbstractKeyword.groovy:27)
	at com.kms.katalon.core.webui.keyword.internal.WebUIAbstractKeyword.findWebElement(WebUIAbstractKeyword.groovy:26)
	at com.kms.katalon.core.webui.keyword.builtin.ClickKeyword$_click_closure1.doCall(ClickKeyword.groovy:67)
	at com.kms.katalon.core.webui.keyword.builtin.ClickKeyword$_click_closure1.call(ClickKeyword.groovy)
	at com.kms.katalon.core.webui.keyword.internal.WebUIKeywordMain.runKeyword(WebUIKeywordMain.groovy:20)
	... 19 more


2020-06-03 16:47:21 - [TEST_STEP][PASSED] - openBrowser(""): Browser is opened with url: ''

2020-06-03 16:47:21 - [MESSAGE][INFO] - Starting 'Chrome' driver

2020-06-03 16:47:21 - [MESSAGE][INFO] - Action delay is set to 0 milliseconds

2020-06-03 16:47:24 - [MESSAGE][PASSED] - Browser is opened with url: ''

2020-06-03 16:47:24 - [TEST_STEP][PASSED] - navigateToUrl("https://hw2katalonkattermost.herokuapp.com/test/channels/town-square"): Navigate to 'https://hw2katalonkattermost.herokuapp.com/test/channels/town-square' successfully

2020-06-03 16:47:28 - [MESSAGE][PASSED] - Navigate to 'https://hw2katalonkattermost.herokuapp.com/test/channels/town-square' successfully

2020-06-03 16:47:28 - [TEST_STEP][PASSED] - setText(findTestObject("Page_Mattermost/input_All team communication in one place s_703ef5"), "vanhoang"): Text 'vanhoang' is set on object 'Object Repository/Page_Mattermost/input_All team communication in one place s_703ef5'

2020-06-03 16:47:36 - [MESSAGE][PASSED] - Text 'vanhoang' is set on object 'Object Repository/Page_Mattermost/input_All team communication in one place s_703ef5'

2020-06-03 16:47:36 - [TEST_STEP][PASSED] - setEncryptedText(findTestObject("Page_Mattermost/input_All team communication in one place s_2f2733"), "iGDxf8hSRT4="): Text ****** has been set on object 'Object Repository/Page_Mattermost/input_All team communication in one place s_2f2733'

2020-06-03 16:47:38 - [MESSAGE][PASSED] - Text ****** has been set on object 'Object Repository/Page_Mattermost/input_All team communication in one place s_2f2733'

2020-06-03 16:47:38 - [TEST_STEP][PASSED] - click(findTestObject("Page_Mattermost/span_Sign in")): Object: 'Object Repository/Page_Mattermost/span_Sign in' is clicked on

2020-06-03 16:47:45 - [MESSAGE][PASSED] - Object: 'Object Repository/Page_Mattermost/span_Sign in' is clicked on

2020-06-03 16:47:45 - [TEST_STEP][FAILED] - click(findTestObject("Page_Town Square - test Mattermost/svg")): Unable to click on object 'Object Repository/Page_Town Square - test Mattermost/svg' (Root cause: com.kms.katalon.core.exception.StepFailedException: Unable to click on object 'Object Repository/Page_Town Square - test Mattermost/svg'
	at com.kms.katalon.core.webui.keyword.internal.WebUIKeywordMain.stepFailed(WebUIKeywordMain.groovy:64)
	at com.kms.katalon.core.webui.keyword.internal.WebUIKeywordMain.runKeyword(WebUIKeywordMain.groovy:26)
	at com.kms.katalon.core.webui.keyword.builtin.ClickKeyword.click(ClickKeyword.groovy:76)
	at com.kms.katalon.core.webui.keyword.builtin.ClickKeyword.execute(ClickKeyword.groovy:43)
	at com.kms.katalon.core.keyword.internal.KeywordExecutor.executeKeywordForPlatform(KeywordExecutor.groovy:72)
	at com.kms.katalon.core.webui.keyword.WebUiBuiltInKeywords.click(WebUiBuiltInKeywords.groovy:616)
	at com.kms.katalon.core.webui.keyword.WebUiBuiltInKeywords$click$3.call(Unknown Source)
	at TC_07_EditName_datadriven.run(TC_07_EditName_datadriven:29)
	at com.kms.katalon.core.main.ScriptEngine.run(ScriptEngine.java:194)
	at com.kms.katalon.core.main.ScriptEngine.runScriptAsRawText(ScriptEngine.java:119)
	at com.kms.katalon.core.main.TestCaseExecutor.runScript(TestCaseExecutor.java:337)
	at com.kms.katalon.core.main.TestCaseExecutor.doExecute(TestCaseExecutor.java:328)
	at com.kms.katalon.core.main.TestCaseExecutor.processExecutionPhase(TestCaseExecutor.java:307)
	at com.kms.katalon.core.main.TestCaseExecutor.accessMainPhase(TestCaseExecutor.java:299)
	at com.kms.katalon.core.main.TestCaseExecutor.execute(TestCaseExecutor.java:233)
	at com.kms.katalon.core.main.TestSuiteExecutor.accessTestCaseMainPhase(TestSuiteExecutor.java:169)
	at com.kms.katalon.core.main.TestSuiteExecutor.accessTestSuiteMainPhase(TestSuiteExecutor.java:142)
	at com.kms.katalon.core.main.TestSuiteExecutor.execute(TestSuiteExecutor.java:91)
	at com.kms.katalon.core.main.TestCaseMain.startTestSuite(TestCaseMain.java:157)
	at com.kms.katalon.core.main.TestCaseMain$startTestSuite$0.call(Unknown Source)
	at TempTestSuite1591177617267.run(TempTestSuite1591177617267.groovy:37)
Caused by: com.kms.katalon.core.webui.exception.WebElementNotFoundException: Web element with id: 'Object Repository/Page_Town Square - test Mattermost/svg' located by 'By.xpath: (.//*[normalize-space(text()) and normalize-space(.)='@vanhoang'])[1]/following::*[name()='svg'][1]' not found
	at com.kms.katalon.core.webui.common.WebUiCommonHelper.findWebElement(WebUiCommonHelper.java:1154)
	at com.kms.katalon.core.webui.keyword.internal.WebUIAbstractKeyword.findWebElement(WebUIAbstractKeyword.groovy:27)
	at com.kms.katalon.core.webui.keyword.internal.WebUIAbstractKeyword.findWebElement(WebUIAbstractKeyword.groovy:26)
	at com.kms.katalon.core.webui.keyword.builtin.ClickKeyword$_click_closure1.doCall(ClickKeyword.groovy:67)
	at com.kms.katalon.core.webui.keyword.builtin.ClickKeyword$_click_closure1.call(ClickKeyword.groovy)
	at com.kms.katalon.core.webui.keyword.internal.WebUIKeywordMain.runKeyword(WebUIKeywordMain.groovy:20)
	at com.kms.katalon.core.webui.keyword.builtin.ClickKeyword.click(ClickKeyword.groovy:76)
	at com.kms.katalon.core.webui.keyword.builtin.ClickKeyword.execute(ClickKeyword.groovy:43)
	at com.kms.katalon.core.keyword.internal.KeywordExecutor.executeKeywordForPlatform(KeywordExecutor.groovy:72)
	at com.kms.katalon.core.webui.keyword.WebUiBuiltInKeywords.click(WebUiBuiltInKeywords.groovy:616)
	at com.kms.katalon.core.webui.keyword.WebUiBuiltInKeywords$click$3.call(Unknown Source)
	at Script1591177054295.run(Script1591177054295.groovy:29)
	... 13 more
)

2020-06-03 16:48:25 - [MESSAGE][INFO] - Unable to find the element located by 'By.xpath: (.//*[normalize-space(text()) and normalize-space(.)='@vanhoang'])[1]/following::*[name()='svg'][1]'. Please recheck the objects properties to make sure the desired element is located. 

2020-06-03 16:48:26 - [MESSAGE][FAILED] - Unable to click on object 'Object Repository/Page_Town Square - test Mattermost/svg' (Root cause: com.kms.katalon.core.exception.StepFailedException: Unable to click on object 'Object Repository/Page_Town Square - test Mattermost/svg'
	at com.kms.katalon.core.webui.keyword.internal.WebUIKeywordMain.stepFailed(WebUIKeywordMain.groovy:64)
	at com.kms.katalon.core.webui.keyword.internal.WebUIKeywordMain.runKeyword(WebUIKeywordMain.groovy:26)
	at com.kms.katalon.core.webui.keyword.builtin.ClickKeyword.click(ClickKeyword.groovy:76)
	at com.kms.katalon.core.webui.keyword.builtin.ClickKeyword.execute(ClickKeyword.groovy:43)
	at com.kms.katalon.core.keyword.internal.KeywordExecutor.executeKeywordForPlatform(KeywordExecutor.groovy:72)
	at com.kms.katalon.core.webui.keyword.WebUiBuiltInKeywords.click(WebUiBuiltInKeywords.groovy:616)
	at com.kms.katalon.core.webui.keyword.WebUiBuiltInKeywords$click$3.call(Unknown Source)
	at TC_07_EditName_datadriven.run(TC_07_EditName_datadriven:29)
	at com.kms.katalon.core.main.ScriptEngine.run(ScriptEngine.java:194)
	at com.kms.katalon.core.main.ScriptEngine.runScriptAsRawText(ScriptEngine.java:119)
	at com.kms.katalon.core.main.TestCaseExecutor.runScript(TestCaseExecutor.java:337)
	at com.kms.katalon.core.main.TestCaseExecutor.doExecute(TestCaseExecutor.java:328)
	at com.kms.katalon.core.main.TestCaseExecutor.processExecutionPhase(TestCaseExecutor.java:307)
	at com.kms.katalon.core.main.TestCaseExecutor.accessMainPhase(TestCaseExecutor.java:299)
	at com.kms.katalon.core.main.TestCaseExecutor.execute(TestCaseExecutor.java:233)
	at com.kms.katalon.core.main.TestSuiteExecutor.accessTestCaseMainPhase(TestSuiteExecutor.java:169)
	at com.kms.katalon.core.main.TestSuiteExecutor.accessTestSuiteMainPhase(TestSuiteExecutor.java:142)
	at com.kms.katalon.core.main.TestSuiteExecutor.execute(TestSuiteExecutor.java:91)
	at com.kms.katalon.core.main.TestCaseMain.startTestSuite(TestCaseMain.java:157)
	at com.kms.katalon.core.main.TestCaseMain$startTestSuite$0.call(Unknown Source)
	at TempTestSuite1591177617267.run(TempTestSuite1591177617267.groovy:37)
Caused by: com.kms.katalon.core.webui.exception.WebElementNotFoundException: Web element with id: 'Object Repository/Page_Town Square - test Mattermost/svg' located by 'By.xpath: (.//*[normalize-space(text()) and normalize-space(.)='@vanhoang'])[1]/following::*[name()='svg'][1]' not found
	at com.kms.katalon.core.webui.common.WebUiCommonHelper.findWebElement(WebUiCommonHelper.java:1154)
	at com.kms.katalon.core.webui.keyword.internal.WebUIAbstractKeyword.findWebElement(WebUIAbstractKeyword.groovy:27)
	at com.kms.katalon.core.webui.keyword.internal.WebUIAbstractKeyword.findWebElement(WebUIAbstractKeyword.groovy:26)
	at com.kms.katalon.core.webui.keyword.builtin.ClickKeyword$_click_closure1.doCall(ClickKeyword.groovy:67)
	at com.kms.katalon.core.webui.keyword.builtin.ClickKeyword$_click_closure1.call(ClickKeyword.groovy)
	at com.kms.katalon.core.webui.keyword.internal.WebUIKeywordMain.runKeyword(WebUIKeywordMain.groovy:20)
	at com.kms.katalon.core.webui.keyword.builtin.ClickKeyword.click(ClickKeyword.groovy:76)
	at com.kms.katalon.core.webui.keyword.builtin.ClickKeyword.execute(ClickKeyword.groovy:43)
	at com.kms.katalon.core.keyword.internal.KeywordExecutor.executeKeywordForPlatform(KeywordExecutor.groovy:72)
	at com.kms.katalon.core.webui.keyword.WebUiBuiltInKeywords.click(WebUiBuiltInKeywords.groovy:616)
	at com.kms.katalon.core.webui.keyword.WebUiBuiltInKeywords$click$3.call(Unknown Source)
	at Script1591177054295.run(Script1591177054295.groovy:29)
	... 13 more
)
[[ATTACHMENT|C:\\Users\\Van Hoang\\git\\1512660_hw2_katalon\\Reports\\20200603_164657\\datadriven\\internal\\TS_07_EditName_datadriven\\20200603_164657\\1591177705509.png]]]]></system-out>
         <system-err><![CDATA[2020-06-03 16:47:21 - [TEST_CASE][FAILED] - Test Cases/datadriven/internal/TC_07_EditName_datadriven: Test Cases/datadriven/internal/TC_07_EditName_datadriven FAILED.
Reason:
com.kms.katalon.core.exception.StepFailedException: Unable to click on object 'Object Repository/Page_Town Square - test Mattermost/svg'
	at com.kms.katalon.core.webui.keyword.internal.WebUIKeywordMain.stepFailed(WebUIKeywordMain.groovy:64)
	at com.kms.katalon.core.webui.keyword.internal.WebUIKeywordMain.runKeyword(WebUIKeywordMain.groovy:26)
	at com.kms.katalon.core.webui.keyword.builtin.ClickKeyword.click(ClickKeyword.groovy:76)
	at com.kms.katalon.core.webui.keyword.builtin.ClickKeyword.execute(ClickKeyword.groovy:43)
	at com.kms.katalon.core.keyword.internal.KeywordExecutor.executeKeywordForPlatform(KeywordExecutor.groovy:72)
	at com.kms.katalon.core.webui.keyword.WebUiBuiltInKeywords.click(WebUiBuiltInKeywords.groovy:616)
	at com.kms.katalon.core.webui.keyword.WebUiBuiltInKeywords$click$3.call(Unknown Source)
	at TC_07_EditName_datadriven.run(TC_07_EditName_datadriven:29)
	at com.kms.katalon.core.main.ScriptEngine.run(ScriptEngine.java:194)
	at com.kms.katalon.core.main.ScriptEngine.runScriptAsRawText(ScriptEngine.java:119)
	at com.kms.katalon.core.main.TestCaseExecutor.runScript(TestCaseExecutor.java:337)
	at com.kms.katalon.core.main.TestCaseExecutor.doExecute(TestCaseExecutor.java:328)
	at com.kms.katalon.core.main.TestCaseExecutor.processExecutionPhase(TestCaseExecutor.java:307)
	at com.kms.katalon.core.main.TestCaseExecutor.accessMainPhase(TestCaseExecutor.java:299)
	at com.kms.katalon.core.main.TestCaseExecutor.execute(TestCaseExecutor.java:233)
	at com.kms.katalon.core.main.TestSuiteExecutor.accessTestCaseMainPhase(TestSuiteExecutor.java:169)
	at com.kms.katalon.core.main.TestSuiteExecutor.accessTestSuiteMainPhase(TestSuiteExecutor.java:142)
	at com.kms.katalon.core.main.TestSuiteExecutor.execute(TestSuiteExecutor.java:91)
	at com.kms.katalon.core.main.TestCaseMain.startTestSuite(TestCaseMain.java:157)
	at com.kms.katalon.core.main.TestCaseMain$startTestSuite$0.call(Unknown Source)
	at TempTestSuite1591177617267.run(TempTestSuite1591177617267.groovy:37)
Caused by: com.kms.katalon.core.webui.exception.WebElementNotFoundException: Web element with id: 'Object Repository/Page_Town Square - test Mattermost/svg' located by 'By.xpath: (.//*[normalize-space(text()) and normalize-space(.)='@vanhoang'])[1]/following::*[name()='svg'][1]' not found
	at com.kms.katalon.core.webui.common.WebUiCommonHelper.findWebElement(WebUiCommonHelper.java:1154)
	at com.kms.katalon.core.webui.keyword.internal.WebUIAbstractKeyword.findWebElement(WebUIAbstractKeyword.groovy:27)
	at com.kms.katalon.core.webui.keyword.internal.WebUIAbstractKeyword.findWebElement(WebUIAbstractKeyword.groovy:26)
	at com.kms.katalon.core.webui.keyword.builtin.ClickKeyword$_click_closure1.doCall(ClickKeyword.groovy:67)
	at com.kms.katalon.core.webui.keyword.builtin.ClickKeyword$_click_closure1.call(ClickKeyword.groovy)
	at com.kms.katalon.core.webui.keyword.internal.WebUIKeywordMain.runKeyword(WebUIKeywordMain.groovy:20)
	... 19 more]]></system-err>
      </testcase>
      <testcase name="Test Cases/datadriven/internal/TC_07_EditName_datadriven" time="25.042" classname="Test Cases/datadriven/internal/TC_07_EditName_datadriven" status="PASSED">
         <system-out><![CDATA[2020-06-03 16:48:26 - [TEST_CASE][PASSED] - Test Cases/datadriven/internal/TC_07_EditName_datadriven: Test Cases/datadriven/internal/TC_07_EditName_datadriven

2020-06-03 16:48:26 - [TEST_STEP][PASSED] - openBrowser(""): Browser is opened with url: ''

2020-06-03 16:48:26 - [MESSAGE][WARNING] - A browser is already opened. Closing browser and opening a new one

2020-06-03 16:48:26 - [MESSAGE][INFO] - Starting 'Chrome' driver

2020-06-03 16:48:26 - [MESSAGE][INFO] - Action delay is set to 0 milliseconds

2020-06-03 16:48:29 - [MESSAGE][PASSED] - Browser is opened with url: ''

2020-06-03 16:48:29 - [TEST_STEP][PASSED] - navigateToUrl("https://hw2katalonkattermost.herokuapp.com/test/channels/town-square"): Navigate to 'https://hw2katalonkattermost.herokuapp.com/test/channels/town-square' successfully

2020-06-03 16:48:36 - [MESSAGE][PASSED] - Navigate to 'https://hw2katalonkattermost.herokuapp.com/test/channels/town-square' successfully

2020-06-03 16:48:36 - [TEST_STEP][PASSED] - setText(findTestObject("Page_Mattermost/input_All team communication in one place s_703ef5"), "vanhoang"): Text 'vanhoang' is set on object 'Object Repository/Page_Mattermost/input_All team communication in one place s_703ef5'

2020-06-03 16:48:42 - [MESSAGE][PASSED] - Text 'vanhoang' is set on object 'Object Repository/Page_Mattermost/input_All team communication in one place s_703ef5'

2020-06-03 16:48:42 - [TEST_STEP][PASSED] - setEncryptedText(findTestObject("Page_Mattermost/input_All team communication in one place s_2f2733"), "iGDxf8hSRT4="): Text ****** has been set on object 'Object Repository/Page_Mattermost/input_All team communication in one place s_2f2733'

2020-06-03 16:48:43 - [MESSAGE][PASSED] - Text ****** has been set on object 'Object Repository/Page_Mattermost/input_All team communication in one place s_2f2733'

2020-06-03 16:48:43 - [TEST_STEP][PASSED] - click(findTestObject("Page_Mattermost/span_Sign in")): Object: 'Object Repository/Page_Mattermost/span_Sign in' is clicked on

2020-06-03 16:48:43 - [MESSAGE][PASSED] - Object: 'Object Repository/Page_Mattermost/span_Sign in' is clicked on

2020-06-03 16:48:43 - [TEST_STEP][PASSED] - click(findTestObject("Page_Town Square - test Mattermost/svg")): Object: 'Object Repository/Page_Town Square - test Mattermost/svg' is clicked on

2020-06-03 16:48:47 - [MESSAGE][PASSED] - Object: 'Object Repository/Page_Town Square - test Mattermost/svg' is clicked on

2020-06-03 16:48:47 - [TEST_STEP][PASSED] - click(findTestObject("Page_Town Square - test Mattermost/span_Account Settings")): Object: 'Object Repository/Page_Town Square - test Mattermost/span_Account Settings' is clicked on

2020-06-03 16:48:48 - [MESSAGE][PASSED] - Object: 'Object Repository/Page_Town Square - test Mattermost/span_Account Settings' is clicked on

2020-06-03 16:48:48 - [TEST_STEP][PASSED] - click(findTestObject("Page_Town Square - test Mattermost/span_Edit")): Object: 'Object Repository/Page_Town Square - test Mattermost/span_Edit' is clicked on

2020-06-03 16:48:48 - [MESSAGE][PASSED] - Object: 'Object Repository/Page_Town Square - test Mattermost/span_Edit' is clicked on

2020-06-03 16:48:48 - [TEST_STEP][PASSED] - setText(findTestObject("Object Repository/Page_Town Square - test Mattermost/input_First Name_firstName"), firstname): Text '?./\~!@#$%^&*()' is set on object 'Object Repository/Page_Town Square - test Mattermost/input_First Name_firstName'

2020-06-03 16:48:49 - [MESSAGE][PASSED] - Text '?./\~!@#$%^&*()' is set on object 'Object Repository/Page_Town Square - test Mattermost/input_First Name_firstName'

2020-06-03 16:48:49 - [TEST_STEP][PASSED] - setText(findTestObject("Object Repository/Page_Town Square - test Mattermost/input_Last Name_lastName"), lastname): Text '' is set on object 'Object Repository/Page_Town Square - test Mattermost/input_Last Name_lastName'

2020-06-03 16:48:50 - [MESSAGE][PASSED] - Text '' is set on object 'Object Repository/Page_Town Square - test Mattermost/input_Last Name_lastName'

2020-06-03 16:48:50 - [TEST_STEP][PASSED] - click(findTestObject("Page_Town Square - test Mattermost/span_Save")): Object: 'Object Repository/Page_Town Square - test Mattermost/span_Save' is clicked on

2020-06-03 16:48:50 - [MESSAGE][PASSED] - Object: 'Object Repository/Page_Town Square - test Mattermost/span_Save' is clicked on

2020-06-03 16:48:50 - [TEST_STEP][PASSED] - closeBrowser(): Browser is closed

2020-06-03 16:48:51 - [MESSAGE][PASSED] - Browser is closed]]></system-out>
         <system-err><![CDATA[]]></system-err>
      </testcase>
      <testcase name="Test Cases/datadriven/internal/TC_07_EditName_datadriven" time="22.757" classname="Test Cases/datadriven/internal/TC_07_EditName_datadriven" status="PASSED">
         <system-out><![CDATA[2020-06-03 16:48:51 - [TEST_CASE][PASSED] - Test Cases/datadriven/internal/TC_07_EditName_datadriven: Test Cases/datadriven/internal/TC_07_EditName_datadriven

2020-06-03 16:48:51 - [TEST_STEP][PASSED] - openBrowser(""): Browser is opened with url: ''

2020-06-03 16:48:51 - [MESSAGE][INFO] - Starting 'Chrome' driver

2020-06-03 16:48:51 - [MESSAGE][INFO] - Action delay is set to 0 milliseconds

2020-06-03 16:48:54 - [MESSAGE][PASSED] - Browser is opened with url: ''

2020-06-03 16:48:54 - [TEST_STEP][PASSED] - navigateToUrl("https://hw2katalonkattermost.herokuapp.com/test/channels/town-square"): Navigate to 'https://hw2katalonkattermost.herokuapp.com/test/channels/town-square' successfully

2020-06-03 16:49:00 - [MESSAGE][PASSED] - Navigate to 'https://hw2katalonkattermost.herokuapp.com/test/channels/town-square' successfully

2020-06-03 16:49:00 - [TEST_STEP][PASSED] - setText(findTestObject("Page_Mattermost/input_All team communication in one place s_703ef5"), "vanhoang"): Text 'vanhoang' is set on object 'Object Repository/Page_Mattermost/input_All team communication in one place s_703ef5'

2020-06-03 16:49:06 - [MESSAGE][PASSED] - Text 'vanhoang' is set on object 'Object Repository/Page_Mattermost/input_All team communication in one place s_703ef5'

2020-06-03 16:49:06 - [TEST_STEP][PASSED] - setEncryptedText(findTestObject("Page_Mattermost/input_All team communication in one place s_2f2733"), "iGDxf8hSRT4="): Text ****** has been set on object 'Object Repository/Page_Mattermost/input_All team communication in one place s_2f2733'

2020-06-03 16:49:07 - [MESSAGE][PASSED] - Text ****** has been set on object 'Object Repository/Page_Mattermost/input_All team communication in one place s_2f2733'

2020-06-03 16:49:07 - [TEST_STEP][PASSED] - click(findTestObject("Page_Mattermost/span_Sign in")): Object: 'Object Repository/Page_Mattermost/span_Sign in' is clicked on

2020-06-03 16:49:07 - [MESSAGE][PASSED] - Object: 'Object Repository/Page_Mattermost/span_Sign in' is clicked on

2020-06-03 16:49:07 - [TEST_STEP][PASSED] - click(findTestObject("Page_Town Square - test Mattermost/svg")): Object: 'Object Repository/Page_Town Square - test Mattermost/svg' is clicked on

2020-06-03 16:49:10 - [MESSAGE][PASSED] - Object: 'Object Repository/Page_Town Square - test Mattermost/svg' is clicked on

2020-06-03 16:49:10 - [TEST_STEP][PASSED] - click(findTestObject("Page_Town Square - test Mattermost/span_Account Settings")): Object: 'Object Repository/Page_Town Square - test Mattermost/span_Account Settings' is clicked on

2020-06-03 16:49:10 - [MESSAGE][PASSED] - Object: 'Object Repository/Page_Town Square - test Mattermost/span_Account Settings' is clicked on

2020-06-03 16:49:10 - [TEST_STEP][PASSED] - click(findTestObject("Page_Town Square - test Mattermost/span_Edit")): Object: 'Object Repository/Page_Town Square - test Mattermost/span_Edit' is clicked on

2020-06-03 16:49:11 - [MESSAGE][PASSED] - Object: 'Object Repository/Page_Town Square - test Mattermost/span_Edit' is clicked on

2020-06-03 16:49:11 - [TEST_STEP][PASSED] - setText(findTestObject("Object Repository/Page_Town Square - test Mattermost/input_First Name_firstName"), firstname): Text '' is set on object 'Object Repository/Page_Town Square - test Mattermost/input_First Name_firstName'

2020-06-03 16:49:12 - [MESSAGE][PASSED] - Text '' is set on object 'Object Repository/Page_Town Square - test Mattermost/input_First Name_firstName'

2020-06-03 16:49:12 - [TEST_STEP][PASSED] - setText(findTestObject("Object Repository/Page_Town Square - test Mattermost/input_Last Name_lastName"), lastname): Text 'Ngọc' is set on object 'Object Repository/Page_Town Square - test Mattermost/input_Last Name_lastName'

2020-06-03 16:49:13 - [MESSAGE][PASSED] - Text 'Ngọc' is set on object 'Object Repository/Page_Town Square - test Mattermost/input_Last Name_lastName'

2020-06-03 16:49:13 - [TEST_STEP][PASSED] - click(findTestObject("Page_Town Square - test Mattermost/span_Save")): Object: 'Object Repository/Page_Town Square - test Mattermost/span_Save' is clicked on

2020-06-03 16:49:13 - [MESSAGE][PASSED] - Object: 'Object Repository/Page_Town Square - test Mattermost/span_Save' is clicked on

2020-06-03 16:49:13 - [TEST_STEP][PASSED] - closeBrowser(): Browser is closed

2020-06-03 16:49:14 - [MESSAGE][PASSED] - Browser is closed]]></system-out>
         <system-err><![CDATA[]]></system-err>
      </testcase>
      <testcase name="Test Cases/datadriven/internal/TC_07_EditName_datadriven" time="21.036" classname="Test Cases/datadriven/internal/TC_07_EditName_datadriven" status="PASSED">
         <system-out><![CDATA[2020-06-03 16:49:14 - [TEST_CASE][PASSED] - Test Cases/datadriven/internal/TC_07_EditName_datadriven: Test Cases/datadriven/internal/TC_07_EditName_datadriven

2020-06-03 16:49:14 - [TEST_STEP][PASSED] - openBrowser(""): Browser is opened with url: ''

2020-06-03 16:49:14 - [MESSAGE][INFO] - Starting 'Chrome' driver

2020-06-03 16:49:14 - [MESSAGE][INFO] - Action delay is set to 0 milliseconds

2020-06-03 16:49:17 - [MESSAGE][PASSED] - Browser is opened with url: ''

2020-06-03 16:49:17 - [TEST_STEP][PASSED] - navigateToUrl("https://hw2katalonkattermost.herokuapp.com/test/channels/town-square"): Navigate to 'https://hw2katalonkattermost.herokuapp.com/test/channels/town-square' successfully

2020-06-03 16:49:21 - [MESSAGE][PASSED] - Navigate to 'https://hw2katalonkattermost.herokuapp.com/test/channels/town-square' successfully

2020-06-03 16:49:21 - [TEST_STEP][PASSED] - setText(findTestObject("Page_Mattermost/input_All team communication in one place s_703ef5"), "vanhoang"): Text 'vanhoang' is set on object 'Object Repository/Page_Mattermost/input_All team communication in one place s_703ef5'

2020-06-03 16:49:27 - [MESSAGE][PASSED] - Text 'vanhoang' is set on object 'Object Repository/Page_Mattermost/input_All team communication in one place s_703ef5'

2020-06-03 16:49:27 - [TEST_STEP][PASSED] - setEncryptedText(findTestObject("Page_Mattermost/input_All team communication in one place s_2f2733"), "iGDxf8hSRT4="): Text ****** has been set on object 'Object Repository/Page_Mattermost/input_All team communication in one place s_2f2733'

2020-06-03 16:49:28 - [MESSAGE][PASSED] - Text ****** has been set on object 'Object Repository/Page_Mattermost/input_All team communication in one place s_2f2733'

2020-06-03 16:49:28 - [TEST_STEP][PASSED] - click(findTestObject("Page_Mattermost/span_Sign in")): Object: 'Object Repository/Page_Mattermost/span_Sign in' is clicked on

2020-06-03 16:49:28 - [MESSAGE][PASSED] - Object: 'Object Repository/Page_Mattermost/span_Sign in' is clicked on

2020-06-03 16:49:28 - [TEST_STEP][PASSED] - click(findTestObject("Page_Town Square - test Mattermost/svg")): Object: 'Object Repository/Page_Town Square - test Mattermost/svg' is clicked on

2020-06-03 16:49:31 - [MESSAGE][PASSED] - Object: 'Object Repository/Page_Town Square - test Mattermost/svg' is clicked on

2020-06-03 16:49:31 - [TEST_STEP][PASSED] - click(findTestObject("Page_Town Square - test Mattermost/span_Account Settings")): Object: 'Object Repository/Page_Town Square - test Mattermost/span_Account Settings' is clicked on

2020-06-03 16:49:32 - [MESSAGE][PASSED] - Object: 'Object Repository/Page_Town Square - test Mattermost/span_Account Settings' is clicked on

2020-06-03 16:49:32 - [TEST_STEP][PASSED] - click(findTestObject("Page_Town Square - test Mattermost/span_Edit")): Object: 'Object Repository/Page_Town Square - test Mattermost/span_Edit' is clicked on

2020-06-03 16:49:32 - [MESSAGE][PASSED] - Object: 'Object Repository/Page_Town Square - test Mattermost/span_Edit' is clicked on

2020-06-03 16:49:32 - [TEST_STEP][PASSED] - setText(findTestObject("Object Repository/Page_Town Square - test Mattermost/input_First Name_firstName"), firstname): Text 'Văn' is set on object 'Object Repository/Page_Town Square - test Mattermost/input_First Name_firstName'

2020-06-03 16:49:33 - [MESSAGE][PASSED] - Text 'Văn' is set on object 'Object Repository/Page_Town Square - test Mattermost/input_First Name_firstName'

2020-06-03 16:49:33 - [TEST_STEP][PASSED] - setText(findTestObject("Object Repository/Page_Town Square - test Mattermost/input_Last Name_lastName"), lastname): Text 'Hoàng' is set on object 'Object Repository/Page_Town Square - test Mattermost/input_Last Name_lastName'

2020-06-03 16:49:34 - [MESSAGE][PASSED] - Text 'Hoàng' is set on object 'Object Repository/Page_Town Square - test Mattermost/input_Last Name_lastName'

2020-06-03 16:49:34 - [TEST_STEP][PASSED] - click(findTestObject("Page_Town Square - test Mattermost/span_Save")): Object: 'Object Repository/Page_Town Square - test Mattermost/span_Save' is clicked on

2020-06-03 16:49:34 - [MESSAGE][PASSED] - Object: 'Object Repository/Page_Town Square - test Mattermost/span_Save' is clicked on

2020-06-03 16:49:34 - [TEST_STEP][PASSED] - closeBrowser(): Browser is closed

2020-06-03 16:49:35 - [MESSAGE][PASSED] - Browser is closed]]></system-out>
         <system-err><![CDATA[]]></system-err>
      </testcase>
      <system-out><![CDATA[2020-06-03 16:46:58 - [TEST_SUITE][FAILED] - TS_07_EditName_datadriven: Test Cases/datadriven/internal/TC_07_EditName_datadriven FAILED.
Reason:
com.kms.katalon.core.exception.StepFailedException: Unable to click on object 'Object Repository/Page_Town Square - test Mattermost/svg'
	at com.kms.katalon.core.webui.keyword.internal.WebUIKeywordMain.stepFailed(WebUIKeywordMain.groovy:64)
	at com.kms.katalon.core.webui.keyword.internal.WebUIKeywordMain.runKeyword(WebUIKeywordMain.groovy:26)
	at com.kms.katalon.core.webui.keyword.builtin.ClickKeyword.click(ClickKeyword.groovy:76)
	at com.kms.katalon.core.webui.keyword.builtin.ClickKeyword.execute(ClickKeyword.groovy:43)
	at com.kms.katalon.core.keyword.internal.KeywordExecutor.executeKeywordForPlatform(KeywordExecutor.groovy:72)
	at com.kms.katalon.core.webui.keyword.WebUiBuiltInKeywords.click(WebUiBuiltInKeywords.groovy:616)
	at com.kms.katalon.core.webui.keyword.WebUiBuiltInKeywords$click$3.call(Unknown Source)
	at TC_07_EditName_datadriven.run(TC_07_EditName_datadriven:29)
	at com.kms.katalon.core.main.ScriptEngine.run(ScriptEngine.java:194)
	at com.kms.katalon.core.main.ScriptEngine.runScriptAsRawText(ScriptEngine.java:119)
	at com.kms.katalon.core.main.TestCaseExecutor.runScript(TestCaseExecutor.java:337)
	at com.kms.katalon.core.main.TestCaseExecutor.doExecute(TestCaseExecutor.java:328)
	at com.kms.katalon.core.main.TestCaseExecutor.processExecutionPhase(TestCaseExecutor.java:307)
	at com.kms.katalon.core.main.TestCaseExecutor.accessMainPhase(TestCaseExecutor.java:299)
	at com.kms.katalon.core.main.TestCaseExecutor.execute(TestCaseExecutor.java:233)
	at com.kms.katalon.core.main.TestSuiteExecutor.accessTestCaseMainPhase(TestSuiteExecutor.java:169)
	at com.kms.katalon.core.main.TestSuiteExecutor.accessTestSuiteMainPhase(TestSuiteExecutor.java:142)
	at com.kms.katalon.core.main.TestSuiteExecutor.execute(TestSuiteExecutor.java:91)
	at com.kms.katalon.core.main.TestCaseMain.startTestSuite(TestCaseMain.java:157)
	at com.kms.katalon.core.main.TestCaseMain$startTestSuite$0.call(Unknown Source)
	at TempTestSuite1591177617267.run(TempTestSuite1591177617267.groovy:37)
Caused by: com.kms.katalon.core.webui.exception.WebElementNotFoundException: Web element with id: 'Object Repository/Page_Town Square - test Mattermost/svg' located by 'By.xpath: (.//*[normalize-space(text()) and normalize-space(.)='@vanhoang'])[1]/following::*[name()='svg'][1]' not found
	at com.kms.katalon.core.webui.common.WebUiCommonHelper.findWebElement(WebUiCommonHelper.java:1154)
	at com.kms.katalon.core.webui.keyword.internal.WebUIAbstractKeyword.findWebElement(WebUIAbstractKeyword.groovy:27)
	at com.kms.katalon.core.webui.keyword.internal.WebUIAbstractKeyword.findWebElement(WebUIAbstractKeyword.groovy:26)
	at com.kms.katalon.core.webui.keyword.builtin.ClickKeyword$_click_closure1.doCall(ClickKeyword.groovy:67)
	at com.kms.katalon.core.webui.keyword.builtin.ClickKeyword$_click_closure1.call(ClickKeyword.groovy)
	at com.kms.katalon.core.webui.keyword.internal.WebUIKeywordMain.runKeyword(WebUIKeywordMain.groovy:20)
	... 19 more]]></system-out>
      <system-err><![CDATA[2020-06-03 16:46:58 - [TEST_SUITE][FAILED] - TS_07_EditName_datadriven: Test Cases/datadriven/internal/TC_07_EditName_datadriven FAILED.
Reason:
com.kms.katalon.core.exception.StepFailedException: Unable to click on object 'Object Repository/Page_Town Square - test Mattermost/svg'
	at com.kms.katalon.core.webui.keyword.internal.WebUIKeywordMain.stepFailed(WebUIKeywordMain.groovy:64)
	at com.kms.katalon.core.webui.keyword.internal.WebUIKeywordMain.runKeyword(WebUIKeywordMain.groovy:26)
	at com.kms.katalon.core.webui.keyword.builtin.ClickKeyword.click(ClickKeyword.groovy:76)
	at com.kms.katalon.core.webui.keyword.builtin.ClickKeyword.execute(ClickKeyword.groovy:43)
	at com.kms.katalon.core.keyword.internal.KeywordExecutor.executeKeywordForPlatform(KeywordExecutor.groovy:72)
	at com.kms.katalon.core.webui.keyword.WebUiBuiltInKeywords.click(WebUiBuiltInKeywords.groovy:616)
	at com.kms.katalon.core.webui.keyword.WebUiBuiltInKeywords$click$3.call(Unknown Source)
	at TC_07_EditName_datadriven.run(TC_07_EditName_datadriven:29)
	at com.kms.katalon.core.main.ScriptEngine.run(ScriptEngine.java:194)
	at com.kms.katalon.core.main.ScriptEngine.runScriptAsRawText(ScriptEngine.java:119)
	at com.kms.katalon.core.main.TestCaseExecutor.runScript(TestCaseExecutor.java:337)
	at com.kms.katalon.core.main.TestCaseExecutor.doExecute(TestCaseExecutor.java:328)
	at com.kms.katalon.core.main.TestCaseExecutor.processExecutionPhase(TestCaseExecutor.java:307)
	at com.kms.katalon.core.main.TestCaseExecutor.accessMainPhase(TestCaseExecutor.java:299)
	at com.kms.katalon.core.main.TestCaseExecutor.execute(TestCaseExecutor.java:233)
	at com.kms.katalon.core.main.TestSuiteExecutor.accessTestCaseMainPhase(TestSuiteExecutor.java:169)
	at com.kms.katalon.core.main.TestSuiteExecutor.accessTestSuiteMainPhase(TestSuiteExecutor.java:142)
	at com.kms.katalon.core.main.TestSuiteExecutor.execute(TestSuiteExecutor.java:91)
	at com.kms.katalon.core.main.TestCaseMain.startTestSuite(TestCaseMain.java:157)
	at com.kms.katalon.core.main.TestCaseMain$startTestSuite$0.call(Unknown Source)
	at TempTestSuite1591177617267.run(TempTestSuite1591177617267.groovy:37)
Caused by: com.kms.katalon.core.webui.exception.WebElementNotFoundException: Web element with id: 'Object Repository/Page_Town Square - test Mattermost/svg' located by 'By.xpath: (.//*[normalize-space(text()) and normalize-space(.)='@vanhoang'])[1]/following::*[name()='svg'][1]' not found
	at com.kms.katalon.core.webui.common.WebUiCommonHelper.findWebElement(WebUiCommonHelper.java:1154)
	at com.kms.katalon.core.webui.keyword.internal.WebUIAbstractKeyword.findWebElement(WebUIAbstractKeyword.groovy:27)
	at com.kms.katalon.core.webui.keyword.internal.WebUIAbstractKeyword.findWebElement(WebUIAbstractKeyword.groovy:26)
	at com.kms.katalon.core.webui.keyword.builtin.ClickKeyword$_click_closure1.doCall(ClickKeyword.groovy:67)
	at com.kms.katalon.core.webui.keyword.builtin.ClickKeyword$_click_closure1.call(ClickKeyword.groovy)
	at com.kms.katalon.core.webui.keyword.internal.WebUIKeywordMain.runKeyword(WebUIKeywordMain.groovy:20)
	... 19 more]]></system-err>
   </testsuite>
</testsuites>
