<?xml version="1.0" encoding="UTF-8"?>
<testsuites name="TS_15" time="160.089" tests="5" failures="1" errors="0">
   <testsuite name="TS_15" tests="5" failures="1" errors="0" time="160.089" timestamp="2020-06-05 08:32:57" hostname="ducnguyen - buitmaithanh-is" id="Test Suites/datadriven/internal/TS_15">
      <properties>
         <property name="deviceName" value=""/>
         <property name="devicePlatform" value=""/>
         <property name="logFolder" value="D:\\GITHUB\\Katalon_hw2\\Reports\\20200605_083254\\datadriven\\internal\\TS_15\\20200605_083254"/>
         <property name="logFiles" value="D:\\GITHUB\\Katalon_hw2\\Reports\\20200605_083254\\datadriven\\internal\\TS_15\\20200605_083254\\execution0.log"/>
         <property name="attachments" value="D:\\GITHUB\\Katalon_hw2\\Reports\\20200605_083254\\datadriven\\internal\\TS_15\\20200605_083254\\1591320930805.png"/>
         <property name="hostName" value="ducnguyen - buitmaithanh-is"/>
         <property name="os" value="Windows 10 64bit"/>
         <property name="katalonVersion" value="7.5.2.1"/>
         <property name="browser" value="Firefox 76.0"/>
         <property name="hostAddress" value="192.168.88.2"/>
         <property name="sessionId" value="f0a25cc7-d137-4a20-9832-8e7f881c7da1"/>
         <property name="seleniumVersion" value="3.141.59"/>
         <property name="proxyInformation" value="ProxyInformation { proxyOption=NO_PROXY, proxyServerType=HTTP, username=, password=********, proxyServerAddress=, proxyServerPort=0, executionList=\&quot;\&quot;, isApplyToDesiredCapabilities=true }"/>
         <property name="platform" value="Windows 10"/>
      </properties>
      <testcase name="Test Cases/datadriven/internal/TC_15_AddReation" time="26.698" classname="Test Cases/datadriven/internal/TC_15_AddReation" status="PASSED">
         <system-out><![CDATA[2020-06-05 08:32:57 - [TEST_CASE][PASSED] - Test Cases/datadriven/internal/TC_15_AddReation: Test Cases/datadriven/internal/TC_15_AddReation

2020-06-05 08:32:57 - [TEST_STEP][PASSED] - openBrowser(""): Browser is opened with url: ''

2020-06-05 08:32:58 - [MESSAGE][INFO] - Starting 'Firefox' driver

2020-06-05 08:32:58 - [MESSAGE][INFO] - Action delay is set to 0 milliseconds

2020-06-05 08:33:05 - [MESSAGE][PASSED] - Browser is opened with url: ''

2020-06-05 08:33:05 - [TEST_STEP][PASSED] - navigateToUrl("https://hw2katalonkattermost.herokuapp.com/login"): Navigate to 'https://hw2katalonkattermost.herokuapp.com/login' successfully

2020-06-05 08:33:12 - [MESSAGE][PASSED] - Navigate to 'https://hw2katalonkattermost.herokuapp.com/login' successfully

2020-06-05 08:33:12 - [TEST_STEP][PASSED] - setText(findTestObject("Object Repository/Page_Mattermost/input_All team communication in one place s_703ef5"), "vanhoang"): Text 'vanhoang' is set on object 'Object Repository/Page_Mattermost/input_All team communication in one place s_703ef5'

2020-06-05 08:33:17 - [MESSAGE][PASSED] - Text 'vanhoang' is set on object 'Object Repository/Page_Mattermost/input_All team communication in one place s_703ef5'

2020-06-05 08:33:17 - [TEST_STEP][PASSED] - setEncryptedText(findTestObject("Object Repository/16/Page_Mattermost/input_All team communication in one place s_2f2733"), "iGDxf8hSRT4="): Text ****** has been set on object 'Object Repository/16/Page_Mattermost/input_All team communication in one place s_2f2733'

2020-06-05 08:33:18 - [MESSAGE][PASSED] - Text ****** has been set on object 'Object Repository/16/Page_Mattermost/input_All team communication in one place s_2f2733'

2020-06-05 08:33:18 - [TEST_STEP][PASSED] - click(findTestObject("Object Repository/16/Page_Mattermost/button_Sign in")): Object: 'Object Repository/16/Page_Mattermost/button_Sign in' is clicked on

2020-06-05 08:33:18 - [MESSAGE][PASSED] - Object: 'Object Repository/16/Page_Mattermost/button_Sign in' is clicked on

2020-06-05 08:33:18 - [TEST_STEP][PASSED] - ad = modifyObjectProperty(findTestObject("Object Repository/15/Page_Town Square -  Mattermost/div_vanhoang_hxfw68i8tj8ninrkibcq3fuhpr_message"), "id", "equals", ID, true): Modify property of object successfully

2020-06-05 08:33:18 - [MESSAGE][PASSED] - Modify property of object successfully

2020-06-05 08:33:18 - [TEST_STEP][PASSED] - mouseOver(ad): Object: 'Object Repository/15/Page_Town Square -  Mattermost/div_vanhoang_hxfw68i8tj8ninrkibcq3fuhpr_message' is hovered

2020-06-05 08:33:22 - [MESSAGE][PASSED] - Object: 'Object Repository/15/Page_Town Square -  Mattermost/div_vanhoang_hxfw68i8tj8ninrkibcq3fuhpr_message' is hovered

2020-06-05 08:33:22 - [TEST_STEP][PASSED] - click(findTestObject("Object Repository/15/Page_Town Square -  Mattermost/svg")): Object: 'Object Repository/15/Page_Town Square -  Mattermost/svg' is clicked on

2020-06-05 08:33:23 - [MESSAGE][PASSED] - Object: 'Object Repository/15/Page_Town Square -  Mattermost/svg' is clicked on

2020-06-05 08:33:23 - [TEST_STEP][PASSED] - ad1 = modifyObjectProperty(findTestObject("Object Repository/15/Page_Town Square -  Mattermost/img_People_emoji-1f643"), "id", "equals", ID, true): Modify property of object successfully

2020-06-05 08:33:23 - [MESSAGE][PASSED] - Modify property of object successfully

2020-06-05 08:33:23 - [TEST_STEP][PASSED] - click(ad1): Object: 'Object Repository/15/Page_Town Square -  Mattermost/img_People_emoji-1f643' is clicked on

2020-06-05 08:33:24 - [MESSAGE][PASSED] - Object: 'Object Repository/15/Page_Town Square -  Mattermost/img_People_emoji-1f643' is clicked on]]></system-out>
         <system-err><![CDATA[]]></system-err>
      </testcase>
      <testcase name="Test Cases/datadriven/internal/TC_15_AddReation" time="32.023" classname="Test Cases/datadriven/internal/TC_15_AddReation" status="PASSED">
         <system-out><![CDATA[2020-06-05 08:33:24 - [TEST_CASE][PASSED] - Test Cases/datadriven/internal/TC_15_AddReation: Test Cases/datadriven/internal/TC_15_AddReation

2020-06-05 08:33:24 - [TEST_STEP][PASSED] - openBrowser(""): Browser is opened with url: ''

2020-06-05 08:33:24 - [MESSAGE][WARNING] - A browser is already opened. Closing browser and opening a new one

2020-06-05 08:33:30 - [MESSAGE][INFO] - Starting 'Firefox' driver

2020-06-05 08:33:30 - [MESSAGE][INFO] - Action delay is set to 0 milliseconds

2020-06-05 08:33:35 - [MESSAGE][PASSED] - Browser is opened with url: ''

2020-06-05 08:33:35 - [TEST_STEP][PASSED] - navigateToUrl("https://hw2katalonkattermost.herokuapp.com/login"): Navigate to 'https://hw2katalonkattermost.herokuapp.com/login' successfully

2020-06-05 08:33:43 - [MESSAGE][PASSED] - Navigate to 'https://hw2katalonkattermost.herokuapp.com/login' successfully

2020-06-05 08:33:43 - [TEST_STEP][PASSED] - setText(findTestObject("Object Repository/Page_Mattermost/input_All team communication in one place s_703ef5"), "vanhoang"): Text 'vanhoang' is set on object 'Object Repository/Page_Mattermost/input_All team communication in one place s_703ef5'

2020-06-05 08:33:49 - [MESSAGE][PASSED] - Text 'vanhoang' is set on object 'Object Repository/Page_Mattermost/input_All team communication in one place s_703ef5'

2020-06-05 08:33:49 - [TEST_STEP][PASSED] - setEncryptedText(findTestObject("Object Repository/16/Page_Mattermost/input_All team communication in one place s_2f2733"), "iGDxf8hSRT4="): Text ****** has been set on object 'Object Repository/16/Page_Mattermost/input_All team communication in one place s_2f2733'

2020-06-05 08:33:49 - [MESSAGE][PASSED] - Text ****** has been set on object 'Object Repository/16/Page_Mattermost/input_All team communication in one place s_2f2733'

2020-06-05 08:33:49 - [TEST_STEP][PASSED] - click(findTestObject("Object Repository/16/Page_Mattermost/button_Sign in")): Object: 'Object Repository/16/Page_Mattermost/button_Sign in' is clicked on

2020-06-05 08:33:50 - [MESSAGE][PASSED] - Object: 'Object Repository/16/Page_Mattermost/button_Sign in' is clicked on

2020-06-05 08:33:50 - [TEST_STEP][PASSED] - ad = modifyObjectProperty(findTestObject("Object Repository/15/Page_Town Square -  Mattermost/div_vanhoang_hxfw68i8tj8ninrkibcq3fuhpr_message"), "id", "equals", ID, true): Modify property of object successfully

2020-06-05 08:33:50 - [MESSAGE][PASSED] - Modify property of object successfully

2020-06-05 08:33:50 - [TEST_STEP][PASSED] - mouseOver(ad): Object: 'Object Repository/15/Page_Town Square -  Mattermost/div_vanhoang_hxfw68i8tj8ninrkibcq3fuhpr_message' is hovered

2020-06-05 08:33:54 - [MESSAGE][PASSED] - Object: 'Object Repository/15/Page_Town Square -  Mattermost/div_vanhoang_hxfw68i8tj8ninrkibcq3fuhpr_message' is hovered

2020-06-05 08:33:54 - [TEST_STEP][PASSED] - click(findTestObject("Object Repository/15/Page_Town Square -  Mattermost/svg")): Object: 'Object Repository/15/Page_Town Square -  Mattermost/svg' is clicked on

2020-06-05 08:33:55 - [MESSAGE][PASSED] - Object: 'Object Repository/15/Page_Town Square -  Mattermost/svg' is clicked on

2020-06-05 08:33:55 - [TEST_STEP][PASSED] - ad1 = modifyObjectProperty(findTestObject("Object Repository/15/Page_Town Square -  Mattermost/img_People_emoji-1f643"), "id", "equals", ID, true): Modify property of object successfully

2020-06-05 08:33:55 - [MESSAGE][PASSED] - Modify property of object successfully

2020-06-05 08:33:55 - [TEST_STEP][PASSED] - click(ad1): Object: 'Object Repository/15/Page_Town Square -  Mattermost/img_People_emoji-1f643' is clicked on

2020-06-05 08:33:56 - [MESSAGE][PASSED] - Object: 'Object Repository/15/Page_Town Square -  Mattermost/img_People_emoji-1f643' is clicked on]]></system-out>
         <system-err><![CDATA[]]></system-err>
      </testcase>
      <testcase name="Test Cases/datadriven/internal/TC_15_AddReation" time="28.607" classname="Test Cases/datadriven/internal/TC_15_AddReation" status="PASSED">
         <system-out><![CDATA[2020-06-05 08:33:56 - [TEST_CASE][PASSED] - Test Cases/datadriven/internal/TC_15_AddReation: Test Cases/datadriven/internal/TC_15_AddReation

2020-06-05 08:33:56 - [TEST_STEP][PASSED] - openBrowser(""): Browser is opened with url: ''

2020-06-05 08:33:56 - [MESSAGE][WARNING] - A browser is already opened. Closing browser and opening a new one

2020-06-05 08:34:02 - [MESSAGE][INFO] - Starting 'Firefox' driver

2020-06-05 08:34:02 - [MESSAGE][INFO] - Action delay is set to 0 milliseconds

2020-06-05 08:34:06 - [MESSAGE][PASSED] - Browser is opened with url: ''

2020-06-05 08:34:06 - [TEST_STEP][PASSED] - navigateToUrl("https://hw2katalonkattermost.herokuapp.com/login"): Navigate to 'https://hw2katalonkattermost.herokuapp.com/login' successfully

2020-06-05 08:34:13 - [MESSAGE][PASSED] - Navigate to 'https://hw2katalonkattermost.herokuapp.com/login' successfully

2020-06-05 08:34:13 - [TEST_STEP][PASSED] - setText(findTestObject("Object Repository/Page_Mattermost/input_All team communication in one place s_703ef5"), "vanhoang"): Text 'vanhoang' is set on object 'Object Repository/Page_Mattermost/input_All team communication in one place s_703ef5'

2020-06-05 08:34:18 - [MESSAGE][PASSED] - Text 'vanhoang' is set on object 'Object Repository/Page_Mattermost/input_All team communication in one place s_703ef5'

2020-06-05 08:34:18 - [TEST_STEP][PASSED] - setEncryptedText(findTestObject("Object Repository/16/Page_Mattermost/input_All team communication in one place s_2f2733"), "iGDxf8hSRT4="): Text ****** has been set on object 'Object Repository/16/Page_Mattermost/input_All team communication in one place s_2f2733'

2020-06-05 08:34:18 - [MESSAGE][PASSED] - Text ****** has been set on object 'Object Repository/16/Page_Mattermost/input_All team communication in one place s_2f2733'

2020-06-05 08:34:18 - [TEST_STEP][PASSED] - click(findTestObject("Object Repository/16/Page_Mattermost/button_Sign in")): Object: 'Object Repository/16/Page_Mattermost/button_Sign in' is clicked on

2020-06-05 08:34:19 - [MESSAGE][PASSED] - Object: 'Object Repository/16/Page_Mattermost/button_Sign in' is clicked on

2020-06-05 08:34:19 - [TEST_STEP][PASSED] - ad = modifyObjectProperty(findTestObject("Object Repository/15/Page_Town Square -  Mattermost/div_vanhoang_hxfw68i8tj8ninrkibcq3fuhpr_message"), "id", "equals", ID, true): Modify property of object successfully

2020-06-05 08:34:19 - [MESSAGE][PASSED] - Modify property of object successfully

2020-06-05 08:34:19 - [TEST_STEP][PASSED] - mouseOver(ad): Object: 'Object Repository/15/Page_Town Square -  Mattermost/div_vanhoang_hxfw68i8tj8ninrkibcq3fuhpr_message' is hovered

2020-06-05 08:34:22 - [MESSAGE][PASSED] - Object: 'Object Repository/15/Page_Town Square -  Mattermost/div_vanhoang_hxfw68i8tj8ninrkibcq3fuhpr_message' is hovered

2020-06-05 08:34:22 - [TEST_STEP][PASSED] - click(findTestObject("Object Repository/15/Page_Town Square -  Mattermost/svg")): Object: 'Object Repository/15/Page_Town Square -  Mattermost/svg' is clicked on

2020-06-05 08:34:24 - [MESSAGE][PASSED] - Object: 'Object Repository/15/Page_Town Square -  Mattermost/svg' is clicked on

2020-06-05 08:34:24 - [TEST_STEP][PASSED] - ad1 = modifyObjectProperty(findTestObject("Object Repository/15/Page_Town Square -  Mattermost/img_People_emoji-1f643"), "id", "equals", ID, true): Modify property of object successfully

2020-06-05 08:34:24 - [MESSAGE][PASSED] - Modify property of object successfully

2020-06-05 08:34:24 - [TEST_STEP][PASSED] - click(ad1): Object: 'Object Repository/15/Page_Town Square -  Mattermost/img_People_emoji-1f643' is clicked on

2020-06-05 08:34:24 - [MESSAGE][PASSED] - Object: 'Object Repository/15/Page_Town Square -  Mattermost/img_People_emoji-1f643' is clicked on]]></system-out>
         <system-err><![CDATA[]]></system-err>
      </testcase>
      <testcase name="Test Cases/datadriven/internal/TC_15_AddReation" time="27.404" classname="Test Cases/datadriven/internal/TC_15_AddReation" status="PASSED">
         <system-out><![CDATA[2020-06-05 08:34:24 - [TEST_CASE][PASSED] - Test Cases/datadriven/internal/TC_15_AddReation: Test Cases/datadriven/internal/TC_15_AddReation

2020-06-05 08:34:24 - [TEST_STEP][PASSED] - openBrowser(""): Browser is opened with url: ''

2020-06-05 08:34:24 - [MESSAGE][WARNING] - A browser is already opened. Closing browser and opening a new one

2020-06-05 08:34:30 - [MESSAGE][INFO] - Starting 'Firefox' driver

2020-06-05 08:34:30 - [MESSAGE][INFO] - Action delay is set to 0 milliseconds

2020-06-05 08:34:35 - [MESSAGE][PASSED] - Browser is opened with url: ''

2020-06-05 08:34:35 - [TEST_STEP][PASSED] - navigateToUrl("https://hw2katalonkattermost.herokuapp.com/login"): Navigate to 'https://hw2katalonkattermost.herokuapp.com/login' successfully

2020-06-05 08:34:41 - [MESSAGE][PASSED] - Navigate to 'https://hw2katalonkattermost.herokuapp.com/login' successfully

2020-06-05 08:34:41 - [TEST_STEP][PASSED] - setText(findTestObject("Object Repository/Page_Mattermost/input_All team communication in one place s_703ef5"), "vanhoang"): Text 'vanhoang' is set on object 'Object Repository/Page_Mattermost/input_All team communication in one place s_703ef5'

2020-06-05 08:34:45 - [MESSAGE][PASSED] - Text 'vanhoang' is set on object 'Object Repository/Page_Mattermost/input_All team communication in one place s_703ef5'

2020-06-05 08:34:45 - [TEST_STEP][PASSED] - setEncryptedText(findTestObject("Object Repository/16/Page_Mattermost/input_All team communication in one place s_2f2733"), "iGDxf8hSRT4="): Text ****** has been set on object 'Object Repository/16/Page_Mattermost/input_All team communication in one place s_2f2733'

2020-06-05 08:34:46 - [MESSAGE][PASSED] - Text ****** has been set on object 'Object Repository/16/Page_Mattermost/input_All team communication in one place s_2f2733'

2020-06-05 08:34:46 - [TEST_STEP][PASSED] - click(findTestObject("Object Repository/16/Page_Mattermost/button_Sign in")): Object: 'Object Repository/16/Page_Mattermost/button_Sign in' is clicked on

2020-06-05 08:34:46 - [MESSAGE][PASSED] - Object: 'Object Repository/16/Page_Mattermost/button_Sign in' is clicked on

2020-06-05 08:34:46 - [TEST_STEP][PASSED] - ad = modifyObjectProperty(findTestObject("Object Repository/15/Page_Town Square -  Mattermost/div_vanhoang_hxfw68i8tj8ninrkibcq3fuhpr_message"), "id", "equals", ID, true): Modify property of object successfully

2020-06-05 08:34:46 - [MESSAGE][PASSED] - Modify property of object successfully

2020-06-05 08:34:46 - [TEST_STEP][PASSED] - mouseOver(ad): Object: 'Object Repository/15/Page_Town Square -  Mattermost/div_vanhoang_hxfw68i8tj8ninrkibcq3fuhpr_message' is hovered

2020-06-05 08:34:50 - [MESSAGE][PASSED] - Object: 'Object Repository/15/Page_Town Square -  Mattermost/div_vanhoang_hxfw68i8tj8ninrkibcq3fuhpr_message' is hovered

2020-06-05 08:34:50 - [TEST_STEP][PASSED] - click(findTestObject("Object Repository/15/Page_Town Square -  Mattermost/svg")): Object: 'Object Repository/15/Page_Town Square -  Mattermost/svg' is clicked on

2020-06-05 08:34:51 - [MESSAGE][PASSED] - Object: 'Object Repository/15/Page_Town Square -  Mattermost/svg' is clicked on

2020-06-05 08:34:51 - [TEST_STEP][PASSED] - ad1 = modifyObjectProperty(findTestObject("Object Repository/15/Page_Town Square -  Mattermost/img_People_emoji-1f643"), "id", "equals", ID, true): Modify property of object successfully

2020-06-05 08:34:51 - [MESSAGE][PASSED] - Modify property of object successfully

2020-06-05 08:34:51 - [TEST_STEP][PASSED] - click(ad1): Object: 'Object Repository/15/Page_Town Square -  Mattermost/img_People_emoji-1f643' is clicked on

2020-06-05 08:34:52 - [MESSAGE][PASSED] - Object: 'Object Repository/15/Page_Town Square -  Mattermost/img_People_emoji-1f643' is clicked on]]></system-out>
         <system-err><![CDATA[]]></system-err>
      </testcase>
      <testcase name="Test Cases/datadriven/internal/TC_15_AddReation" time="38.676" classname="Test Cases/datadriven/internal/TC_15_AddReation" status="FAILED">
         <failure type="FAILED" message="Test Cases/datadriven/internal/TC_15_AddReation FAILED.
Reason:
com.kms.katalon.core.exception.StepFailedException: Unable to move mouse over object 'Object Repository/15/Page_Town Square -  Mattermost/div_vanhoang_hxfw68i8tj8ninrkibcq3fuhpr_message'
	at com.kms.katalon.core.webui.keyword.internal.WebUIKeywordMain.stepFailed(WebUIKeywordMain.groovy:64)
	at com.kms.katalon.core.webui.keyword.internal.WebUIKeywordMain.runKeyword(WebUIKeywordMain.groovy:26)
	at com.kms.katalon.core.webui.keyword.builtin.MouseOverKeyword.mouseOver(MouseOverKeyword.groovy:66)
	at com.kms.katalon.core.webui.keyword.builtin.MouseOverKeyword.execute(MouseOverKeyword.groovy:40)
	at com.kms.katalon.core.keyword.internal.KeywordExecutor.executeKeywordForPlatform(KeywordExecutor.groovy:72)
	at com.kms.katalon.core.webui.keyword.WebUiBuiltInKeywords.mouseOver(WebUiBuiltInKeywords.groovy:802)
	at com.kms.katalon.core.webui.keyword.WebUiBuiltInKeywords$mouseOver$5.call(Unknown Source)
	at TC_15_AddReation.run(TC_15_AddReation:33)
	at com.kms.katalon.core.main.ScriptEngine.run(ScriptEngine.java:194)
	at com.kms.katalon.core.main.ScriptEngine.runScriptAsRawText(ScriptEngine.java:119)
	at com.kms.katalon.core.main.TestCaseExecutor.runScript(TestCaseExecutor.java:337)
	at com.kms.katalon.core.main.TestCaseExecutor.doExecute(TestCaseExecutor.java:328)
	at com.kms.katalon.core.main.TestCaseExecutor.processExecutionPhase(TestCaseExecutor.java:307)
	at com.kms.katalon.core.main.TestCaseExecutor.accessMainPhase(TestCaseExecutor.java:299)
	at com.kms.katalon.core.main.TestCaseExecutor.execute(TestCaseExecutor.java:233)
	at com.kms.katalon.core.main.TestSuiteExecutor.accessTestCaseMainPhase(TestSuiteExecutor.java:169)
	at com.kms.katalon.core.main.TestSuiteExecutor.accessTestSuiteMainPhase(TestSuiteExecutor.java:142)
	at com.kms.katalon.core.main.TestSuiteExecutor.execute(TestSuiteExecutor.java:91)
	at com.kms.katalon.core.main.TestCaseMain.startTestSuite(TestCaseMain.java:157)
	at com.kms.katalon.core.main.TestCaseMain$startTestSuite$0.call(Unknown Source)
	at TempTestSuite1591320774815.run(TempTestSuite1591320774815.groovy:37)
Caused by: org.openqa.selenium.interactions.MoveTargetOutOfBoundsException: (849, -360) is out of bounds of viewport width (1366) and height (664)
Build info: version: '3.141.59', revision: 'e82be7d358', time: '2018-11-14T08:25:53'
System info: host: 'BUITMAITHANH-IS', ip: '192.168.88.2', os.name: 'Windows 10', os.arch: 'amd64', os.version: '10.0', java.version: '1.8.0_181'
Driver info: com.kms.katalon.core.webui.driver.firefox.CGeckoDriver
Capabilities {acceptInsecureCerts: true, browserName: firefox, browserVersion: 76.0.1, javascriptEnabled: true, moz:accessibilityChecks: false, moz:buildID: 20200507114007, moz:geckodriverVersion: 0.23.0, moz:headless: false, moz:processID: 19088, moz:profile: C:\Users\ducnguyen\AppData\..., moz:shutdownTimeout: 60000, moz:useNonSpecCompliantPointerOrigin: false, moz:webdriverClick: true, pageLoadStrategy: normal, platform: WINDOWS, platformName: WINDOWS, platformVersion: 10.0, proxy: Proxy(direct), rotatable: false, setWindowRect: true, strictFileInteractability: false, timeouts: {implicit: 0, pageLoad: 300000, script: 30000}, unhandledPromptBehavior: dismiss and notify}
Session ID: f0a25cc7-d137-4a20-9832-8e7f881c7da1
	at org.openqa.selenium.remote.http.W3CHttpResponseCodec.createException(W3CHttpResponseCodec.java:187)
	at org.openqa.selenium.remote.http.W3CHttpResponseCodec.decode(W3CHttpResponseCodec.java:122)
	at org.openqa.selenium.remote.http.W3CHttpResponseCodec.decode(W3CHttpResponseCodec.java:49)
	at org.openqa.selenium.remote.HttpCommandExecutor.execute(HttpCommandExecutor.java:158)
	at org.openqa.selenium.remote.service.DriverCommandExecutor.execute(DriverCommandExecutor.java:83)
	at org.openqa.selenium.remote.RemoteWebDriver.execute(RemoteWebDriver.java:552)
	at com.kms.katalon.selenium.driver.CFirefoxDriver.execute(CFirefoxDriver.java:27)
	at org.openqa.selenium.remote.RemoteWebDriver.perform(RemoteWebDriver.java:618)
	at org.openqa.selenium.support.events.EventFiringWebDriver.lambda$new$1(EventFiringWebDriver.java:105)
	at com.sun.proxy.$Proxy8.perform(Unknown Source)
	at org.openqa.selenium.support.events.EventFiringWebDriver.perform(EventFiringWebDriver.java:360)
	at org.openqa.selenium.interactions.Actions$BuiltAction.perform(Actions.java:639)
	at org.openqa.selenium.interactions.Actions.perform(Actions.java:595)
	at com.kms.katalon.core.webui.keyword.builtin.MouseOverKeyword$_mouseOver_closure1.doCall(MouseOverKeyword.groovy:59)
	at com.kms.katalon.core.webui.keyword.builtin.MouseOverKeyword$_mouseOver_closure1.call(MouseOverKeyword.groovy)
	at com.kms.katalon.core.webui.keyword.internal.WebUIKeywordMain.runKeyword(WebUIKeywordMain.groovy:20)
	... 19 more
"/>
         <system-out><![CDATA[2020-06-05 08:34:52 - [TEST_CASE][FAILED] - Test Cases/datadriven/internal/TC_15_AddReation: Test Cases/datadriven/internal/TC_15_AddReation FAILED.
Reason:
com.kms.katalon.core.exception.StepFailedException: Unable to move mouse over object 'Object Repository/15/Page_Town Square -  Mattermost/div_vanhoang_hxfw68i8tj8ninrkibcq3fuhpr_message'
	at com.kms.katalon.core.webui.keyword.internal.WebUIKeywordMain.stepFailed(WebUIKeywordMain.groovy:64)
	at com.kms.katalon.core.webui.keyword.internal.WebUIKeywordMain.runKeyword(WebUIKeywordMain.groovy:26)
	at com.kms.katalon.core.webui.keyword.builtin.MouseOverKeyword.mouseOver(MouseOverKeyword.groovy:66)
	at com.kms.katalon.core.webui.keyword.builtin.MouseOverKeyword.execute(MouseOverKeyword.groovy:40)
	at com.kms.katalon.core.keyword.internal.KeywordExecutor.executeKeywordForPlatform(KeywordExecutor.groovy:72)
	at com.kms.katalon.core.webui.keyword.WebUiBuiltInKeywords.mouseOver(WebUiBuiltInKeywords.groovy:802)
	at com.kms.katalon.core.webui.keyword.WebUiBuiltInKeywords$mouseOver$5.call(Unknown Source)
	at TC_15_AddReation.run(TC_15_AddReation:33)
	at com.kms.katalon.core.main.ScriptEngine.run(ScriptEngine.java:194)
	at com.kms.katalon.core.main.ScriptEngine.runScriptAsRawText(ScriptEngine.java:119)
	at com.kms.katalon.core.main.TestCaseExecutor.runScript(TestCaseExecutor.java:337)
	at com.kms.katalon.core.main.TestCaseExecutor.doExecute(TestCaseExecutor.java:328)
	at com.kms.katalon.core.main.TestCaseExecutor.processExecutionPhase(TestCaseExecutor.java:307)
	at com.kms.katalon.core.main.TestCaseExecutor.accessMainPhase(TestCaseExecutor.java:299)
	at com.kms.katalon.core.main.TestCaseExecutor.execute(TestCaseExecutor.java:233)
	at com.kms.katalon.core.main.TestSuiteExecutor.accessTestCaseMainPhase(TestSuiteExecutor.java:169)
	at com.kms.katalon.core.main.TestSuiteExecutor.accessTestSuiteMainPhase(TestSuiteExecutor.java:142)
	at com.kms.katalon.core.main.TestSuiteExecutor.execute(TestSuiteExecutor.java:91)
	at com.kms.katalon.core.main.TestCaseMain.startTestSuite(TestCaseMain.java:157)
	at com.kms.katalon.core.main.TestCaseMain$startTestSuite$0.call(Unknown Source)
	at TempTestSuite1591320774815.run(TempTestSuite1591320774815.groovy:37)
Caused by: org.openqa.selenium.interactions.MoveTargetOutOfBoundsException: (849, -360) is out of bounds of viewport width (1366) and height (664)
Build info: version: '3.141.59', revision: 'e82be7d358', time: '2018-11-14T08:25:53'
System info: host: 'BUITMAITHANH-IS', ip: '192.168.88.2', os.name: 'Windows 10', os.arch: 'amd64', os.version: '10.0', java.version: '1.8.0_181'
Driver info: com.kms.katalon.core.webui.driver.firefox.CGeckoDriver
Capabilities {acceptInsecureCerts: true, browserName: firefox, browserVersion: 76.0.1, javascriptEnabled: true, moz:accessibilityChecks: false, moz:buildID: 20200507114007, moz:geckodriverVersion: 0.23.0, moz:headless: false, moz:processID: 19088, moz:profile: C:\Users\ducnguyen\AppData\..., moz:shutdownTimeout: 60000, moz:useNonSpecCompliantPointerOrigin: false, moz:webdriverClick: true, pageLoadStrategy: normal, platform: WINDOWS, platformName: WINDOWS, platformVersion: 10.0, proxy: Proxy(direct), rotatable: false, setWindowRect: true, strictFileInteractability: false, timeouts: {implicit: 0, pageLoad: 300000, script: 30000}, unhandledPromptBehavior: dismiss and notify}
Session ID: f0a25cc7-d137-4a20-9832-8e7f881c7da1
	at org.openqa.selenium.remote.http.W3CHttpResponseCodec.createException(W3CHttpResponseCodec.java:187)
	at org.openqa.selenium.remote.http.W3CHttpResponseCodec.decode(W3CHttpResponseCodec.java:122)
	at org.openqa.selenium.remote.http.W3CHttpResponseCodec.decode(W3CHttpResponseCodec.java:49)
	at org.openqa.selenium.remote.HttpCommandExecutor.execute(HttpCommandExecutor.java:158)
	at org.openqa.selenium.remote.service.DriverCommandExecutor.execute(DriverCommandExecutor.java:83)
	at org.openqa.selenium.remote.RemoteWebDriver.execute(RemoteWebDriver.java:552)
	at com.kms.katalon.selenium.driver.CFirefoxDriver.execute(CFirefoxDriver.java:27)
	at org.openqa.selenium.remote.RemoteWebDriver.perform(RemoteWebDriver.java:618)
	at org.openqa.selenium.support.events.EventFiringWebDriver.lambda$new$1(EventFiringWebDriver.java:105)
	at com.sun.proxy.$Proxy8.perform(Unknown Source)
	at org.openqa.selenium.support.events.EventFiringWebDriver.perform(EventFiringWebDriver.java:360)
	at org.openqa.selenium.interactions.Actions$BuiltAction.perform(Actions.java:639)
	at org.openqa.selenium.interactions.Actions.perform(Actions.java:595)
	at com.kms.katalon.core.webui.keyword.builtin.MouseOverKeyword$_mouseOver_closure1.doCall(MouseOverKeyword.groovy:59)
	at com.kms.katalon.core.webui.keyword.builtin.MouseOverKeyword$_mouseOver_closure1.call(MouseOverKeyword.groovy)
	at com.kms.katalon.core.webui.keyword.internal.WebUIKeywordMain.runKeyword(WebUIKeywordMain.groovy:20)
	... 19 more


2020-06-05 08:34:52 - [TEST_STEP][PASSED] - openBrowser(""): Browser is opened with url: ''

2020-06-05 08:34:52 - [MESSAGE][WARNING] - A browser is already opened. Closing browser and opening a new one

2020-06-05 08:34:58 - [MESSAGE][INFO] - Starting 'Firefox' driver

2020-06-05 08:34:58 - [MESSAGE][INFO] - Action delay is set to 0 milliseconds

2020-06-05 08:35:04 - [MESSAGE][PASSED] - Browser is opened with url: ''

2020-06-05 08:35:04 - [TEST_STEP][PASSED] - navigateToUrl("https://hw2katalonkattermost.herokuapp.com/login"): Navigate to 'https://hw2katalonkattermost.herokuapp.com/login' successfully

2020-06-05 08:35:20 - [MESSAGE][PASSED] - Navigate to 'https://hw2katalonkattermost.herokuapp.com/login' successfully

2020-06-05 08:35:20 - [TEST_STEP][PASSED] - setText(findTestObject("Object Repository/Page_Mattermost/input_All team communication in one place s_703ef5"), "vanhoang"): Text 'vanhoang' is set on object 'Object Repository/Page_Mattermost/input_All team communication in one place s_703ef5'

2020-06-05 08:35:26 - [MESSAGE][PASSED] - Text 'vanhoang' is set on object 'Object Repository/Page_Mattermost/input_All team communication in one place s_703ef5'

2020-06-05 08:35:26 - [TEST_STEP][PASSED] - setEncryptedText(findTestObject("Object Repository/16/Page_Mattermost/input_All team communication in one place s_2f2733"), "iGDxf8hSRT4="): Text ****** has been set on object 'Object Repository/16/Page_Mattermost/input_All team communication in one place s_2f2733'

2020-06-05 08:35:26 - [MESSAGE][PASSED] - Text ****** has been set on object 'Object Repository/16/Page_Mattermost/input_All team communication in one place s_2f2733'

2020-06-05 08:35:26 - [TEST_STEP][PASSED] - click(findTestObject("Object Repository/16/Page_Mattermost/button_Sign in")): Object: 'Object Repository/16/Page_Mattermost/button_Sign in' is clicked on

2020-06-05 08:35:27 - [MESSAGE][PASSED] - Object: 'Object Repository/16/Page_Mattermost/button_Sign in' is clicked on

2020-06-05 08:35:27 - [TEST_STEP][PASSED] - ad = modifyObjectProperty(findTestObject("Object Repository/15/Page_Town Square -  Mattermost/div_vanhoang_hxfw68i8tj8ninrkibcq3fuhpr_message"), "id", "equals", ID, true): Modify property of object successfully

2020-06-05 08:35:27 - [MESSAGE][PASSED] - Modify property of object successfully

2020-06-05 08:35:27 - [TEST_STEP][FAILED] - mouseOver(ad): Unable to move mouse over object 'Object Repository/15/Page_Town Square -  Mattermost/div_vanhoang_hxfw68i8tj8ninrkibcq3fuhpr_message' (Root cause: com.kms.katalon.core.exception.StepFailedException: Unable to move mouse over object 'Object Repository/15/Page_Town Square -  Mattermost/div_vanhoang_hxfw68i8tj8ninrkibcq3fuhpr_message'
	at com.kms.katalon.core.webui.keyword.internal.WebUIKeywordMain.stepFailed(WebUIKeywordMain.groovy:64)
	at com.kms.katalon.core.webui.keyword.internal.WebUIKeywordMain.runKeyword(WebUIKeywordMain.groovy:26)
	at com.kms.katalon.core.webui.keyword.builtin.MouseOverKeyword.mouseOver(MouseOverKeyword.groovy:66)
	at com.kms.katalon.core.webui.keyword.builtin.MouseOverKeyword.execute(MouseOverKeyword.groovy:40)
	at com.kms.katalon.core.keyword.internal.KeywordExecutor.executeKeywordForPlatform(KeywordExecutor.groovy:72)
	at com.kms.katalon.core.webui.keyword.WebUiBuiltInKeywords.mouseOver(WebUiBuiltInKeywords.groovy:802)
	at com.kms.katalon.core.webui.keyword.WebUiBuiltInKeywords$mouseOver$5.call(Unknown Source)
	at TC_15_AddReation.run(TC_15_AddReation:33)
	at com.kms.katalon.core.main.ScriptEngine.run(ScriptEngine.java:194)
	at com.kms.katalon.core.main.ScriptEngine.runScriptAsRawText(ScriptEngine.java:119)
	at com.kms.katalon.core.main.TestCaseExecutor.runScript(TestCaseExecutor.java:337)
	at com.kms.katalon.core.main.TestCaseExecutor.doExecute(TestCaseExecutor.java:328)
	at com.kms.katalon.core.main.TestCaseExecutor.processExecutionPhase(TestCaseExecutor.java:307)
	at com.kms.katalon.core.main.TestCaseExecutor.accessMainPhase(TestCaseExecutor.java:299)
	at com.kms.katalon.core.main.TestCaseExecutor.execute(TestCaseExecutor.java:233)
	at com.kms.katalon.core.main.TestSuiteExecutor.accessTestCaseMainPhase(TestSuiteExecutor.java:169)
	at com.kms.katalon.core.main.TestSuiteExecutor.accessTestSuiteMainPhase(TestSuiteExecutor.java:142)
	at com.kms.katalon.core.main.TestSuiteExecutor.execute(TestSuiteExecutor.java:91)
	at com.kms.katalon.core.main.TestCaseMain.startTestSuite(TestCaseMain.java:157)
	at com.kms.katalon.core.main.TestCaseMain$startTestSuite$0.call(Unknown Source)
	at TempTestSuite1591320774815.run(TempTestSuite1591320774815.groovy:37)
Caused by: org.openqa.selenium.interactions.MoveTargetOutOfBoundsException: (849, -360) is out of bounds of viewport width (1366) and height (664)
Build info: version: '3.141.59', revision: 'e82be7d358', time: '2018-11-14T08:25:53'
System info: host: 'BUITMAITHANH-IS', ip: '192.168.88.2', os.name: 'Windows 10', os.arch: 'amd64', os.version: '10.0', java.version: '1.8.0_181'
Driver info: com.kms.katalon.core.webui.driver.firefox.CGeckoDriver
Capabilities {acceptInsecureCerts: true, browserName: firefox, browserVersion: 76.0.1, javascriptEnabled: true, moz:accessibilityChecks: false, moz:buildID: 20200507114007, moz:geckodriverVersion: 0.23.0, moz:headless: false, moz:processID: 19088, moz:profile: C:\Users\ducnguyen\AppData\..., moz:shutdownTimeout: 60000, moz:useNonSpecCompliantPointerOrigin: false, moz:webdriverClick: true, pageLoadStrategy: normal, platform: WINDOWS, platformName: WINDOWS, platformVersion: 10.0, proxy: Proxy(direct), rotatable: false, setWindowRect: true, strictFileInteractability: false, timeouts: {implicit: 0, pageLoad: 300000, script: 30000}, unhandledPromptBehavior: dismiss and notify}
Session ID: f0a25cc7-d137-4a20-9832-8e7f881c7da1
	at org.openqa.selenium.remote.http.W3CHttpResponseCodec.createException(W3CHttpResponseCodec.java:187)
	at org.openqa.selenium.remote.http.W3CHttpResponseCodec.decode(W3CHttpResponseCodec.java:122)
	at org.openqa.selenium.remote.http.W3CHttpResponseCodec.decode(W3CHttpResponseCodec.java:49)
	at org.openqa.selenium.remote.HttpCommandExecutor.execute(HttpCommandExecutor.java:158)
	at org.openqa.selenium.remote.service.DriverCommandExecutor.execute(DriverCommandExecutor.java:83)
	at org.openqa.selenium.remote.RemoteWebDriver.execute(RemoteWebDriver.java:552)
	at com.kms.katalon.selenium.driver.CFirefoxDriver.execute(CFirefoxDriver.java:27)
	at org.openqa.selenium.remote.RemoteWebDriver.perform(RemoteWebDriver.java:618)
	at org.openqa.selenium.support.events.EventFiringWebDriver.lambda$new$1(EventFiringWebDriver.java:105)
	at com.sun.proxy.$Proxy8.perform(Unknown Source)
	at org.openqa.selenium.support.events.EventFiringWebDriver.perform(EventFiringWebDriver.java:360)
	at org.openqa.selenium.interactions.Actions$BuiltAction.perform(Actions.java:639)
	at org.openqa.selenium.interactions.Actions.perform(Actions.java:595)
	at com.kms.katalon.core.webui.keyword.builtin.MouseOverKeyword$_mouseOver_closure1.doCall(MouseOverKeyword.groovy:59)
	at com.kms.katalon.core.webui.keyword.builtin.MouseOverKeyword$_mouseOver_closure1.call(MouseOverKeyword.groovy)
	at com.kms.katalon.core.webui.keyword.internal.WebUIKeywordMain.runKeyword(WebUIKeywordMain.groovy:20)
	at com.kms.katalon.core.webui.keyword.builtin.MouseOverKeyword.mouseOver(MouseOverKeyword.groovy:66)
	at com.kms.katalon.core.webui.keyword.builtin.MouseOverKeyword.execute(MouseOverKeyword.groovy:40)
	at com.kms.katalon.core.keyword.internal.KeywordExecutor.executeKeywordForPlatform(KeywordExecutor.groovy:72)
	at com.kms.katalon.core.webui.keyword.WebUiBuiltInKeywords.mouseOver(WebUiBuiltInKeywords.groovy:802)
	at com.kms.katalon.core.webui.keyword.WebUiBuiltInKeywords$mouseOver$5.call(Unknown Source)
	at Script1591317433292.run(Script1591317433292.groovy:33)
	... 13 more
)

2020-06-05 08:35:30 - [MESSAGE][FAILED] - Unable to move mouse over object 'Object Repository/15/Page_Town Square -  Mattermost/div_vanhoang_hxfw68i8tj8ninrkibcq3fuhpr_message' (Root cause: com.kms.katalon.core.exception.StepFailedException: Unable to move mouse over object 'Object Repository/15/Page_Town Square -  Mattermost/div_vanhoang_hxfw68i8tj8ninrkibcq3fuhpr_message'
	at com.kms.katalon.core.webui.keyword.internal.WebUIKeywordMain.stepFailed(WebUIKeywordMain.groovy:64)
	at com.kms.katalon.core.webui.keyword.internal.WebUIKeywordMain.runKeyword(WebUIKeywordMain.groovy:26)
	at com.kms.katalon.core.webui.keyword.builtin.MouseOverKeyword.mouseOver(MouseOverKeyword.groovy:66)
	at com.kms.katalon.core.webui.keyword.builtin.MouseOverKeyword.execute(MouseOverKeyword.groovy:40)
	at com.kms.katalon.core.keyword.internal.KeywordExecutor.executeKeywordForPlatform(KeywordExecutor.groovy:72)
	at com.kms.katalon.core.webui.keyword.WebUiBuiltInKeywords.mouseOver(WebUiBuiltInKeywords.groovy:802)
	at com.kms.katalon.core.webui.keyword.WebUiBuiltInKeywords$mouseOver$5.call(Unknown Source)
	at TC_15_AddReation.run(TC_15_AddReation:33)
	at com.kms.katalon.core.main.ScriptEngine.run(ScriptEngine.java:194)
	at com.kms.katalon.core.main.ScriptEngine.runScriptAsRawText(ScriptEngine.java:119)
	at com.kms.katalon.core.main.TestCaseExecutor.runScript(TestCaseExecutor.java:337)
	at com.kms.katalon.core.main.TestCaseExecutor.doExecute(TestCaseExecutor.java:328)
	at com.kms.katalon.core.main.TestCaseExecutor.processExecutionPhase(TestCaseExecutor.java:307)
	at com.kms.katalon.core.main.TestCaseExecutor.accessMainPhase(TestCaseExecutor.java:299)
	at com.kms.katalon.core.main.TestCaseExecutor.execute(TestCaseExecutor.java:233)
	at com.kms.katalon.core.main.TestSuiteExecutor.accessTestCaseMainPhase(TestSuiteExecutor.java:169)
	at com.kms.katalon.core.main.TestSuiteExecutor.accessTestSuiteMainPhase(TestSuiteExecutor.java:142)
	at com.kms.katalon.core.main.TestSuiteExecutor.execute(TestSuiteExecutor.java:91)
	at com.kms.katalon.core.main.TestCaseMain.startTestSuite(TestCaseMain.java:157)
	at com.kms.katalon.core.main.TestCaseMain$startTestSuite$0.call(Unknown Source)
	at TempTestSuite1591320774815.run(TempTestSuite1591320774815.groovy:37)
Caused by: org.openqa.selenium.interactions.MoveTargetOutOfBoundsException: (849, -360) is out of bounds of viewport width (1366) and height (664)
Build info: version: '3.141.59', revision: 'e82be7d358', time: '2018-11-14T08:25:53'
System info: host: 'BUITMAITHANH-IS', ip: '192.168.88.2', os.name: 'Windows 10', os.arch: 'amd64', os.version: '10.0', java.version: '1.8.0_181'
Driver info: com.kms.katalon.core.webui.driver.firefox.CGeckoDriver
Capabilities {acceptInsecureCerts: true, browserName: firefox, browserVersion: 76.0.1, javascriptEnabled: true, moz:accessibilityChecks: false, moz:buildID: 20200507114007, moz:geckodriverVersion: 0.23.0, moz:headless: false, moz:processID: 19088, moz:profile: C:\Users\ducnguyen\AppData\..., moz:shutdownTimeout: 60000, moz:useNonSpecCompliantPointerOrigin: false, moz:webdriverClick: true, pageLoadStrategy: normal, platform: WINDOWS, platformName: WINDOWS, platformVersion: 10.0, proxy: Proxy(direct), rotatable: false, setWindowRect: true, strictFileInteractability: false, timeouts: {implicit: 0, pageLoad: 300000, script: 30000}, unhandledPromptBehavior: dismiss and notify}
Session ID: f0a25cc7-d137-4a20-9832-8e7f881c7da1
	at org.openqa.selenium.remote.http.W3CHttpResponseCodec.createException(W3CHttpResponseCodec.java:187)
	at org.openqa.selenium.remote.http.W3CHttpResponseCodec.decode(W3CHttpResponseCodec.java:122)
	at org.openqa.selenium.remote.http.W3CHttpResponseCodec.decode(W3CHttpResponseCodec.java:49)
	at org.openqa.selenium.remote.HttpCommandExecutor.execute(HttpCommandExecutor.java:158)
	at org.openqa.selenium.remote.service.DriverCommandExecutor.execute(DriverCommandExecutor.java:83)
	at org.openqa.selenium.remote.RemoteWebDriver.execute(RemoteWebDriver.java:552)
	at com.kms.katalon.selenium.driver.CFirefoxDriver.execute(CFirefoxDriver.java:27)
	at org.openqa.selenium.remote.RemoteWebDriver.perform(RemoteWebDriver.java:618)
	at org.openqa.selenium.support.events.EventFiringWebDriver.lambda$new$1(EventFiringWebDriver.java:105)
	at com.sun.proxy.$Proxy8.perform(Unknown Source)
	at org.openqa.selenium.support.events.EventFiringWebDriver.perform(EventFiringWebDriver.java:360)
	at org.openqa.selenium.interactions.Actions$BuiltAction.perform(Actions.java:639)
	at org.openqa.selenium.interactions.Actions.perform(Actions.java:595)
	at com.kms.katalon.core.webui.keyword.builtin.MouseOverKeyword$_mouseOver_closure1.doCall(MouseOverKeyword.groovy:59)
	at com.kms.katalon.core.webui.keyword.builtin.MouseOverKeyword$_mouseOver_closure1.call(MouseOverKeyword.groovy)
	at com.kms.katalon.core.webui.keyword.internal.WebUIKeywordMain.runKeyword(WebUIKeywordMain.groovy:20)
	at com.kms.katalon.core.webui.keyword.builtin.MouseOverKeyword.mouseOver(MouseOverKeyword.groovy:66)
	at com.kms.katalon.core.webui.keyword.builtin.MouseOverKeyword.execute(MouseOverKeyword.groovy:40)
	at com.kms.katalon.core.keyword.internal.KeywordExecutor.executeKeywordForPlatform(KeywordExecutor.groovy:72)
	at com.kms.katalon.core.webui.keyword.WebUiBuiltInKeywords.mouseOver(WebUiBuiltInKeywords.groovy:802)
	at com.kms.katalon.core.webui.keyword.WebUiBuiltInKeywords$mouseOver$5.call(Unknown Source)
	at Script1591317433292.run(Script1591317433292.groovy:33)
	... 13 more
)
[[ATTACHMENT|D:\\GITHUB\\Katalon_hw2\\Reports\\20200605_083254\\datadriven\\internal\\TS_15\\20200605_083254\\1591320930805.png]]]]></system-out>
         <system-err><![CDATA[2020-06-05 08:34:52 - [TEST_CASE][FAILED] - Test Cases/datadriven/internal/TC_15_AddReation: Test Cases/datadriven/internal/TC_15_AddReation FAILED.
Reason:
com.kms.katalon.core.exception.StepFailedException: Unable to move mouse over object 'Object Repository/15/Page_Town Square -  Mattermost/div_vanhoang_hxfw68i8tj8ninrkibcq3fuhpr_message'
	at com.kms.katalon.core.webui.keyword.internal.WebUIKeywordMain.stepFailed(WebUIKeywordMain.groovy:64)
	at com.kms.katalon.core.webui.keyword.internal.WebUIKeywordMain.runKeyword(WebUIKeywordMain.groovy:26)
	at com.kms.katalon.core.webui.keyword.builtin.MouseOverKeyword.mouseOver(MouseOverKeyword.groovy:66)
	at com.kms.katalon.core.webui.keyword.builtin.MouseOverKeyword.execute(MouseOverKeyword.groovy:40)
	at com.kms.katalon.core.keyword.internal.KeywordExecutor.executeKeywordForPlatform(KeywordExecutor.groovy:72)
	at com.kms.katalon.core.webui.keyword.WebUiBuiltInKeywords.mouseOver(WebUiBuiltInKeywords.groovy:802)
	at com.kms.katalon.core.webui.keyword.WebUiBuiltInKeywords$mouseOver$5.call(Unknown Source)
	at TC_15_AddReation.run(TC_15_AddReation:33)
	at com.kms.katalon.core.main.ScriptEngine.run(ScriptEngine.java:194)
	at com.kms.katalon.core.main.ScriptEngine.runScriptAsRawText(ScriptEngine.java:119)
	at com.kms.katalon.core.main.TestCaseExecutor.runScript(TestCaseExecutor.java:337)
	at com.kms.katalon.core.main.TestCaseExecutor.doExecute(TestCaseExecutor.java:328)
	at com.kms.katalon.core.main.TestCaseExecutor.processExecutionPhase(TestCaseExecutor.java:307)
	at com.kms.katalon.core.main.TestCaseExecutor.accessMainPhase(TestCaseExecutor.java:299)
	at com.kms.katalon.core.main.TestCaseExecutor.execute(TestCaseExecutor.java:233)
	at com.kms.katalon.core.main.TestSuiteExecutor.accessTestCaseMainPhase(TestSuiteExecutor.java:169)
	at com.kms.katalon.core.main.TestSuiteExecutor.accessTestSuiteMainPhase(TestSuiteExecutor.java:142)
	at com.kms.katalon.core.main.TestSuiteExecutor.execute(TestSuiteExecutor.java:91)
	at com.kms.katalon.core.main.TestCaseMain.startTestSuite(TestCaseMain.java:157)
	at com.kms.katalon.core.main.TestCaseMain$startTestSuite$0.call(Unknown Source)
	at TempTestSuite1591320774815.run(TempTestSuite1591320774815.groovy:37)
Caused by: org.openqa.selenium.interactions.MoveTargetOutOfBoundsException: (849, -360) is out of bounds of viewport width (1366) and height (664)
Build info: version: '3.141.59', revision: 'e82be7d358', time: '2018-11-14T08:25:53'
System info: host: 'BUITMAITHANH-IS', ip: '192.168.88.2', os.name: 'Windows 10', os.arch: 'amd64', os.version: '10.0', java.version: '1.8.0_181'
Driver info: com.kms.katalon.core.webui.driver.firefox.CGeckoDriver
Capabilities {acceptInsecureCerts: true, browserName: firefox, browserVersion: 76.0.1, javascriptEnabled: true, moz:accessibilityChecks: false, moz:buildID: 20200507114007, moz:geckodriverVersion: 0.23.0, moz:headless: false, moz:processID: 19088, moz:profile: C:\Users\ducnguyen\AppData\..., moz:shutdownTimeout: 60000, moz:useNonSpecCompliantPointerOrigin: false, moz:webdriverClick: true, pageLoadStrategy: normal, platform: WINDOWS, platformName: WINDOWS, platformVersion: 10.0, proxy: Proxy(direct), rotatable: false, setWindowRect: true, strictFileInteractability: false, timeouts: {implicit: 0, pageLoad: 300000, script: 30000}, unhandledPromptBehavior: dismiss and notify}
Session ID: f0a25cc7-d137-4a20-9832-8e7f881c7da1
	at org.openqa.selenium.remote.http.W3CHttpResponseCodec.createException(W3CHttpResponseCodec.java:187)
	at org.openqa.selenium.remote.http.W3CHttpResponseCodec.decode(W3CHttpResponseCodec.java:122)
	at org.openqa.selenium.remote.http.W3CHttpResponseCodec.decode(W3CHttpResponseCodec.java:49)
	at org.openqa.selenium.remote.HttpCommandExecutor.execute(HttpCommandExecutor.java:158)
	at org.openqa.selenium.remote.service.DriverCommandExecutor.execute(DriverCommandExecutor.java:83)
	at org.openqa.selenium.remote.RemoteWebDriver.execute(RemoteWebDriver.java:552)
	at com.kms.katalon.selenium.driver.CFirefoxDriver.execute(CFirefoxDriver.java:27)
	at org.openqa.selenium.remote.RemoteWebDriver.perform(RemoteWebDriver.java:618)
	at org.openqa.selenium.support.events.EventFiringWebDriver.lambda$new$1(EventFiringWebDriver.java:105)
	at com.sun.proxy.$Proxy8.perform(Unknown Source)
	at org.openqa.selenium.support.events.EventFiringWebDriver.perform(EventFiringWebDriver.java:360)
	at org.openqa.selenium.interactions.Actions$BuiltAction.perform(Actions.java:639)
	at org.openqa.selenium.interactions.Actions.perform(Actions.java:595)
	at com.kms.katalon.core.webui.keyword.builtin.MouseOverKeyword$_mouseOver_closure1.doCall(MouseOverKeyword.groovy:59)
	at com.kms.katalon.core.webui.keyword.builtin.MouseOverKeyword$_mouseOver_closure1.call(MouseOverKeyword.groovy)
	at com.kms.katalon.core.webui.keyword.internal.WebUIKeywordMain.runKeyword(WebUIKeywordMain.groovy:20)
	... 19 more]]></system-err>
      </testcase>
      <system-out><![CDATA[2020-06-05 08:32:57 - [TEST_SUITE][FAILED] - TS_15: Test Cases/datadriven/internal/TC_15_AddReation FAILED.
Reason:
com.kms.katalon.core.exception.StepFailedException: Unable to move mouse over object 'Object Repository/15/Page_Town Square -  Mattermost/div_vanhoang_hxfw68i8tj8ninrkibcq3fuhpr_message'
	at com.kms.katalon.core.webui.keyword.internal.WebUIKeywordMain.stepFailed(WebUIKeywordMain.groovy:64)
	at com.kms.katalon.core.webui.keyword.internal.WebUIKeywordMain.runKeyword(WebUIKeywordMain.groovy:26)
	at com.kms.katalon.core.webui.keyword.builtin.MouseOverKeyword.mouseOver(MouseOverKeyword.groovy:66)
	at com.kms.katalon.core.webui.keyword.builtin.MouseOverKeyword.execute(MouseOverKeyword.groovy:40)
	at com.kms.katalon.core.keyword.internal.KeywordExecutor.executeKeywordForPlatform(KeywordExecutor.groovy:72)
	at com.kms.katalon.core.webui.keyword.WebUiBuiltInKeywords.mouseOver(WebUiBuiltInKeywords.groovy:802)
	at com.kms.katalon.core.webui.keyword.WebUiBuiltInKeywords$mouseOver$5.call(Unknown Source)
	at TC_15_AddReation.run(TC_15_AddReation:33)
	at com.kms.katalon.core.main.ScriptEngine.run(ScriptEngine.java:194)
	at com.kms.katalon.core.main.ScriptEngine.runScriptAsRawText(ScriptEngine.java:119)
	at com.kms.katalon.core.main.TestCaseExecutor.runScript(TestCaseExecutor.java:337)
	at com.kms.katalon.core.main.TestCaseExecutor.doExecute(TestCaseExecutor.java:328)
	at com.kms.katalon.core.main.TestCaseExecutor.processExecutionPhase(TestCaseExecutor.java:307)
	at com.kms.katalon.core.main.TestCaseExecutor.accessMainPhase(TestCaseExecutor.java:299)
	at com.kms.katalon.core.main.TestCaseExecutor.execute(TestCaseExecutor.java:233)
	at com.kms.katalon.core.main.TestSuiteExecutor.accessTestCaseMainPhase(TestSuiteExecutor.java:169)
	at com.kms.katalon.core.main.TestSuiteExecutor.accessTestSuiteMainPhase(TestSuiteExecutor.java:142)
	at com.kms.katalon.core.main.TestSuiteExecutor.execute(TestSuiteExecutor.java:91)
	at com.kms.katalon.core.main.TestCaseMain.startTestSuite(TestCaseMain.java:157)
	at com.kms.katalon.core.main.TestCaseMain$startTestSuite$0.call(Unknown Source)
	at TempTestSuite1591320774815.run(TempTestSuite1591320774815.groovy:37)
Caused by: org.openqa.selenium.interactions.MoveTargetOutOfBoundsException: (849, -360) is out of bounds of viewport width (1366) and height (664)
Build info: version: '3.141.59', revision: 'e82be7d358', time: '2018-11-14T08:25:53'
System info: host: 'BUITMAITHANH-IS', ip: '192.168.88.2', os.name: 'Windows 10', os.arch: 'amd64', os.version: '10.0', java.version: '1.8.0_181'
Driver info: com.kms.katalon.core.webui.driver.firefox.CGeckoDriver
Capabilities {acceptInsecureCerts: true, browserName: firefox, browserVersion: 76.0.1, javascriptEnabled: true, moz:accessibilityChecks: false, moz:buildID: 20200507114007, moz:geckodriverVersion: 0.23.0, moz:headless: false, moz:processID: 19088, moz:profile: C:\Users\ducnguyen\AppData\..., moz:shutdownTimeout: 60000, moz:useNonSpecCompliantPointerOrigin: false, moz:webdriverClick: true, pageLoadStrategy: normal, platform: WINDOWS, platformName: WINDOWS, platformVersion: 10.0, proxy: Proxy(direct), rotatable: false, setWindowRect: true, strictFileInteractability: false, timeouts: {implicit: 0, pageLoad: 300000, script: 30000}, unhandledPromptBehavior: dismiss and notify}
Session ID: f0a25cc7-d137-4a20-9832-8e7f881c7da1
	at org.openqa.selenium.remote.http.W3CHttpResponseCodec.createException(W3CHttpResponseCodec.java:187)
	at org.openqa.selenium.remote.http.W3CHttpResponseCodec.decode(W3CHttpResponseCodec.java:122)
	at org.openqa.selenium.remote.http.W3CHttpResponseCodec.decode(W3CHttpResponseCodec.java:49)
	at org.openqa.selenium.remote.HttpCommandExecutor.execute(HttpCommandExecutor.java:158)
	at org.openqa.selenium.remote.service.DriverCommandExecutor.execute(DriverCommandExecutor.java:83)
	at org.openqa.selenium.remote.RemoteWebDriver.execute(RemoteWebDriver.java:552)
	at com.kms.katalon.selenium.driver.CFirefoxDriver.execute(CFirefoxDriver.java:27)
	at org.openqa.selenium.remote.RemoteWebDriver.perform(RemoteWebDriver.java:618)
	at org.openqa.selenium.support.events.EventFiringWebDriver.lambda$new$1(EventFiringWebDriver.java:105)
	at com.sun.proxy.$Proxy8.perform(Unknown Source)
	at org.openqa.selenium.support.events.EventFiringWebDriver.perform(EventFiringWebDriver.java:360)
	at org.openqa.selenium.interactions.Actions$BuiltAction.perform(Actions.java:639)
	at org.openqa.selenium.interactions.Actions.perform(Actions.java:595)
	at com.kms.katalon.core.webui.keyword.builtin.MouseOverKeyword$_mouseOver_closure1.doCall(MouseOverKeyword.groovy:59)
	at com.kms.katalon.core.webui.keyword.builtin.MouseOverKeyword$_mouseOver_closure1.call(MouseOverKeyword.groovy)
	at com.kms.katalon.core.webui.keyword.internal.WebUIKeywordMain.runKeyword(WebUIKeywordMain.groovy:20)
	... 19 more]]></system-out>
      <system-err><![CDATA[2020-06-05 08:32:57 - [TEST_SUITE][FAILED] - TS_15: Test Cases/datadriven/internal/TC_15_AddReation FAILED.
Reason:
com.kms.katalon.core.exception.StepFailedException: Unable to move mouse over object 'Object Repository/15/Page_Town Square -  Mattermost/div_vanhoang_hxfw68i8tj8ninrkibcq3fuhpr_message'
	at com.kms.katalon.core.webui.keyword.internal.WebUIKeywordMain.stepFailed(WebUIKeywordMain.groovy:64)
	at com.kms.katalon.core.webui.keyword.internal.WebUIKeywordMain.runKeyword(WebUIKeywordMain.groovy:26)
	at com.kms.katalon.core.webui.keyword.builtin.MouseOverKeyword.mouseOver(MouseOverKeyword.groovy:66)
	at com.kms.katalon.core.webui.keyword.builtin.MouseOverKeyword.execute(MouseOverKeyword.groovy:40)
	at com.kms.katalon.core.keyword.internal.KeywordExecutor.executeKeywordForPlatform(KeywordExecutor.groovy:72)
	at com.kms.katalon.core.webui.keyword.WebUiBuiltInKeywords.mouseOver(WebUiBuiltInKeywords.groovy:802)
	at com.kms.katalon.core.webui.keyword.WebUiBuiltInKeywords$mouseOver$5.call(Unknown Source)
	at TC_15_AddReation.run(TC_15_AddReation:33)
	at com.kms.katalon.core.main.ScriptEngine.run(ScriptEngine.java:194)
	at com.kms.katalon.core.main.ScriptEngine.runScriptAsRawText(ScriptEngine.java:119)
	at com.kms.katalon.core.main.TestCaseExecutor.runScript(TestCaseExecutor.java:337)
	at com.kms.katalon.core.main.TestCaseExecutor.doExecute(TestCaseExecutor.java:328)
	at com.kms.katalon.core.main.TestCaseExecutor.processExecutionPhase(TestCaseExecutor.java:307)
	at com.kms.katalon.core.main.TestCaseExecutor.accessMainPhase(TestCaseExecutor.java:299)
	at com.kms.katalon.core.main.TestCaseExecutor.execute(TestCaseExecutor.java:233)
	at com.kms.katalon.core.main.TestSuiteExecutor.accessTestCaseMainPhase(TestSuiteExecutor.java:169)
	at com.kms.katalon.core.main.TestSuiteExecutor.accessTestSuiteMainPhase(TestSuiteExecutor.java:142)
	at com.kms.katalon.core.main.TestSuiteExecutor.execute(TestSuiteExecutor.java:91)
	at com.kms.katalon.core.main.TestCaseMain.startTestSuite(TestCaseMain.java:157)
	at com.kms.katalon.core.main.TestCaseMain$startTestSuite$0.call(Unknown Source)
	at TempTestSuite1591320774815.run(TempTestSuite1591320774815.groovy:37)
Caused by: org.openqa.selenium.interactions.MoveTargetOutOfBoundsException: (849, -360) is out of bounds of viewport width (1366) and height (664)
Build info: version: '3.141.59', revision: 'e82be7d358', time: '2018-11-14T08:25:53'
System info: host: 'BUITMAITHANH-IS', ip: '192.168.88.2', os.name: 'Windows 10', os.arch: 'amd64', os.version: '10.0', java.version: '1.8.0_181'
Driver info: com.kms.katalon.core.webui.driver.firefox.CGeckoDriver
Capabilities {acceptInsecureCerts: true, browserName: firefox, browserVersion: 76.0.1, javascriptEnabled: true, moz:accessibilityChecks: false, moz:buildID: 20200507114007, moz:geckodriverVersion: 0.23.0, moz:headless: false, moz:processID: 19088, moz:profile: C:\Users\ducnguyen\AppData\..., moz:shutdownTimeout: 60000, moz:useNonSpecCompliantPointerOrigin: false, moz:webdriverClick: true, pageLoadStrategy: normal, platform: WINDOWS, platformName: WINDOWS, platformVersion: 10.0, proxy: Proxy(direct), rotatable: false, setWindowRect: true, strictFileInteractability: false, timeouts: {implicit: 0, pageLoad: 300000, script: 30000}, unhandledPromptBehavior: dismiss and notify}
Session ID: f0a25cc7-d137-4a20-9832-8e7f881c7da1
	at org.openqa.selenium.remote.http.W3CHttpResponseCodec.createException(W3CHttpResponseCodec.java:187)
	at org.openqa.selenium.remote.http.W3CHttpResponseCodec.decode(W3CHttpResponseCodec.java:122)
	at org.openqa.selenium.remote.http.W3CHttpResponseCodec.decode(W3CHttpResponseCodec.java:49)
	at org.openqa.selenium.remote.HttpCommandExecutor.execute(HttpCommandExecutor.java:158)
	at org.openqa.selenium.remote.service.DriverCommandExecutor.execute(DriverCommandExecutor.java:83)
	at org.openqa.selenium.remote.RemoteWebDriver.execute(RemoteWebDriver.java:552)
	at com.kms.katalon.selenium.driver.CFirefoxDriver.execute(CFirefoxDriver.java:27)
	at org.openqa.selenium.remote.RemoteWebDriver.perform(RemoteWebDriver.java:618)
	at org.openqa.selenium.support.events.EventFiringWebDriver.lambda$new$1(EventFiringWebDriver.java:105)
	at com.sun.proxy.$Proxy8.perform(Unknown Source)
	at org.openqa.selenium.support.events.EventFiringWebDriver.perform(EventFiringWebDriver.java:360)
	at org.openqa.selenium.interactions.Actions$BuiltAction.perform(Actions.java:639)
	at org.openqa.selenium.interactions.Actions.perform(Actions.java:595)
	at com.kms.katalon.core.webui.keyword.builtin.MouseOverKeyword$_mouseOver_closure1.doCall(MouseOverKeyword.groovy:59)
	at com.kms.katalon.core.webui.keyword.builtin.MouseOverKeyword$_mouseOver_closure1.call(MouseOverKeyword.groovy)
	at com.kms.katalon.core.webui.keyword.internal.WebUIKeywordMain.runKeyword(WebUIKeywordMain.groovy:20)
	... 19 more]]></system-err>
   </testsuite>
</testsuites>
