<?xml version="1.0" encoding="UTF-8"?>
<testsuites name="TS_17" time="156.593" tests="5" failures="1" errors="0">
   <testsuite name="TS_17" tests="5" failures="1" errors="0" time="156.593" timestamp="2020-06-05 10:05:34" hostname="ducnguyen - buitmaithanh-is" id="Test Suites/datadriven/internal/TS_17">
      <properties>
         <property name="deviceName" value=""/>
         <property name="devicePlatform" value=""/>
         <property name="logFolder" value="D:\\GITHUB\\Katalon_hw2\\Reports\\20200605_100531\\datadriven\\internal\\TS_17\\20200605_100531"/>
         <property name="logFiles" value="D:\\GITHUB\\Katalon_hw2\\Reports\\20200605_100531\\datadriven\\internal\\TS_17\\20200605_100531\\execution0.log"/>
         <property name="attachments" value=""/>
         <property name="hostName" value="ducnguyen - buitmaithanh-is"/>
         <property name="os" value="Windows 10 64bit"/>
         <property name="katalonVersion" value="7.5.2.1"/>
         <property name="browser" value="Chrome 83.0.4103.61"/>
         <property name="hostAddress" value="192.168.88.2"/>
         <property name="sessionId" value="fa548b08763dc006c4c725352a854fb6"/>
         <property name="seleniumVersion" value="3.141.59"/>
         <property name="proxyInformation" value="ProxyInformation { proxyOption=NO_PROXY, proxyServerType=HTTP, username=, password=********, proxyServerAddress=, proxyServerPort=0, executionList=\&quot;\&quot;, isApplyToDesiredCapabilities=true }"/>
         <property name="platform" value="Windows 10"/>
      </properties>
      <testcase name="Test Cases/datadriven/internal/TC_17_EditMessage" time="49.128" classname="Test Cases/datadriven/internal/TC_17_EditMessage" status="PASSED">
         <system-out><![CDATA[2020-06-05 10:05:34 - [TEST_CASE][PASSED] - Test Cases/datadriven/internal/TC_17_EditMessage: Test Cases/datadriven/internal/TC_17_EditMessage

2020-06-05 10:05:35 - [TEST_STEP][PASSED] - openBrowser(""): Browser is opened with url: ''

2020-06-05 10:05:35 - [MESSAGE][INFO] - Starting 'Chrome' driver

2020-06-05 10:05:35 - [MESSAGE][INFO] - Action delay is set to 0 milliseconds

2020-06-05 10:05:42 - [MESSAGE][PASSED] - Browser is opened with url: ''

2020-06-05 10:05:42 - [TEST_STEP][PASSED] - navigateToUrl("https://hw2katalonkattermost.herokuapp.com/login"): Navigate to 'https://hw2katalonkattermost.herokuapp.com/login' successfully

2020-06-05 10:06:11 - [MESSAGE][PASSED] - Navigate to 'https://hw2katalonkattermost.herokuapp.com/login' successfully

2020-06-05 10:06:11 - [TEST_STEP][PASSED] - setText(findTestObject("Object Repository/Page_Mattermost/input_All team communication in one place s_703ef5"), "vanhoang"): Text 'vanhoang' is set on object 'Object Repository/Page_Mattermost/input_All team communication in one place s_703ef5'

2020-06-05 10:06:16 - [MESSAGE][PASSED] - Text 'vanhoang' is set on object 'Object Repository/Page_Mattermost/input_All team communication in one place s_703ef5'

2020-06-05 10:06:16 - [TEST_STEP][PASSED] - setEncryptedText(findTestObject("Object Repository/Page_Mattermost/input_All team communication in one place s_2f2733"), "iGDxf8hSRT4="): Text ****** has been set on object 'Object Repository/Page_Mattermost/input_All team communication in one place s_2f2733'

2020-06-05 10:06:17 - [MESSAGE][PASSED] - Text ****** has been set on object 'Object Repository/Page_Mattermost/input_All team communication in one place s_2f2733'

2020-06-05 10:06:17 - [TEST_STEP][PASSED] - click(findTestObject("Object Repository/Page_Mattermost/span_Sign in")): Object: 'Object Repository/Page_Mattermost/span_Sign in' is clicked on

2020-06-05 10:06:17 - [MESSAGE][PASSED] - Object: 'Object Repository/Page_Mattermost/span_Sign in' is clicked on

2020-06-05 10:06:17 - [TEST_STEP][PASSED] - click(findTestObject("Object Repository/Page_Town Square -  Mattermost/div_vanhoang956 AMabc")): Object: 'Object Repository/Page_Town Square -  Mattermost/div_vanhoang956 AMabc' is clicked on

2020-06-05 10:06:21 - [MESSAGE][PASSED] - Object: 'Object Repository/Page_Town Square -  Mattermost/div_vanhoang956 AMabc' is clicked on

2020-06-05 10:06:21 - [TEST_STEP][PASSED] - click(findTestObject("Object Repository/Page_Town Square -  Mattermost/button_vanhoang_CENTER_button_xrqzsmo6k3bzj_d404df")): Object: 'Object Repository/Page_Town Square -  Mattermost/button_vanhoang_CENTER_button_xrqzsmo6k3bzj_d404df' is clicked on

2020-06-05 10:06:22 - [MESSAGE][PASSED] - Object: 'Object Repository/Page_Town Square -  Mattermost/button_vanhoang_CENTER_button_xrqzsmo6k3bzj_d404df' is clicked on

2020-06-05 10:06:22 - [TEST_STEP][PASSED] - click(findTestObject("Object Repository/Page_Town Square -  Mattermost/button_Edit")): Object: 'Object Repository/Page_Town Square -  Mattermost/button_Edit' is clicked on

2020-06-05 10:06:22 - [MESSAGE][PASSED] - Object: 'Object Repository/Page_Town Square -  Mattermost/button_Edit' is clicked on

2020-06-05 10:06:22 - [TEST_STEP][PASSED] - setText(findTestObject("Object Repository/17/Page_Town Square -  Mattermost/textarea_rofl"), EditText): Text 'edited1' is set on object 'Object Repository/17/Page_Town Square -  Mattermost/textarea_rofl'

2020-06-05 10:06:23 - [MESSAGE][PASSED] - Text 'edited1' is set on object 'Object Repository/17/Page_Town Square -  Mattermost/textarea_rofl'

2020-06-05 10:06:23 - [TEST_STEP][PASSED] - click(findTestObject("Object Repository/17/Page_Town Square -  Mattermost/button_Save")): Object: 'Object Repository/17/Page_Town Square -  Mattermost/button_Save' is clicked on

2020-06-05 10:06:23 - [MESSAGE][PASSED] - Object: 'Object Repository/17/Page_Town Square -  Mattermost/button_Save' is clicked on]]></system-out>
         <system-err><![CDATA[]]></system-err>
      </testcase>
      <testcase name="Test Cases/datadriven/internal/TC_17_EditMessage" time="39.471" classname="Test Cases/datadriven/internal/TC_17_EditMessage" status="PASSED">
         <system-out><![CDATA[2020-06-05 10:06:23 - [TEST_CASE][PASSED] - Test Cases/datadriven/internal/TC_17_EditMessage: Test Cases/datadriven/internal/TC_17_EditMessage

2020-06-05 10:06:24 - [TEST_STEP][PASSED] - openBrowser(""): Browser is opened with url: ''

2020-06-05 10:06:24 - [MESSAGE][WARNING] - A browser is already opened. Closing browser and opening a new one

2020-06-05 10:06:24 - [MESSAGE][INFO] - Starting 'Chrome' driver

2020-06-05 10:06:24 - [MESSAGE][INFO] - Action delay is set to 0 milliseconds

2020-06-05 10:06:28 - [MESSAGE][PASSED] - Browser is opened with url: ''

2020-06-05 10:06:28 - [TEST_STEP][PASSED] - navigateToUrl("https://hw2katalonkattermost.herokuapp.com/login"): Navigate to 'https://hw2katalonkattermost.herokuapp.com/login' successfully

2020-06-05 10:06:50 - [MESSAGE][PASSED] - Navigate to 'https://hw2katalonkattermost.herokuapp.com/login' successfully

2020-06-05 10:06:50 - [TEST_STEP][PASSED] - setText(findTestObject("Object Repository/Page_Mattermost/input_All team communication in one place s_703ef5"), "vanhoang"): Text 'vanhoang' is set on object 'Object Repository/Page_Mattermost/input_All team communication in one place s_703ef5'

2020-06-05 10:06:55 - [MESSAGE][PASSED] - Text 'vanhoang' is set on object 'Object Repository/Page_Mattermost/input_All team communication in one place s_703ef5'

2020-06-05 10:06:55 - [TEST_STEP][PASSED] - setEncryptedText(findTestObject("Object Repository/Page_Mattermost/input_All team communication in one place s_2f2733"), "iGDxf8hSRT4="): Text ****** has been set on object 'Object Repository/Page_Mattermost/input_All team communication in one place s_2f2733'

2020-06-05 10:06:56 - [MESSAGE][PASSED] - Text ****** has been set on object 'Object Repository/Page_Mattermost/input_All team communication in one place s_2f2733'

2020-06-05 10:06:56 - [TEST_STEP][PASSED] - click(findTestObject("Object Repository/Page_Mattermost/span_Sign in")): Object: 'Object Repository/Page_Mattermost/span_Sign in' is clicked on

2020-06-05 10:06:56 - [MESSAGE][PASSED] - Object: 'Object Repository/Page_Mattermost/span_Sign in' is clicked on

2020-06-05 10:06:56 - [TEST_STEP][PASSED] - click(findTestObject("Object Repository/Page_Town Square -  Mattermost/div_vanhoang956 AMabc")): Object: 'Object Repository/Page_Town Square -  Mattermost/div_vanhoang956 AMabc' is clicked on

2020-06-05 10:07:00 - [MESSAGE][PASSED] - Object: 'Object Repository/Page_Town Square -  Mattermost/div_vanhoang956 AMabc' is clicked on

2020-06-05 10:07:00 - [TEST_STEP][PASSED] - click(findTestObject("Object Repository/Page_Town Square -  Mattermost/button_vanhoang_CENTER_button_xrqzsmo6k3bzj_d404df")): Object: 'Object Repository/Page_Town Square -  Mattermost/button_vanhoang_CENTER_button_xrqzsmo6k3bzj_d404df' is clicked on

2020-06-05 10:07:01 - [MESSAGE][PASSED] - Object: 'Object Repository/Page_Town Square -  Mattermost/button_vanhoang_CENTER_button_xrqzsmo6k3bzj_d404df' is clicked on

2020-06-05 10:07:01 - [TEST_STEP][PASSED] - click(findTestObject("Object Repository/Page_Town Square -  Mattermost/button_Edit")): Object: 'Object Repository/Page_Town Square -  Mattermost/button_Edit' is clicked on

2020-06-05 10:07:02 - [MESSAGE][PASSED] - Object: 'Object Repository/Page_Town Square -  Mattermost/button_Edit' is clicked on

2020-06-05 10:07:02 - [TEST_STEP][PASSED] - setText(findTestObject("Object Repository/17/Page_Town Square -  Mattermost/textarea_rofl"), EditText): Text 'edited2' is set on object 'Object Repository/17/Page_Town Square -  Mattermost/textarea_rofl'

2020-06-05 10:07:02 - [MESSAGE][PASSED] - Text 'edited2' is set on object 'Object Repository/17/Page_Town Square -  Mattermost/textarea_rofl'

2020-06-05 10:07:02 - [TEST_STEP][PASSED] - click(findTestObject("Object Repository/17/Page_Town Square -  Mattermost/button_Save")): Object: 'Object Repository/17/Page_Town Square -  Mattermost/button_Save' is clicked on

2020-06-05 10:07:03 - [MESSAGE][PASSED] - Object: 'Object Repository/17/Page_Town Square -  Mattermost/button_Save' is clicked on]]></system-out>
         <system-err><![CDATA[]]></system-err>
      </testcase>
      <testcase name="Test Cases/datadriven/internal/TC_17_EditMessage" time="21.062" classname="Test Cases/datadriven/internal/TC_17_EditMessage" status="PASSED">
         <system-out><![CDATA[2020-06-05 10:07:03 - [TEST_CASE][PASSED] - Test Cases/datadriven/internal/TC_17_EditMessage: Test Cases/datadriven/internal/TC_17_EditMessage

2020-06-05 10:07:03 - [TEST_STEP][PASSED] - openBrowser(""): Browser is opened with url: ''

2020-06-05 10:07:03 - [MESSAGE][WARNING] - A browser is already opened. Closing browser and opening a new one

2020-06-05 10:07:04 - [MESSAGE][INFO] - Starting 'Chrome' driver

2020-06-05 10:07:04 - [MESSAGE][INFO] - Action delay is set to 0 milliseconds

2020-06-05 10:07:07 - [MESSAGE][PASSED] - Browser is opened with url: ''

2020-06-05 10:07:07 - [TEST_STEP][PASSED] - navigateToUrl("https://hw2katalonkattermost.herokuapp.com/login"): Navigate to 'https://hw2katalonkattermost.herokuapp.com/login' successfully

2020-06-05 10:07:11 - [MESSAGE][PASSED] - Navigate to 'https://hw2katalonkattermost.herokuapp.com/login' successfully

2020-06-05 10:07:11 - [TEST_STEP][PASSED] - setText(findTestObject("Object Repository/Page_Mattermost/input_All team communication in one place s_703ef5"), "vanhoang"): Text 'vanhoang' is set on object 'Object Repository/Page_Mattermost/input_All team communication in one place s_703ef5'

2020-06-05 10:07:16 - [MESSAGE][PASSED] - Text 'vanhoang' is set on object 'Object Repository/Page_Mattermost/input_All team communication in one place s_703ef5'

2020-06-05 10:07:16 - [TEST_STEP][PASSED] - setEncryptedText(findTestObject("Object Repository/Page_Mattermost/input_All team communication in one place s_2f2733"), "iGDxf8hSRT4="): Text ****** has been set on object 'Object Repository/Page_Mattermost/input_All team communication in one place s_2f2733'

2020-06-05 10:07:17 - [MESSAGE][PASSED] - Text ****** has been set on object 'Object Repository/Page_Mattermost/input_All team communication in one place s_2f2733'

2020-06-05 10:07:17 - [TEST_STEP][PASSED] - click(findTestObject("Object Repository/Page_Mattermost/span_Sign in")): Object: 'Object Repository/Page_Mattermost/span_Sign in' is clicked on

2020-06-05 10:07:17 - [MESSAGE][PASSED] - Object: 'Object Repository/Page_Mattermost/span_Sign in' is clicked on

2020-06-05 10:07:17 - [TEST_STEP][PASSED] - click(findTestObject("Object Repository/Page_Town Square -  Mattermost/div_vanhoang956 AMabc")): Object: 'Object Repository/Page_Town Square -  Mattermost/div_vanhoang956 AMabc' is clicked on

2020-06-05 10:07:21 - [MESSAGE][PASSED] - Object: 'Object Repository/Page_Town Square -  Mattermost/div_vanhoang956 AMabc' is clicked on

2020-06-05 10:07:21 - [TEST_STEP][PASSED] - click(findTestObject("Object Repository/Page_Town Square -  Mattermost/button_vanhoang_CENTER_button_xrqzsmo6k3bzj_d404df")): Object: 'Object Repository/Page_Town Square -  Mattermost/button_vanhoang_CENTER_button_xrqzsmo6k3bzj_d404df' is clicked on

2020-06-05 10:07:22 - [MESSAGE][PASSED] - Object: 'Object Repository/Page_Town Square -  Mattermost/button_vanhoang_CENTER_button_xrqzsmo6k3bzj_d404df' is clicked on

2020-06-05 10:07:22 - [TEST_STEP][PASSED] - click(findTestObject("Object Repository/Page_Town Square -  Mattermost/button_Edit")): Object: 'Object Repository/Page_Town Square -  Mattermost/button_Edit' is clicked on

2020-06-05 10:07:23 - [MESSAGE][PASSED] - Object: 'Object Repository/Page_Town Square -  Mattermost/button_Edit' is clicked on

2020-06-05 10:07:23 - [TEST_STEP][PASSED] - setText(findTestObject("Object Repository/17/Page_Town Square -  Mattermost/textarea_rofl"), EditText): Text 'edited3' is set on object 'Object Repository/17/Page_Town Square -  Mattermost/textarea_rofl'

2020-06-05 10:07:23 - [MESSAGE][PASSED] - Text 'edited3' is set on object 'Object Repository/17/Page_Town Square -  Mattermost/textarea_rofl'

2020-06-05 10:07:23 - [TEST_STEP][PASSED] - click(findTestObject("Object Repository/17/Page_Town Square -  Mattermost/button_Save")): Object: 'Object Repository/17/Page_Town Square -  Mattermost/button_Save' is clicked on

2020-06-05 10:07:24 - [MESSAGE][PASSED] - Object: 'Object Repository/17/Page_Town Square -  Mattermost/button_Save' is clicked on]]></system-out>
         <system-err><![CDATA[]]></system-err>
      </testcase>
      <testcase name="Test Cases/datadriven/internal/TC_17_EditMessage" time="20.406" classname="Test Cases/datadriven/internal/TC_17_EditMessage" status="PASSED">
         <system-out><![CDATA[2020-06-05 10:07:24 - [TEST_CASE][PASSED] - Test Cases/datadriven/internal/TC_17_EditMessage: Test Cases/datadriven/internal/TC_17_EditMessage

2020-06-05 10:07:24 - [TEST_STEP][PASSED] - openBrowser(""): Browser is opened with url: ''

2020-06-05 10:07:24 - [MESSAGE][WARNING] - A browser is already opened. Closing browser and opening a new one

2020-06-05 10:07:25 - [MESSAGE][INFO] - Starting 'Chrome' driver

2020-06-05 10:07:25 - [MESSAGE][INFO] - Action delay is set to 0 milliseconds

2020-06-05 10:07:28 - [MESSAGE][PASSED] - Browser is opened with url: ''

2020-06-05 10:07:28 - [TEST_STEP][PASSED] - navigateToUrl("https://hw2katalonkattermost.herokuapp.com/login"): Navigate to 'https://hw2katalonkattermost.herokuapp.com/login' successfully

2020-06-05 10:07:32 - [MESSAGE][PASSED] - Navigate to 'https://hw2katalonkattermost.herokuapp.com/login' successfully

2020-06-05 10:07:32 - [TEST_STEP][PASSED] - setText(findTestObject("Object Repository/Page_Mattermost/input_All team communication in one place s_703ef5"), "vanhoang"): Text 'vanhoang' is set on object 'Object Repository/Page_Mattermost/input_All team communication in one place s_703ef5'

2020-06-05 10:07:37 - [MESSAGE][PASSED] - Text 'vanhoang' is set on object 'Object Repository/Page_Mattermost/input_All team communication in one place s_703ef5'

2020-06-05 10:07:37 - [TEST_STEP][PASSED] - setEncryptedText(findTestObject("Object Repository/Page_Mattermost/input_All team communication in one place s_2f2733"), "iGDxf8hSRT4="): Text ****** has been set on object 'Object Repository/Page_Mattermost/input_All team communication in one place s_2f2733'

2020-06-05 10:07:38 - [MESSAGE][PASSED] - Text ****** has been set on object 'Object Repository/Page_Mattermost/input_All team communication in one place s_2f2733'

2020-06-05 10:07:38 - [TEST_STEP][PASSED] - click(findTestObject("Object Repository/Page_Mattermost/span_Sign in")): Object: 'Object Repository/Page_Mattermost/span_Sign in' is clicked on

2020-06-05 10:07:38 - [MESSAGE][PASSED] - Object: 'Object Repository/Page_Mattermost/span_Sign in' is clicked on

2020-06-05 10:07:38 - [TEST_STEP][PASSED] - click(findTestObject("Object Repository/Page_Town Square -  Mattermost/div_vanhoang956 AMabc")): Object: 'Object Repository/Page_Town Square -  Mattermost/div_vanhoang956 AMabc' is clicked on

2020-06-05 10:07:42 - [MESSAGE][PASSED] - Object: 'Object Repository/Page_Town Square -  Mattermost/div_vanhoang956 AMabc' is clicked on

2020-06-05 10:07:42 - [TEST_STEP][PASSED] - click(findTestObject("Object Repository/Page_Town Square -  Mattermost/button_vanhoang_CENTER_button_xrqzsmo6k3bzj_d404df")): Object: 'Object Repository/Page_Town Square -  Mattermost/button_vanhoang_CENTER_button_xrqzsmo6k3bzj_d404df' is clicked on

2020-06-05 10:07:42 - [MESSAGE][PASSED] - Object: 'Object Repository/Page_Town Square -  Mattermost/button_vanhoang_CENTER_button_xrqzsmo6k3bzj_d404df' is clicked on

2020-06-05 10:07:42 - [TEST_STEP][PASSED] - click(findTestObject("Object Repository/Page_Town Square -  Mattermost/button_Edit")): Object: 'Object Repository/Page_Town Square -  Mattermost/button_Edit' is clicked on

2020-06-05 10:07:43 - [MESSAGE][PASSED] - Object: 'Object Repository/Page_Town Square -  Mattermost/button_Edit' is clicked on

2020-06-05 10:07:43 - [TEST_STEP][PASSED] - setText(findTestObject("Object Repository/17/Page_Town Square -  Mattermost/textarea_rofl"), EditText): Text 'edited4' is set on object 'Object Repository/17/Page_Town Square -  Mattermost/textarea_rofl'

2020-06-05 10:07:44 - [MESSAGE][PASSED] - Text 'edited4' is set on object 'Object Repository/17/Page_Town Square -  Mattermost/textarea_rofl'

2020-06-05 10:07:44 - [TEST_STEP][PASSED] - click(findTestObject("Object Repository/17/Page_Town Square -  Mattermost/button_Save")): Object: 'Object Repository/17/Page_Town Square -  Mattermost/button_Save' is clicked on

2020-06-05 10:07:44 - [MESSAGE][PASSED] - Object: 'Object Repository/17/Page_Town Square -  Mattermost/button_Save' is clicked on]]></system-out>
         <system-err><![CDATA[]]></system-err>
      </testcase>
      <testcase name="Test Cases/datadriven/internal/TC_17_EditMessage" time="25.164" classname="Test Cases/datadriven/internal/TC_17_EditMessage" status="FAILED">
         <failure type="FAILED" message="Test Cases/datadriven/internal/TC_17_EditMessage FAILED.
Reason:
com.kms.katalon.core.exception.StepFailedException: Unable to click on object 'Object Repository/Page_Town Square -  Mattermost/button_vanhoang_CENTER_button_xrqzsmo6k3bzj_d404df'
	at com.kms.katalon.core.webui.keyword.internal.WebUIKeywordMain.stepFailed(WebUIKeywordMain.groovy:64)
	at com.kms.katalon.core.webui.keyword.internal.WebUIKeywordMain.runKeyword(WebUIKeywordMain.groovy:26)
	at com.kms.katalon.core.webui.keyword.builtin.ClickKeyword.click(ClickKeyword.groovy:76)
	at com.kms.katalon.core.webui.keyword.builtin.ClickKeyword.execute(ClickKeyword.groovy:43)
	at com.kms.katalon.core.keyword.internal.KeywordExecutor.executeKeywordForPlatform(KeywordExecutor.groovy:72)
	at com.kms.katalon.core.webui.keyword.WebUiBuiltInKeywords.click(WebUiBuiltInKeywords.groovy:616)
	at com.kms.katalon.core.webui.keyword.WebUiBuiltInKeywords$click$3.call(Unknown Source)
	at TC_17_EditMessage.run(TC_17_EditMessage:32)
	at com.kms.katalon.core.main.ScriptEngine.run(ScriptEngine.java:194)
	at com.kms.katalon.core.main.ScriptEngine.runScriptAsRawText(ScriptEngine.java:119)
	at com.kms.katalon.core.main.TestCaseExecutor.runScript(TestCaseExecutor.java:337)
	at com.kms.katalon.core.main.TestCaseExecutor.doExecute(TestCaseExecutor.java:328)
	at com.kms.katalon.core.main.TestCaseExecutor.processExecutionPhase(TestCaseExecutor.java:307)
	at com.kms.katalon.core.main.TestCaseExecutor.accessMainPhase(TestCaseExecutor.java:299)
	at com.kms.katalon.core.main.TestCaseExecutor.execute(TestCaseExecutor.java:233)
	at com.kms.katalon.core.main.TestSuiteExecutor.accessTestCaseMainPhase(TestSuiteExecutor.java:169)
	at com.kms.katalon.core.main.TestSuiteExecutor.accessTestSuiteMainPhase(TestSuiteExecutor.java:142)
	at com.kms.katalon.core.main.TestSuiteExecutor.execute(TestSuiteExecutor.java:91)
	at com.kms.katalon.core.main.TestCaseMain.startTestSuite(TestCaseMain.java:157)
	at com.kms.katalon.core.main.TestCaseMain$startTestSuite$0.call(Unknown Source)
	at TempTestSuite1591326331800.run(TempTestSuite1591326331800.groovy:37)
Caused by: org.openqa.selenium.NoSuchWindowException: no such window: target window already closed
from unknown error: web view not found
  (Session info: chrome=83.0.4103.61)
Build info: version: '3.141.59', revision: 'e82be7d358', time: '2018-11-14T08:25:53'
System info: host: 'BUITMAITHANH-IS', ip: '192.168.88.2', os.name: 'Windows 10', os.arch: 'amd64', os.version: '10.0', java.version: '1.8.0_181'
Driver info: com.kms.katalon.selenium.driver.CChromeDriver
Capabilities {acceptInsecureCerts: false, browserName: chrome, browserVersion: 83.0.4103.61, chrome: {chromedriverVersion: 83.0.4103.39 (ccbf011cb2d2b..., userDataDir: C:\Users\DUCNGU~1\AppData\L...}, goog:chromeOptions: {debuggerAddress: localhost:52854}, javascriptEnabled: true, networkConnectionEnabled: false, pageLoadStrategy: normal, platform: WINDOWS, platformName: WINDOWS, proxy: Proxy(), setWindowRect: true, strictFileInteractability: false, timeouts: {implicit: 0, pageLoad: 300000, script: 30000}, unhandledPromptBehavior: dismiss and notify, webauthn:virtualAuthenticators: true}
Session ID: fa548b08763dc006c4c725352a854fb6
*** Element info: {Using=xpath, value=//*[@id = 'CENTER_button_xrqzsmo6k3bzjmgkoh8jnnhnjy' and @type = 'button']}
	at org.openqa.selenium.remote.http.W3CHttpResponseCodec.createException(W3CHttpResponseCodec.java:187)
	at org.openqa.selenium.remote.http.W3CHttpResponseCodec.decode(W3CHttpResponseCodec.java:122)
	at org.openqa.selenium.remote.http.W3CHttpResponseCodec.decode(W3CHttpResponseCodec.java:49)
	at org.openqa.selenium.remote.HttpCommandExecutor.execute(HttpCommandExecutor.java:158)
	at org.openqa.selenium.remote.service.DriverCommandExecutor.execute(DriverCommandExecutor.java:83)
	at org.openqa.selenium.remote.RemoteWebDriver.execute(RemoteWebDriver.java:552)
	at com.kms.katalon.selenium.driver.CChromeDriver.execute(CChromeDriver.java:19)
	at org.openqa.selenium.remote.RemoteWebDriver.findElements(RemoteWebDriver.java:353)
	at org.openqa.selenium.remote.RemoteWebDriver.findElementsByXPath(RemoteWebDriver.java:432)
	at org.openqa.selenium.By$ByXPath.findElements(By.java:348)
	at org.openqa.selenium.remote.RemoteWebDriver.findElements(RemoteWebDriver.java:311)
	at org.openqa.selenium.support.events.EventFiringWebDriver.lambda$new$1(EventFiringWebDriver.java:105)
	at com.sun.proxy.$Proxy8.findElements(Unknown Source)
	at org.openqa.selenium.support.events.EventFiringWebDriver.findElements(EventFiringWebDriver.java:182)
	at com.kms.katalon.core.webui.common.WebUiCommonHelper.findWebElements(WebUiCommonHelper.java:789)
	at com.kms.katalon.core.webui.common.WebUiCommonHelper.findWebElement(WebUiCommonHelper.java:1150)
	at com.kms.katalon.core.webui.keyword.internal.WebUIAbstractKeyword.findWebElement(WebUIAbstractKeyword.groovy:27)
	at com.kms.katalon.core.webui.keyword.internal.WebUIAbstractKeyword.findWebElement(WebUIAbstractKeyword.groovy:26)
	at com.kms.katalon.core.webui.keyword.builtin.ClickKeyword$_click_closure1.doCall(ClickKeyword.groovy:67)
	at com.kms.katalon.core.webui.keyword.builtin.ClickKeyword$_click_closure1.call(ClickKeyword.groovy)
	at com.kms.katalon.core.webui.keyword.internal.WebUIKeywordMain.runKeyword(WebUIKeywordMain.groovy:20)
	... 19 more
"/>
         <system-out><![CDATA[2020-06-05 10:07:44 - [TEST_CASE][FAILED] - Test Cases/datadriven/internal/TC_17_EditMessage: Test Cases/datadriven/internal/TC_17_EditMessage FAILED.
Reason:
com.kms.katalon.core.exception.StepFailedException: Unable to click on object 'Object Repository/Page_Town Square -  Mattermost/button_vanhoang_CENTER_button_xrqzsmo6k3bzj_d404df'
	at com.kms.katalon.core.webui.keyword.internal.WebUIKeywordMain.stepFailed(WebUIKeywordMain.groovy:64)
	at com.kms.katalon.core.webui.keyword.internal.WebUIKeywordMain.runKeyword(WebUIKeywordMain.groovy:26)
	at com.kms.katalon.core.webui.keyword.builtin.ClickKeyword.click(ClickKeyword.groovy:76)
	at com.kms.katalon.core.webui.keyword.builtin.ClickKeyword.execute(ClickKeyword.groovy:43)
	at com.kms.katalon.core.keyword.internal.KeywordExecutor.executeKeywordForPlatform(KeywordExecutor.groovy:72)
	at com.kms.katalon.core.webui.keyword.WebUiBuiltInKeywords.click(WebUiBuiltInKeywords.groovy:616)
	at com.kms.katalon.core.webui.keyword.WebUiBuiltInKeywords$click$3.call(Unknown Source)
	at TC_17_EditMessage.run(TC_17_EditMessage:32)
	at com.kms.katalon.core.main.ScriptEngine.run(ScriptEngine.java:194)
	at com.kms.katalon.core.main.ScriptEngine.runScriptAsRawText(ScriptEngine.java:119)
	at com.kms.katalon.core.main.TestCaseExecutor.runScript(TestCaseExecutor.java:337)
	at com.kms.katalon.core.main.TestCaseExecutor.doExecute(TestCaseExecutor.java:328)
	at com.kms.katalon.core.main.TestCaseExecutor.processExecutionPhase(TestCaseExecutor.java:307)
	at com.kms.katalon.core.main.TestCaseExecutor.accessMainPhase(TestCaseExecutor.java:299)
	at com.kms.katalon.core.main.TestCaseExecutor.execute(TestCaseExecutor.java:233)
	at com.kms.katalon.core.main.TestSuiteExecutor.accessTestCaseMainPhase(TestSuiteExecutor.java:169)
	at com.kms.katalon.core.main.TestSuiteExecutor.accessTestSuiteMainPhase(TestSuiteExecutor.java:142)
	at com.kms.katalon.core.main.TestSuiteExecutor.execute(TestSuiteExecutor.java:91)
	at com.kms.katalon.core.main.TestCaseMain.startTestSuite(TestCaseMain.java:157)
	at com.kms.katalon.core.main.TestCaseMain$startTestSuite$0.call(Unknown Source)
	at TempTestSuite1591326331800.run(TempTestSuite1591326331800.groovy:37)
Caused by: org.openqa.selenium.NoSuchWindowException: no such window: target window already closed
from unknown error: web view not found
  (Session info: chrome=83.0.4103.61)
Build info: version: '3.141.59', revision: 'e82be7d358', time: '2018-11-14T08:25:53'
System info: host: 'BUITMAITHANH-IS', ip: '192.168.88.2', os.name: 'Windows 10', os.arch: 'amd64', os.version: '10.0', java.version: '1.8.0_181'
Driver info: com.kms.katalon.selenium.driver.CChromeDriver
Capabilities {acceptInsecureCerts: false, browserName: chrome, browserVersion: 83.0.4103.61, chrome: {chromedriverVersion: 83.0.4103.39 (ccbf011cb2d2b..., userDataDir: C:\Users\DUCNGU~1\AppData\L...}, goog:chromeOptions: {debuggerAddress: localhost:52854}, javascriptEnabled: true, networkConnectionEnabled: false, pageLoadStrategy: normal, platform: WINDOWS, platformName: WINDOWS, proxy: Proxy(), setWindowRect: true, strictFileInteractability: false, timeouts: {implicit: 0, pageLoad: 300000, script: 30000}, unhandledPromptBehavior: dismiss and notify, webauthn:virtualAuthenticators: true}
Session ID: fa548b08763dc006c4c725352a854fb6
*** Element info: {Using=xpath, value=//*[@id = 'CENTER_button_xrqzsmo6k3bzjmgkoh8jnnhnjy' and @type = 'button']}
	at org.openqa.selenium.remote.http.W3CHttpResponseCodec.createException(W3CHttpResponseCodec.java:187)
	at org.openqa.selenium.remote.http.W3CHttpResponseCodec.decode(W3CHttpResponseCodec.java:122)
	at org.openqa.selenium.remote.http.W3CHttpResponseCodec.decode(W3CHttpResponseCodec.java:49)
	at org.openqa.selenium.remote.HttpCommandExecutor.execute(HttpCommandExecutor.java:158)
	at org.openqa.selenium.remote.service.DriverCommandExecutor.execute(DriverCommandExecutor.java:83)
	at org.openqa.selenium.remote.RemoteWebDriver.execute(RemoteWebDriver.java:552)
	at com.kms.katalon.selenium.driver.CChromeDriver.execute(CChromeDriver.java:19)
	at org.openqa.selenium.remote.RemoteWebDriver.findElements(RemoteWebDriver.java:353)
	at org.openqa.selenium.remote.RemoteWebDriver.findElementsByXPath(RemoteWebDriver.java:432)
	at org.openqa.selenium.By$ByXPath.findElements(By.java:348)
	at org.openqa.selenium.remote.RemoteWebDriver.findElements(RemoteWebDriver.java:311)
	at org.openqa.selenium.support.events.EventFiringWebDriver.lambda$new$1(EventFiringWebDriver.java:105)
	at com.sun.proxy.$Proxy8.findElements(Unknown Source)
	at org.openqa.selenium.support.events.EventFiringWebDriver.findElements(EventFiringWebDriver.java:182)
	at com.kms.katalon.core.webui.common.WebUiCommonHelper.findWebElements(WebUiCommonHelper.java:789)
	at com.kms.katalon.core.webui.common.WebUiCommonHelper.findWebElement(WebUiCommonHelper.java:1150)
	at com.kms.katalon.core.webui.keyword.internal.WebUIAbstractKeyword.findWebElement(WebUIAbstractKeyword.groovy:27)
	at com.kms.katalon.core.webui.keyword.internal.WebUIAbstractKeyword.findWebElement(WebUIAbstractKeyword.groovy:26)
	at com.kms.katalon.core.webui.keyword.builtin.ClickKeyword$_click_closure1.doCall(ClickKeyword.groovy:67)
	at com.kms.katalon.core.webui.keyword.builtin.ClickKeyword$_click_closure1.call(ClickKeyword.groovy)
	at com.kms.katalon.core.webui.keyword.internal.WebUIKeywordMain.runKeyword(WebUIKeywordMain.groovy:20)
	... 19 more


2020-06-05 10:07:44 - [TEST_STEP][PASSED] - openBrowser(""): Browser is opened with url: ''

2020-06-05 10:07:44 - [MESSAGE][WARNING] - A browser is already opened. Closing browser and opening a new one

2020-06-05 10:07:45 - [MESSAGE][INFO] - Starting 'Chrome' driver

2020-06-05 10:07:45 - [MESSAGE][INFO] - Action delay is set to 0 milliseconds

2020-06-05 10:07:49 - [MESSAGE][PASSED] - Browser is opened with url: ''

2020-06-05 10:07:49 - [TEST_STEP][PASSED] - navigateToUrl("https://hw2katalonkattermost.herokuapp.com/login"): Navigate to 'https://hw2katalonkattermost.herokuapp.com/login' successfully

2020-06-05 10:07:53 - [MESSAGE][PASSED] - Navigate to 'https://hw2katalonkattermost.herokuapp.com/login' successfully

2020-06-05 10:07:53 - [TEST_STEP][PASSED] - setText(findTestObject("Object Repository/Page_Mattermost/input_All team communication in one place s_703ef5"), "vanhoang"): Text 'vanhoang' is set on object 'Object Repository/Page_Mattermost/input_All team communication in one place s_703ef5'

2020-06-05 10:07:58 - [MESSAGE][PASSED] - Text 'vanhoang' is set on object 'Object Repository/Page_Mattermost/input_All team communication in one place s_703ef5'

2020-06-05 10:07:58 - [TEST_STEP][PASSED] - setEncryptedText(findTestObject("Object Repository/Page_Mattermost/input_All team communication in one place s_2f2733"), "iGDxf8hSRT4="): Text ****** has been set on object 'Object Repository/Page_Mattermost/input_All team communication in one place s_2f2733'

2020-06-05 10:07:59 - [MESSAGE][PASSED] - Text ****** has been set on object 'Object Repository/Page_Mattermost/input_All team communication in one place s_2f2733'

2020-06-05 10:07:59 - [TEST_STEP][PASSED] - click(findTestObject("Object Repository/Page_Mattermost/span_Sign in")): Object: 'Object Repository/Page_Mattermost/span_Sign in' is clicked on

2020-06-05 10:07:59 - [MESSAGE][PASSED] - Object: 'Object Repository/Page_Mattermost/span_Sign in' is clicked on

2020-06-05 10:07:59 - [TEST_STEP][PASSED] - click(findTestObject("Object Repository/Page_Town Square -  Mattermost/div_vanhoang956 AMabc")): Object: 'Object Repository/Page_Town Square -  Mattermost/div_vanhoang956 AMabc' is clicked on

2020-06-05 10:08:03 - [MESSAGE][PASSED] - Object: 'Object Repository/Page_Town Square -  Mattermost/div_vanhoang956 AMabc' is clicked on

2020-06-05 10:08:03 - [TEST_STEP][FAILED] - click(findTestObject("Object Repository/Page_Town Square -  Mattermost/button_vanhoang_CENTER_button_xrqzsmo6k3bzj_d404df")): Unable to click on object 'Object Repository/Page_Town Square -  Mattermost/button_vanhoang_CENTER_button_xrqzsmo6k3bzj_d404df' (Root cause: com.kms.katalon.core.exception.StepFailedException: Unable to click on object 'Object Repository/Page_Town Square -  Mattermost/button_vanhoang_CENTER_button_xrqzsmo6k3bzj_d404df'
	at com.kms.katalon.core.webui.keyword.internal.WebUIKeywordMain.stepFailed(WebUIKeywordMain.groovy:64)
	at com.kms.katalon.core.webui.keyword.internal.WebUIKeywordMain.runKeyword(WebUIKeywordMain.groovy:26)
	at com.kms.katalon.core.webui.keyword.builtin.ClickKeyword.click(ClickKeyword.groovy:76)
	at com.kms.katalon.core.webui.keyword.builtin.ClickKeyword.execute(ClickKeyword.groovy:43)
	at com.kms.katalon.core.keyword.internal.KeywordExecutor.executeKeywordForPlatform(KeywordExecutor.groovy:72)
	at com.kms.katalon.core.webui.keyword.WebUiBuiltInKeywords.click(WebUiBuiltInKeywords.groovy:616)
	at com.kms.katalon.core.webui.keyword.WebUiBuiltInKeywords$click$3.call(Unknown Source)
	at TC_17_EditMessage.run(TC_17_EditMessage:32)
	at com.kms.katalon.core.main.ScriptEngine.run(ScriptEngine.java:194)
	at com.kms.katalon.core.main.ScriptEngine.runScriptAsRawText(ScriptEngine.java:119)
	at com.kms.katalon.core.main.TestCaseExecutor.runScript(TestCaseExecutor.java:337)
	at com.kms.katalon.core.main.TestCaseExecutor.doExecute(TestCaseExecutor.java:328)
	at com.kms.katalon.core.main.TestCaseExecutor.processExecutionPhase(TestCaseExecutor.java:307)
	at com.kms.katalon.core.main.TestCaseExecutor.accessMainPhase(TestCaseExecutor.java:299)
	at com.kms.katalon.core.main.TestCaseExecutor.execute(TestCaseExecutor.java:233)
	at com.kms.katalon.core.main.TestSuiteExecutor.accessTestCaseMainPhase(TestSuiteExecutor.java:169)
	at com.kms.katalon.core.main.TestSuiteExecutor.accessTestSuiteMainPhase(TestSuiteExecutor.java:142)
	at com.kms.katalon.core.main.TestSuiteExecutor.execute(TestSuiteExecutor.java:91)
	at com.kms.katalon.core.main.TestCaseMain.startTestSuite(TestCaseMain.java:157)
	at com.kms.katalon.core.main.TestCaseMain$startTestSuite$0.call(Unknown Source)
	at TempTestSuite1591326331800.run(TempTestSuite1591326331800.groovy:37)
Caused by: org.openqa.selenium.NoSuchWindowException: no such window: target window already closed
from unknown error: web view not found
  (Session info: chrome=83.0.4103.61)
Build info: version: '3.141.59', revision: 'e82be7d358', time: '2018-11-14T08:25:53'
System info: host: 'BUITMAITHANH-IS', ip: '192.168.88.2', os.name: 'Windows 10', os.arch: 'amd64', os.version: '10.0', java.version: '1.8.0_181'
Driver info: com.kms.katalon.selenium.driver.CChromeDriver
Capabilities {acceptInsecureCerts: false, browserName: chrome, browserVersion: 83.0.4103.61, chrome: {chromedriverVersion: 83.0.4103.39 (ccbf011cb2d2b..., userDataDir: C:\Users\DUCNGU~1\AppData\L...}, goog:chromeOptions: {debuggerAddress: localhost:52854}, javascriptEnabled: true, networkConnectionEnabled: false, pageLoadStrategy: normal, platform: WINDOWS, platformName: WINDOWS, proxy: Proxy(), setWindowRect: true, strictFileInteractability: false, timeouts: {implicit: 0, pageLoad: 300000, script: 30000}, unhandledPromptBehavior: dismiss and notify, webauthn:virtualAuthenticators: true}
Session ID: fa548b08763dc006c4c725352a854fb6
*** Element info: {Using=xpath, value=//*[@id = 'CENTER_button_xrqzsmo6k3bzjmgkoh8jnnhnjy' and @type = 'button']}
	at org.openqa.selenium.remote.http.W3CHttpResponseCodec.createException(W3CHttpResponseCodec.java:187)
	at org.openqa.selenium.remote.http.W3CHttpResponseCodec.decode(W3CHttpResponseCodec.java:122)
	at org.openqa.selenium.remote.http.W3CHttpResponseCodec.decode(W3CHttpResponseCodec.java:49)
	at org.openqa.selenium.remote.HttpCommandExecutor.execute(HttpCommandExecutor.java:158)
	at org.openqa.selenium.remote.service.DriverCommandExecutor.execute(DriverCommandExecutor.java:83)
	at org.openqa.selenium.remote.RemoteWebDriver.execute(RemoteWebDriver.java:552)
	at com.kms.katalon.selenium.driver.CChromeDriver.execute(CChromeDriver.java:19)
	at org.openqa.selenium.remote.RemoteWebDriver.findElements(RemoteWebDriver.java:353)
	at org.openqa.selenium.remote.RemoteWebDriver.findElementsByXPath(RemoteWebDriver.java:432)
	at org.openqa.selenium.By$ByXPath.findElements(By.java:348)
	at org.openqa.selenium.remote.RemoteWebDriver.findElements(RemoteWebDriver.java:311)
	at org.openqa.selenium.support.events.EventFiringWebDriver.lambda$new$1(EventFiringWebDriver.java:105)
	at com.sun.proxy.$Proxy8.findElements(Unknown Source)
	at org.openqa.selenium.support.events.EventFiringWebDriver.findElements(EventFiringWebDriver.java:182)
	at com.kms.katalon.core.webui.common.WebUiCommonHelper.findWebElements(WebUiCommonHelper.java:789)
	at com.kms.katalon.core.webui.common.WebUiCommonHelper.findWebElement(WebUiCommonHelper.java:1150)
	at com.kms.katalon.core.webui.keyword.internal.WebUIAbstractKeyword.findWebElement(WebUIAbstractKeyword.groovy:27)
	at com.kms.katalon.core.webui.keyword.internal.WebUIAbstractKeyword.findWebElement(WebUIAbstractKeyword.groovy:26)
	at com.kms.katalon.core.webui.keyword.builtin.ClickKeyword$_click_closure1.doCall(ClickKeyword.groovy:67)
	at com.kms.katalon.core.webui.keyword.builtin.ClickKeyword$_click_closure1.call(ClickKeyword.groovy)
	at com.kms.katalon.core.webui.keyword.internal.WebUIKeywordMain.runKeyword(WebUIKeywordMain.groovy:20)
	at com.kms.katalon.core.webui.keyword.builtin.ClickKeyword.click(ClickKeyword.groovy:76)
	at com.kms.katalon.core.webui.keyword.builtin.ClickKeyword.execute(ClickKeyword.groovy:43)
	at com.kms.katalon.core.keyword.internal.KeywordExecutor.executeKeywordForPlatform(KeywordExecutor.groovy:72)
	at com.kms.katalon.core.webui.keyword.WebUiBuiltInKeywords.click(WebUiBuiltInKeywords.groovy:616)
	at com.kms.katalon.core.webui.keyword.WebUiBuiltInKeywords$click$3.call(Unknown Source)
	at Script1591325668015.run(Script1591325668015.groovy:32)
	... 13 more
)

2020-06-05 10:08:10 - [MESSAGE][WARNING] - Cannot take screenshot

2020-06-05 10:08:10 - [MESSAGE][FAILED] - Unable to click on object 'Object Repository/Page_Town Square -  Mattermost/button_vanhoang_CENTER_button_xrqzsmo6k3bzj_d404df' (Root cause: com.kms.katalon.core.exception.StepFailedException: Unable to click on object 'Object Repository/Page_Town Square -  Mattermost/button_vanhoang_CENTER_button_xrqzsmo6k3bzj_d404df'
	at com.kms.katalon.core.webui.keyword.internal.WebUIKeywordMain.stepFailed(WebUIKeywordMain.groovy:64)
	at com.kms.katalon.core.webui.keyword.internal.WebUIKeywordMain.runKeyword(WebUIKeywordMain.groovy:26)
	at com.kms.katalon.core.webui.keyword.builtin.ClickKeyword.click(ClickKeyword.groovy:76)
	at com.kms.katalon.core.webui.keyword.builtin.ClickKeyword.execute(ClickKeyword.groovy:43)
	at com.kms.katalon.core.keyword.internal.KeywordExecutor.executeKeywordForPlatform(KeywordExecutor.groovy:72)
	at com.kms.katalon.core.webui.keyword.WebUiBuiltInKeywords.click(WebUiBuiltInKeywords.groovy:616)
	at com.kms.katalon.core.webui.keyword.WebUiBuiltInKeywords$click$3.call(Unknown Source)
	at TC_17_EditMessage.run(TC_17_EditMessage:32)
	at com.kms.katalon.core.main.ScriptEngine.run(ScriptEngine.java:194)
	at com.kms.katalon.core.main.ScriptEngine.runScriptAsRawText(ScriptEngine.java:119)
	at com.kms.katalon.core.main.TestCaseExecutor.runScript(TestCaseExecutor.java:337)
	at com.kms.katalon.core.main.TestCaseExecutor.doExecute(TestCaseExecutor.java:328)
	at com.kms.katalon.core.main.TestCaseExecutor.processExecutionPhase(TestCaseExecutor.java:307)
	at com.kms.katalon.core.main.TestCaseExecutor.accessMainPhase(TestCaseExecutor.java:299)
	at com.kms.katalon.core.main.TestCaseExecutor.execute(TestCaseExecutor.java:233)
	at com.kms.katalon.core.main.TestSuiteExecutor.accessTestCaseMainPhase(TestSuiteExecutor.java:169)
	at com.kms.katalon.core.main.TestSuiteExecutor.accessTestSuiteMainPhase(TestSuiteExecutor.java:142)
	at com.kms.katalon.core.main.TestSuiteExecutor.execute(TestSuiteExecutor.java:91)
	at com.kms.katalon.core.main.TestCaseMain.startTestSuite(TestCaseMain.java:157)
	at com.kms.katalon.core.main.TestCaseMain$startTestSuite$0.call(Unknown Source)
	at TempTestSuite1591326331800.run(TempTestSuite1591326331800.groovy:37)
Caused by: org.openqa.selenium.NoSuchWindowException: no such window: target window already closed
from unknown error: web view not found
  (Session info: chrome=83.0.4103.61)
Build info: version: '3.141.59', revision: 'e82be7d358', time: '2018-11-14T08:25:53'
System info: host: 'BUITMAITHANH-IS', ip: '192.168.88.2', os.name: 'Windows 10', os.arch: 'amd64', os.version: '10.0', java.version: '1.8.0_181'
Driver info: com.kms.katalon.selenium.driver.CChromeDriver
Capabilities {acceptInsecureCerts: false, browserName: chrome, browserVersion: 83.0.4103.61, chrome: {chromedriverVersion: 83.0.4103.39 (ccbf011cb2d2b..., userDataDir: C:\Users\DUCNGU~1\AppData\L...}, goog:chromeOptions: {debuggerAddress: localhost:52854}, javascriptEnabled: true, networkConnectionEnabled: false, pageLoadStrategy: normal, platform: WINDOWS, platformName: WINDOWS, proxy: Proxy(), setWindowRect: true, strictFileInteractability: false, timeouts: {implicit: 0, pageLoad: 300000, script: 30000}, unhandledPromptBehavior: dismiss and notify, webauthn:virtualAuthenticators: true}
Session ID: fa548b08763dc006c4c725352a854fb6
*** Element info: {Using=xpath, value=//*[@id = 'CENTER_button_xrqzsmo6k3bzjmgkoh8jnnhnjy' and @type = 'button']}
	at org.openqa.selenium.remote.http.W3CHttpResponseCodec.createException(W3CHttpResponseCodec.java:187)
	at org.openqa.selenium.remote.http.W3CHttpResponseCodec.decode(W3CHttpResponseCodec.java:122)
	at org.openqa.selenium.remote.http.W3CHttpResponseCodec.decode(W3CHttpResponseCodec.java:49)
	at org.openqa.selenium.remote.HttpCommandExecutor.execute(HttpCommandExecutor.java:158)
	at org.openqa.selenium.remote.service.DriverCommandExecutor.execute(DriverCommandExecutor.java:83)
	at org.openqa.selenium.remote.RemoteWebDriver.execute(RemoteWebDriver.java:552)
	at com.kms.katalon.selenium.driver.CChromeDriver.execute(CChromeDriver.java:19)
	at org.openqa.selenium.remote.RemoteWebDriver.findElements(RemoteWebDriver.java:353)
	at org.openqa.selenium.remote.RemoteWebDriver.findElementsByXPath(RemoteWebDriver.java:432)
	at org.openqa.selenium.By$ByXPath.findElements(By.java:348)
	at org.openqa.selenium.remote.RemoteWebDriver.findElements(RemoteWebDriver.java:311)
	at org.openqa.selenium.support.events.EventFiringWebDriver.lambda$new$1(EventFiringWebDriver.java:105)
	at com.sun.proxy.$Proxy8.findElements(Unknown Source)
	at org.openqa.selenium.support.events.EventFiringWebDriver.findElements(EventFiringWebDriver.java:182)
	at com.kms.katalon.core.webui.common.WebUiCommonHelper.findWebElements(WebUiCommonHelper.java:789)
	at com.kms.katalon.core.webui.common.WebUiCommonHelper.findWebElement(WebUiCommonHelper.java:1150)
	at com.kms.katalon.core.webui.keyword.internal.WebUIAbstractKeyword.findWebElement(WebUIAbstractKeyword.groovy:27)
	at com.kms.katalon.core.webui.keyword.internal.WebUIAbstractKeyword.findWebElement(WebUIAbstractKeyword.groovy:26)
	at com.kms.katalon.core.webui.keyword.builtin.ClickKeyword$_click_closure1.doCall(ClickKeyword.groovy:67)
	at com.kms.katalon.core.webui.keyword.builtin.ClickKeyword$_click_closure1.call(ClickKeyword.groovy)
	at com.kms.katalon.core.webui.keyword.internal.WebUIKeywordMain.runKeyword(WebUIKeywordMain.groovy:20)
	at com.kms.katalon.core.webui.keyword.builtin.ClickKeyword.click(ClickKeyword.groovy:76)
	at com.kms.katalon.core.webui.keyword.builtin.ClickKeyword.execute(ClickKeyword.groovy:43)
	at com.kms.katalon.core.keyword.internal.KeywordExecutor.executeKeywordForPlatform(KeywordExecutor.groovy:72)
	at com.kms.katalon.core.webui.keyword.WebUiBuiltInKeywords.click(WebUiBuiltInKeywords.groovy:616)
	at com.kms.katalon.core.webui.keyword.WebUiBuiltInKeywords$click$3.call(Unknown Source)
	at Script1591325668015.run(Script1591325668015.groovy:32)
	... 13 more
)]]></system-out>
         <system-err><![CDATA[2020-06-05 10:07:44 - [TEST_CASE][FAILED] - Test Cases/datadriven/internal/TC_17_EditMessage: Test Cases/datadriven/internal/TC_17_EditMessage FAILED.
Reason:
com.kms.katalon.core.exception.StepFailedException: Unable to click on object 'Object Repository/Page_Town Square -  Mattermost/button_vanhoang_CENTER_button_xrqzsmo6k3bzj_d404df'
	at com.kms.katalon.core.webui.keyword.internal.WebUIKeywordMain.stepFailed(WebUIKeywordMain.groovy:64)
	at com.kms.katalon.core.webui.keyword.internal.WebUIKeywordMain.runKeyword(WebUIKeywordMain.groovy:26)
	at com.kms.katalon.core.webui.keyword.builtin.ClickKeyword.click(ClickKeyword.groovy:76)
	at com.kms.katalon.core.webui.keyword.builtin.ClickKeyword.execute(ClickKeyword.groovy:43)
	at com.kms.katalon.core.keyword.internal.KeywordExecutor.executeKeywordForPlatform(KeywordExecutor.groovy:72)
	at com.kms.katalon.core.webui.keyword.WebUiBuiltInKeywords.click(WebUiBuiltInKeywords.groovy:616)
	at com.kms.katalon.core.webui.keyword.WebUiBuiltInKeywords$click$3.call(Unknown Source)
	at TC_17_EditMessage.run(TC_17_EditMessage:32)
	at com.kms.katalon.core.main.ScriptEngine.run(ScriptEngine.java:194)
	at com.kms.katalon.core.main.ScriptEngine.runScriptAsRawText(ScriptEngine.java:119)
	at com.kms.katalon.core.main.TestCaseExecutor.runScript(TestCaseExecutor.java:337)
	at com.kms.katalon.core.main.TestCaseExecutor.doExecute(TestCaseExecutor.java:328)
	at com.kms.katalon.core.main.TestCaseExecutor.processExecutionPhase(TestCaseExecutor.java:307)
	at com.kms.katalon.core.main.TestCaseExecutor.accessMainPhase(TestCaseExecutor.java:299)
	at com.kms.katalon.core.main.TestCaseExecutor.execute(TestCaseExecutor.java:233)
	at com.kms.katalon.core.main.TestSuiteExecutor.accessTestCaseMainPhase(TestSuiteExecutor.java:169)
	at com.kms.katalon.core.main.TestSuiteExecutor.accessTestSuiteMainPhase(TestSuiteExecutor.java:142)
	at com.kms.katalon.core.main.TestSuiteExecutor.execute(TestSuiteExecutor.java:91)
	at com.kms.katalon.core.main.TestCaseMain.startTestSuite(TestCaseMain.java:157)
	at com.kms.katalon.core.main.TestCaseMain$startTestSuite$0.call(Unknown Source)
	at TempTestSuite1591326331800.run(TempTestSuite1591326331800.groovy:37)
Caused by: org.openqa.selenium.NoSuchWindowException: no such window: target window already closed
from unknown error: web view not found
  (Session info: chrome=83.0.4103.61)
Build info: version: '3.141.59', revision: 'e82be7d358', time: '2018-11-14T08:25:53'
System info: host: 'BUITMAITHANH-IS', ip: '192.168.88.2', os.name: 'Windows 10', os.arch: 'amd64', os.version: '10.0', java.version: '1.8.0_181'
Driver info: com.kms.katalon.selenium.driver.CChromeDriver
Capabilities {acceptInsecureCerts: false, browserName: chrome, browserVersion: 83.0.4103.61, chrome: {chromedriverVersion: 83.0.4103.39 (ccbf011cb2d2b..., userDataDir: C:\Users\DUCNGU~1\AppData\L...}, goog:chromeOptions: {debuggerAddress: localhost:52854}, javascriptEnabled: true, networkConnectionEnabled: false, pageLoadStrategy: normal, platform: WINDOWS, platformName: WINDOWS, proxy: Proxy(), setWindowRect: true, strictFileInteractability: false, timeouts: {implicit: 0, pageLoad: 300000, script: 30000}, unhandledPromptBehavior: dismiss and notify, webauthn:virtualAuthenticators: true}
Session ID: fa548b08763dc006c4c725352a854fb6
*** Element info: {Using=xpath, value=//*[@id = 'CENTER_button_xrqzsmo6k3bzjmgkoh8jnnhnjy' and @type = 'button']}
	at org.openqa.selenium.remote.http.W3CHttpResponseCodec.createException(W3CHttpResponseCodec.java:187)
	at org.openqa.selenium.remote.http.W3CHttpResponseCodec.decode(W3CHttpResponseCodec.java:122)
	at org.openqa.selenium.remote.http.W3CHttpResponseCodec.decode(W3CHttpResponseCodec.java:49)
	at org.openqa.selenium.remote.HttpCommandExecutor.execute(HttpCommandExecutor.java:158)
	at org.openqa.selenium.remote.service.DriverCommandExecutor.execute(DriverCommandExecutor.java:83)
	at org.openqa.selenium.remote.RemoteWebDriver.execute(RemoteWebDriver.java:552)
	at com.kms.katalon.selenium.driver.CChromeDriver.execute(CChromeDriver.java:19)
	at org.openqa.selenium.remote.RemoteWebDriver.findElements(RemoteWebDriver.java:353)
	at org.openqa.selenium.remote.RemoteWebDriver.findElementsByXPath(RemoteWebDriver.java:432)
	at org.openqa.selenium.By$ByXPath.findElements(By.java:348)
	at org.openqa.selenium.remote.RemoteWebDriver.findElements(RemoteWebDriver.java:311)
	at org.openqa.selenium.support.events.EventFiringWebDriver.lambda$new$1(EventFiringWebDriver.java:105)
	at com.sun.proxy.$Proxy8.findElements(Unknown Source)
	at org.openqa.selenium.support.events.EventFiringWebDriver.findElements(EventFiringWebDriver.java:182)
	at com.kms.katalon.core.webui.common.WebUiCommonHelper.findWebElements(WebUiCommonHelper.java:789)
	at com.kms.katalon.core.webui.common.WebUiCommonHelper.findWebElement(WebUiCommonHelper.java:1150)
	at com.kms.katalon.core.webui.keyword.internal.WebUIAbstractKeyword.findWebElement(WebUIAbstractKeyword.groovy:27)
	at com.kms.katalon.core.webui.keyword.internal.WebUIAbstractKeyword.findWebElement(WebUIAbstractKeyword.groovy:26)
	at com.kms.katalon.core.webui.keyword.builtin.ClickKeyword$_click_closure1.doCall(ClickKeyword.groovy:67)
	at com.kms.katalon.core.webui.keyword.builtin.ClickKeyword$_click_closure1.call(ClickKeyword.groovy)
	at com.kms.katalon.core.webui.keyword.internal.WebUIKeywordMain.runKeyword(WebUIKeywordMain.groovy:20)
	... 19 more]]></system-err>
      </testcase>
      <system-out><![CDATA[2020-06-05 10:05:34 - [TEST_SUITE][FAILED] - TS_17: Test Cases/datadriven/internal/TC_17_EditMessage FAILED.
Reason:
com.kms.katalon.core.exception.StepFailedException: Unable to click on object 'Object Repository/Page_Town Square -  Mattermost/button_vanhoang_CENTER_button_xrqzsmo6k3bzj_d404df'
	at com.kms.katalon.core.webui.keyword.internal.WebUIKeywordMain.stepFailed(WebUIKeywordMain.groovy:64)
	at com.kms.katalon.core.webui.keyword.internal.WebUIKeywordMain.runKeyword(WebUIKeywordMain.groovy:26)
	at com.kms.katalon.core.webui.keyword.builtin.ClickKeyword.click(ClickKeyword.groovy:76)
	at com.kms.katalon.core.webui.keyword.builtin.ClickKeyword.execute(ClickKeyword.groovy:43)
	at com.kms.katalon.core.keyword.internal.KeywordExecutor.executeKeywordForPlatform(KeywordExecutor.groovy:72)
	at com.kms.katalon.core.webui.keyword.WebUiBuiltInKeywords.click(WebUiBuiltInKeywords.groovy:616)
	at com.kms.katalon.core.webui.keyword.WebUiBuiltInKeywords$click$3.call(Unknown Source)
	at TC_17_EditMessage.run(TC_17_EditMessage:32)
	at com.kms.katalon.core.main.ScriptEngine.run(ScriptEngine.java:194)
	at com.kms.katalon.core.main.ScriptEngine.runScriptAsRawText(ScriptEngine.java:119)
	at com.kms.katalon.core.main.TestCaseExecutor.runScript(TestCaseExecutor.java:337)
	at com.kms.katalon.core.main.TestCaseExecutor.doExecute(TestCaseExecutor.java:328)
	at com.kms.katalon.core.main.TestCaseExecutor.processExecutionPhase(TestCaseExecutor.java:307)
	at com.kms.katalon.core.main.TestCaseExecutor.accessMainPhase(TestCaseExecutor.java:299)
	at com.kms.katalon.core.main.TestCaseExecutor.execute(TestCaseExecutor.java:233)
	at com.kms.katalon.core.main.TestSuiteExecutor.accessTestCaseMainPhase(TestSuiteExecutor.java:169)
	at com.kms.katalon.core.main.TestSuiteExecutor.accessTestSuiteMainPhase(TestSuiteExecutor.java:142)
	at com.kms.katalon.core.main.TestSuiteExecutor.execute(TestSuiteExecutor.java:91)
	at com.kms.katalon.core.main.TestCaseMain.startTestSuite(TestCaseMain.java:157)
	at com.kms.katalon.core.main.TestCaseMain$startTestSuite$0.call(Unknown Source)
	at TempTestSuite1591326331800.run(TempTestSuite1591326331800.groovy:37)
Caused by: org.openqa.selenium.NoSuchWindowException: no such window: target window already closed
from unknown error: web view not found
  (Session info: chrome=83.0.4103.61)
Build info: version: '3.141.59', revision: 'e82be7d358', time: '2018-11-14T08:25:53'
System info: host: 'BUITMAITHANH-IS', ip: '192.168.88.2', os.name: 'Windows 10', os.arch: 'amd64', os.version: '10.0', java.version: '1.8.0_181'
Driver info: com.kms.katalon.selenium.driver.CChromeDriver
Capabilities {acceptInsecureCerts: false, browserName: chrome, browserVersion: 83.0.4103.61, chrome: {chromedriverVersion: 83.0.4103.39 (ccbf011cb2d2b..., userDataDir: C:\Users\DUCNGU~1\AppData\L...}, goog:chromeOptions: {debuggerAddress: localhost:52854}, javascriptEnabled: true, networkConnectionEnabled: false, pageLoadStrategy: normal, platform: WINDOWS, platformName: WINDOWS, proxy: Proxy(), setWindowRect: true, strictFileInteractability: false, timeouts: {implicit: 0, pageLoad: 300000, script: 30000}, unhandledPromptBehavior: dismiss and notify, webauthn:virtualAuthenticators: true}
Session ID: fa548b08763dc006c4c725352a854fb6
*** Element info: {Using=xpath, value=//*[@id = 'CENTER_button_xrqzsmo6k3bzjmgkoh8jnnhnjy' and @type = 'button']}
	at org.openqa.selenium.remote.http.W3CHttpResponseCodec.createException(W3CHttpResponseCodec.java:187)
	at org.openqa.selenium.remote.http.W3CHttpResponseCodec.decode(W3CHttpResponseCodec.java:122)
	at org.openqa.selenium.remote.http.W3CHttpResponseCodec.decode(W3CHttpResponseCodec.java:49)
	at org.openqa.selenium.remote.HttpCommandExecutor.execute(HttpCommandExecutor.java:158)
	at org.openqa.selenium.remote.service.DriverCommandExecutor.execute(DriverCommandExecutor.java:83)
	at org.openqa.selenium.remote.RemoteWebDriver.execute(RemoteWebDriver.java:552)
	at com.kms.katalon.selenium.driver.CChromeDriver.execute(CChromeDriver.java:19)
	at org.openqa.selenium.remote.RemoteWebDriver.findElements(RemoteWebDriver.java:353)
	at org.openqa.selenium.remote.RemoteWebDriver.findElementsByXPath(RemoteWebDriver.java:432)
	at org.openqa.selenium.By$ByXPath.findElements(By.java:348)
	at org.openqa.selenium.remote.RemoteWebDriver.findElements(RemoteWebDriver.java:311)
	at org.openqa.selenium.support.events.EventFiringWebDriver.lambda$new$1(EventFiringWebDriver.java:105)
	at com.sun.proxy.$Proxy8.findElements(Unknown Source)
	at org.openqa.selenium.support.events.EventFiringWebDriver.findElements(EventFiringWebDriver.java:182)
	at com.kms.katalon.core.webui.common.WebUiCommonHelper.findWebElements(WebUiCommonHelper.java:789)
	at com.kms.katalon.core.webui.common.WebUiCommonHelper.findWebElement(WebUiCommonHelper.java:1150)
	at com.kms.katalon.core.webui.keyword.internal.WebUIAbstractKeyword.findWebElement(WebUIAbstractKeyword.groovy:27)
	at com.kms.katalon.core.webui.keyword.internal.WebUIAbstractKeyword.findWebElement(WebUIAbstractKeyword.groovy:26)
	at com.kms.katalon.core.webui.keyword.builtin.ClickKeyword$_click_closure1.doCall(ClickKeyword.groovy:67)
	at com.kms.katalon.core.webui.keyword.builtin.ClickKeyword$_click_closure1.call(ClickKeyword.groovy)
	at com.kms.katalon.core.webui.keyword.internal.WebUIKeywordMain.runKeyword(WebUIKeywordMain.groovy:20)
	... 19 more]]></system-out>
      <system-err><![CDATA[2020-06-05 10:05:34 - [TEST_SUITE][FAILED] - TS_17: Test Cases/datadriven/internal/TC_17_EditMessage FAILED.
Reason:
com.kms.katalon.core.exception.StepFailedException: Unable to click on object 'Object Repository/Page_Town Square -  Mattermost/button_vanhoang_CENTER_button_xrqzsmo6k3bzj_d404df'
	at com.kms.katalon.core.webui.keyword.internal.WebUIKeywordMain.stepFailed(WebUIKeywordMain.groovy:64)
	at com.kms.katalon.core.webui.keyword.internal.WebUIKeywordMain.runKeyword(WebUIKeywordMain.groovy:26)
	at com.kms.katalon.core.webui.keyword.builtin.ClickKeyword.click(ClickKeyword.groovy:76)
	at com.kms.katalon.core.webui.keyword.builtin.ClickKeyword.execute(ClickKeyword.groovy:43)
	at com.kms.katalon.core.keyword.internal.KeywordExecutor.executeKeywordForPlatform(KeywordExecutor.groovy:72)
	at com.kms.katalon.core.webui.keyword.WebUiBuiltInKeywords.click(WebUiBuiltInKeywords.groovy:616)
	at com.kms.katalon.core.webui.keyword.WebUiBuiltInKeywords$click$3.call(Unknown Source)
	at TC_17_EditMessage.run(TC_17_EditMessage:32)
	at com.kms.katalon.core.main.ScriptEngine.run(ScriptEngine.java:194)
	at com.kms.katalon.core.main.ScriptEngine.runScriptAsRawText(ScriptEngine.java:119)
	at com.kms.katalon.core.main.TestCaseExecutor.runScript(TestCaseExecutor.java:337)
	at com.kms.katalon.core.main.TestCaseExecutor.doExecute(TestCaseExecutor.java:328)
	at com.kms.katalon.core.main.TestCaseExecutor.processExecutionPhase(TestCaseExecutor.java:307)
	at com.kms.katalon.core.main.TestCaseExecutor.accessMainPhase(TestCaseExecutor.java:299)
	at com.kms.katalon.core.main.TestCaseExecutor.execute(TestCaseExecutor.java:233)
	at com.kms.katalon.core.main.TestSuiteExecutor.accessTestCaseMainPhase(TestSuiteExecutor.java:169)
	at com.kms.katalon.core.main.TestSuiteExecutor.accessTestSuiteMainPhase(TestSuiteExecutor.java:142)
	at com.kms.katalon.core.main.TestSuiteExecutor.execute(TestSuiteExecutor.java:91)
	at com.kms.katalon.core.main.TestCaseMain.startTestSuite(TestCaseMain.java:157)
	at com.kms.katalon.core.main.TestCaseMain$startTestSuite$0.call(Unknown Source)
	at TempTestSuite1591326331800.run(TempTestSuite1591326331800.groovy:37)
Caused by: org.openqa.selenium.NoSuchWindowException: no such window: target window already closed
from unknown error: web view not found
  (Session info: chrome=83.0.4103.61)
Build info: version: '3.141.59', revision: 'e82be7d358', time: '2018-11-14T08:25:53'
System info: host: 'BUITMAITHANH-IS', ip: '192.168.88.2', os.name: 'Windows 10', os.arch: 'amd64', os.version: '10.0', java.version: '1.8.0_181'
Driver info: com.kms.katalon.selenium.driver.CChromeDriver
Capabilities {acceptInsecureCerts: false, browserName: chrome, browserVersion: 83.0.4103.61, chrome: {chromedriverVersion: 83.0.4103.39 (ccbf011cb2d2b..., userDataDir: C:\Users\DUCNGU~1\AppData\L...}, goog:chromeOptions: {debuggerAddress: localhost:52854}, javascriptEnabled: true, networkConnectionEnabled: false, pageLoadStrategy: normal, platform: WINDOWS, platformName: WINDOWS, proxy: Proxy(), setWindowRect: true, strictFileInteractability: false, timeouts: {implicit: 0, pageLoad: 300000, script: 30000}, unhandledPromptBehavior: dismiss and notify, webauthn:virtualAuthenticators: true}
Session ID: fa548b08763dc006c4c725352a854fb6
*** Element info: {Using=xpath, value=//*[@id = 'CENTER_button_xrqzsmo6k3bzjmgkoh8jnnhnjy' and @type = 'button']}
	at org.openqa.selenium.remote.http.W3CHttpResponseCodec.createException(W3CHttpResponseCodec.java:187)
	at org.openqa.selenium.remote.http.W3CHttpResponseCodec.decode(W3CHttpResponseCodec.java:122)
	at org.openqa.selenium.remote.http.W3CHttpResponseCodec.decode(W3CHttpResponseCodec.java:49)
	at org.openqa.selenium.remote.HttpCommandExecutor.execute(HttpCommandExecutor.java:158)
	at org.openqa.selenium.remote.service.DriverCommandExecutor.execute(DriverCommandExecutor.java:83)
	at org.openqa.selenium.remote.RemoteWebDriver.execute(RemoteWebDriver.java:552)
	at com.kms.katalon.selenium.driver.CChromeDriver.execute(CChromeDriver.java:19)
	at org.openqa.selenium.remote.RemoteWebDriver.findElements(RemoteWebDriver.java:353)
	at org.openqa.selenium.remote.RemoteWebDriver.findElementsByXPath(RemoteWebDriver.java:432)
	at org.openqa.selenium.By$ByXPath.findElements(By.java:348)
	at org.openqa.selenium.remote.RemoteWebDriver.findElements(RemoteWebDriver.java:311)
	at org.openqa.selenium.support.events.EventFiringWebDriver.lambda$new$1(EventFiringWebDriver.java:105)
	at com.sun.proxy.$Proxy8.findElements(Unknown Source)
	at org.openqa.selenium.support.events.EventFiringWebDriver.findElements(EventFiringWebDriver.java:182)
	at com.kms.katalon.core.webui.common.WebUiCommonHelper.findWebElements(WebUiCommonHelper.java:789)
	at com.kms.katalon.core.webui.common.WebUiCommonHelper.findWebElement(WebUiCommonHelper.java:1150)
	at com.kms.katalon.core.webui.keyword.internal.WebUIAbstractKeyword.findWebElement(WebUIAbstractKeyword.groovy:27)
	at com.kms.katalon.core.webui.keyword.internal.WebUIAbstractKeyword.findWebElement(WebUIAbstractKeyword.groovy:26)
	at com.kms.katalon.core.webui.keyword.builtin.ClickKeyword$_click_closure1.doCall(ClickKeyword.groovy:67)
	at com.kms.katalon.core.webui.keyword.builtin.ClickKeyword$_click_closure1.call(ClickKeyword.groovy)
	at com.kms.katalon.core.webui.keyword.internal.WebUIKeywordMain.runKeyword(WebUIKeywordMain.groovy:20)
	... 19 more]]></system-err>
   </testsuite>
</testsuites>
