<?xml version="1.0" encoding="UTF-8"?>
<testsuites name="Run all test cases" time="872.17" tests="50" failures="2" errors="0">
   <testsuite name="Run all test cases" tests="50" failures="2" errors="0" time="872.17" timestamp="2020-06-05 18:02:25" hostname="Van Hoang - DESKTOP-P2TV5PF" id="Test Suites/Run all test cases">
      <properties>
         <property name="deviceName" value=""/>
         <property name="devicePlatform" value=""/>
         <property name="logFolder" value="C:\\Users\\Van Hoang\\git\\1512660_hw2_katalon\\Reports\\20200605_180217\\Run all test cases\\20200605_180217"/>
         <property name="logFiles" value="C:\\Users\\Van Hoang\\git\\1512660_hw2_katalon\\Reports\\20200605_180217\\Run all test cases\\20200605_180217\\execution0.log"/>
         <property name="attachments" value="C:\\Users\\Van Hoang\\git\\1512660_hw2_katalon\\Reports\\20200605_180217\\Run all test cases\\20200605_180217\\1591355662370.png, C:\\Users\\Van Hoang\\git\\1512660_hw2_katalon\\Reports\\20200605_180217\\Run all test cases\\20200605_180217\\1591355805130.png"/>
         <property name="hostName" value="Van Hoang - DESKTOP-P2TV5PF"/>
         <property name="os" value="Windows 10 64bit"/>
         <property name="katalonVersion" value="7.4.0.1"/>
         <property name="browser" value="Chrome 83.0.4103.61"/>
         <property name="hostAddress" value="192.168.1.6"/>
         <property name="sessionId" value="1b2e52f85f1e491e7fd01d7a549c93fe"/>
         <property name="seleniumVersion" value="3.141.59"/>
         <property name="proxyInformation" value="ProxyInformation{proxyOption=NO_PROXY, proxyServerType=HTTP, password=, proxyServerAddress=, proxyServerPort=0, executionList=}"/>
         <property name="platform" value="Windows 10"/>
      </properties>
      <testcase name="Test Cases/datadriven/csv/addChannel_datadriven_testcase" time="35.221" classname="Test Cases/datadriven/csv/addChannel_datadriven_testcase" status="PASSED">
         <system-out><![CDATA[2020-06-05 18:02:25 - [TEST_CASE][PASSED] - Test Cases/datadriven/csv/addChannel_datadriven_testcase: Test Cases/datadriven/csv/addChannel_datadriven_testcase

2020-06-05 18:02:26 - [TEST_STEP][PASSED] - openBrowser(""): Browser is opened with url: ''

2020-06-05 18:02:26 - [MESSAGE][INFO] - Starting 'Chrome' driver

2020-06-05 18:02:26 - [MESSAGE][INFO] - Action delay is set to 0 milliseconds

2020-06-05 18:02:30 - [MESSAGE][PASSED] - Browser is opened with url: ''

2020-06-05 18:02:30 - [TEST_STEP][PASSED] - navigateToUrl("https://hw2katalonkattermost.herokuapp.com/login"): Navigate to 'https://hw2katalonkattermost.herokuapp.com/login' successfully

2020-06-05 18:02:46 - [MESSAGE][PASSED] - Navigate to 'https://hw2katalonkattermost.herokuapp.com/login' successfully

2020-06-05 18:02:46 - [TEST_STEP][PASSED] - setText(findTestObject("Object Repository/Page_Mattermost/input_All team communication in one place s_703ef5"), "vanhoang"): Text 'vanhoang' is set on object 'Object Repository/Page_Mattermost/input_All team communication in one place s_703ef5'

2020-06-05 18:02:52 - [MESSAGE][PASSED] - Text 'vanhoang' is set on object 'Object Repository/Page_Mattermost/input_All team communication in one place s_703ef5'

2020-06-05 18:02:52 - [TEST_STEP][PASSED] - setEncryptedText(findTestObject("Object Repository/Page_Mattermost/input_All team communication in one place s_2f2733"), "iGDxf8hSRT4="): Text ****** has been set on object 'Object Repository/Page_Mattermost/input_All team communication in one place s_2f2733'

2020-06-05 18:02:53 - [MESSAGE][PASSED] - Text ****** has been set on object 'Object Repository/Page_Mattermost/input_All team communication in one place s_2f2733'

2020-06-05 18:02:53 - [TEST_STEP][PASSED] - click(findTestObject("Object Repository/Page_Mattermost/span_Sign in")): Object: 'Object Repository/Page_Mattermost/span_Sign in' is clicked on

2020-06-05 18:02:53 - [MESSAGE][PASSED] - Object: 'Object Repository/Page_Mattermost/span_Sign in' is clicked on

2020-06-05 18:02:53 - [TEST_STEP][PASSED] - click(findTestObject("Page_ Town Square - aaaaaaaaaa Mattermost/span_")): Object: 'Object Repository/Page_ Town Square - aaaaaaaaaa Mattermost/span_' is clicked on

2020-06-05 18:02:58 - [MESSAGE][PASSED] - Object: 'Object Repository/Page_ Town Square - aaaaaaaaaa Mattermost/span_' is clicked on

2020-06-05 18:02:58 - [TEST_STEP][PASSED] - setText(findTestObject("Object Repository/Page_Town Square - test Mattermost/input_Name_newChannelName"), name): Text '' is set on object 'Object Repository/Page_Town Square - test Mattermost/input_Name_newChannelName'

2020-06-05 18:02:58 - [MESSAGE][PASSED] - Text '' is set on object 'Object Repository/Page_Town Square - test Mattermost/input_Name_newChannelName'

2020-06-05 18:02:58 - [TEST_STEP][PASSED] - setText(findTestObject("Object Repository/Page_Town Square - test Mattermost/textarea_(optional)_newChannelPurpose"), opt1): Text 'acb' is set on object 'Object Repository/Page_Town Square - test Mattermost/textarea_(optional)_newChannelPurpose'

2020-06-05 18:02:59 - [MESSAGE][PASSED] - Text 'acb' is set on object 'Object Repository/Page_Town Square - test Mattermost/textarea_(optional)_newChannelPurpose'

2020-06-05 18:02:59 - [TEST_STEP][PASSED] - setText(findTestObject("Object Repository/Page_Town Square - test Mattermost/textarea_(optional)_newChannelHeader"), opt2): Text 'abc' is set on object 'Object Repository/Page_Town Square - test Mattermost/textarea_(optional)_newChannelHeader'

2020-06-05 18:03:00 - [MESSAGE][PASSED] - Text 'abc' is set on object 'Object Repository/Page_Town Square - test Mattermost/textarea_(optional)_newChannelHeader'

2020-06-05 18:03:00 - [TEST_STEP][PASSED] - click(findTestObject("Object Repository/Page_Town Square - test Mattermost/span_Create Channel")): Object: 'Object Repository/Page_Town Square - test Mattermost/span_Create Channel' is clicked on

2020-06-05 18:03:00 - [MESSAGE][PASSED] - Object: 'Object Repository/Page_Town Square - test Mattermost/span_Create Channel' is clicked on

2020-06-05 18:03:00 - [TEST_STEP][PASSED] - closeBrowser(): Browser is closed

2020-06-05 18:03:01 - [MESSAGE][PASSED] - Browser is closed]]></system-out>
         <system-err><![CDATA[]]></system-err>
      </testcase>
      <testcase name="Test Cases/datadriven/csv/addChannel_datadriven_testcase" time="22.532" classname="Test Cases/datadriven/csv/addChannel_datadriven_testcase" status="PASSED">
         <system-out><![CDATA[2020-06-05 18:03:01 - [TEST_CASE][PASSED] - Test Cases/datadriven/csv/addChannel_datadriven_testcase: Test Cases/datadriven/csv/addChannel_datadriven_testcase

2020-06-05 18:03:01 - [TEST_STEP][PASSED] - openBrowser(""): Browser is opened with url: ''

2020-06-05 18:03:01 - [MESSAGE][INFO] - Starting 'Chrome' driver

2020-06-05 18:03:01 - [MESSAGE][INFO] - Action delay is set to 0 milliseconds

2020-06-05 18:03:04 - [MESSAGE][PASSED] - Browser is opened with url: ''

2020-06-05 18:03:04 - [TEST_STEP][PASSED] - navigateToUrl("https://hw2katalonkattermost.herokuapp.com/login"): Navigate to 'https://hw2katalonkattermost.herokuapp.com/login' successfully

2020-06-05 18:03:09 - [MESSAGE][PASSED] - Navigate to 'https://hw2katalonkattermost.herokuapp.com/login' successfully

2020-06-05 18:03:09 - [TEST_STEP][PASSED] - setText(findTestObject("Object Repository/Page_Mattermost/input_All team communication in one place s_703ef5"), "vanhoang"): Text 'vanhoang' is set on object 'Object Repository/Page_Mattermost/input_All team communication in one place s_703ef5'

2020-06-05 18:03:15 - [MESSAGE][PASSED] - Text 'vanhoang' is set on object 'Object Repository/Page_Mattermost/input_All team communication in one place s_703ef5'

2020-06-05 18:03:15 - [TEST_STEP][PASSED] - setEncryptedText(findTestObject("Object Repository/Page_Mattermost/input_All team communication in one place s_2f2733"), "iGDxf8hSRT4="): Text ****** has been set on object 'Object Repository/Page_Mattermost/input_All team communication in one place s_2f2733'

2020-06-05 18:03:15 - [MESSAGE][PASSED] - Text ****** has been set on object 'Object Repository/Page_Mattermost/input_All team communication in one place s_2f2733'

2020-06-05 18:03:15 - [TEST_STEP][PASSED] - click(findTestObject("Object Repository/Page_Mattermost/span_Sign in")): Object: 'Object Repository/Page_Mattermost/span_Sign in' is clicked on

2020-06-05 18:03:16 - [MESSAGE][PASSED] - Object: 'Object Repository/Page_Mattermost/span_Sign in' is clicked on

2020-06-05 18:03:16 - [TEST_STEP][PASSED] - click(findTestObject("Page_ Town Square - aaaaaaaaaa Mattermost/span_")): Object: 'Object Repository/Page_ Town Square - aaaaaaaaaa Mattermost/span_' is clicked on

2020-06-05 18:03:20 - [MESSAGE][PASSED] - Object: 'Object Repository/Page_ Town Square - aaaaaaaaaa Mattermost/span_' is clicked on

2020-06-05 18:03:20 - [TEST_STEP][PASSED] - setText(findTestObject("Object Repository/Page_Town Square - test Mattermost/input_Name_newChannelName"), name): Text '' is set on object 'Object Repository/Page_Town Square - test Mattermost/input_Name_newChannelName'

2020-06-05 18:03:21 - [MESSAGE][PASSED] - Text '' is set on object 'Object Repository/Page_Town Square - test Mattermost/input_Name_newChannelName'

2020-06-05 18:03:21 - [TEST_STEP][PASSED] - setText(findTestObject("Object Repository/Page_Town Square - test Mattermost/textarea_(optional)_newChannelPurpose"), opt1): Text 'abc' is set on object 'Object Repository/Page_Town Square - test Mattermost/textarea_(optional)_newChannelPurpose'

2020-06-05 18:03:22 - [MESSAGE][PASSED] - Text 'abc' is set on object 'Object Repository/Page_Town Square - test Mattermost/textarea_(optional)_newChannelPurpose'

2020-06-05 18:03:22 - [TEST_STEP][PASSED] - setText(findTestObject("Object Repository/Page_Town Square - test Mattermost/textarea_(optional)_newChannelHeader"), opt2): Text '' is set on object 'Object Repository/Page_Town Square - test Mattermost/textarea_(optional)_newChannelHeader'

2020-06-05 18:03:22 - [MESSAGE][PASSED] - Text '' is set on object 'Object Repository/Page_Town Square - test Mattermost/textarea_(optional)_newChannelHeader'

2020-06-05 18:03:22 - [TEST_STEP][PASSED] - click(findTestObject("Object Repository/Page_Town Square - test Mattermost/span_Create Channel")): Object: 'Object Repository/Page_Town Square - test Mattermost/span_Create Channel' is clicked on

2020-06-05 18:03:23 - [MESSAGE][PASSED] - Object: 'Object Repository/Page_Town Square - test Mattermost/span_Create Channel' is clicked on

2020-06-05 18:03:23 - [TEST_STEP][PASSED] - closeBrowser(): Browser is closed

2020-06-05 18:03:23 - [MESSAGE][PASSED] - Browser is closed]]></system-out>
         <system-err><![CDATA[]]></system-err>
      </testcase>
      <testcase name="Test Cases/datadriven/csv/addChannel_datadriven_testcase" time="23.162" classname="Test Cases/datadriven/csv/addChannel_datadriven_testcase" status="PASSED">
         <system-out><![CDATA[2020-06-05 18:03:23 - [TEST_CASE][PASSED] - Test Cases/datadriven/csv/addChannel_datadriven_testcase: Test Cases/datadriven/csv/addChannel_datadriven_testcase

2020-06-05 18:03:23 - [TEST_STEP][PASSED] - openBrowser(""): Browser is opened with url: ''

2020-06-05 18:03:23 - [MESSAGE][INFO] - Starting 'Chrome' driver

2020-06-05 18:03:23 - [MESSAGE][INFO] - Action delay is set to 0 milliseconds

2020-06-05 18:03:26 - [MESSAGE][PASSED] - Browser is opened with url: ''

2020-06-05 18:03:26 - [TEST_STEP][PASSED] - navigateToUrl("https://hw2katalonkattermost.herokuapp.com/login"): Navigate to 'https://hw2katalonkattermost.herokuapp.com/login' successfully

2020-06-05 18:03:31 - [MESSAGE][PASSED] - Navigate to 'https://hw2katalonkattermost.herokuapp.com/login' successfully

2020-06-05 18:03:31 - [TEST_STEP][PASSED] - setText(findTestObject("Object Repository/Page_Mattermost/input_All team communication in one place s_703ef5"), "vanhoang"): Text 'vanhoang' is set on object 'Object Repository/Page_Mattermost/input_All team communication in one place s_703ef5'

2020-06-05 18:03:38 - [MESSAGE][PASSED] - Text 'vanhoang' is set on object 'Object Repository/Page_Mattermost/input_All team communication in one place s_703ef5'

2020-06-05 18:03:38 - [TEST_STEP][PASSED] - setEncryptedText(findTestObject("Object Repository/Page_Mattermost/input_All team communication in one place s_2f2733"), "iGDxf8hSRT4="): Text ****** has been set on object 'Object Repository/Page_Mattermost/input_All team communication in one place s_2f2733'

2020-06-05 18:03:39 - [MESSAGE][PASSED] - Text ****** has been set on object 'Object Repository/Page_Mattermost/input_All team communication in one place s_2f2733'

2020-06-05 18:03:39 - [TEST_STEP][PASSED] - click(findTestObject("Object Repository/Page_Mattermost/span_Sign in")): Object: 'Object Repository/Page_Mattermost/span_Sign in' is clicked on

2020-06-05 18:03:39 - [MESSAGE][PASSED] - Object: 'Object Repository/Page_Mattermost/span_Sign in' is clicked on

2020-06-05 18:03:39 - [TEST_STEP][PASSED] - click(findTestObject("Page_ Town Square - aaaaaaaaaa Mattermost/span_")): Object: 'Object Repository/Page_ Town Square - aaaaaaaaaa Mattermost/span_' is clicked on

2020-06-05 18:03:43 - [MESSAGE][PASSED] - Object: 'Object Repository/Page_ Town Square - aaaaaaaaaa Mattermost/span_' is clicked on

2020-06-05 18:03:43 - [TEST_STEP][PASSED] - setText(findTestObject("Object Repository/Page_Town Square - test Mattermost/input_Name_newChannelName"), name): Text '' is set on object 'Object Repository/Page_Town Square - test Mattermost/input_Name_newChannelName'

2020-06-05 18:03:44 - [MESSAGE][PASSED] - Text '' is set on object 'Object Repository/Page_Town Square - test Mattermost/input_Name_newChannelName'

2020-06-05 18:03:44 - [TEST_STEP][PASSED] - setText(findTestObject("Object Repository/Page_Town Square - test Mattermost/textarea_(optional)_newChannelPurpose"), opt1): Text '' is set on object 'Object Repository/Page_Town Square - test Mattermost/textarea_(optional)_newChannelPurpose'

2020-06-05 18:03:45 - [MESSAGE][PASSED] - Text '' is set on object 'Object Repository/Page_Town Square - test Mattermost/textarea_(optional)_newChannelPurpose'

2020-06-05 18:03:45 - [TEST_STEP][PASSED] - setText(findTestObject("Object Repository/Page_Town Square - test Mattermost/textarea_(optional)_newChannelHeader"), opt2): Text 'acb' is set on object 'Object Repository/Page_Town Square - test Mattermost/textarea_(optional)_newChannelHeader'

2020-06-05 18:03:45 - [MESSAGE][PASSED] - Text 'acb' is set on object 'Object Repository/Page_Town Square - test Mattermost/textarea_(optional)_newChannelHeader'

2020-06-05 18:03:45 - [TEST_STEP][PASSED] - click(findTestObject("Object Repository/Page_Town Square - test Mattermost/span_Create Channel")): Object: 'Object Repository/Page_Town Square - test Mattermost/span_Create Channel' is clicked on

2020-06-05 18:03:46 - [MESSAGE][PASSED] - Object: 'Object Repository/Page_Town Square - test Mattermost/span_Create Channel' is clicked on

2020-06-05 18:03:46 - [TEST_STEP][PASSED] - closeBrowser(): Browser is closed

2020-06-05 18:03:46 - [MESSAGE][PASSED] - Browser is closed]]></system-out>
         <system-err><![CDATA[]]></system-err>
      </testcase>
      <testcase name="Test Cases/datadriven/csv/addChannel_datadriven_testcase" time="36.44" classname="Test Cases/datadriven/csv/addChannel_datadriven_testcase" status="PASSED">
         <system-out><![CDATA[2020-06-05 18:03:46 - [TEST_CASE][PASSED] - Test Cases/datadriven/csv/addChannel_datadriven_testcase: Test Cases/datadriven/csv/addChannel_datadriven_testcase

2020-06-05 18:03:46 - [TEST_STEP][PASSED] - openBrowser(""): Browser is opened with url: ''

2020-06-05 18:03:46 - [MESSAGE][INFO] - Starting 'Chrome' driver

2020-06-05 18:03:46 - [MESSAGE][INFO] - Action delay is set to 0 milliseconds

2020-06-05 18:03:49 - [MESSAGE][PASSED] - Browser is opened with url: ''

2020-06-05 18:03:49 - [TEST_STEP][PASSED] - navigateToUrl("https://hw2katalonkattermost.herokuapp.com/login"): Navigate to 'https://hw2katalonkattermost.herokuapp.com/login' successfully

2020-06-05 18:04:05 - [MESSAGE][PASSED] - Navigate to 'https://hw2katalonkattermost.herokuapp.com/login' successfully

2020-06-05 18:04:05 - [TEST_STEP][PASSED] - setText(findTestObject("Object Repository/Page_Mattermost/input_All team communication in one place s_703ef5"), "vanhoang"): Text 'vanhoang' is set on object 'Object Repository/Page_Mattermost/input_All team communication in one place s_703ef5'

2020-06-05 18:04:15 - [MESSAGE][PASSED] - Text 'vanhoang' is set on object 'Object Repository/Page_Mattermost/input_All team communication in one place s_703ef5'

2020-06-05 18:04:15 - [TEST_STEP][PASSED] - setEncryptedText(findTestObject("Object Repository/Page_Mattermost/input_All team communication in one place s_2f2733"), "iGDxf8hSRT4="): Text ****** has been set on object 'Object Repository/Page_Mattermost/input_All team communication in one place s_2f2733'

2020-06-05 18:04:15 - [MESSAGE][PASSED] - Text ****** has been set on object 'Object Repository/Page_Mattermost/input_All team communication in one place s_2f2733'

2020-06-05 18:04:15 - [TEST_STEP][PASSED] - click(findTestObject("Object Repository/Page_Mattermost/span_Sign in")): Object: 'Object Repository/Page_Mattermost/span_Sign in' is clicked on

2020-06-05 18:04:16 - [MESSAGE][PASSED] - Object: 'Object Repository/Page_Mattermost/span_Sign in' is clicked on

2020-06-05 18:04:16 - [TEST_STEP][PASSED] - click(findTestObject("Page_ Town Square - aaaaaaaaaa Mattermost/span_")): Object: 'Object Repository/Page_ Town Square - aaaaaaaaaa Mattermost/span_' is clicked on

2020-06-05 18:04:20 - [MESSAGE][PASSED] - Object: 'Object Repository/Page_ Town Square - aaaaaaaaaa Mattermost/span_' is clicked on

2020-06-05 18:04:20 - [TEST_STEP][PASSED] - setText(findTestObject("Object Repository/Page_Town Square - test Mattermost/input_Name_newChannelName"), name): Text 'abc' is set on object 'Object Repository/Page_Town Square - test Mattermost/input_Name_newChannelName'

2020-06-05 18:04:21 - [MESSAGE][PASSED] - Text 'abc' is set on object 'Object Repository/Page_Town Square - test Mattermost/input_Name_newChannelName'

2020-06-05 18:04:21 - [TEST_STEP][PASSED] - setText(findTestObject("Object Repository/Page_Town Square - test Mattermost/textarea_(optional)_newChannelPurpose"), opt1): Text '' is set on object 'Object Repository/Page_Town Square - test Mattermost/textarea_(optional)_newChannelPurpose'

2020-06-05 18:04:21 - [MESSAGE][PASSED] - Text '' is set on object 'Object Repository/Page_Town Square - test Mattermost/textarea_(optional)_newChannelPurpose'

2020-06-05 18:04:21 - [TEST_STEP][PASSED] - setText(findTestObject("Object Repository/Page_Town Square - test Mattermost/textarea_(optional)_newChannelHeader"), opt2): Text '' is set on object 'Object Repository/Page_Town Square - test Mattermost/textarea_(optional)_newChannelHeader'

2020-06-05 18:04:22 - [MESSAGE][PASSED] - Text '' is set on object 'Object Repository/Page_Town Square - test Mattermost/textarea_(optional)_newChannelHeader'

2020-06-05 18:04:22 - [TEST_STEP][PASSED] - click(findTestObject("Object Repository/Page_Town Square - test Mattermost/span_Create Channel")): Object: 'Object Repository/Page_Town Square - test Mattermost/span_Create Channel' is clicked on

2020-06-05 18:04:22 - [MESSAGE][PASSED] - Object: 'Object Repository/Page_Town Square - test Mattermost/span_Create Channel' is clicked on

2020-06-05 18:04:22 - [TEST_STEP][PASSED] - closeBrowser(): Browser is closed

2020-06-05 18:04:23 - [MESSAGE][PASSED] - Browser is closed]]></system-out>
         <system-err><![CDATA[]]></system-err>
      </testcase>
      <testcase name="Test Cases/datadriven/csv/addChannel_datadriven_testcase" time="36.153" classname="Test Cases/datadriven/csv/addChannel_datadriven_testcase" status="PASSED">
         <system-out><![CDATA[2020-06-05 18:04:23 - [TEST_CASE][PASSED] - Test Cases/datadriven/csv/addChannel_datadriven_testcase: Test Cases/datadriven/csv/addChannel_datadriven_testcase

2020-06-05 18:04:23 - [TEST_STEP][PASSED] - openBrowser(""): Browser is opened with url: ''

2020-06-05 18:04:23 - [MESSAGE][INFO] - Starting 'Chrome' driver

2020-06-05 18:04:23 - [MESSAGE][INFO] - Action delay is set to 0 milliseconds

2020-06-05 18:04:26 - [MESSAGE][PASSED] - Browser is opened with url: ''

2020-06-05 18:04:26 - [TEST_STEP][PASSED] - navigateToUrl("https://hw2katalonkattermost.herokuapp.com/login"): Navigate to 'https://hw2katalonkattermost.herokuapp.com/login' successfully

2020-06-05 18:04:41 - [MESSAGE][PASSED] - Navigate to 'https://hw2katalonkattermost.herokuapp.com/login' successfully

2020-06-05 18:04:41 - [TEST_STEP][PASSED] - setText(findTestObject("Object Repository/Page_Mattermost/input_All team communication in one place s_703ef5"), "vanhoang"): Text 'vanhoang' is set on object 'Object Repository/Page_Mattermost/input_All team communication in one place s_703ef5'

2020-06-05 18:04:50 - [MESSAGE][PASSED] - Text 'vanhoang' is set on object 'Object Repository/Page_Mattermost/input_All team communication in one place s_703ef5'

2020-06-05 18:04:50 - [TEST_STEP][PASSED] - setEncryptedText(findTestObject("Object Repository/Page_Mattermost/input_All team communication in one place s_2f2733"), "iGDxf8hSRT4="): Text ****** has been set on object 'Object Repository/Page_Mattermost/input_All team communication in one place s_2f2733'

2020-06-05 18:04:51 - [MESSAGE][PASSED] - Text ****** has been set on object 'Object Repository/Page_Mattermost/input_All team communication in one place s_2f2733'

2020-06-05 18:04:51 - [TEST_STEP][PASSED] - click(findTestObject("Object Repository/Page_Mattermost/span_Sign in")): Object: 'Object Repository/Page_Mattermost/span_Sign in' is clicked on

2020-06-05 18:04:52 - [MESSAGE][PASSED] - Object: 'Object Repository/Page_Mattermost/span_Sign in' is clicked on

2020-06-05 18:04:52 - [TEST_STEP][PASSED] - click(findTestObject("Page_ Town Square - aaaaaaaaaa Mattermost/span_")): Object: 'Object Repository/Page_ Town Square - aaaaaaaaaa Mattermost/span_' is clicked on

2020-06-05 18:04:56 - [MESSAGE][PASSED] - Object: 'Object Repository/Page_ Town Square - aaaaaaaaaa Mattermost/span_' is clicked on

2020-06-05 18:04:56 - [TEST_STEP][PASSED] - setText(findTestObject("Object Repository/Page_Town Square - test Mattermost/input_Name_newChannelName"), name): Text 'test' is set on object 'Object Repository/Page_Town Square - test Mattermost/input_Name_newChannelName'

2020-06-05 18:04:56 - [MESSAGE][PASSED] - Text 'test' is set on object 'Object Repository/Page_Town Square - test Mattermost/input_Name_newChannelName'

2020-06-05 18:04:56 - [TEST_STEP][PASSED] - setText(findTestObject("Object Repository/Page_Town Square - test Mattermost/textarea_(optional)_newChannelPurpose"), opt1): Text 'abc' is set on object 'Object Repository/Page_Town Square - test Mattermost/textarea_(optional)_newChannelPurpose'

2020-06-05 18:04:57 - [MESSAGE][PASSED] - Text 'abc' is set on object 'Object Repository/Page_Town Square - test Mattermost/textarea_(optional)_newChannelPurpose'

2020-06-05 18:04:57 - [TEST_STEP][PASSED] - setText(findTestObject("Object Repository/Page_Town Square - test Mattermost/textarea_(optional)_newChannelHeader"), opt2): Text 'abc' is set on object 'Object Repository/Page_Town Square - test Mattermost/textarea_(optional)_newChannelHeader'

2020-06-05 18:04:58 - [MESSAGE][PASSED] - Text 'abc' is set on object 'Object Repository/Page_Town Square - test Mattermost/textarea_(optional)_newChannelHeader'

2020-06-05 18:04:58 - [TEST_STEP][PASSED] - click(findTestObject("Object Repository/Page_Town Square - test Mattermost/span_Create Channel")): Object: 'Object Repository/Page_Town Square - test Mattermost/span_Create Channel' is clicked on

2020-06-05 18:04:58 - [MESSAGE][PASSED] - Object: 'Object Repository/Page_Town Square - test Mattermost/span_Create Channel' is clicked on

2020-06-05 18:04:58 - [TEST_STEP][PASSED] - closeBrowser(): Browser is closed

2020-06-05 18:04:59 - [MESSAGE][PASSED] - Browser is closed]]></system-out>
         <system-err><![CDATA[]]></system-err>
      </testcase>
      <testcase name="Test Cases/datadriven/csv/addPrivateChannel_datadriven_testcase" time="25.292" classname="Test Cases/datadriven/csv/addPrivateChannel_datadriven_testcase" status="PASSED">
         <system-out><![CDATA[2020-06-05 18:04:59 - [TEST_CASE][PASSED] - Test Cases/datadriven/csv/addPrivateChannel_datadriven_testcase: Test Cases/datadriven/csv/addPrivateChannel_datadriven_testcase

2020-06-05 18:04:59 - [TEST_STEP][PASSED] - openBrowser(""): Browser is opened with url: ''

2020-06-05 18:04:59 - [MESSAGE][INFO] - Starting 'Chrome' driver

2020-06-05 18:04:59 - [MESSAGE][INFO] - Action delay is set to 0 milliseconds

2020-06-05 18:05:02 - [MESSAGE][PASSED] - Browser is opened with url: ''

2020-06-05 18:05:02 - [TEST_STEP][PASSED] - navigateToUrl("https://hw2katalonkattermost.herokuapp.com/login"): Navigate to 'https://hw2katalonkattermost.herokuapp.com/login' successfully

2020-06-05 18:05:09 - [MESSAGE][PASSED] - Navigate to 'https://hw2katalonkattermost.herokuapp.com/login' successfully

2020-06-05 18:05:09 - [TEST_STEP][PASSED] - setText(findTestObject("Object Repository/Page_Mattermost/input_All team communication in one place s_703ef5"), "vanhoang"): Text 'vanhoang' is set on object 'Object Repository/Page_Mattermost/input_All team communication in one place s_703ef5'

2020-06-05 18:05:15 - [MESSAGE][PASSED] - Text 'vanhoang' is set on object 'Object Repository/Page_Mattermost/input_All team communication in one place s_703ef5'

2020-06-05 18:05:15 - [TEST_STEP][PASSED] - setEncryptedText(findTestObject("Object Repository/Page_Mattermost/input_All team communication in one place s_2f2733"), "iGDxf8hSRT4="): Text ****** has been set on object 'Object Repository/Page_Mattermost/input_All team communication in one place s_2f2733'

2020-06-05 18:05:16 - [MESSAGE][PASSED] - Text ****** has been set on object 'Object Repository/Page_Mattermost/input_All team communication in one place s_2f2733'

2020-06-05 18:05:16 - [TEST_STEP][PASSED] - click(findTestObject("Object Repository/Page_Mattermost/span_Sign in")): Object: 'Object Repository/Page_Mattermost/span_Sign in' is clicked on

2020-06-05 18:05:16 - [MESSAGE][PASSED] - Object: 'Object Repository/Page_Mattermost/span_Sign in' is clicked on

2020-06-05 18:05:16 - [TEST_STEP][PASSED] - click(findTestObject("Page_ Town Square - aaaaaaaaaa Mattermost/span_")): Object: 'Object Repository/Page_ Town Square - aaaaaaaaaa Mattermost/span_' is clicked on

2020-06-05 18:05:21 - [MESSAGE][PASSED] - Object: 'Object Repository/Page_ Town Square - aaaaaaaaaa Mattermost/span_' is clicked on

2020-06-05 18:05:21 - [TEST_STEP][PASSED] - click(findTestObject("Object Repository/Page_ Town Square - aaaaaaaaaa Mattermost/input_- Anyone can join this channel_channelType")): Object: 'Object Repository/Page_ Town Square - aaaaaaaaaa Mattermost/input_- Anyone can join this channel_channelType' is clicked on

2020-06-05 18:05:21 - [MESSAGE][PASSED] - Object: 'Object Repository/Page_ Town Square - aaaaaaaaaa Mattermost/input_- Anyone can join this channel_channelType' is clicked on

2020-06-05 18:05:21 - [TEST_STEP][PASSED] - setText(findTestObject("Object Repository/Page_Town Square - test Mattermost/input_Name_newChannelName"), name): Text '' is set on object 'Object Repository/Page_Town Square - test Mattermost/input_Name_newChannelName'

2020-06-05 18:05:22 - [MESSAGE][PASSED] - Text '' is set on object 'Object Repository/Page_Town Square - test Mattermost/input_Name_newChannelName'

2020-06-05 18:05:22 - [TEST_STEP][PASSED] - setText(findTestObject("Object Repository/Page_Town Square - test Mattermost/textarea_(optional)_newChannelPurpose"), opt1): Text 'acb' is set on object 'Object Repository/Page_Town Square - test Mattermost/textarea_(optional)_newChannelPurpose'

2020-06-05 18:05:22 - [MESSAGE][PASSED] - Text 'acb' is set on object 'Object Repository/Page_Town Square - test Mattermost/textarea_(optional)_newChannelPurpose'

2020-06-05 18:05:22 - [TEST_STEP][PASSED] - setText(findTestObject("Object Repository/Page_Town Square - test Mattermost/textarea_(optional)_newChannelHeader"), opt2): Text 'abc' is set on object 'Object Repository/Page_Town Square - test Mattermost/textarea_(optional)_newChannelHeader'

2020-06-05 18:05:23 - [MESSAGE][PASSED] - Text 'abc' is set on object 'Object Repository/Page_Town Square - test Mattermost/textarea_(optional)_newChannelHeader'

2020-06-05 18:05:23 - [TEST_STEP][PASSED] - click(findTestObject("Object Repository/Page_Town Square - test Mattermost/span_Create Channel")): Object: 'Object Repository/Page_Town Square - test Mattermost/span_Create Channel' is clicked on

2020-06-05 18:05:24 - [MESSAGE][PASSED] - Object: 'Object Repository/Page_Town Square - test Mattermost/span_Create Channel' is clicked on

2020-06-05 18:05:24 - [TEST_STEP][PASSED] - closeBrowser(): Browser is closed

2020-06-05 18:05:24 - [MESSAGE][PASSED] - Browser is closed]]></system-out>
         <system-err><![CDATA[]]></system-err>
      </testcase>
      <testcase name="Test Cases/datadriven/csv/addPrivateChannel_datadriven_testcase" time="36.726" classname="Test Cases/datadriven/csv/addPrivateChannel_datadriven_testcase" status="PASSED">
         <system-out><![CDATA[2020-06-05 18:05:24 - [TEST_CASE][PASSED] - Test Cases/datadriven/csv/addPrivateChannel_datadriven_testcase: Test Cases/datadriven/csv/addPrivateChannel_datadriven_testcase

2020-06-05 18:05:24 - [TEST_STEP][PASSED] - openBrowser(""): Browser is opened with url: ''

2020-06-05 18:05:24 - [MESSAGE][INFO] - Starting 'Chrome' driver

2020-06-05 18:05:24 - [MESSAGE][INFO] - Action delay is set to 0 milliseconds

2020-06-05 18:05:27 - [MESSAGE][PASSED] - Browser is opened with url: ''

2020-06-05 18:05:27 - [TEST_STEP][PASSED] - navigateToUrl("https://hw2katalonkattermost.herokuapp.com/login"): Navigate to 'https://hw2katalonkattermost.herokuapp.com/login' successfully

2020-06-05 18:05:44 - [MESSAGE][PASSED] - Navigate to 'https://hw2katalonkattermost.herokuapp.com/login' successfully

2020-06-05 18:05:44 - [TEST_STEP][PASSED] - setText(findTestObject("Object Repository/Page_Mattermost/input_All team communication in one place s_703ef5"), "vanhoang"): Text 'vanhoang' is set on object 'Object Repository/Page_Mattermost/input_All team communication in one place s_703ef5'

2020-06-05 18:05:53 - [MESSAGE][PASSED] - Text 'vanhoang' is set on object 'Object Repository/Page_Mattermost/input_All team communication in one place s_703ef5'

2020-06-05 18:05:53 - [TEST_STEP][PASSED] - setEncryptedText(findTestObject("Object Repository/Page_Mattermost/input_All team communication in one place s_2f2733"), "iGDxf8hSRT4="): Text ****** has been set on object 'Object Repository/Page_Mattermost/input_All team communication in one place s_2f2733'

2020-06-05 18:05:53 - [MESSAGE][PASSED] - Text ****** has been set on object 'Object Repository/Page_Mattermost/input_All team communication in one place s_2f2733'

2020-06-05 18:05:53 - [TEST_STEP][PASSED] - click(findTestObject("Object Repository/Page_Mattermost/span_Sign in")): Object: 'Object Repository/Page_Mattermost/span_Sign in' is clicked on

2020-06-05 18:05:54 - [MESSAGE][PASSED] - Object: 'Object Repository/Page_Mattermost/span_Sign in' is clicked on

2020-06-05 18:05:54 - [TEST_STEP][PASSED] - click(findTestObject("Page_ Town Square - aaaaaaaaaa Mattermost/span_")): Object: 'Object Repository/Page_ Town Square - aaaaaaaaaa Mattermost/span_' is clicked on

2020-06-05 18:05:58 - [MESSAGE][PASSED] - Object: 'Object Repository/Page_ Town Square - aaaaaaaaaa Mattermost/span_' is clicked on

2020-06-05 18:05:58 - [TEST_STEP][PASSED] - click(findTestObject("Object Repository/Page_ Town Square - aaaaaaaaaa Mattermost/input_- Anyone can join this channel_channelType")): Object: 'Object Repository/Page_ Town Square - aaaaaaaaaa Mattermost/input_- Anyone can join this channel_channelType' is clicked on

2020-06-05 18:05:58 - [MESSAGE][PASSED] - Object: 'Object Repository/Page_ Town Square - aaaaaaaaaa Mattermost/input_- Anyone can join this channel_channelType' is clicked on

2020-06-05 18:05:58 - [TEST_STEP][PASSED] - setText(findTestObject("Object Repository/Page_Town Square - test Mattermost/input_Name_newChannelName"), name): Text '' is set on object 'Object Repository/Page_Town Square - test Mattermost/input_Name_newChannelName'

2020-06-05 18:05:59 - [MESSAGE][PASSED] - Text '' is set on object 'Object Repository/Page_Town Square - test Mattermost/input_Name_newChannelName'

2020-06-05 18:05:59 - [TEST_STEP][PASSED] - setText(findTestObject("Object Repository/Page_Town Square - test Mattermost/textarea_(optional)_newChannelPurpose"), opt1): Text 'abc' is set on object 'Object Repository/Page_Town Square - test Mattermost/textarea_(optional)_newChannelPurpose'

2020-06-05 18:05:59 - [MESSAGE][PASSED] - Text 'abc' is set on object 'Object Repository/Page_Town Square - test Mattermost/textarea_(optional)_newChannelPurpose'

2020-06-05 18:05:59 - [TEST_STEP][PASSED] - setText(findTestObject("Object Repository/Page_Town Square - test Mattermost/textarea_(optional)_newChannelHeader"), opt2): Text '' is set on object 'Object Repository/Page_Town Square - test Mattermost/textarea_(optional)_newChannelHeader'

2020-06-05 18:06:00 - [MESSAGE][PASSED] - Text '' is set on object 'Object Repository/Page_Town Square - test Mattermost/textarea_(optional)_newChannelHeader'

2020-06-05 18:06:00 - [TEST_STEP][PASSED] - click(findTestObject("Object Repository/Page_Town Square - test Mattermost/span_Create Channel")): Object: 'Object Repository/Page_Town Square - test Mattermost/span_Create Channel' is clicked on

2020-06-05 18:06:00 - [MESSAGE][PASSED] - Object: 'Object Repository/Page_Town Square - test Mattermost/span_Create Channel' is clicked on

2020-06-05 18:06:00 - [TEST_STEP][PASSED] - closeBrowser(): Browser is closed

2020-06-05 18:06:01 - [MESSAGE][PASSED] - Browser is closed]]></system-out>
         <system-err><![CDATA[]]></system-err>
      </testcase>
      <testcase name="Test Cases/datadriven/csv/addPrivateChannel_datadriven_testcase" time="24.45" classname="Test Cases/datadriven/csv/addPrivateChannel_datadriven_testcase" status="PASSED">
         <system-out><![CDATA[2020-06-05 18:06:01 - [TEST_CASE][PASSED] - Test Cases/datadriven/csv/addPrivateChannel_datadriven_testcase: Test Cases/datadriven/csv/addPrivateChannel_datadriven_testcase

2020-06-05 18:06:01 - [TEST_STEP][PASSED] - openBrowser(""): Browser is opened with url: ''

2020-06-05 18:06:01 - [MESSAGE][INFO] - Starting 'Chrome' driver

2020-06-05 18:06:01 - [MESSAGE][INFO] - Action delay is set to 0 milliseconds

2020-06-05 18:06:04 - [MESSAGE][PASSED] - Browser is opened with url: ''

2020-06-05 18:06:04 - [TEST_STEP][PASSED] - navigateToUrl("https://hw2katalonkattermost.herokuapp.com/login"): Navigate to 'https://hw2katalonkattermost.herokuapp.com/login' successfully

2020-06-05 18:06:11 - [MESSAGE][PASSED] - Navigate to 'https://hw2katalonkattermost.herokuapp.com/login' successfully

2020-06-05 18:06:11 - [TEST_STEP][PASSED] - setText(findTestObject("Object Repository/Page_Mattermost/input_All team communication in one place s_703ef5"), "vanhoang"): Text 'vanhoang' is set on object 'Object Repository/Page_Mattermost/input_All team communication in one place s_703ef5'

2020-06-05 18:06:17 - [MESSAGE][PASSED] - Text 'vanhoang' is set on object 'Object Repository/Page_Mattermost/input_All team communication in one place s_703ef5'

2020-06-05 18:06:17 - [TEST_STEP][PASSED] - setEncryptedText(findTestObject("Object Repository/Page_Mattermost/input_All team communication in one place s_2f2733"), "iGDxf8hSRT4="): Text ****** has been set on object 'Object Repository/Page_Mattermost/input_All team communication in one place s_2f2733'

2020-06-05 18:06:18 - [MESSAGE][PASSED] - Text ****** has been set on object 'Object Repository/Page_Mattermost/input_All team communication in one place s_2f2733'

2020-06-05 18:06:18 - [TEST_STEP][PASSED] - click(findTestObject("Object Repository/Page_Mattermost/span_Sign in")): Object: 'Object Repository/Page_Mattermost/span_Sign in' is clicked on

2020-06-05 18:06:18 - [MESSAGE][PASSED] - Object: 'Object Repository/Page_Mattermost/span_Sign in' is clicked on

2020-06-05 18:06:18 - [TEST_STEP][PASSED] - click(findTestObject("Page_ Town Square - aaaaaaaaaa Mattermost/span_")): Object: 'Object Repository/Page_ Town Square - aaaaaaaaaa Mattermost/span_' is clicked on

2020-06-05 18:06:22 - [MESSAGE][PASSED] - Object: 'Object Repository/Page_ Town Square - aaaaaaaaaa Mattermost/span_' is clicked on

2020-06-05 18:06:22 - [TEST_STEP][PASSED] - click(findTestObject("Object Repository/Page_ Town Square - aaaaaaaaaa Mattermost/input_- Anyone can join this channel_channelType")): Object: 'Object Repository/Page_ Town Square - aaaaaaaaaa Mattermost/input_- Anyone can join this channel_channelType' is clicked on

2020-06-05 18:06:23 - [MESSAGE][PASSED] - Object: 'Object Repository/Page_ Town Square - aaaaaaaaaa Mattermost/input_- Anyone can join this channel_channelType' is clicked on

2020-06-05 18:06:23 - [TEST_STEP][PASSED] - setText(findTestObject("Object Repository/Page_Town Square - test Mattermost/input_Name_newChannelName"), name): Text '' is set on object 'Object Repository/Page_Town Square - test Mattermost/input_Name_newChannelName'

2020-06-05 18:06:23 - [MESSAGE][PASSED] - Text '' is set on object 'Object Repository/Page_Town Square - test Mattermost/input_Name_newChannelName'

2020-06-05 18:06:23 - [TEST_STEP][PASSED] - setText(findTestObject("Object Repository/Page_Town Square - test Mattermost/textarea_(optional)_newChannelPurpose"), opt1): Text '' is set on object 'Object Repository/Page_Town Square - test Mattermost/textarea_(optional)_newChannelPurpose'

2020-06-05 18:06:24 - [MESSAGE][PASSED] - Text '' is set on object 'Object Repository/Page_Town Square - test Mattermost/textarea_(optional)_newChannelPurpose'

2020-06-05 18:06:24 - [TEST_STEP][PASSED] - setText(findTestObject("Object Repository/Page_Town Square - test Mattermost/textarea_(optional)_newChannelHeader"), opt2): Text 'acb' is set on object 'Object Repository/Page_Town Square - test Mattermost/textarea_(optional)_newChannelHeader'

2020-06-05 18:06:24 - [MESSAGE][PASSED] - Text 'acb' is set on object 'Object Repository/Page_Town Square - test Mattermost/textarea_(optional)_newChannelHeader'

2020-06-05 18:06:24 - [TEST_STEP][PASSED] - click(findTestObject("Object Repository/Page_Town Square - test Mattermost/span_Create Channel")): Object: 'Object Repository/Page_Town Square - test Mattermost/span_Create Channel' is clicked on

2020-06-05 18:06:25 - [MESSAGE][PASSED] - Object: 'Object Repository/Page_Town Square - test Mattermost/span_Create Channel' is clicked on

2020-06-05 18:06:25 - [TEST_STEP][PASSED] - closeBrowser(): Browser is closed

2020-06-05 18:06:25 - [MESSAGE][PASSED] - Browser is closed]]></system-out>
         <system-err><![CDATA[]]></system-err>
      </testcase>
      <testcase name="Test Cases/datadriven/csv/addPrivateChannel_datadriven_testcase" time="23.442" classname="Test Cases/datadriven/csv/addPrivateChannel_datadriven_testcase" status="PASSED">
         <system-out><![CDATA[2020-06-05 18:06:25 - [TEST_CASE][PASSED] - Test Cases/datadriven/csv/addPrivateChannel_datadriven_testcase: Test Cases/datadriven/csv/addPrivateChannel_datadriven_testcase

2020-06-05 18:06:25 - [TEST_STEP][PASSED] - openBrowser(""): Browser is opened with url: ''

2020-06-05 18:06:25 - [MESSAGE][INFO] - Starting 'Chrome' driver

2020-06-05 18:06:25 - [MESSAGE][INFO] - Action delay is set to 0 milliseconds

2020-06-05 18:06:29 - [MESSAGE][PASSED] - Browser is opened with url: ''

2020-06-05 18:06:29 - [TEST_STEP][PASSED] - navigateToUrl("https://hw2katalonkattermost.herokuapp.com/login"): Navigate to 'https://hw2katalonkattermost.herokuapp.com/login' successfully

2020-06-05 18:06:34 - [MESSAGE][PASSED] - Navigate to 'https://hw2katalonkattermost.herokuapp.com/login' successfully

2020-06-05 18:06:34 - [TEST_STEP][PASSED] - setText(findTestObject("Object Repository/Page_Mattermost/input_All team communication in one place s_703ef5"), "vanhoang"): Text 'vanhoang' is set on object 'Object Repository/Page_Mattermost/input_All team communication in one place s_703ef5'

2020-06-05 18:06:40 - [MESSAGE][PASSED] - Text 'vanhoang' is set on object 'Object Repository/Page_Mattermost/input_All team communication in one place s_703ef5'

2020-06-05 18:06:40 - [TEST_STEP][PASSED] - setEncryptedText(findTestObject("Object Repository/Page_Mattermost/input_All team communication in one place s_2f2733"), "iGDxf8hSRT4="): Text ****** has been set on object 'Object Repository/Page_Mattermost/input_All team communication in one place s_2f2733'

2020-06-05 18:06:41 - [MESSAGE][PASSED] - Text ****** has been set on object 'Object Repository/Page_Mattermost/input_All team communication in one place s_2f2733'

2020-06-05 18:06:41 - [TEST_STEP][PASSED] - click(findTestObject("Object Repository/Page_Mattermost/span_Sign in")): Object: 'Object Repository/Page_Mattermost/span_Sign in' is clicked on

2020-06-05 18:06:41 - [MESSAGE][PASSED] - Object: 'Object Repository/Page_Mattermost/span_Sign in' is clicked on

2020-06-05 18:06:41 - [TEST_STEP][PASSED] - click(findTestObject("Page_ Town Square - aaaaaaaaaa Mattermost/span_")): Object: 'Object Repository/Page_ Town Square - aaaaaaaaaa Mattermost/span_' is clicked on

2020-06-05 18:06:46 - [MESSAGE][PASSED] - Object: 'Object Repository/Page_ Town Square - aaaaaaaaaa Mattermost/span_' is clicked on

2020-06-05 18:06:46 - [TEST_STEP][PASSED] - click(findTestObject("Object Repository/Page_ Town Square - aaaaaaaaaa Mattermost/input_- Anyone can join this channel_channelType")): Object: 'Object Repository/Page_ Town Square - aaaaaaaaaa Mattermost/input_- Anyone can join this channel_channelType' is clicked on

2020-06-05 18:06:46 - [MESSAGE][PASSED] - Object: 'Object Repository/Page_ Town Square - aaaaaaaaaa Mattermost/input_- Anyone can join this channel_channelType' is clicked on

2020-06-05 18:06:46 - [TEST_STEP][PASSED] - setText(findTestObject("Object Repository/Page_Town Square - test Mattermost/input_Name_newChannelName"), name): Text 'abc' is set on object 'Object Repository/Page_Town Square - test Mattermost/input_Name_newChannelName'

2020-06-05 18:06:47 - [MESSAGE][PASSED] - Text 'abc' is set on object 'Object Repository/Page_Town Square - test Mattermost/input_Name_newChannelName'

2020-06-05 18:06:47 - [TEST_STEP][PASSED] - setText(findTestObject("Object Repository/Page_Town Square - test Mattermost/textarea_(optional)_newChannelPurpose"), opt1): Text '' is set on object 'Object Repository/Page_Town Square - test Mattermost/textarea_(optional)_newChannelPurpose'

2020-06-05 18:06:47 - [MESSAGE][PASSED] - Text '' is set on object 'Object Repository/Page_Town Square - test Mattermost/textarea_(optional)_newChannelPurpose'

2020-06-05 18:06:47 - [TEST_STEP][PASSED] - setText(findTestObject("Object Repository/Page_Town Square - test Mattermost/textarea_(optional)_newChannelHeader"), opt2): Text '' is set on object 'Object Repository/Page_Town Square - test Mattermost/textarea_(optional)_newChannelHeader'

2020-06-05 18:06:48 - [MESSAGE][PASSED] - Text '' is set on object 'Object Repository/Page_Town Square - test Mattermost/textarea_(optional)_newChannelHeader'

2020-06-05 18:06:48 - [TEST_STEP][PASSED] - click(findTestObject("Object Repository/Page_Town Square - test Mattermost/span_Create Channel")): Object: 'Object Repository/Page_Town Square - test Mattermost/span_Create Channel' is clicked on

2020-06-05 18:06:48 - [MESSAGE][PASSED] - Object: 'Object Repository/Page_Town Square - test Mattermost/span_Create Channel' is clicked on

2020-06-05 18:06:48 - [TEST_STEP][PASSED] - closeBrowser(): Browser is closed

2020-06-05 18:06:49 - [MESSAGE][PASSED] - Browser is closed]]></system-out>
         <system-err><![CDATA[]]></system-err>
      </testcase>
      <testcase name="Test Cases/datadriven/csv/addPrivateChannel_datadriven_testcase" time="39.246" classname="Test Cases/datadriven/csv/addPrivateChannel_datadriven_testcase" status="PASSED">
         <system-out><![CDATA[2020-06-05 18:06:49 - [TEST_CASE][PASSED] - Test Cases/datadriven/csv/addPrivateChannel_datadriven_testcase: Test Cases/datadriven/csv/addPrivateChannel_datadriven_testcase

2020-06-05 18:06:49 - [TEST_STEP][PASSED] - openBrowser(""): Browser is opened with url: ''

2020-06-05 18:06:49 - [MESSAGE][INFO] - Starting 'Chrome' driver

2020-06-05 18:06:49 - [MESSAGE][INFO] - Action delay is set to 0 milliseconds

2020-06-05 18:06:52 - [MESSAGE][PASSED] - Browser is opened with url: ''

2020-06-05 18:06:52 - [TEST_STEP][PASSED] - navigateToUrl("https://hw2katalonkattermost.herokuapp.com/login"): Navigate to 'https://hw2katalonkattermost.herokuapp.com/login' successfully

2020-06-05 18:07:14 - [MESSAGE][PASSED] - Navigate to 'https://hw2katalonkattermost.herokuapp.com/login' successfully

2020-06-05 18:07:14 - [TEST_STEP][PASSED] - setText(findTestObject("Object Repository/Page_Mattermost/input_All team communication in one place s_703ef5"), "vanhoang"): Text 'vanhoang' is set on object 'Object Repository/Page_Mattermost/input_All team communication in one place s_703ef5'

2020-06-05 18:07:19 - [MESSAGE][PASSED] - Text 'vanhoang' is set on object 'Object Repository/Page_Mattermost/input_All team communication in one place s_703ef5'

2020-06-05 18:07:19 - [TEST_STEP][PASSED] - setEncryptedText(findTestObject("Object Repository/Page_Mattermost/input_All team communication in one place s_2f2733"), "iGDxf8hSRT4="): Text ****** has been set on object 'Object Repository/Page_Mattermost/input_All team communication in one place s_2f2733'

2020-06-05 18:07:20 - [MESSAGE][PASSED] - Text ****** has been set on object 'Object Repository/Page_Mattermost/input_All team communication in one place s_2f2733'

2020-06-05 18:07:20 - [TEST_STEP][PASSED] - click(findTestObject("Object Repository/Page_Mattermost/span_Sign in")): Object: 'Object Repository/Page_Mattermost/span_Sign in' is clicked on

2020-06-05 18:07:20 - [MESSAGE][PASSED] - Object: 'Object Repository/Page_Mattermost/span_Sign in' is clicked on

2020-06-05 18:07:20 - [TEST_STEP][PASSED] - click(findTestObject("Page_ Town Square - aaaaaaaaaa Mattermost/span_")): Object: 'Object Repository/Page_ Town Square - aaaaaaaaaa Mattermost/span_' is clicked on

2020-06-05 18:07:24 - [MESSAGE][PASSED] - Object: 'Object Repository/Page_ Town Square - aaaaaaaaaa Mattermost/span_' is clicked on

2020-06-05 18:07:24 - [TEST_STEP][PASSED] - click(findTestObject("Object Repository/Page_ Town Square - aaaaaaaaaa Mattermost/input_- Anyone can join this channel_channelType")): Object: 'Object Repository/Page_ Town Square - aaaaaaaaaa Mattermost/input_- Anyone can join this channel_channelType' is clicked on

2020-06-05 18:07:25 - [MESSAGE][PASSED] - Object: 'Object Repository/Page_ Town Square - aaaaaaaaaa Mattermost/input_- Anyone can join this channel_channelType' is clicked on

2020-06-05 18:07:25 - [TEST_STEP][PASSED] - setText(findTestObject("Object Repository/Page_Town Square - test Mattermost/input_Name_newChannelName"), name): Text 'test' is set on object 'Object Repository/Page_Town Square - test Mattermost/input_Name_newChannelName'

2020-06-05 18:07:26 - [MESSAGE][PASSED] - Text 'test' is set on object 'Object Repository/Page_Town Square - test Mattermost/input_Name_newChannelName'

2020-06-05 18:07:26 - [TEST_STEP][PASSED] - setText(findTestObject("Object Repository/Page_Town Square - test Mattermost/textarea_(optional)_newChannelPurpose"), opt1): Text 'abc' is set on object 'Object Repository/Page_Town Square - test Mattermost/textarea_(optional)_newChannelPurpose'

2020-06-05 18:07:26 - [MESSAGE][PASSED] - Text 'abc' is set on object 'Object Repository/Page_Town Square - test Mattermost/textarea_(optional)_newChannelPurpose'

2020-06-05 18:07:26 - [TEST_STEP][PASSED] - setText(findTestObject("Object Repository/Page_Town Square - test Mattermost/textarea_(optional)_newChannelHeader"), opt2): Text 'abc' is set on object 'Object Repository/Page_Town Square - test Mattermost/textarea_(optional)_newChannelHeader'

2020-06-05 18:07:27 - [MESSAGE][PASSED] - Text 'abc' is set on object 'Object Repository/Page_Town Square - test Mattermost/textarea_(optional)_newChannelHeader'

2020-06-05 18:07:27 - [TEST_STEP][PASSED] - click(findTestObject("Object Repository/Page_Town Square - test Mattermost/span_Create Channel")): Object: 'Object Repository/Page_Town Square - test Mattermost/span_Create Channel' is clicked on

2020-06-05 18:07:28 - [MESSAGE][PASSED] - Object: 'Object Repository/Page_Town Square - test Mattermost/span_Create Channel' is clicked on

2020-06-05 18:07:28 - [TEST_STEP][PASSED] - closeBrowser(): Browser is closed

2020-06-05 18:07:28 - [MESSAGE][PASSED] - Browser is closed]]></system-out>
         <system-err><![CDATA[]]></system-err>
      </testcase>
      <testcase name="Test Cases/datadriven/csv/signup_datadriven_testcase" time="25.518" classname="Test Cases/datadriven/csv/signup_datadriven_testcase" status="PASSED">
         <system-out><![CDATA[2020-06-05 18:07:28 - [TEST_CASE][PASSED] - Test Cases/datadriven/csv/signup_datadriven_testcase: Test Cases/datadriven/csv/signup_datadriven_testcase

2020-06-05 18:07:28 - [TEST_STEP][PASSED] - openBrowser(""): Browser is opened with url: ''

2020-06-05 18:07:28 - [MESSAGE][INFO] - Starting 'Chrome' driver

2020-06-05 18:07:28 - [MESSAGE][INFO] - Action delay is set to 0 milliseconds

2020-06-05 18:07:31 - [MESSAGE][PASSED] - Browser is opened with url: ''

2020-06-05 18:07:31 - [TEST_STEP][PASSED] - navigateToUrl("https://hw2katalonkattermost.herokuapp.com/signup_email"): Navigate to 'https://hw2katalonkattermost.herokuapp.com/signup_email' successfully

2020-06-05 18:07:45 - [MESSAGE][PASSED] - Navigate to 'https://hw2katalonkattermost.herokuapp.com/signup_email' successfully

2020-06-05 18:07:45 - [TEST_STEP][PASSED] - setText(findTestObject("Object Repository/Page_Mattermost/input_concat(What  s your email address)_email"), email): Text '' is set on object 'Object Repository/Page_Mattermost/input_concat(What  s your email address)_email'

2020-06-05 18:07:52 - [MESSAGE][PASSED] - Text '' is set on object 'Object Repository/Page_Mattermost/input_concat(What  s your email address)_email'

2020-06-05 18:07:52 - [TEST_STEP][PASSED] - setText(findTestObject("Object Repository/Page_Mattermost/input_Choose your username_name"), usn): Text '' is set on object 'Object Repository/Page_Mattermost/input_Choose your username_name'

2020-06-05 18:07:52 - [MESSAGE][PASSED] - Text '' is set on object 'Object Repository/Page_Mattermost/input_Choose your username_name'

2020-06-05 18:07:52 - [TEST_STEP][PASSED] - setText(findTestObject("Object Repository/Page_Mattermost/input_Choose your password_password"), pwd): Text 'abc123' is set on object 'Object Repository/Page_Mattermost/input_Choose your password_password'

2020-06-05 18:07:53 - [MESSAGE][PASSED] - Text 'abc123' is set on object 'Object Repository/Page_Mattermost/input_Choose your password_password'

2020-06-05 18:07:53 - [TEST_STEP][PASSED] - click(findTestObject("Object Repository/Page_Mattermost/span_Create Account")): Object: 'Object Repository/Page_Mattermost/span_Create Account' is clicked on

2020-06-05 18:07:53 - [MESSAGE][PASSED] - Object: 'Object Repository/Page_Mattermost/span_Create Account' is clicked on

2020-06-05 18:07:53 - [TEST_STEP][PASSED] - closeBrowser(): Browser is closed

2020-06-05 18:07:54 - [MESSAGE][PASSED] - Browser is closed]]></system-out>
         <system-err><![CDATA[]]></system-err>
      </testcase>
      <testcase name="Test Cases/datadriven/csv/signup_datadriven_testcase" time="20.1" classname="Test Cases/datadriven/csv/signup_datadriven_testcase" status="PASSED">
         <system-out><![CDATA[2020-06-05 18:07:54 - [TEST_CASE][PASSED] - Test Cases/datadriven/csv/signup_datadriven_testcase: Test Cases/datadriven/csv/signup_datadriven_testcase

2020-06-05 18:07:54 - [TEST_STEP][PASSED] - openBrowser(""): Browser is opened with url: ''

2020-06-05 18:07:54 - [MESSAGE][INFO] - Starting 'Chrome' driver

2020-06-05 18:07:54 - [MESSAGE][INFO] - Action delay is set to 0 milliseconds

2020-06-05 18:07:57 - [MESSAGE][PASSED] - Browser is opened with url: ''

2020-06-05 18:07:57 - [TEST_STEP][PASSED] - navigateToUrl("https://hw2katalonkattermost.herokuapp.com/signup_email"): Navigate to 'https://hw2katalonkattermost.herokuapp.com/signup_email' successfully

2020-06-05 18:08:05 - [MESSAGE][PASSED] - Navigate to 'https://hw2katalonkattermost.herokuapp.com/signup_email' successfully

2020-06-05 18:08:05 - [TEST_STEP][PASSED] - setText(findTestObject("Object Repository/Page_Mattermost/input_concat(What  s your email address)_email"), email): Text 'a123' is set on object 'Object Repository/Page_Mattermost/input_concat(What  s your email address)_email'

2020-06-05 18:08:12 - [MESSAGE][PASSED] - Text 'a123' is set on object 'Object Repository/Page_Mattermost/input_concat(What  s your email address)_email'

2020-06-05 18:08:12 - [TEST_STEP][PASSED] - setText(findTestObject("Object Repository/Page_Mattermost/input_Choose your username_name"), usn): Text 'abc' is set on object 'Object Repository/Page_Mattermost/input_Choose your username_name'

2020-06-05 18:08:12 - [MESSAGE][PASSED] - Text 'abc' is set on object 'Object Repository/Page_Mattermost/input_Choose your username_name'

2020-06-05 18:08:12 - [TEST_STEP][PASSED] - setText(findTestObject("Object Repository/Page_Mattermost/input_Choose your password_password"), pwd): Text 'abc' is set on object 'Object Repository/Page_Mattermost/input_Choose your password_password'

2020-06-05 18:08:13 - [MESSAGE][PASSED] - Text 'abc' is set on object 'Object Repository/Page_Mattermost/input_Choose your password_password'

2020-06-05 18:08:13 - [TEST_STEP][PASSED] - click(findTestObject("Object Repository/Page_Mattermost/span_Create Account")): Object: 'Object Repository/Page_Mattermost/span_Create Account' is clicked on

2020-06-05 18:08:13 - [MESSAGE][PASSED] - Object: 'Object Repository/Page_Mattermost/span_Create Account' is clicked on

2020-06-05 18:08:13 - [TEST_STEP][PASSED] - closeBrowser(): Browser is closed

2020-06-05 18:08:14 - [MESSAGE][PASSED] - Browser is closed]]></system-out>
         <system-err><![CDATA[]]></system-err>
      </testcase>
      <testcase name="Test Cases/datadriven/csv/signup_datadriven_testcase" time="19.727" classname="Test Cases/datadriven/csv/signup_datadriven_testcase" status="PASSED">
         <system-out><![CDATA[2020-06-05 18:08:14 - [TEST_CASE][PASSED] - Test Cases/datadriven/csv/signup_datadriven_testcase: Test Cases/datadriven/csv/signup_datadriven_testcase

2020-06-05 18:08:14 - [TEST_STEP][PASSED] - openBrowser(""): Browser is opened with url: ''

2020-06-05 18:08:14 - [MESSAGE][INFO] - Starting 'Chrome' driver

2020-06-05 18:08:14 - [MESSAGE][INFO] - Action delay is set to 0 milliseconds

2020-06-05 18:08:17 - [MESSAGE][PASSED] - Browser is opened with url: ''

2020-06-05 18:08:17 - [TEST_STEP][PASSED] - navigateToUrl("https://hw2katalonkattermost.herokuapp.com/signup_email"): Navigate to 'https://hw2katalonkattermost.herokuapp.com/signup_email' successfully

2020-06-05 18:08:25 - [MESSAGE][PASSED] - Navigate to 'https://hw2katalonkattermost.herokuapp.com/signup_email' successfully

2020-06-05 18:08:25 - [TEST_STEP][PASSED] - setText(findTestObject("Object Repository/Page_Mattermost/input_concat(What  s your email address)_email"), email): Text 'abc@gmail.com' is set on object 'Object Repository/Page_Mattermost/input_concat(What  s your email address)_email'

2020-06-05 18:08:32 - [MESSAGE][PASSED] - Text 'abc@gmail.com' is set on object 'Object Repository/Page_Mattermost/input_concat(What  s your email address)_email'

2020-06-05 18:08:32 - [TEST_STEP][PASSED] - setText(findTestObject("Object Repository/Page_Mattermost/input_Choose your username_name"), usn): Text '' is set on object 'Object Repository/Page_Mattermost/input_Choose your username_name'

2020-06-05 18:08:32 - [MESSAGE][PASSED] - Text '' is set on object 'Object Repository/Page_Mattermost/input_Choose your username_name'

2020-06-05 18:08:32 - [TEST_STEP][PASSED] - setText(findTestObject("Object Repository/Page_Mattermost/input_Choose your password_password"), pwd): Text 'abc123' is set on object 'Object Repository/Page_Mattermost/input_Choose your password_password'

2020-06-05 18:08:33 - [MESSAGE][PASSED] - Text 'abc123' is set on object 'Object Repository/Page_Mattermost/input_Choose your password_password'

2020-06-05 18:08:33 - [TEST_STEP][PASSED] - click(findTestObject("Object Repository/Page_Mattermost/span_Create Account")): Object: 'Object Repository/Page_Mattermost/span_Create Account' is clicked on

2020-06-05 18:08:33 - [MESSAGE][PASSED] - Object: 'Object Repository/Page_Mattermost/span_Create Account' is clicked on

2020-06-05 18:08:33 - [TEST_STEP][PASSED] - closeBrowser(): Browser is closed

2020-06-05 18:08:34 - [MESSAGE][PASSED] - Browser is closed]]></system-out>
         <system-err><![CDATA[]]></system-err>
      </testcase>
      <testcase name="Test Cases/datadriven/csv/signup_datadriven_testcase" time="12.109" classname="Test Cases/datadriven/csv/signup_datadriven_testcase" status="PASSED">
         <system-out><![CDATA[2020-06-05 18:08:34 - [TEST_CASE][PASSED] - Test Cases/datadriven/csv/signup_datadriven_testcase: Test Cases/datadriven/csv/signup_datadriven_testcase

2020-06-05 18:08:34 - [TEST_STEP][PASSED] - openBrowser(""): Browser is opened with url: ''

2020-06-05 18:08:34 - [MESSAGE][INFO] - Starting 'Chrome' driver

2020-06-05 18:08:34 - [MESSAGE][INFO] - Action delay is set to 0 milliseconds

2020-06-05 18:08:37 - [MESSAGE][PASSED] - Browser is opened with url: ''

2020-06-05 18:08:37 - [TEST_STEP][PASSED] - navigateToUrl("https://hw2katalonkattermost.herokuapp.com/signup_email"): Navigate to 'https://hw2katalonkattermost.herokuapp.com/signup_email' successfully

2020-06-05 18:08:40 - [MESSAGE][PASSED] - Navigate to 'https://hw2katalonkattermost.herokuapp.com/signup_email' successfully

2020-06-05 18:08:40 - [TEST_STEP][PASSED] - setText(findTestObject("Object Repository/Page_Mattermost/input_concat(What  s your email address)_email"), email): Text 'abc@gmail.com' is set on object 'Object Repository/Page_Mattermost/input_concat(What  s your email address)_email'

2020-06-05 18:08:44 - [MESSAGE][PASSED] - Text 'abc@gmail.com' is set on object 'Object Repository/Page_Mattermost/input_concat(What  s your email address)_email'

2020-06-05 18:08:44 - [TEST_STEP][PASSED] - setText(findTestObject("Object Repository/Page_Mattermost/input_Choose your username_name"), usn): Text 'abc' is set on object 'Object Repository/Page_Mattermost/input_Choose your username_name'

2020-06-05 18:08:44 - [MESSAGE][PASSED] - Text 'abc' is set on object 'Object Repository/Page_Mattermost/input_Choose your username_name'

2020-06-05 18:08:44 - [TEST_STEP][PASSED] - setText(findTestObject("Object Repository/Page_Mattermost/input_Choose your password_password"), pwd): Text '' is set on object 'Object Repository/Page_Mattermost/input_Choose your password_password'

2020-06-05 18:08:45 - [MESSAGE][PASSED] - Text '' is set on object 'Object Repository/Page_Mattermost/input_Choose your password_password'

2020-06-05 18:08:45 - [TEST_STEP][PASSED] - click(findTestObject("Object Repository/Page_Mattermost/span_Create Account")): Object: 'Object Repository/Page_Mattermost/span_Create Account' is clicked on

2020-06-05 18:08:45 - [MESSAGE][PASSED] - Object: 'Object Repository/Page_Mattermost/span_Create Account' is clicked on

2020-06-05 18:08:45 - [TEST_STEP][PASSED] - closeBrowser(): Browser is closed

2020-06-05 18:08:46 - [MESSAGE][PASSED] - Browser is closed]]></system-out>
         <system-err><![CDATA[]]></system-err>
      </testcase>
      <testcase name="Test Cases/datadriven/csv/signup_datadriven_testcase" time="12.392" classname="Test Cases/datadriven/csv/signup_datadriven_testcase" status="PASSED">
         <system-out><![CDATA[2020-06-05 18:08:46 - [TEST_CASE][PASSED] - Test Cases/datadriven/csv/signup_datadriven_testcase: Test Cases/datadriven/csv/signup_datadriven_testcase

2020-06-05 18:08:46 - [TEST_STEP][PASSED] - openBrowser(""): Browser is opened with url: ''

2020-06-05 18:08:46 - [MESSAGE][INFO] - Starting 'Chrome' driver

2020-06-05 18:08:46 - [MESSAGE][INFO] - Action delay is set to 0 milliseconds

2020-06-05 18:08:49 - [MESSAGE][PASSED] - Browser is opened with url: ''

2020-06-05 18:08:49 - [TEST_STEP][PASSED] - navigateToUrl("https://hw2katalonkattermost.herokuapp.com/signup_email"): Navigate to 'https://hw2katalonkattermost.herokuapp.com/signup_email' successfully

2020-06-05 18:08:52 - [MESSAGE][PASSED] - Navigate to 'https://hw2katalonkattermost.herokuapp.com/signup_email' successfully

2020-06-05 18:08:52 - [TEST_STEP][PASSED] - setText(findTestObject("Object Repository/Page_Mattermost/input_concat(What  s your email address)_email"), email): Text '' is set on object 'Object Repository/Page_Mattermost/input_concat(What  s your email address)_email'

2020-06-05 18:08:56 - [MESSAGE][PASSED] - Text '' is set on object 'Object Repository/Page_Mattermost/input_concat(What  s your email address)_email'

2020-06-05 18:08:56 - [TEST_STEP][PASSED] - setText(findTestObject("Object Repository/Page_Mattermost/input_Choose your username_name"), usn): Text 'abc' is set on object 'Object Repository/Page_Mattermost/input_Choose your username_name'

2020-06-05 18:08:57 - [MESSAGE][PASSED] - Text 'abc' is set on object 'Object Repository/Page_Mattermost/input_Choose your username_name'

2020-06-05 18:08:57 - [TEST_STEP][PASSED] - setText(findTestObject("Object Repository/Page_Mattermost/input_Choose your password_password"), pwd): Text 'abc123' is set on object 'Object Repository/Page_Mattermost/input_Choose your password_password'

2020-06-05 18:08:57 - [MESSAGE][PASSED] - Text 'abc123' is set on object 'Object Repository/Page_Mattermost/input_Choose your password_password'

2020-06-05 18:08:57 - [TEST_STEP][PASSED] - click(findTestObject("Object Repository/Page_Mattermost/span_Create Account")): Object: 'Object Repository/Page_Mattermost/span_Create Account' is clicked on

2020-06-05 18:08:57 - [MESSAGE][PASSED] - Object: 'Object Repository/Page_Mattermost/span_Create Account' is clicked on

2020-06-05 18:08:57 - [TEST_STEP][PASSED] - closeBrowser(): Browser is closed

2020-06-05 18:08:58 - [MESSAGE][PASSED] - Browser is closed]]></system-out>
         <system-err><![CDATA[]]></system-err>
      </testcase>
      <testcase name="Test Cases/datadriven/csv/TC_01_login_success" time="12.007" classname="Test Cases/datadriven/csv/TC_01_login_success" status="PASSED">
         <system-out><![CDATA[2020-06-05 18:08:58 - [TEST_CASE][PASSED] - Test Cases/datadriven/csv/TC_01_login_success: Test Cases/datadriven/csv/TC_01_login_success

2020-06-05 18:08:58 - [TEST_STEP][PASSED] - openBrowser(""): Browser is opened with url: ''

2020-06-05 18:08:58 - [MESSAGE][INFO] - Starting 'Chrome' driver

2020-06-05 18:08:58 - [MESSAGE][INFO] - Action delay is set to 0 milliseconds

2020-06-05 18:09:01 - [MESSAGE][PASSED] - Browser is opened with url: ''

2020-06-05 18:09:01 - [TEST_STEP][PASSED] - navigateToUrl("https://hw2katalonkattermost.herokuapp.com/login"): Navigate to 'https://hw2katalonkattermost.herokuapp.com/login' successfully

2020-06-05 18:09:04 - [MESSAGE][PASSED] - Navigate to 'https://hw2katalonkattermost.herokuapp.com/login' successfully

2020-06-05 18:09:04 - [TEST_STEP][PASSED] - setText(findTestObject("Page_Mattermost/input_All team communication in one place s_703ef5"), usn): Text 'vanhoang' is set on object 'Object Repository/Page_Mattermost/input_All team communication in one place s_703ef5'

2020-06-05 18:09:08 - [MESSAGE][PASSED] - Text 'vanhoang' is set on object 'Object Repository/Page_Mattermost/input_All team communication in one place s_703ef5'

2020-06-05 18:09:08 - [TEST_STEP][PASSED] - setText(findTestObject("Page_Mattermost/input_All team communication in one place s_2f2733"), pwd): Text '12345' is set on object 'Object Repository/Page_Mattermost/input_All team communication in one place s_2f2733'

2020-06-05 18:09:09 - [MESSAGE][PASSED] - Text '12345' is set on object 'Object Repository/Page_Mattermost/input_All team communication in one place s_2f2733'

2020-06-05 18:09:09 - [TEST_STEP][PASSED] - click(findTestObject("Page_Mattermost/span_Sign in")): Object: 'Object Repository/Page_Mattermost/span_Sign in' is clicked on

2020-06-05 18:09:09 - [MESSAGE][PASSED] - Object: 'Object Repository/Page_Mattermost/span_Sign in' is clicked on

2020-06-05 18:09:09 - [TEST_STEP][PASSED] - closeBrowser(): Browser is closed

2020-06-05 18:09:10 - [MESSAGE][PASSED] - Browser is closed]]></system-out>
         <system-err><![CDATA[]]></system-err>
      </testcase>
      <testcase name="Test Cases/datadriven/csv/TC_01_login_success" time="12.244" classname="Test Cases/datadriven/csv/TC_01_login_success" status="PASSED">
         <system-out><![CDATA[2020-06-05 18:09:10 - [TEST_CASE][PASSED] - Test Cases/datadriven/csv/TC_01_login_success: Test Cases/datadriven/csv/TC_01_login_success

2020-06-05 18:09:10 - [TEST_STEP][PASSED] - openBrowser(""): Browser is opened with url: ''

2020-06-05 18:09:10 - [MESSAGE][INFO] - Starting 'Chrome' driver

2020-06-05 18:09:10 - [MESSAGE][INFO] - Action delay is set to 0 milliseconds

2020-06-05 18:09:13 - [MESSAGE][PASSED] - Browser is opened with url: ''

2020-06-05 18:09:13 - [TEST_STEP][PASSED] - navigateToUrl("https://hw2katalonkattermost.herokuapp.com/login"): Navigate to 'https://hw2katalonkattermost.herokuapp.com/login' successfully

2020-06-05 18:09:16 - [MESSAGE][PASSED] - Navigate to 'https://hw2katalonkattermost.herokuapp.com/login' successfully

2020-06-05 18:09:16 - [TEST_STEP][PASSED] - setText(findTestObject("Page_Mattermost/input_All team communication in one place s_703ef5"), usn): Text 'vanhoang1' is set on object 'Object Repository/Page_Mattermost/input_All team communication in one place s_703ef5'

2020-06-05 18:09:20 - [MESSAGE][PASSED] - Text 'vanhoang1' is set on object 'Object Repository/Page_Mattermost/input_All team communication in one place s_703ef5'

2020-06-05 18:09:20 - [TEST_STEP][PASSED] - setText(findTestObject("Page_Mattermost/input_All team communication in one place s_2f2733"), pwd): Text '123456' is set on object 'Object Repository/Page_Mattermost/input_All team communication in one place s_2f2733'

2020-06-05 18:09:21 - [MESSAGE][PASSED] - Text '123456' is set on object 'Object Repository/Page_Mattermost/input_All team communication in one place s_2f2733'

2020-06-05 18:09:21 - [TEST_STEP][PASSED] - click(findTestObject("Page_Mattermost/span_Sign in")): Object: 'Object Repository/Page_Mattermost/span_Sign in' is clicked on

2020-06-05 18:09:22 - [MESSAGE][PASSED] - Object: 'Object Repository/Page_Mattermost/span_Sign in' is clicked on

2020-06-05 18:09:22 - [TEST_STEP][PASSED] - closeBrowser(): Browser is closed

2020-06-05 18:09:22 - [MESSAGE][PASSED] - Browser is closed]]></system-out>
         <system-err><![CDATA[]]></system-err>
      </testcase>
      <testcase name="Test Cases/datadriven/csv/TC_01_login_success" time="11.905" classname="Test Cases/datadriven/csv/TC_01_login_success" status="PASSED">
         <system-out><![CDATA[2020-06-05 18:09:22 - [TEST_CASE][PASSED] - Test Cases/datadriven/csv/TC_01_login_success: Test Cases/datadriven/csv/TC_01_login_success

2020-06-05 18:09:22 - [TEST_STEP][PASSED] - openBrowser(""): Browser is opened with url: ''

2020-06-05 18:09:22 - [MESSAGE][INFO] - Starting 'Chrome' driver

2020-06-05 18:09:22 - [MESSAGE][INFO] - Action delay is set to 0 milliseconds

2020-06-05 18:09:25 - [MESSAGE][PASSED] - Browser is opened with url: ''

2020-06-05 18:09:25 - [TEST_STEP][PASSED] - navigateToUrl("https://hw2katalonkattermost.herokuapp.com/login"): Navigate to 'https://hw2katalonkattermost.herokuapp.com/login' successfully

2020-06-05 18:09:28 - [MESSAGE][PASSED] - Navigate to 'https://hw2katalonkattermost.herokuapp.com/login' successfully

2020-06-05 18:09:28 - [TEST_STEP][PASSED] - setText(findTestObject("Page_Mattermost/input_All team communication in one place s_703ef5"), usn): Text 'ngocanh' is set on object 'Object Repository/Page_Mattermost/input_All team communication in one place s_703ef5'

2020-06-05 18:09:32 - [MESSAGE][PASSED] - Text 'ngocanh' is set on object 'Object Repository/Page_Mattermost/input_All team communication in one place s_703ef5'

2020-06-05 18:09:32 - [TEST_STEP][PASSED] - setText(findTestObject("Page_Mattermost/input_All team communication in one place s_2f2733"), pwd): Text 'ngocanh' is set on object 'Object Repository/Page_Mattermost/input_All team communication in one place s_2f2733'

2020-06-05 18:09:33 - [MESSAGE][PASSED] - Text 'ngocanh' is set on object 'Object Repository/Page_Mattermost/input_All team communication in one place s_2f2733'

2020-06-05 18:09:33 - [TEST_STEP][PASSED] - click(findTestObject("Page_Mattermost/span_Sign in")): Object: 'Object Repository/Page_Mattermost/span_Sign in' is clicked on

2020-06-05 18:09:34 - [MESSAGE][PASSED] - Object: 'Object Repository/Page_Mattermost/span_Sign in' is clicked on

2020-06-05 18:09:34 - [TEST_STEP][PASSED] - closeBrowser(): Browser is closed

2020-06-05 18:09:34 - [MESSAGE][PASSED] - Browser is closed]]></system-out>
         <system-err><![CDATA[]]></system-err>
      </testcase>
      <testcase name="Test Cases/datadriven/csv/TC_01_login_success" time="12.167" classname="Test Cases/datadriven/csv/TC_01_login_success" status="PASSED">
         <system-out><![CDATA[2020-06-05 18:09:34 - [TEST_CASE][PASSED] - Test Cases/datadriven/csv/TC_01_login_success: Test Cases/datadriven/csv/TC_01_login_success

2020-06-05 18:09:34 - [TEST_STEP][PASSED] - openBrowser(""): Browser is opened with url: ''

2020-06-05 18:09:34 - [MESSAGE][INFO] - Starting 'Chrome' driver

2020-06-05 18:09:34 - [MESSAGE][INFO] - Action delay is set to 0 milliseconds

2020-06-05 18:09:37 - [MESSAGE][PASSED] - Browser is opened with url: ''

2020-06-05 18:09:37 - [TEST_STEP][PASSED] - navigateToUrl("https://hw2katalonkattermost.herokuapp.com/login"): Navigate to 'https://hw2katalonkattermost.herokuapp.com/login' successfully

2020-06-05 18:09:40 - [MESSAGE][PASSED] - Navigate to 'https://hw2katalonkattermost.herokuapp.com/login' successfully

2020-06-05 18:09:40 - [TEST_STEP][PASSED] - setText(findTestObject("Page_Mattermost/input_All team communication in one place s_703ef5"), usn): Text 'admin123' is set on object 'Object Repository/Page_Mattermost/input_All team communication in one place s_703ef5'

2020-06-05 18:09:44 - [MESSAGE][PASSED] - Text 'admin123' is set on object 'Object Repository/Page_Mattermost/input_All team communication in one place s_703ef5'

2020-06-05 18:09:44 - [TEST_STEP][PASSED] - setText(findTestObject("Page_Mattermost/input_All team communication in one place s_2f2733"), pwd): Text 'admin123' is set on object 'Object Repository/Page_Mattermost/input_All team communication in one place s_2f2733'

2020-06-05 18:09:45 - [MESSAGE][PASSED] - Text 'admin123' is set on object 'Object Repository/Page_Mattermost/input_All team communication in one place s_2f2733'

2020-06-05 18:09:45 - [TEST_STEP][PASSED] - click(findTestObject("Page_Mattermost/span_Sign in")): Object: 'Object Repository/Page_Mattermost/span_Sign in' is clicked on

2020-06-05 18:09:46 - [MESSAGE][PASSED] - Object: 'Object Repository/Page_Mattermost/span_Sign in' is clicked on

2020-06-05 18:09:46 - [TEST_STEP][PASSED] - closeBrowser(): Browser is closed

2020-06-05 18:09:46 - [MESSAGE][PASSED] - Browser is closed]]></system-out>
         <system-err><![CDATA[]]></system-err>
      </testcase>
      <testcase name="Test Cases/datadriven/csv/TC_01_login_success" time="12.561" classname="Test Cases/datadriven/csv/TC_01_login_success" status="PASSED">
         <system-out><![CDATA[2020-06-05 18:09:46 - [TEST_CASE][PASSED] - Test Cases/datadriven/csv/TC_01_login_success: Test Cases/datadriven/csv/TC_01_login_success

2020-06-05 18:09:46 - [TEST_STEP][PASSED] - openBrowser(""): Browser is opened with url: ''

2020-06-05 18:09:46 - [MESSAGE][INFO] - Starting 'Chrome' driver

2020-06-05 18:09:46 - [MESSAGE][INFO] - Action delay is set to 0 milliseconds

2020-06-05 18:09:49 - [MESSAGE][PASSED] - Browser is opened with url: ''

2020-06-05 18:09:49 - [TEST_STEP][PASSED] - navigateToUrl("https://hw2katalonkattermost.herokuapp.com/login"): Navigate to 'https://hw2katalonkattermost.herokuapp.com/login' successfully

2020-06-05 18:09:52 - [MESSAGE][PASSED] - Navigate to 'https://hw2katalonkattermost.herokuapp.com/login' successfully

2020-06-05 18:09:52 - [TEST_STEP][PASSED] - setText(findTestObject("Page_Mattermost/input_All team communication in one place s_703ef5"), usn): Text 'minhngu' is set on object 'Object Repository/Page_Mattermost/input_All team communication in one place s_703ef5'

2020-06-05 18:09:57 - [MESSAGE][PASSED] - Text 'minhngu' is set on object 'Object Repository/Page_Mattermost/input_All team communication in one place s_703ef5'

2020-06-05 18:09:57 - [TEST_STEP][PASSED] - setText(findTestObject("Page_Mattermost/input_All team communication in one place s_2f2733"), pwd): Text 'minhngu' is set on object 'Object Repository/Page_Mattermost/input_All team communication in one place s_2f2733'

2020-06-05 18:09:58 - [MESSAGE][PASSED] - Text 'minhngu' is set on object 'Object Repository/Page_Mattermost/input_All team communication in one place s_2f2733'

2020-06-05 18:09:58 - [TEST_STEP][PASSED] - click(findTestObject("Page_Mattermost/span_Sign in")): Object: 'Object Repository/Page_Mattermost/span_Sign in' is clicked on

2020-06-05 18:09:58 - [MESSAGE][PASSED] - Object: 'Object Repository/Page_Mattermost/span_Sign in' is clicked on

2020-06-05 18:09:58 - [TEST_STEP][PASSED] - closeBrowser(): Browser is closed

2020-06-05 18:09:59 - [MESSAGE][PASSED] - Browser is closed]]></system-out>
         <system-err><![CDATA[]]></system-err>
      </testcase>
      <testcase name="Test Cases/datadriven/csv/TC_02_login_wrong_username" time="12.25" classname="Test Cases/datadriven/csv/TC_02_login_wrong_username" status="PASSED">
         <system-out><![CDATA[2020-06-05 18:09:59 - [TEST_CASE][PASSED] - Test Cases/datadriven/csv/TC_02_login_wrong_username: Test Cases/datadriven/csv/TC_02_login_wrong_username

2020-06-05 18:09:59 - [TEST_STEP][PASSED] - openBrowser(""): Browser is opened with url: ''

2020-06-05 18:09:59 - [MESSAGE][INFO] - Starting 'Chrome' driver

2020-06-05 18:09:59 - [MESSAGE][INFO] - Action delay is set to 0 milliseconds

2020-06-05 18:10:02 - [MESSAGE][PASSED] - Browser is opened with url: ''

2020-06-05 18:10:02 - [TEST_STEP][PASSED] - navigateToUrl("https://hw2katalonkattermost.herokuapp.com/login"): Navigate to 'https://hw2katalonkattermost.herokuapp.com/login' successfully

2020-06-05 18:10:05 - [MESSAGE][PASSED] - Navigate to 'https://hw2katalonkattermost.herokuapp.com/login' successfully

2020-06-05 18:10:05 - [TEST_STEP][PASSED] - setText(findTestObject("Page_Mattermost/input_All team communication in one place s_703ef5"), usn): Text 'vanhoang1' is set on object 'Object Repository/Page_Mattermost/input_All team communication in one place s_703ef5'

2020-06-05 18:10:09 - [MESSAGE][PASSED] - Text 'vanhoang1' is set on object 'Object Repository/Page_Mattermost/input_All team communication in one place s_703ef5'

2020-06-05 18:10:09 - [TEST_STEP][PASSED] - setText(findTestObject("Page_Mattermost/input_All team communication in one place s_2f2733"), pwd): Text '12345' is set on object 'Object Repository/Page_Mattermost/input_All team communication in one place s_2f2733'

2020-06-05 18:10:10 - [MESSAGE][PASSED] - Text '12345' is set on object 'Object Repository/Page_Mattermost/input_All team communication in one place s_2f2733'

2020-06-05 18:10:10 - [TEST_STEP][PASSED] - click(findTestObject("Page_Mattermost/span_Sign in")): Object: 'Object Repository/Page_Mattermost/span_Sign in' is clicked on

2020-06-05 18:10:11 - [MESSAGE][PASSED] - Object: 'Object Repository/Page_Mattermost/span_Sign in' is clicked on

2020-06-05 18:10:11 - [TEST_STEP][PASSED] - closeBrowser(): Browser is closed

2020-06-05 18:10:11 - [MESSAGE][PASSED] - Browser is closed]]></system-out>
         <system-err><![CDATA[]]></system-err>
      </testcase>
      <testcase name="Test Cases/datadriven/csv/TC_02_login_wrong_username" time="12.057" classname="Test Cases/datadriven/csv/TC_02_login_wrong_username" status="PASSED">
         <system-out><![CDATA[2020-06-05 18:10:11 - [TEST_CASE][PASSED] - Test Cases/datadriven/csv/TC_02_login_wrong_username: Test Cases/datadriven/csv/TC_02_login_wrong_username

2020-06-05 18:10:11 - [TEST_STEP][PASSED] - openBrowser(""): Browser is opened with url: ''

2020-06-05 18:10:11 - [MESSAGE][INFO] - Starting 'Chrome' driver

2020-06-05 18:10:11 - [MESSAGE][INFO] - Action delay is set to 0 milliseconds

2020-06-05 18:10:14 - [MESSAGE][PASSED] - Browser is opened with url: ''

2020-06-05 18:10:14 - [TEST_STEP][PASSED] - navigateToUrl("https://hw2katalonkattermost.herokuapp.com/login"): Navigate to 'https://hw2katalonkattermost.herokuapp.com/login' successfully

2020-06-05 18:10:17 - [MESSAGE][PASSED] - Navigate to 'https://hw2katalonkattermost.herokuapp.com/login' successfully

2020-06-05 18:10:17 - [TEST_STEP][PASSED] - setText(findTestObject("Page_Mattermost/input_All team communication in one place s_703ef5"), usn): Text '' is set on object 'Object Repository/Page_Mattermost/input_All team communication in one place s_703ef5'

2020-06-05 18:10:22 - [MESSAGE][PASSED] - Text '' is set on object 'Object Repository/Page_Mattermost/input_All team communication in one place s_703ef5'

2020-06-05 18:10:22 - [TEST_STEP][PASSED] - setText(findTestObject("Page_Mattermost/input_All team communication in one place s_2f2733"), pwd): Text '12345' is set on object 'Object Repository/Page_Mattermost/input_All team communication in one place s_2f2733'

2020-06-05 18:10:22 - [MESSAGE][PASSED] - Text '12345' is set on object 'Object Repository/Page_Mattermost/input_All team communication in one place s_2f2733'

2020-06-05 18:10:22 - [TEST_STEP][PASSED] - click(findTestObject("Page_Mattermost/span_Sign in")): Object: 'Object Repository/Page_Mattermost/span_Sign in' is clicked on

2020-06-05 18:10:23 - [MESSAGE][PASSED] - Object: 'Object Repository/Page_Mattermost/span_Sign in' is clicked on

2020-06-05 18:10:23 - [TEST_STEP][PASSED] - closeBrowser(): Browser is closed

2020-06-05 18:10:23 - [MESSAGE][PASSED] - Browser is closed]]></system-out>
         <system-err><![CDATA[]]></system-err>
      </testcase>
      <testcase name="Test Cases/datadriven/csv/TC_02_login_wrong_username" time="11.954" classname="Test Cases/datadriven/csv/TC_02_login_wrong_username" status="PASSED">
         <system-out><![CDATA[2020-06-05 18:10:23 - [TEST_CASE][PASSED] - Test Cases/datadriven/csv/TC_02_login_wrong_username: Test Cases/datadriven/csv/TC_02_login_wrong_username

2020-06-05 18:10:23 - [TEST_STEP][PASSED] - openBrowser(""): Browser is opened with url: ''

2020-06-05 18:10:23 - [MESSAGE][INFO] - Starting 'Chrome' driver

2020-06-05 18:10:23 - [MESSAGE][INFO] - Action delay is set to 0 milliseconds

2020-06-05 18:10:26 - [MESSAGE][PASSED] - Browser is opened with url: ''

2020-06-05 18:10:26 - [TEST_STEP][PASSED] - navigateToUrl("https://hw2katalonkattermost.herokuapp.com/login"): Navigate to 'https://hw2katalonkattermost.herokuapp.com/login' successfully

2020-06-05 18:10:30 - [MESSAGE][PASSED] - Navigate to 'https://hw2katalonkattermost.herokuapp.com/login' successfully

2020-06-05 18:10:30 - [TEST_STEP][PASSED] - setText(findTestObject("Page_Mattermost/input_All team communication in one place s_703ef5"), usn): Text 'ngocanh123' is set on object 'Object Repository/Page_Mattermost/input_All team communication in one place s_703ef5'

2020-06-05 18:10:33 - [MESSAGE][PASSED] - Text 'ngocanh123' is set on object 'Object Repository/Page_Mattermost/input_All team communication in one place s_703ef5'

2020-06-05 18:10:33 - [TEST_STEP][PASSED] - setText(findTestObject("Page_Mattermost/input_All team communication in one place s_2f2733"), pwd): Text 'ngocanh' is set on object 'Object Repository/Page_Mattermost/input_All team communication in one place s_2f2733'

2020-06-05 18:10:34 - [MESSAGE][PASSED] - Text 'ngocanh' is set on object 'Object Repository/Page_Mattermost/input_All team communication in one place s_2f2733'

2020-06-05 18:10:34 - [TEST_STEP][PASSED] - click(findTestObject("Page_Mattermost/span_Sign in")): Object: 'Object Repository/Page_Mattermost/span_Sign in' is clicked on

2020-06-05 18:10:35 - [MESSAGE][PASSED] - Object: 'Object Repository/Page_Mattermost/span_Sign in' is clicked on

2020-06-05 18:10:35 - [TEST_STEP][PASSED] - closeBrowser(): Browser is closed

2020-06-05 18:10:35 - [MESSAGE][PASSED] - Browser is closed]]></system-out>
         <system-err><![CDATA[]]></system-err>
      </testcase>
      <testcase name="Test Cases/datadriven/csv/TC_02_login_wrong_username" time="11.783" classname="Test Cases/datadriven/csv/TC_02_login_wrong_username" status="PASSED">
         <system-out><![CDATA[2020-06-05 18:10:35 - [TEST_CASE][PASSED] - Test Cases/datadriven/csv/TC_02_login_wrong_username: Test Cases/datadriven/csv/TC_02_login_wrong_username

2020-06-05 18:10:35 - [TEST_STEP][PASSED] - openBrowser(""): Browser is opened with url: ''

2020-06-05 18:10:35 - [MESSAGE][INFO] - Starting 'Chrome' driver

2020-06-05 18:10:35 - [MESSAGE][INFO] - Action delay is set to 0 milliseconds

2020-06-05 18:10:38 - [MESSAGE][PASSED] - Browser is opened with url: ''

2020-06-05 18:10:38 - [TEST_STEP][PASSED] - navigateToUrl("https://hw2katalonkattermost.herokuapp.com/login"): Navigate to 'https://hw2katalonkattermost.herokuapp.com/login' successfully

2020-06-05 18:10:41 - [MESSAGE][PASSED] - Navigate to 'https://hw2katalonkattermost.herokuapp.com/login' successfully

2020-06-05 18:10:41 - [TEST_STEP][PASSED] - setText(findTestObject("Page_Mattermost/input_All team communication in one place s_703ef5"), usn): Text 'minhng' is set on object 'Object Repository/Page_Mattermost/input_All team communication in one place s_703ef5'

2020-06-05 18:10:45 - [MESSAGE][PASSED] - Text 'minhng' is set on object 'Object Repository/Page_Mattermost/input_All team communication in one place s_703ef5'

2020-06-05 18:10:45 - [TEST_STEP][PASSED] - setText(findTestObject("Page_Mattermost/input_All team communication in one place s_2f2733"), pwd): Text 'minhngu' is set on object 'Object Repository/Page_Mattermost/input_All team communication in one place s_2f2733'

2020-06-05 18:10:46 - [MESSAGE][PASSED] - Text 'minhngu' is set on object 'Object Repository/Page_Mattermost/input_All team communication in one place s_2f2733'

2020-06-05 18:10:46 - [TEST_STEP][PASSED] - click(findTestObject("Page_Mattermost/span_Sign in")): Object: 'Object Repository/Page_Mattermost/span_Sign in' is clicked on

2020-06-05 18:10:46 - [MESSAGE][PASSED] - Object: 'Object Repository/Page_Mattermost/span_Sign in' is clicked on

2020-06-05 18:10:46 - [TEST_STEP][PASSED] - closeBrowser(): Browser is closed

2020-06-05 18:10:47 - [MESSAGE][PASSED] - Browser is closed]]></system-out>
         <system-err><![CDATA[]]></system-err>
      </testcase>
      <testcase name="Test Cases/datadriven/csv/TC_02_login_wrong_username" time="12.14" classname="Test Cases/datadriven/csv/TC_02_login_wrong_username" status="PASSED">
         <system-out><![CDATA[2020-06-05 18:10:47 - [TEST_CASE][PASSED] - Test Cases/datadriven/csv/TC_02_login_wrong_username: Test Cases/datadriven/csv/TC_02_login_wrong_username

2020-06-05 18:10:47 - [TEST_STEP][PASSED] - openBrowser(""): Browser is opened with url: ''

2020-06-05 18:10:47 - [MESSAGE][INFO] - Starting 'Chrome' driver

2020-06-05 18:10:47 - [MESSAGE][INFO] - Action delay is set to 0 milliseconds

2020-06-05 18:10:50 - [MESSAGE][PASSED] - Browser is opened with url: ''

2020-06-05 18:10:50 - [TEST_STEP][PASSED] - navigateToUrl("https://hw2katalonkattermost.herokuapp.com/login"): Navigate to 'https://hw2katalonkattermost.herokuapp.com/login' successfully

2020-06-05 18:10:53 - [MESSAGE][PASSED] - Navigate to 'https://hw2katalonkattermost.herokuapp.com/login' successfully

2020-06-05 18:10:53 - [TEST_STEP][PASSED] - setText(findTestObject("Page_Mattermost/input_All team communication in one place s_703ef5"), usn): Text 'admin' is set on object 'Object Repository/Page_Mattermost/input_All team communication in one place s_703ef5'

2020-06-05 18:10:57 - [MESSAGE][PASSED] - Text 'admin' is set on object 'Object Repository/Page_Mattermost/input_All team communication in one place s_703ef5'

2020-06-05 18:10:57 - [TEST_STEP][PASSED] - setText(findTestObject("Page_Mattermost/input_All team communication in one place s_2f2733"), pwd): Text 'admin123' is set on object 'Object Repository/Page_Mattermost/input_All team communication in one place s_2f2733'

2020-06-05 18:10:58 - [MESSAGE][PASSED] - Text 'admin123' is set on object 'Object Repository/Page_Mattermost/input_All team communication in one place s_2f2733'

2020-06-05 18:10:58 - [TEST_STEP][PASSED] - click(findTestObject("Page_Mattermost/span_Sign in")): Object: 'Object Repository/Page_Mattermost/span_Sign in' is clicked on

2020-06-05 18:10:58 - [MESSAGE][PASSED] - Object: 'Object Repository/Page_Mattermost/span_Sign in' is clicked on

2020-06-05 18:10:58 - [TEST_STEP][PASSED] - closeBrowser(): Browser is closed

2020-06-05 18:10:59 - [MESSAGE][PASSED] - Browser is closed]]></system-out>
         <system-err><![CDATA[]]></system-err>
      </testcase>
      <testcase name="Test Cases/datadriven/csv/TC_03_login_wrong_password" time="12.175" classname="Test Cases/datadriven/csv/TC_03_login_wrong_password" status="PASSED">
         <system-out><![CDATA[2020-06-05 18:10:59 - [TEST_CASE][PASSED] - Test Cases/datadriven/csv/TC_03_login_wrong_password: Test Cases/datadriven/csv/TC_03_login_wrong_password

2020-06-05 18:10:59 - [TEST_STEP][PASSED] - openBrowser(""): Browser is opened with url: ''

2020-06-05 18:10:59 - [MESSAGE][INFO] - Starting 'Chrome' driver

2020-06-05 18:10:59 - [MESSAGE][INFO] - Action delay is set to 0 milliseconds

2020-06-05 18:11:02 - [MESSAGE][PASSED] - Browser is opened with url: ''

2020-06-05 18:11:02 - [TEST_STEP][PASSED] - navigateToUrl("https://hw2katalonkattermost.herokuapp.com/login"): Navigate to 'https://hw2katalonkattermost.herokuapp.com/login' successfully

2020-06-05 18:11:05 - [MESSAGE][PASSED] - Navigate to 'https://hw2katalonkattermost.herokuapp.com/login' successfully

2020-06-05 18:11:05 - [TEST_STEP][PASSED] - setText(findTestObject("Page_Mattermost/input_All team communication in one place s_703ef5"), usn): Text 'vanhoang' is set on object 'Object Repository/Page_Mattermost/input_All team communication in one place s_703ef5'

2020-06-05 18:11:10 - [MESSAGE][PASSED] - Text 'vanhoang' is set on object 'Object Repository/Page_Mattermost/input_All team communication in one place s_703ef5'

2020-06-05 18:11:10 - [TEST_STEP][PASSED] - setText(findTestObject("Page_Mattermost/input_All team communication in one place s_2f2733"), pwd): Text '1234' is set on object 'Object Repository/Page_Mattermost/input_All team communication in one place s_2f2733'

2020-06-05 18:11:10 - [MESSAGE][PASSED] - Text '1234' is set on object 'Object Repository/Page_Mattermost/input_All team communication in one place s_2f2733'

2020-06-05 18:11:10 - [TEST_STEP][PASSED] - click(findTestObject("Page_Mattermost/span_Sign in")): Object: 'Object Repository/Page_Mattermost/span_Sign in' is clicked on

2020-06-05 18:11:11 - [MESSAGE][PASSED] - Object: 'Object Repository/Page_Mattermost/span_Sign in' is clicked on

2020-06-05 18:11:11 - [TEST_STEP][PASSED] - closeBrowser(): Browser is closed

2020-06-05 18:11:11 - [MESSAGE][PASSED] - Browser is closed]]></system-out>
         <system-err><![CDATA[]]></system-err>
      </testcase>
      <testcase name="Test Cases/datadriven/csv/TC_03_login_wrong_password" time="11.704" classname="Test Cases/datadriven/csv/TC_03_login_wrong_password" status="PASSED">
         <system-out><![CDATA[2020-06-05 18:11:11 - [TEST_CASE][PASSED] - Test Cases/datadriven/csv/TC_03_login_wrong_password: Test Cases/datadriven/csv/TC_03_login_wrong_password

2020-06-05 18:11:11 - [TEST_STEP][PASSED] - openBrowser(""): Browser is opened with url: ''

2020-06-05 18:11:11 - [MESSAGE][INFO] - Starting 'Chrome' driver

2020-06-05 18:11:11 - [MESSAGE][INFO] - Action delay is set to 0 milliseconds

2020-06-05 18:11:14 - [MESSAGE][PASSED] - Browser is opened with url: ''

2020-06-05 18:11:14 - [TEST_STEP][PASSED] - navigateToUrl("https://hw2katalonkattermost.herokuapp.com/login"): Navigate to 'https://hw2katalonkattermost.herokuapp.com/login' successfully

2020-06-05 18:11:17 - [MESSAGE][PASSED] - Navigate to 'https://hw2katalonkattermost.herokuapp.com/login' successfully

2020-06-05 18:11:17 - [TEST_STEP][PASSED] - setText(findTestObject("Page_Mattermost/input_All team communication in one place s_703ef5"), usn): Text 'vanhoang' is set on object 'Object Repository/Page_Mattermost/input_All team communication in one place s_703ef5'

2020-06-05 18:11:21 - [MESSAGE][PASSED] - Text 'vanhoang' is set on object 'Object Repository/Page_Mattermost/input_All team communication in one place s_703ef5'

2020-06-05 18:11:21 - [TEST_STEP][PASSED] - setText(findTestObject("Page_Mattermost/input_All team communication in one place s_2f2733"), pwd): Text '' is set on object 'Object Repository/Page_Mattermost/input_All team communication in one place s_2f2733'

2020-06-05 18:11:22 - [MESSAGE][PASSED] - Text '' is set on object 'Object Repository/Page_Mattermost/input_All team communication in one place s_2f2733'

2020-06-05 18:11:22 - [TEST_STEP][PASSED] - click(findTestObject("Page_Mattermost/span_Sign in")): Object: 'Object Repository/Page_Mattermost/span_Sign in' is clicked on

2020-06-05 18:11:22 - [MESSAGE][PASSED] - Object: 'Object Repository/Page_Mattermost/span_Sign in' is clicked on

2020-06-05 18:11:22 - [TEST_STEP][PASSED] - closeBrowser(): Browser is closed

2020-06-05 18:11:23 - [MESSAGE][PASSED] - Browser is closed]]></system-out>
         <system-err><![CDATA[]]></system-err>
      </testcase>
      <testcase name="Test Cases/datadriven/csv/TC_03_login_wrong_password" time="11.963" classname="Test Cases/datadriven/csv/TC_03_login_wrong_password" status="PASSED">
         <system-out><![CDATA[2020-06-05 18:11:23 - [TEST_CASE][PASSED] - Test Cases/datadriven/csv/TC_03_login_wrong_password: Test Cases/datadriven/csv/TC_03_login_wrong_password

2020-06-05 18:11:23 - [TEST_STEP][PASSED] - openBrowser(""): Browser is opened with url: ''

2020-06-05 18:11:23 - [MESSAGE][INFO] - Starting 'Chrome' driver

2020-06-05 18:11:23 - [MESSAGE][INFO] - Action delay is set to 0 milliseconds

2020-06-05 18:11:26 - [MESSAGE][PASSED] - Browser is opened with url: ''

2020-06-05 18:11:26 - [TEST_STEP][PASSED] - navigateToUrl("https://hw2katalonkattermost.herokuapp.com/login"): Navigate to 'https://hw2katalonkattermost.herokuapp.com/login' successfully

2020-06-05 18:11:29 - [MESSAGE][PASSED] - Navigate to 'https://hw2katalonkattermost.herokuapp.com/login' successfully

2020-06-05 18:11:29 - [TEST_STEP][PASSED] - setText(findTestObject("Page_Mattermost/input_All team communication in one place s_703ef5"), usn): Text 'admin123' is set on object 'Object Repository/Page_Mattermost/input_All team communication in one place s_703ef5'

2020-06-05 18:11:33 - [MESSAGE][PASSED] - Text 'admin123' is set on object 'Object Repository/Page_Mattermost/input_All team communication in one place s_703ef5'

2020-06-05 18:11:33 - [TEST_STEP][PASSED] - setText(findTestObject("Page_Mattermost/input_All team communication in one place s_2f2733"), pwd): Text 'admin' is set on object 'Object Repository/Page_Mattermost/input_All team communication in one place s_2f2733'

2020-06-05 18:11:34 - [MESSAGE][PASSED] - Text 'admin' is set on object 'Object Repository/Page_Mattermost/input_All team communication in one place s_2f2733'

2020-06-05 18:11:34 - [TEST_STEP][PASSED] - click(findTestObject("Page_Mattermost/span_Sign in")): Object: 'Object Repository/Page_Mattermost/span_Sign in' is clicked on

2020-06-05 18:11:34 - [MESSAGE][PASSED] - Object: 'Object Repository/Page_Mattermost/span_Sign in' is clicked on

2020-06-05 18:11:34 - [TEST_STEP][PASSED] - closeBrowser(): Browser is closed

2020-06-05 18:11:35 - [MESSAGE][PASSED] - Browser is closed]]></system-out>
         <system-err><![CDATA[]]></system-err>
      </testcase>
      <testcase name="Test Cases/datadriven/csv/TC_03_login_wrong_password" time="12.597" classname="Test Cases/datadriven/csv/TC_03_login_wrong_password" status="PASSED">
         <system-out><![CDATA[2020-06-05 18:11:35 - [TEST_CASE][PASSED] - Test Cases/datadriven/csv/TC_03_login_wrong_password: Test Cases/datadriven/csv/TC_03_login_wrong_password

2020-06-05 18:11:35 - [TEST_STEP][PASSED] - openBrowser(""): Browser is opened with url: ''

2020-06-05 18:11:35 - [MESSAGE][INFO] - Starting 'Chrome' driver

2020-06-05 18:11:35 - [MESSAGE][INFO] - Action delay is set to 0 milliseconds

2020-06-05 18:11:38 - [MESSAGE][PASSED] - Browser is opened with url: ''

2020-06-05 18:11:38 - [TEST_STEP][PASSED] - navigateToUrl("https://hw2katalonkattermost.herokuapp.com/login"): Navigate to 'https://hw2katalonkattermost.herokuapp.com/login' successfully

2020-06-05 18:11:41 - [MESSAGE][PASSED] - Navigate to 'https://hw2katalonkattermost.herokuapp.com/login' successfully

2020-06-05 18:11:41 - [TEST_STEP][PASSED] - setText(findTestObject("Page_Mattermost/input_All team communication in one place s_703ef5"), usn): Text 'ngocanh' is set on object 'Object Repository/Page_Mattermost/input_All team communication in one place s_703ef5'

2020-06-05 18:11:46 - [MESSAGE][PASSED] - Text 'ngocanh' is set on object 'Object Repository/Page_Mattermost/input_All team communication in one place s_703ef5'

2020-06-05 18:11:46 - [TEST_STEP][PASSED] - setText(findTestObject("Page_Mattermost/input_All team communication in one place s_2f2733"), pwd): Text 'ngocanhh' is set on object 'Object Repository/Page_Mattermost/input_All team communication in one place s_2f2733'

2020-06-05 18:11:47 - [MESSAGE][PASSED] - Text 'ngocanhh' is set on object 'Object Repository/Page_Mattermost/input_All team communication in one place s_2f2733'

2020-06-05 18:11:47 - [TEST_STEP][PASSED] - click(findTestObject("Page_Mattermost/span_Sign in")): Object: 'Object Repository/Page_Mattermost/span_Sign in' is clicked on

2020-06-05 18:11:47 - [MESSAGE][PASSED] - Object: 'Object Repository/Page_Mattermost/span_Sign in' is clicked on

2020-06-05 18:11:47 - [TEST_STEP][PASSED] - closeBrowser(): Browser is closed

2020-06-05 18:11:48 - [MESSAGE][PASSED] - Browser is closed]]></system-out>
         <system-err><![CDATA[]]></system-err>
      </testcase>
      <testcase name="Test Cases/datadriven/csv/TC_03_login_wrong_password" time="11.636" classname="Test Cases/datadriven/csv/TC_03_login_wrong_password" status="PASSED">
         <system-out><![CDATA[2020-06-05 18:11:48 - [TEST_CASE][PASSED] - Test Cases/datadriven/csv/TC_03_login_wrong_password: Test Cases/datadriven/csv/TC_03_login_wrong_password

2020-06-05 18:11:48 - [TEST_STEP][PASSED] - openBrowser(""): Browser is opened with url: ''

2020-06-05 18:11:48 - [MESSAGE][INFO] - Starting 'Chrome' driver

2020-06-05 18:11:48 - [MESSAGE][INFO] - Action delay is set to 0 milliseconds

2020-06-05 18:11:51 - [MESSAGE][PASSED] - Browser is opened with url: ''

2020-06-05 18:11:51 - [TEST_STEP][PASSED] - navigateToUrl("https://hw2katalonkattermost.herokuapp.com/login"): Navigate to 'https://hw2katalonkattermost.herokuapp.com/login' successfully

2020-06-05 18:11:54 - [MESSAGE][PASSED] - Navigate to 'https://hw2katalonkattermost.herokuapp.com/login' successfully

2020-06-05 18:11:54 - [TEST_STEP][PASSED] - setText(findTestObject("Page_Mattermost/input_All team communication in one place s_703ef5"), usn): Text 'minhngu' is set on object 'Object Repository/Page_Mattermost/input_All team communication in one place s_703ef5'

2020-06-05 18:11:57 - [MESSAGE][PASSED] - Text 'minhngu' is set on object 'Object Repository/Page_Mattermost/input_All team communication in one place s_703ef5'

2020-06-05 18:11:57 - [TEST_STEP][PASSED] - setText(findTestObject("Page_Mattermost/input_All team communication in one place s_2f2733"), pwd): Text 'minhng' is set on object 'Object Repository/Page_Mattermost/input_All team communication in one place s_2f2733'

2020-06-05 18:11:58 - [MESSAGE][PASSED] - Text 'minhng' is set on object 'Object Repository/Page_Mattermost/input_All team communication in one place s_2f2733'

2020-06-05 18:11:58 - [TEST_STEP][PASSED] - click(findTestObject("Page_Mattermost/span_Sign in")): Object: 'Object Repository/Page_Mattermost/span_Sign in' is clicked on

2020-06-05 18:11:59 - [MESSAGE][PASSED] - Object: 'Object Repository/Page_Mattermost/span_Sign in' is clicked on

2020-06-05 18:11:59 - [TEST_STEP][PASSED] - closeBrowser(): Browser is closed

2020-06-05 18:11:59 - [MESSAGE][PASSED] - Browser is closed]]></system-out>
         <system-err><![CDATA[]]></system-err>
      </testcase>
      <testcase name="Test Cases/datadriven/csv/TC_04_changePassword_success" time="20.642" classname="Test Cases/datadriven/csv/TC_04_changePassword_success" status="PASSED">
         <system-out><![CDATA[2020-06-05 18:11:59 - [TEST_CASE][PASSED] - Test Cases/datadriven/csv/TC_04_changePassword_success: Test Cases/datadriven/csv/TC_04_changePassword_success

2020-06-05 18:11:59 - [TEST_STEP][PASSED] - openBrowser(""): Browser is opened with url: ''

2020-06-05 18:11:59 - [MESSAGE][INFO] - Starting 'Chrome' driver

2020-06-05 18:11:59 - [MESSAGE][INFO] - Action delay is set to 0 milliseconds

2020-06-05 18:12:02 - [MESSAGE][PASSED] - Browser is opened with url: ''

2020-06-05 18:12:02 - [TEST_STEP][PASSED] - navigateToUrl("https://hw2katalonkattermost.herokuapp.com/login"): Navigate to 'https://hw2katalonkattermost.herokuapp.com/login' successfully

2020-06-05 18:12:06 - [MESSAGE][PASSED] - Navigate to 'https://hw2katalonkattermost.herokuapp.com/login' successfully

2020-06-05 18:12:06 - [TEST_STEP][PASSED] - setText(findTestObject("Object Repository/Page_Mattermost/input_All team communication in one place s_703ef5"), "vanhoang"): Text 'vanhoang' is set on object 'Object Repository/Page_Mattermost/input_All team communication in one place s_703ef5'

2020-06-05 18:12:10 - [MESSAGE][PASSED] - Text 'vanhoang' is set on object 'Object Repository/Page_Mattermost/input_All team communication in one place s_703ef5'

2020-06-05 18:12:10 - [TEST_STEP][PASSED] - setEncryptedText(findTestObject("Object Repository/Page_Mattermost/input_All team communication in one place s_2f2733"), "iGDxf8hSRT4="): Text ****** has been set on object 'Object Repository/Page_Mattermost/input_All team communication in one place s_2f2733'

2020-06-05 18:12:11 - [MESSAGE][PASSED] - Text ****** has been set on object 'Object Repository/Page_Mattermost/input_All team communication in one place s_2f2733'

2020-06-05 18:12:11 - [TEST_STEP][PASSED] - click(findTestObject("Object Repository/Page_Mattermost/span_Sign in")): Object: 'Object Repository/Page_Mattermost/span_Sign in' is clicked on

2020-06-05 18:12:11 - [MESSAGE][PASSED] - Object: 'Object Repository/Page_Mattermost/span_Sign in' is clicked on

2020-06-05 18:12:11 - [TEST_STEP][PASSED] - click(findTestObject("Object Repository/Page_Town Square - test Mattermost/button_vanhoang_style--none sidebar-header-_1c3d3c")): Object: 'Object Repository/Page_Town Square - test Mattermost/button_vanhoang_style--none sidebar-header-_1c3d3c' is clicked on

2020-06-05 18:12:14 - [MESSAGE][PASSED] - Object: 'Object Repository/Page_Town Square - test Mattermost/button_vanhoang_style--none sidebar-header-_1c3d3c' is clicked on

2020-06-05 18:12:14 - [TEST_STEP][PASSED] - click(findTestObject("Object Repository/Page_Town Square - test Mattermost/span_Account Settings")): Object: 'Object Repository/Page_Town Square - test Mattermost/span_Account Settings' is clicked on

2020-06-05 18:12:15 - [MESSAGE][PASSED] - Object: 'Object Repository/Page_Town Square - test Mattermost/span_Account Settings' is clicked on

2020-06-05 18:12:15 - [TEST_STEP][PASSED] - click(findTestObject("Object Repository/Page_Town Square - test Mattermost/button_Security")): Object: 'Object Repository/Page_Town Square - test Mattermost/button_Security' is clicked on

2020-06-05 18:12:16 - [MESSAGE][PASSED] - Object: 'Object Repository/Page_Town Square - test Mattermost/button_Security' is clicked on

2020-06-05 18:12:16 - [TEST_STEP][PASSED] - click(findTestObject("Object Repository/Page_ Town Square - aaaaaaaaaa Mattermost/div_PasswordEdit")): Object: 'Object Repository/Page_ Town Square - aaaaaaaaaa Mattermost/div_PasswordEdit' is clicked on

2020-06-05 18:12:17 - [MESSAGE][PASSED] - Object: 'Object Repository/Page_ Town Square - aaaaaaaaaa Mattermost/div_PasswordEdit' is clicked on

2020-06-05 18:12:17 - [TEST_STEP][PASSED] - setText(findTestObject("Object Repository/Page_Town Square - test Mattermost/input_Current Password_currentPassword"), curpwd): Text '' is set on object 'Object Repository/Page_Town Square - test Mattermost/input_Current Password_currentPassword'

2020-06-05 18:12:17 - [MESSAGE][PASSED] - Text '' is set on object 'Object Repository/Page_Town Square - test Mattermost/input_Current Password_currentPassword'

2020-06-05 18:12:17 - [TEST_STEP][PASSED] - setText(findTestObject("Object Repository/Page_Town Square - test Mattermost/input_New Password_newPassword"), newpwd): Text '12345' is set on object 'Object Repository/Page_Town Square - test Mattermost/input_New Password_newPassword'

2020-06-05 18:12:18 - [MESSAGE][PASSED] - Text '12345' is set on object 'Object Repository/Page_Town Square - test Mattermost/input_New Password_newPassword'

2020-06-05 18:12:18 - [TEST_STEP][PASSED] - setText(findTestObject("Object Repository/Page_Town Square - test Mattermost/input_Retype New Password_confirmPassword"), newpwd1): Text '12345' is set on object 'Object Repository/Page_Town Square - test Mattermost/input_Retype New Password_confirmPassword'

2020-06-05 18:12:19 - [MESSAGE][PASSED] - Text '12345' is set on object 'Object Repository/Page_Town Square - test Mattermost/input_Retype New Password_confirmPassword'

2020-06-05 18:12:19 - [TEST_STEP][PASSED] - click(findTestObject("Object Repository/Page_Town Square - test Mattermost/span_Save")): Object: 'Object Repository/Page_Town Square - test Mattermost/span_Save' is clicked on

2020-06-05 18:12:19 - [MESSAGE][PASSED] - Object: 'Object Repository/Page_Town Square - test Mattermost/span_Save' is clicked on

2020-06-05 18:12:19 - [TEST_STEP][PASSED] - click(findTestObject("Object Repository/Page_Town Square - test Mattermost/label_Your password must contain between 5 _b964be")): Object: 'Object Repository/Page_Town Square - test Mattermost/label_Your password must contain between 5 _b964be' is clicked on

2020-06-05 18:12:19 - [MESSAGE][PASSED] - Object: 'Object Repository/Page_Town Square - test Mattermost/label_Your password must contain between 5 _b964be' is clicked on

2020-06-05 18:12:19 - [TEST_STEP][PASSED] - closeBrowser(): Browser is closed

2020-06-05 18:12:20 - [MESSAGE][PASSED] - Browser is closed]]></system-out>
         <system-err><![CDATA[]]></system-err>
      </testcase>
      <testcase name="Test Cases/datadriven/csv/TC_04_changePassword_success" time="19.515" classname="Test Cases/datadriven/csv/TC_04_changePassword_success" status="PASSED">
         <system-out><![CDATA[2020-06-05 18:12:20 - [TEST_CASE][PASSED] - Test Cases/datadriven/csv/TC_04_changePassword_success: Test Cases/datadriven/csv/TC_04_changePassword_success

2020-06-05 18:12:20 - [TEST_STEP][PASSED] - openBrowser(""): Browser is opened with url: ''

2020-06-05 18:12:20 - [MESSAGE][INFO] - Starting 'Chrome' driver

2020-06-05 18:12:20 - [MESSAGE][INFO] - Action delay is set to 0 milliseconds

2020-06-05 18:12:23 - [MESSAGE][PASSED] - Browser is opened with url: ''

2020-06-05 18:12:23 - [TEST_STEP][PASSED] - navigateToUrl("https://hw2katalonkattermost.herokuapp.com/login"): Navigate to 'https://hw2katalonkattermost.herokuapp.com/login' successfully

2020-06-05 18:12:26 - [MESSAGE][PASSED] - Navigate to 'https://hw2katalonkattermost.herokuapp.com/login' successfully

2020-06-05 18:12:26 - [TEST_STEP][PASSED] - setText(findTestObject("Object Repository/Page_Mattermost/input_All team communication in one place s_703ef5"), "vanhoang"): Text 'vanhoang' is set on object 'Object Repository/Page_Mattermost/input_All team communication in one place s_703ef5'

2020-06-05 18:12:29 - [MESSAGE][PASSED] - Text 'vanhoang' is set on object 'Object Repository/Page_Mattermost/input_All team communication in one place s_703ef5'

2020-06-05 18:12:29 - [TEST_STEP][PASSED] - setEncryptedText(findTestObject("Object Repository/Page_Mattermost/input_All team communication in one place s_2f2733"), "iGDxf8hSRT4="): Text ****** has been set on object 'Object Repository/Page_Mattermost/input_All team communication in one place s_2f2733'

2020-06-05 18:12:30 - [MESSAGE][PASSED] - Text ****** has been set on object 'Object Repository/Page_Mattermost/input_All team communication in one place s_2f2733'

2020-06-05 18:12:30 - [TEST_STEP][PASSED] - click(findTestObject("Object Repository/Page_Mattermost/span_Sign in")): Object: 'Object Repository/Page_Mattermost/span_Sign in' is clicked on

2020-06-05 18:12:30 - [MESSAGE][PASSED] - Object: 'Object Repository/Page_Mattermost/span_Sign in' is clicked on

2020-06-05 18:12:30 - [TEST_STEP][PASSED] - click(findTestObject("Object Repository/Page_Town Square - test Mattermost/button_vanhoang_style--none sidebar-header-_1c3d3c")): Object: 'Object Repository/Page_Town Square - test Mattermost/button_vanhoang_style--none sidebar-header-_1c3d3c' is clicked on

2020-06-05 18:12:34 - [MESSAGE][PASSED] - Object: 'Object Repository/Page_Town Square - test Mattermost/button_vanhoang_style--none sidebar-header-_1c3d3c' is clicked on

2020-06-05 18:12:34 - [TEST_STEP][PASSED] - click(findTestObject("Object Repository/Page_Town Square - test Mattermost/span_Account Settings")): Object: 'Object Repository/Page_Town Square - test Mattermost/span_Account Settings' is clicked on

2020-06-05 18:12:35 - [MESSAGE][PASSED] - Object: 'Object Repository/Page_Town Square - test Mattermost/span_Account Settings' is clicked on

2020-06-05 18:12:35 - [TEST_STEP][PASSED] - click(findTestObject("Object Repository/Page_Town Square - test Mattermost/button_Security")): Object: 'Object Repository/Page_Town Square - test Mattermost/button_Security' is clicked on

2020-06-05 18:12:35 - [MESSAGE][PASSED] - Object: 'Object Repository/Page_Town Square - test Mattermost/button_Security' is clicked on

2020-06-05 18:12:35 - [TEST_STEP][PASSED] - click(findTestObject("Object Repository/Page_ Town Square - aaaaaaaaaa Mattermost/div_PasswordEdit")): Object: 'Object Repository/Page_ Town Square - aaaaaaaaaa Mattermost/div_PasswordEdit' is clicked on

2020-06-05 18:12:36 - [MESSAGE][PASSED] - Object: 'Object Repository/Page_ Town Square - aaaaaaaaaa Mattermost/div_PasswordEdit' is clicked on

2020-06-05 18:12:36 - [TEST_STEP][PASSED] - setText(findTestObject("Object Repository/Page_Town Square - test Mattermost/input_Current Password_currentPassword"), curpwd): Text '12345' is set on object 'Object Repository/Page_Town Square - test Mattermost/input_Current Password_currentPassword'

2020-06-05 18:12:37 - [MESSAGE][PASSED] - Text '12345' is set on object 'Object Repository/Page_Town Square - test Mattermost/input_Current Password_currentPassword'

2020-06-05 18:12:37 - [TEST_STEP][PASSED] - setText(findTestObject("Object Repository/Page_Town Square - test Mattermost/input_New Password_newPassword"), newpwd): Text '12345' is set on object 'Object Repository/Page_Town Square - test Mattermost/input_New Password_newPassword'

2020-06-05 18:12:37 - [MESSAGE][PASSED] - Text '12345' is set on object 'Object Repository/Page_Town Square - test Mattermost/input_New Password_newPassword'

2020-06-05 18:12:37 - [TEST_STEP][PASSED] - setText(findTestObject("Object Repository/Page_Town Square - test Mattermost/input_Retype New Password_confirmPassword"), newpwd1): Text '' is set on object 'Object Repository/Page_Town Square - test Mattermost/input_Retype New Password_confirmPassword'

2020-06-05 18:12:38 - [MESSAGE][PASSED] - Text '' is set on object 'Object Repository/Page_Town Square - test Mattermost/input_Retype New Password_confirmPassword'

2020-06-05 18:12:38 - [TEST_STEP][PASSED] - click(findTestObject("Object Repository/Page_Town Square - test Mattermost/span_Save")): Object: 'Object Repository/Page_Town Square - test Mattermost/span_Save' is clicked on

2020-06-05 18:12:38 - [MESSAGE][PASSED] - Object: 'Object Repository/Page_Town Square - test Mattermost/span_Save' is clicked on

2020-06-05 18:12:38 - [TEST_STEP][PASSED] - click(findTestObject("Object Repository/Page_Town Square - test Mattermost/label_Your password must contain between 5 _b964be")): Object: 'Object Repository/Page_Town Square - test Mattermost/label_Your password must contain between 5 _b964be' is clicked on

2020-06-05 18:12:39 - [MESSAGE][PASSED] - Object: 'Object Repository/Page_Town Square - test Mattermost/label_Your password must contain between 5 _b964be' is clicked on

2020-06-05 18:12:39 - [TEST_STEP][PASSED] - closeBrowser(): Browser is closed

2020-06-05 18:12:39 - [MESSAGE][PASSED] - Browser is closed]]></system-out>
         <system-err><![CDATA[]]></system-err>
      </testcase>
      <testcase name="Test Cases/datadriven/csv/TC_04_changePassword_success" time="20.108" classname="Test Cases/datadriven/csv/TC_04_changePassword_success" status="PASSED">
         <system-out><![CDATA[2020-06-05 18:12:39 - [TEST_CASE][PASSED] - Test Cases/datadriven/csv/TC_04_changePassword_success: Test Cases/datadriven/csv/TC_04_changePassword_success

2020-06-05 18:12:40 - [TEST_STEP][PASSED] - openBrowser(""): Browser is opened with url: ''

2020-06-05 18:12:40 - [MESSAGE][INFO] - Starting 'Chrome' driver

2020-06-05 18:12:40 - [MESSAGE][INFO] - Action delay is set to 0 milliseconds

2020-06-05 18:12:43 - [MESSAGE][PASSED] - Browser is opened with url: ''

2020-06-05 18:12:43 - [TEST_STEP][PASSED] - navigateToUrl("https://hw2katalonkattermost.herokuapp.com/login"): Navigate to 'https://hw2katalonkattermost.herokuapp.com/login' successfully

2020-06-05 18:12:46 - [MESSAGE][PASSED] - Navigate to 'https://hw2katalonkattermost.herokuapp.com/login' successfully

2020-06-05 18:12:46 - [TEST_STEP][PASSED] - setText(findTestObject("Object Repository/Page_Mattermost/input_All team communication in one place s_703ef5"), "vanhoang"): Text 'vanhoang' is set on object 'Object Repository/Page_Mattermost/input_All team communication in one place s_703ef5'

2020-06-05 18:12:50 - [MESSAGE][PASSED] - Text 'vanhoang' is set on object 'Object Repository/Page_Mattermost/input_All team communication in one place s_703ef5'

2020-06-05 18:12:50 - [TEST_STEP][PASSED] - setEncryptedText(findTestObject("Object Repository/Page_Mattermost/input_All team communication in one place s_2f2733"), "iGDxf8hSRT4="): Text ****** has been set on object 'Object Repository/Page_Mattermost/input_All team communication in one place s_2f2733'

2020-06-05 18:12:50 - [MESSAGE][PASSED] - Text ****** has been set on object 'Object Repository/Page_Mattermost/input_All team communication in one place s_2f2733'

2020-06-05 18:12:50 - [TEST_STEP][PASSED] - click(findTestObject("Object Repository/Page_Mattermost/span_Sign in")): Object: 'Object Repository/Page_Mattermost/span_Sign in' is clicked on

2020-06-05 18:12:51 - [MESSAGE][PASSED] - Object: 'Object Repository/Page_Mattermost/span_Sign in' is clicked on

2020-06-05 18:12:51 - [TEST_STEP][PASSED] - click(findTestObject("Object Repository/Page_Town Square - test Mattermost/button_vanhoang_style--none sidebar-header-_1c3d3c")): Object: 'Object Repository/Page_Town Square - test Mattermost/button_vanhoang_style--none sidebar-header-_1c3d3c' is clicked on

2020-06-05 18:12:54 - [MESSAGE][PASSED] - Object: 'Object Repository/Page_Town Square - test Mattermost/button_vanhoang_style--none sidebar-header-_1c3d3c' is clicked on

2020-06-05 18:12:54 - [TEST_STEP][PASSED] - click(findTestObject("Object Repository/Page_Town Square - test Mattermost/span_Account Settings")): Object: 'Object Repository/Page_Town Square - test Mattermost/span_Account Settings' is clicked on

2020-06-05 18:12:55 - [MESSAGE][PASSED] - Object: 'Object Repository/Page_Town Square - test Mattermost/span_Account Settings' is clicked on

2020-06-05 18:12:55 - [TEST_STEP][PASSED] - click(findTestObject("Object Repository/Page_Town Square - test Mattermost/button_Security")): Object: 'Object Repository/Page_Town Square - test Mattermost/button_Security' is clicked on

2020-06-05 18:12:56 - [MESSAGE][PASSED] - Object: 'Object Repository/Page_Town Square - test Mattermost/button_Security' is clicked on

2020-06-05 18:12:56 - [TEST_STEP][PASSED] - click(findTestObject("Object Repository/Page_ Town Square - aaaaaaaaaa Mattermost/div_PasswordEdit")): Object: 'Object Repository/Page_ Town Square - aaaaaaaaaa Mattermost/div_PasswordEdit' is clicked on

2020-06-05 18:12:56 - [MESSAGE][PASSED] - Object: 'Object Repository/Page_ Town Square - aaaaaaaaaa Mattermost/div_PasswordEdit' is clicked on

2020-06-05 18:12:56 - [TEST_STEP][PASSED] - setText(findTestObject("Object Repository/Page_Town Square - test Mattermost/input_Current Password_currentPassword"), curpwd): Text '12345' is set on object 'Object Repository/Page_Town Square - test Mattermost/input_Current Password_currentPassword'

2020-06-05 18:12:57 - [MESSAGE][PASSED] - Text '12345' is set on object 'Object Repository/Page_Town Square - test Mattermost/input_Current Password_currentPassword'

2020-06-05 18:12:57 - [TEST_STEP][PASSED] - setText(findTestObject("Object Repository/Page_Town Square - test Mattermost/input_New Password_newPassword"), newpwd): Text '' is set on object 'Object Repository/Page_Town Square - test Mattermost/input_New Password_newPassword'

2020-06-05 18:12:58 - [MESSAGE][PASSED] - Text '' is set on object 'Object Repository/Page_Town Square - test Mattermost/input_New Password_newPassword'

2020-06-05 18:12:58 - [TEST_STEP][PASSED] - setText(findTestObject("Object Repository/Page_Town Square - test Mattermost/input_Retype New Password_confirmPassword"), newpwd1): Text '12345' is set on object 'Object Repository/Page_Town Square - test Mattermost/input_Retype New Password_confirmPassword'

2020-06-05 18:12:58 - [MESSAGE][PASSED] - Text '12345' is set on object 'Object Repository/Page_Town Square - test Mattermost/input_Retype New Password_confirmPassword'

2020-06-05 18:12:58 - [TEST_STEP][PASSED] - click(findTestObject("Object Repository/Page_Town Square - test Mattermost/span_Save")): Object: 'Object Repository/Page_Town Square - test Mattermost/span_Save' is clicked on

2020-06-05 18:12:58 - [MESSAGE][PASSED] - Object: 'Object Repository/Page_Town Square - test Mattermost/span_Save' is clicked on

2020-06-05 18:12:58 - [TEST_STEP][PASSED] - click(findTestObject("Object Repository/Page_Town Square - test Mattermost/label_Your password must contain between 5 _b964be")): Object: 'Object Repository/Page_Town Square - test Mattermost/label_Your password must contain between 5 _b964be' is clicked on

2020-06-05 18:12:59 - [MESSAGE][PASSED] - Object: 'Object Repository/Page_Town Square - test Mattermost/label_Your password must contain between 5 _b964be' is clicked on

2020-06-05 18:12:59 - [TEST_STEP][PASSED] - closeBrowser(): Browser is closed

2020-06-05 18:13:00 - [MESSAGE][PASSED] - Browser is closed]]></system-out>
         <system-err><![CDATA[]]></system-err>
      </testcase>
      <testcase name="Test Cases/datadriven/csv/TC_04_changePassword_success" time="19.982" classname="Test Cases/datadriven/csv/TC_04_changePassword_success" status="PASSED">
         <system-out><![CDATA[2020-06-05 18:13:00 - [TEST_CASE][PASSED] - Test Cases/datadriven/csv/TC_04_changePassword_success: Test Cases/datadriven/csv/TC_04_changePassword_success

2020-06-05 18:13:00 - [TEST_STEP][PASSED] - openBrowser(""): Browser is opened with url: ''

2020-06-05 18:13:00 - [MESSAGE][INFO] - Starting 'Chrome' driver

2020-06-05 18:13:00 - [MESSAGE][INFO] - Action delay is set to 0 milliseconds

2020-06-05 18:13:03 - [MESSAGE][PASSED] - Browser is opened with url: ''

2020-06-05 18:13:03 - [TEST_STEP][PASSED] - navigateToUrl("https://hw2katalonkattermost.herokuapp.com/login"): Navigate to 'https://hw2katalonkattermost.herokuapp.com/login' successfully

2020-06-05 18:13:06 - [MESSAGE][PASSED] - Navigate to 'https://hw2katalonkattermost.herokuapp.com/login' successfully

2020-06-05 18:13:06 - [TEST_STEP][PASSED] - setText(findTestObject("Object Repository/Page_Mattermost/input_All team communication in one place s_703ef5"), "vanhoang"): Text 'vanhoang' is set on object 'Object Repository/Page_Mattermost/input_All team communication in one place s_703ef5'

2020-06-05 18:13:10 - [MESSAGE][PASSED] - Text 'vanhoang' is set on object 'Object Repository/Page_Mattermost/input_All team communication in one place s_703ef5'

2020-06-05 18:13:10 - [TEST_STEP][PASSED] - setEncryptedText(findTestObject("Object Repository/Page_Mattermost/input_All team communication in one place s_2f2733"), "iGDxf8hSRT4="): Text ****** has been set on object 'Object Repository/Page_Mattermost/input_All team communication in one place s_2f2733'

2020-06-05 18:13:10 - [MESSAGE][PASSED] - Text ****** has been set on object 'Object Repository/Page_Mattermost/input_All team communication in one place s_2f2733'

2020-06-05 18:13:10 - [TEST_STEP][PASSED] - click(findTestObject("Object Repository/Page_Mattermost/span_Sign in")): Object: 'Object Repository/Page_Mattermost/span_Sign in' is clicked on

2020-06-05 18:13:11 - [MESSAGE][PASSED] - Object: 'Object Repository/Page_Mattermost/span_Sign in' is clicked on

2020-06-05 18:13:11 - [TEST_STEP][PASSED] - click(findTestObject("Object Repository/Page_Town Square - test Mattermost/button_vanhoang_style--none sidebar-header-_1c3d3c")): Object: 'Object Repository/Page_Town Square - test Mattermost/button_vanhoang_style--none sidebar-header-_1c3d3c' is clicked on

2020-06-05 18:13:14 - [MESSAGE][PASSED] - Object: 'Object Repository/Page_Town Square - test Mattermost/button_vanhoang_style--none sidebar-header-_1c3d3c' is clicked on

2020-06-05 18:13:14 - [TEST_STEP][PASSED] - click(findTestObject("Object Repository/Page_Town Square - test Mattermost/span_Account Settings")): Object: 'Object Repository/Page_Town Square - test Mattermost/span_Account Settings' is clicked on

2020-06-05 18:13:15 - [MESSAGE][PASSED] - Object: 'Object Repository/Page_Town Square - test Mattermost/span_Account Settings' is clicked on

2020-06-05 18:13:15 - [TEST_STEP][PASSED] - click(findTestObject("Object Repository/Page_Town Square - test Mattermost/button_Security")): Object: 'Object Repository/Page_Town Square - test Mattermost/button_Security' is clicked on

2020-06-05 18:13:16 - [MESSAGE][PASSED] - Object: 'Object Repository/Page_Town Square - test Mattermost/button_Security' is clicked on

2020-06-05 18:13:16 - [TEST_STEP][PASSED] - click(findTestObject("Object Repository/Page_ Town Square - aaaaaaaaaa Mattermost/div_PasswordEdit")): Object: 'Object Repository/Page_ Town Square - aaaaaaaaaa Mattermost/div_PasswordEdit' is clicked on

2020-06-05 18:13:16 - [MESSAGE][PASSED] - Object: 'Object Repository/Page_ Town Square - aaaaaaaaaa Mattermost/div_PasswordEdit' is clicked on

2020-06-05 18:13:16 - [TEST_STEP][PASSED] - setText(findTestObject("Object Repository/Page_Town Square - test Mattermost/input_Current Password_currentPassword"), curpwd): Text '12345' is set on object 'Object Repository/Page_Town Square - test Mattermost/input_Current Password_currentPassword'

2020-06-05 18:13:17 - [MESSAGE][PASSED] - Text '12345' is set on object 'Object Repository/Page_Town Square - test Mattermost/input_Current Password_currentPassword'

2020-06-05 18:13:17 - [TEST_STEP][PASSED] - setText(findTestObject("Object Repository/Page_Town Square - test Mattermost/input_New Password_newPassword"), newpwd): Text '' is set on object 'Object Repository/Page_Town Square - test Mattermost/input_New Password_newPassword'

2020-06-05 18:13:18 - [MESSAGE][PASSED] - Text '' is set on object 'Object Repository/Page_Town Square - test Mattermost/input_New Password_newPassword'

2020-06-05 18:13:18 - [TEST_STEP][PASSED] - setText(findTestObject("Object Repository/Page_Town Square - test Mattermost/input_Retype New Password_confirmPassword"), newpwd1): Text '' is set on object 'Object Repository/Page_Town Square - test Mattermost/input_Retype New Password_confirmPassword'

2020-06-05 18:13:18 - [MESSAGE][PASSED] - Text '' is set on object 'Object Repository/Page_Town Square - test Mattermost/input_Retype New Password_confirmPassword'

2020-06-05 18:13:18 - [TEST_STEP][PASSED] - click(findTestObject("Object Repository/Page_Town Square - test Mattermost/span_Save")): Object: 'Object Repository/Page_Town Square - test Mattermost/span_Save' is clicked on

2020-06-05 18:13:18 - [MESSAGE][PASSED] - Object: 'Object Repository/Page_Town Square - test Mattermost/span_Save' is clicked on

2020-06-05 18:13:18 - [TEST_STEP][PASSED] - click(findTestObject("Object Repository/Page_Town Square - test Mattermost/label_Your password must contain between 5 _b964be")): Object: 'Object Repository/Page_Town Square - test Mattermost/label_Your password must contain between 5 _b964be' is clicked on

2020-06-05 18:13:19 - [MESSAGE][PASSED] - Object: 'Object Repository/Page_Town Square - test Mattermost/label_Your password must contain between 5 _b964be' is clicked on

2020-06-05 18:13:19 - [TEST_STEP][PASSED] - closeBrowser(): Browser is closed

2020-06-05 18:13:20 - [MESSAGE][PASSED] - Browser is closed]]></system-out>
         <system-err><![CDATA[]]></system-err>
      </testcase>
      <testcase name="Test Cases/datadriven/csv/TC_04_changePassword_success" time="62.768" classname="Test Cases/datadriven/csv/TC_04_changePassword_success" status="FAILED">
         <failure type="FAILED" message="Test Cases/datadriven/csv/TC_04_changePassword_success FAILED.
Reason:
com.kms.katalon.core.exception.StepFailedException: Unable to click on object 'Object Repository/Page_Town Square - test Mattermost/label_Your password must contain between 5 _b964be'
	at com.kms.katalon.core.webui.keyword.internal.WebUIKeywordMain.stepFailed(WebUIKeywordMain.groovy:64)
	at com.kms.katalon.core.webui.keyword.internal.WebUIKeywordMain.runKeyword(WebUIKeywordMain.groovy:26)
	at com.kms.katalon.core.webui.keyword.builtin.ClickKeyword.click(ClickKeyword.groovy:76)
	at com.kms.katalon.core.webui.keyword.builtin.ClickKeyword.execute(ClickKeyword.groovy:43)
	at com.kms.katalon.core.keyword.internal.KeywordExecutor.executeKeywordForPlatform(KeywordExecutor.groovy:72)
	at com.kms.katalon.core.webui.keyword.WebUiBuiltInKeywords.click(WebUiBuiltInKeywords.groovy:616)
	at com.kms.katalon.core.webui.keyword.WebUiBuiltInKeywords$click$3.call(Unknown Source)
	at TC_04_changePassword_success.run(TC_04_changePassword_success:48)
	at com.kms.katalon.core.main.ScriptEngine.run(ScriptEngine.java:194)
	at com.kms.katalon.core.main.ScriptEngine.runScriptAsRawText(ScriptEngine.java:119)
	at com.kms.katalon.core.main.TestCaseExecutor.runScript(TestCaseExecutor.java:337)
	at com.kms.katalon.core.main.TestCaseExecutor.doExecute(TestCaseExecutor.java:328)
	at com.kms.katalon.core.main.TestCaseExecutor.processExecutionPhase(TestCaseExecutor.java:307)
	at com.kms.katalon.core.main.TestCaseExecutor.accessMainPhase(TestCaseExecutor.java:299)
	at com.kms.katalon.core.main.TestCaseExecutor.execute(TestCaseExecutor.java:233)
	at com.kms.katalon.core.main.TestSuiteExecutor.accessTestCaseMainPhase(TestSuiteExecutor.java:169)
	at com.kms.katalon.core.main.TestSuiteExecutor.accessTestSuiteMainPhase(TestSuiteExecutor.java:142)
	at com.kms.katalon.core.main.TestSuiteExecutor.execute(TestSuiteExecutor.java:91)
	at com.kms.katalon.core.main.TestCaseMain.startTestSuite(TestCaseMain.java:157)
	at com.kms.katalon.core.main.TestCaseMain$startTestSuite$0.call(Unknown Source)
	at TempTestSuite1591354937913.run(TempTestSuite1591354937913.groovy:37)
Caused by: com.kms.katalon.core.webui.exception.WebElementNotFoundException: Web element with id: 'Object Repository/Page_Town Square - test Mattermost/label_Your password must contain between 5 _b964be' located by 'By.xpath: //label[@id='clientError']' not found
	at com.kms.katalon.core.webui.common.WebUiCommonHelper.findWebElement(WebUiCommonHelper.java:1154)
	at com.kms.katalon.core.webui.keyword.internal.WebUIAbstractKeyword.findWebElement(WebUIAbstractKeyword.groovy:27)
	at com.kms.katalon.core.webui.keyword.internal.WebUIAbstractKeyword.findWebElement(WebUIAbstractKeyword.groovy:26)
	at com.kms.katalon.core.webui.keyword.builtin.ClickKeyword$_click_closure1.doCall(ClickKeyword.groovy:67)
	at com.kms.katalon.core.webui.keyword.builtin.ClickKeyword$_click_closure1.call(ClickKeyword.groovy)
	at com.kms.katalon.core.webui.keyword.internal.WebUIKeywordMain.runKeyword(WebUIKeywordMain.groovy:20)
	... 19 more
"/>
         <system-out><![CDATA[2020-06-05 18:13:20 - [TEST_CASE][FAILED] - Test Cases/datadriven/csv/TC_04_changePassword_success: Test Cases/datadriven/csv/TC_04_changePassword_success FAILED.
Reason:
com.kms.katalon.core.exception.StepFailedException: Unable to click on object 'Object Repository/Page_Town Square - test Mattermost/label_Your password must contain between 5 _b964be'
	at com.kms.katalon.core.webui.keyword.internal.WebUIKeywordMain.stepFailed(WebUIKeywordMain.groovy:64)
	at com.kms.katalon.core.webui.keyword.internal.WebUIKeywordMain.runKeyword(WebUIKeywordMain.groovy:26)
	at com.kms.katalon.core.webui.keyword.builtin.ClickKeyword.click(ClickKeyword.groovy:76)
	at com.kms.katalon.core.webui.keyword.builtin.ClickKeyword.execute(ClickKeyword.groovy:43)
	at com.kms.katalon.core.keyword.internal.KeywordExecutor.executeKeywordForPlatform(KeywordExecutor.groovy:72)
	at com.kms.katalon.core.webui.keyword.WebUiBuiltInKeywords.click(WebUiBuiltInKeywords.groovy:616)
	at com.kms.katalon.core.webui.keyword.WebUiBuiltInKeywords$click$3.call(Unknown Source)
	at TC_04_changePassword_success.run(TC_04_changePassword_success:48)
	at com.kms.katalon.core.main.ScriptEngine.run(ScriptEngine.java:194)
	at com.kms.katalon.core.main.ScriptEngine.runScriptAsRawText(ScriptEngine.java:119)
	at com.kms.katalon.core.main.TestCaseExecutor.runScript(TestCaseExecutor.java:337)
	at com.kms.katalon.core.main.TestCaseExecutor.doExecute(TestCaseExecutor.java:328)
	at com.kms.katalon.core.main.TestCaseExecutor.processExecutionPhase(TestCaseExecutor.java:307)
	at com.kms.katalon.core.main.TestCaseExecutor.accessMainPhase(TestCaseExecutor.java:299)
	at com.kms.katalon.core.main.TestCaseExecutor.execute(TestCaseExecutor.java:233)
	at com.kms.katalon.core.main.TestSuiteExecutor.accessTestCaseMainPhase(TestSuiteExecutor.java:169)
	at com.kms.katalon.core.main.TestSuiteExecutor.accessTestSuiteMainPhase(TestSuiteExecutor.java:142)
	at com.kms.katalon.core.main.TestSuiteExecutor.execute(TestSuiteExecutor.java:91)
	at com.kms.katalon.core.main.TestCaseMain.startTestSuite(TestCaseMain.java:157)
	at com.kms.katalon.core.main.TestCaseMain$startTestSuite$0.call(Unknown Source)
	at TempTestSuite1591354937913.run(TempTestSuite1591354937913.groovy:37)
Caused by: com.kms.katalon.core.webui.exception.WebElementNotFoundException: Web element with id: 'Object Repository/Page_Town Square - test Mattermost/label_Your password must contain between 5 _b964be' located by 'By.xpath: //label[@id='clientError']' not found
	at com.kms.katalon.core.webui.common.WebUiCommonHelper.findWebElement(WebUiCommonHelper.java:1154)
	at com.kms.katalon.core.webui.keyword.internal.WebUIAbstractKeyword.findWebElement(WebUIAbstractKeyword.groovy:27)
	at com.kms.katalon.core.webui.keyword.internal.WebUIAbstractKeyword.findWebElement(WebUIAbstractKeyword.groovy:26)
	at com.kms.katalon.core.webui.keyword.builtin.ClickKeyword$_click_closure1.doCall(ClickKeyword.groovy:67)
	at com.kms.katalon.core.webui.keyword.builtin.ClickKeyword$_click_closure1.call(ClickKeyword.groovy)
	at com.kms.katalon.core.webui.keyword.internal.WebUIKeywordMain.runKeyword(WebUIKeywordMain.groovy:20)
	... 19 more


2020-06-05 18:13:20 - [TEST_STEP][PASSED] - openBrowser(""): Browser is opened with url: ''

2020-06-05 18:13:20 - [MESSAGE][INFO] - Starting 'Chrome' driver

2020-06-05 18:13:20 - [MESSAGE][INFO] - Action delay is set to 0 milliseconds

2020-06-05 18:13:23 - [MESSAGE][PASSED] - Browser is opened with url: ''

2020-06-05 18:13:23 - [TEST_STEP][PASSED] - navigateToUrl("https://hw2katalonkattermost.herokuapp.com/login"): Navigate to 'https://hw2katalonkattermost.herokuapp.com/login' successfully

2020-06-05 18:13:26 - [MESSAGE][PASSED] - Navigate to 'https://hw2katalonkattermost.herokuapp.com/login' successfully

2020-06-05 18:13:26 - [TEST_STEP][PASSED] - setText(findTestObject("Object Repository/Page_Mattermost/input_All team communication in one place s_703ef5"), "vanhoang"): Text 'vanhoang' is set on object 'Object Repository/Page_Mattermost/input_All team communication in one place s_703ef5'

2020-06-05 18:13:29 - [MESSAGE][PASSED] - Text 'vanhoang' is set on object 'Object Repository/Page_Mattermost/input_All team communication in one place s_703ef5'

2020-06-05 18:13:29 - [TEST_STEP][PASSED] - setEncryptedText(findTestObject("Object Repository/Page_Mattermost/input_All team communication in one place s_2f2733"), "iGDxf8hSRT4="): Text ****** has been set on object 'Object Repository/Page_Mattermost/input_All team communication in one place s_2f2733'

2020-06-05 18:13:30 - [MESSAGE][PASSED] - Text ****** has been set on object 'Object Repository/Page_Mattermost/input_All team communication in one place s_2f2733'

2020-06-05 18:13:30 - [TEST_STEP][PASSED] - click(findTestObject("Object Repository/Page_Mattermost/span_Sign in")): Object: 'Object Repository/Page_Mattermost/span_Sign in' is clicked on

2020-06-05 18:13:30 - [MESSAGE][PASSED] - Object: 'Object Repository/Page_Mattermost/span_Sign in' is clicked on

2020-06-05 18:13:30 - [TEST_STEP][PASSED] - click(findTestObject("Object Repository/Page_Town Square - test Mattermost/button_vanhoang_style--none sidebar-header-_1c3d3c")): Object: 'Object Repository/Page_Town Square - test Mattermost/button_vanhoang_style--none sidebar-header-_1c3d3c' is clicked on

2020-06-05 18:13:34 - [MESSAGE][PASSED] - Object: 'Object Repository/Page_Town Square - test Mattermost/button_vanhoang_style--none sidebar-header-_1c3d3c' is clicked on

2020-06-05 18:13:34 - [TEST_STEP][PASSED] - click(findTestObject("Object Repository/Page_Town Square - test Mattermost/span_Account Settings")): Object: 'Object Repository/Page_Town Square - test Mattermost/span_Account Settings' is clicked on

2020-06-05 18:13:34 - [MESSAGE][PASSED] - Object: 'Object Repository/Page_Town Square - test Mattermost/span_Account Settings' is clicked on

2020-06-05 18:13:34 - [TEST_STEP][PASSED] - click(findTestObject("Object Repository/Page_Town Square - test Mattermost/button_Security")): Object: 'Object Repository/Page_Town Square - test Mattermost/button_Security' is clicked on

2020-06-05 18:13:35 - [MESSAGE][PASSED] - Object: 'Object Repository/Page_Town Square - test Mattermost/button_Security' is clicked on

2020-06-05 18:13:35 - [TEST_STEP][PASSED] - click(findTestObject("Object Repository/Page_ Town Square - aaaaaaaaaa Mattermost/div_PasswordEdit")): Object: 'Object Repository/Page_ Town Square - aaaaaaaaaa Mattermost/div_PasswordEdit' is clicked on

2020-06-05 18:13:36 - [MESSAGE][PASSED] - Object: 'Object Repository/Page_ Town Square - aaaaaaaaaa Mattermost/div_PasswordEdit' is clicked on

2020-06-05 18:13:36 - [TEST_STEP][PASSED] - setText(findTestObject("Object Repository/Page_Town Square - test Mattermost/input_Current Password_currentPassword"), curpwd): Text '12345' is set on object 'Object Repository/Page_Town Square - test Mattermost/input_Current Password_currentPassword'

2020-06-05 18:13:37 - [MESSAGE][PASSED] - Text '12345' is set on object 'Object Repository/Page_Town Square - test Mattermost/input_Current Password_currentPassword'

2020-06-05 18:13:37 - [TEST_STEP][PASSED] - setText(findTestObject("Object Repository/Page_Town Square - test Mattermost/input_New Password_newPassword"), newpwd): Text '12345' is set on object 'Object Repository/Page_Town Square - test Mattermost/input_New Password_newPassword'

2020-06-05 18:13:37 - [MESSAGE][PASSED] - Text '12345' is set on object 'Object Repository/Page_Town Square - test Mattermost/input_New Password_newPassword'

2020-06-05 18:13:37 - [TEST_STEP][PASSED] - setText(findTestObject("Object Repository/Page_Town Square - test Mattermost/input_Retype New Password_confirmPassword"), newpwd1): Text '12345' is set on object 'Object Repository/Page_Town Square - test Mattermost/input_Retype New Password_confirmPassword'

2020-06-05 18:13:38 - [MESSAGE][PASSED] - Text '12345' is set on object 'Object Repository/Page_Town Square - test Mattermost/input_Retype New Password_confirmPassword'

2020-06-05 18:13:38 - [TEST_STEP][PASSED] - click(findTestObject("Object Repository/Page_Town Square - test Mattermost/span_Save")): Object: 'Object Repository/Page_Town Square - test Mattermost/span_Save' is clicked on

2020-06-05 18:13:38 - [MESSAGE][PASSED] - Object: 'Object Repository/Page_Town Square - test Mattermost/span_Save' is clicked on

2020-06-05 18:13:38 - [TEST_STEP][FAILED] - click(findTestObject("Object Repository/Page_Town Square - test Mattermost/label_Your password must contain between 5 _b964be")): Unable to click on object 'Object Repository/Page_Town Square - test Mattermost/label_Your password must contain between 5 _b964be' (Root cause: com.kms.katalon.core.exception.StepFailedException: Unable to click on object 'Object Repository/Page_Town Square - test Mattermost/label_Your password must contain between 5 _b964be'
	at com.kms.katalon.core.webui.keyword.internal.WebUIKeywordMain.stepFailed(WebUIKeywordMain.groovy:64)
	at com.kms.katalon.core.webui.keyword.internal.WebUIKeywordMain.runKeyword(WebUIKeywordMain.groovy:26)
	at com.kms.katalon.core.webui.keyword.builtin.ClickKeyword.click(ClickKeyword.groovy:76)
	at com.kms.katalon.core.webui.keyword.builtin.ClickKeyword.execute(ClickKeyword.groovy:43)
	at com.kms.katalon.core.keyword.internal.KeywordExecutor.executeKeywordForPlatform(KeywordExecutor.groovy:72)
	at com.kms.katalon.core.webui.keyword.WebUiBuiltInKeywords.click(WebUiBuiltInKeywords.groovy:616)
	at com.kms.katalon.core.webui.keyword.WebUiBuiltInKeywords$click$3.call(Unknown Source)
	at TC_04_changePassword_success.run(TC_04_changePassword_success:48)
	at com.kms.katalon.core.main.ScriptEngine.run(ScriptEngine.java:194)
	at com.kms.katalon.core.main.ScriptEngine.runScriptAsRawText(ScriptEngine.java:119)
	at com.kms.katalon.core.main.TestCaseExecutor.runScript(TestCaseExecutor.java:337)
	at com.kms.katalon.core.main.TestCaseExecutor.doExecute(TestCaseExecutor.java:328)
	at com.kms.katalon.core.main.TestCaseExecutor.processExecutionPhase(TestCaseExecutor.java:307)
	at com.kms.katalon.core.main.TestCaseExecutor.accessMainPhase(TestCaseExecutor.java:299)
	at com.kms.katalon.core.main.TestCaseExecutor.execute(TestCaseExecutor.java:233)
	at com.kms.katalon.core.main.TestSuiteExecutor.accessTestCaseMainPhase(TestSuiteExecutor.java:169)
	at com.kms.katalon.core.main.TestSuiteExecutor.accessTestSuiteMainPhase(TestSuiteExecutor.java:142)
	at com.kms.katalon.core.main.TestSuiteExecutor.execute(TestSuiteExecutor.java:91)
	at com.kms.katalon.core.main.TestCaseMain.startTestSuite(TestCaseMain.java:157)
	at com.kms.katalon.core.main.TestCaseMain$startTestSuite$0.call(Unknown Source)
	at TempTestSuite1591354937913.run(TempTestSuite1591354937913.groovy:37)
Caused by: com.kms.katalon.core.webui.exception.WebElementNotFoundException: Web element with id: 'Object Repository/Page_Town Square - test Mattermost/label_Your password must contain between 5 _b964be' located by 'By.xpath: //label[@id='clientError']' not found
	at com.kms.katalon.core.webui.common.WebUiCommonHelper.findWebElement(WebUiCommonHelper.java:1154)
	at com.kms.katalon.core.webui.keyword.internal.WebUIAbstractKeyword.findWebElement(WebUIAbstractKeyword.groovy:27)
	at com.kms.katalon.core.webui.keyword.internal.WebUIAbstractKeyword.findWebElement(WebUIAbstractKeyword.groovy:26)
	at com.kms.katalon.core.webui.keyword.builtin.ClickKeyword$_click_closure1.doCall(ClickKeyword.groovy:67)
	at com.kms.katalon.core.webui.keyword.builtin.ClickKeyword$_click_closure1.call(ClickKeyword.groovy)
	at com.kms.katalon.core.webui.keyword.internal.WebUIKeywordMain.runKeyword(WebUIKeywordMain.groovy:20)
	at com.kms.katalon.core.webui.keyword.builtin.ClickKeyword.click(ClickKeyword.groovy:76)
	at com.kms.katalon.core.webui.keyword.builtin.ClickKeyword.execute(ClickKeyword.groovy:43)
	at com.kms.katalon.core.keyword.internal.KeywordExecutor.executeKeywordForPlatform(KeywordExecutor.groovy:72)
	at com.kms.katalon.core.webui.keyword.WebUiBuiltInKeywords.click(WebUiBuiltInKeywords.groovy:616)
	at com.kms.katalon.core.webui.keyword.WebUiBuiltInKeywords$click$3.call(Unknown Source)
	at Script1591328228712.run(Script1591328228712.groovy:48)
	... 13 more
)

2020-06-05 18:14:22 - [MESSAGE][INFO] - Unable to find the element located by 'By.xpath: //label[@id='clientError']'. Please recheck the objects properties to make sure the desired element is located. 

2020-06-05 18:14:22 - [MESSAGE][FAILED] - Unable to click on object 'Object Repository/Page_Town Square - test Mattermost/label_Your password must contain between 5 _b964be' (Root cause: com.kms.katalon.core.exception.StepFailedException: Unable to click on object 'Object Repository/Page_Town Square - test Mattermost/label_Your password must contain between 5 _b964be'
	at com.kms.katalon.core.webui.keyword.internal.WebUIKeywordMain.stepFailed(WebUIKeywordMain.groovy:64)
	at com.kms.katalon.core.webui.keyword.internal.WebUIKeywordMain.runKeyword(WebUIKeywordMain.groovy:26)
	at com.kms.katalon.core.webui.keyword.builtin.ClickKeyword.click(ClickKeyword.groovy:76)
	at com.kms.katalon.core.webui.keyword.builtin.ClickKeyword.execute(ClickKeyword.groovy:43)
	at com.kms.katalon.core.keyword.internal.KeywordExecutor.executeKeywordForPlatform(KeywordExecutor.groovy:72)
	at com.kms.katalon.core.webui.keyword.WebUiBuiltInKeywords.click(WebUiBuiltInKeywords.groovy:616)
	at com.kms.katalon.core.webui.keyword.WebUiBuiltInKeywords$click$3.call(Unknown Source)
	at TC_04_changePassword_success.run(TC_04_changePassword_success:48)
	at com.kms.katalon.core.main.ScriptEngine.run(ScriptEngine.java:194)
	at com.kms.katalon.core.main.ScriptEngine.runScriptAsRawText(ScriptEngine.java:119)
	at com.kms.katalon.core.main.TestCaseExecutor.runScript(TestCaseExecutor.java:337)
	at com.kms.katalon.core.main.TestCaseExecutor.doExecute(TestCaseExecutor.java:328)
	at com.kms.katalon.core.main.TestCaseExecutor.processExecutionPhase(TestCaseExecutor.java:307)
	at com.kms.katalon.core.main.TestCaseExecutor.accessMainPhase(TestCaseExecutor.java:299)
	at com.kms.katalon.core.main.TestCaseExecutor.execute(TestCaseExecutor.java:233)
	at com.kms.katalon.core.main.TestSuiteExecutor.accessTestCaseMainPhase(TestSuiteExecutor.java:169)
	at com.kms.katalon.core.main.TestSuiteExecutor.accessTestSuiteMainPhase(TestSuiteExecutor.java:142)
	at com.kms.katalon.core.main.TestSuiteExecutor.execute(TestSuiteExecutor.java:91)
	at com.kms.katalon.core.main.TestCaseMain.startTestSuite(TestCaseMain.java:157)
	at com.kms.katalon.core.main.TestCaseMain$startTestSuite$0.call(Unknown Source)
	at TempTestSuite1591354937913.run(TempTestSuite1591354937913.groovy:37)
Caused by: com.kms.katalon.core.webui.exception.WebElementNotFoundException: Web element with id: 'Object Repository/Page_Town Square - test Mattermost/label_Your password must contain between 5 _b964be' located by 'By.xpath: //label[@id='clientError']' not found
	at com.kms.katalon.core.webui.common.WebUiCommonHelper.findWebElement(WebUiCommonHelper.java:1154)
	at com.kms.katalon.core.webui.keyword.internal.WebUIAbstractKeyword.findWebElement(WebUIAbstractKeyword.groovy:27)
	at com.kms.katalon.core.webui.keyword.internal.WebUIAbstractKeyword.findWebElement(WebUIAbstractKeyword.groovy:26)
	at com.kms.katalon.core.webui.keyword.builtin.ClickKeyword$_click_closure1.doCall(ClickKeyword.groovy:67)
	at com.kms.katalon.core.webui.keyword.builtin.ClickKeyword$_click_closure1.call(ClickKeyword.groovy)
	at com.kms.katalon.core.webui.keyword.internal.WebUIKeywordMain.runKeyword(WebUIKeywordMain.groovy:20)
	at com.kms.katalon.core.webui.keyword.builtin.ClickKeyword.click(ClickKeyword.groovy:76)
	at com.kms.katalon.core.webui.keyword.builtin.ClickKeyword.execute(ClickKeyword.groovy:43)
	at com.kms.katalon.core.keyword.internal.KeywordExecutor.executeKeywordForPlatform(KeywordExecutor.groovy:72)
	at com.kms.katalon.core.webui.keyword.WebUiBuiltInKeywords.click(WebUiBuiltInKeywords.groovy:616)
	at com.kms.katalon.core.webui.keyword.WebUiBuiltInKeywords$click$3.call(Unknown Source)
	at Script1591328228712.run(Script1591328228712.groovy:48)
	... 13 more
)
[[ATTACHMENT|C:\\Users\\Van Hoang\\git\\1512660_hw2_katalon\\Reports\\20200605_180217\\Run all test cases\\20200605_180217\\1591355662370.png]]]]></system-out>
         <system-err><![CDATA[2020-06-05 18:13:20 - [TEST_CASE][FAILED] - Test Cases/datadriven/csv/TC_04_changePassword_success: Test Cases/datadriven/csv/TC_04_changePassword_success FAILED.
Reason:
com.kms.katalon.core.exception.StepFailedException: Unable to click on object 'Object Repository/Page_Town Square - test Mattermost/label_Your password must contain between 5 _b964be'
	at com.kms.katalon.core.webui.keyword.internal.WebUIKeywordMain.stepFailed(WebUIKeywordMain.groovy:64)
	at com.kms.katalon.core.webui.keyword.internal.WebUIKeywordMain.runKeyword(WebUIKeywordMain.groovy:26)
	at com.kms.katalon.core.webui.keyword.builtin.ClickKeyword.click(ClickKeyword.groovy:76)
	at com.kms.katalon.core.webui.keyword.builtin.ClickKeyword.execute(ClickKeyword.groovy:43)
	at com.kms.katalon.core.keyword.internal.KeywordExecutor.executeKeywordForPlatform(KeywordExecutor.groovy:72)
	at com.kms.katalon.core.webui.keyword.WebUiBuiltInKeywords.click(WebUiBuiltInKeywords.groovy:616)
	at com.kms.katalon.core.webui.keyword.WebUiBuiltInKeywords$click$3.call(Unknown Source)
	at TC_04_changePassword_success.run(TC_04_changePassword_success:48)
	at com.kms.katalon.core.main.ScriptEngine.run(ScriptEngine.java:194)
	at com.kms.katalon.core.main.ScriptEngine.runScriptAsRawText(ScriptEngine.java:119)
	at com.kms.katalon.core.main.TestCaseExecutor.runScript(TestCaseExecutor.java:337)
	at com.kms.katalon.core.main.TestCaseExecutor.doExecute(TestCaseExecutor.java:328)
	at com.kms.katalon.core.main.TestCaseExecutor.processExecutionPhase(TestCaseExecutor.java:307)
	at com.kms.katalon.core.main.TestCaseExecutor.accessMainPhase(TestCaseExecutor.java:299)
	at com.kms.katalon.core.main.TestCaseExecutor.execute(TestCaseExecutor.java:233)
	at com.kms.katalon.core.main.TestSuiteExecutor.accessTestCaseMainPhase(TestSuiteExecutor.java:169)
	at com.kms.katalon.core.main.TestSuiteExecutor.accessTestSuiteMainPhase(TestSuiteExecutor.java:142)
	at com.kms.katalon.core.main.TestSuiteExecutor.execute(TestSuiteExecutor.java:91)
	at com.kms.katalon.core.main.TestCaseMain.startTestSuite(TestCaseMain.java:157)
	at com.kms.katalon.core.main.TestCaseMain$startTestSuite$0.call(Unknown Source)
	at TempTestSuite1591354937913.run(TempTestSuite1591354937913.groovy:37)
Caused by: com.kms.katalon.core.webui.exception.WebElementNotFoundException: Web element with id: 'Object Repository/Page_Town Square - test Mattermost/label_Your password must contain between 5 _b964be' located by 'By.xpath: //label[@id='clientError']' not found
	at com.kms.katalon.core.webui.common.WebUiCommonHelper.findWebElement(WebUiCommonHelper.java:1154)
	at com.kms.katalon.core.webui.keyword.internal.WebUIAbstractKeyword.findWebElement(WebUIAbstractKeyword.groovy:27)
	at com.kms.katalon.core.webui.keyword.internal.WebUIAbstractKeyword.findWebElement(WebUIAbstractKeyword.groovy:26)
	at com.kms.katalon.core.webui.keyword.builtin.ClickKeyword$_click_closure1.doCall(ClickKeyword.groovy:67)
	at com.kms.katalon.core.webui.keyword.builtin.ClickKeyword$_click_closure1.call(ClickKeyword.groovy)
	at com.kms.katalon.core.webui.keyword.internal.WebUIKeywordMain.runKeyword(WebUIKeywordMain.groovy:20)
	... 19 more]]></system-err>
      </testcase>
      <testcase name="Test Cases/datadriven/csv/TC_05_changePassword_wrong_new_password" time="20.967" classname="Test Cases/datadriven/csv/TC_05_changePassword_wrong_new_password" status="PASSED">
         <system-out><![CDATA[2020-06-05 18:14:22 - [TEST_CASE][PASSED] - Test Cases/datadriven/csv/TC_05_changePassword_wrong_new_password: Test Cases/datadriven/csv/TC_05_changePassword_wrong_new_password

2020-06-05 18:14:23 - [TEST_STEP][PASSED] - openBrowser(""): Browser is opened with url: ''

2020-06-05 18:14:23 - [MESSAGE][WARNING] - A browser is already opened. Closing browser and opening a new one

2020-06-05 18:14:23 - [MESSAGE][INFO] - Starting 'Chrome' driver

2020-06-05 18:14:23 - [MESSAGE][INFO] - Action delay is set to 0 milliseconds

2020-06-05 18:14:26 - [MESSAGE][PASSED] - Browser is opened with url: ''

2020-06-05 18:14:26 - [TEST_STEP][PASSED] - navigateToUrl("https://hw2katalonkattermost.herokuapp.com/login"): Navigate to 'https://hw2katalonkattermost.herokuapp.com/login' successfully

2020-06-05 18:14:29 - [MESSAGE][PASSED] - Navigate to 'https://hw2katalonkattermost.herokuapp.com/login' successfully

2020-06-05 18:14:29 - [TEST_STEP][PASSED] - setText(findTestObject("Object Repository/Page_Mattermost/input_All team communication in one place s_703ef5"), "vanhoang"): Text 'vanhoang' is set on object 'Object Repository/Page_Mattermost/input_All team communication in one place s_703ef5'

2020-06-05 18:14:34 - [MESSAGE][PASSED] - Text 'vanhoang' is set on object 'Object Repository/Page_Mattermost/input_All team communication in one place s_703ef5'

2020-06-05 18:14:34 - [TEST_STEP][PASSED] - setEncryptedText(findTestObject("Object Repository/Page_Mattermost/input_All team communication in one place s_2f2733"), "iGDxf8hSRT4="): Text ****** has been set on object 'Object Repository/Page_Mattermost/input_All team communication in one place s_2f2733'

2020-06-05 18:14:34 - [MESSAGE][PASSED] - Text ****** has been set on object 'Object Repository/Page_Mattermost/input_All team communication in one place s_2f2733'

2020-06-05 18:14:34 - [TEST_STEP][PASSED] - click(findTestObject("Object Repository/Page_Mattermost/span_Sign in")): Object: 'Object Repository/Page_Mattermost/span_Sign in' is clicked on

2020-06-05 18:14:35 - [MESSAGE][PASSED] - Object: 'Object Repository/Page_Mattermost/span_Sign in' is clicked on

2020-06-05 18:14:35 - [TEST_STEP][PASSED] - click(findTestObject("Object Repository/Page_Town Square - test Mattermost/button_vanhoang_style--none sidebar-header-_1c3d3c")): Object: 'Object Repository/Page_Town Square - test Mattermost/button_vanhoang_style--none sidebar-header-_1c3d3c' is clicked on

2020-06-05 18:14:38 - [MESSAGE][PASSED] - Object: 'Object Repository/Page_Town Square - test Mattermost/button_vanhoang_style--none sidebar-header-_1c3d3c' is clicked on

2020-06-05 18:14:38 - [TEST_STEP][PASSED] - click(findTestObject("Object Repository/Page_Town Square - test Mattermost/span_Account Settings")): Object: 'Object Repository/Page_Town Square - test Mattermost/span_Account Settings' is clicked on

2020-06-05 18:14:39 - [MESSAGE][PASSED] - Object: 'Object Repository/Page_Town Square - test Mattermost/span_Account Settings' is clicked on

2020-06-05 18:14:39 - [TEST_STEP][PASSED] - click(findTestObject("Object Repository/Page_Town Square - test Mattermost/button_Security")): Object: 'Object Repository/Page_Town Square - test Mattermost/button_Security' is clicked on

2020-06-05 18:14:40 - [MESSAGE][PASSED] - Object: 'Object Repository/Page_Town Square - test Mattermost/button_Security' is clicked on

2020-06-05 18:14:40 - [TEST_STEP][PASSED] - click(findTestObject("Page_ Town Square - aaaaaaaaaa Mattermost/div_PasswordEdit")): Object: 'Object Repository/Page_ Town Square - aaaaaaaaaa Mattermost/div_PasswordEdit' is clicked on

2020-06-05 18:14:40 - [MESSAGE][PASSED] - Object: 'Object Repository/Page_ Town Square - aaaaaaaaaa Mattermost/div_PasswordEdit' is clicked on

2020-06-05 18:14:40 - [TEST_STEP][PASSED] - setText(findTestObject("Object Repository/Page_Town Square - test Mattermost/input_Current Password_currentPassword"), curpwd): Text '' is set on object 'Object Repository/Page_Town Square - test Mattermost/input_Current Password_currentPassword'

2020-06-05 18:14:41 - [MESSAGE][PASSED] - Text '' is set on object 'Object Repository/Page_Town Square - test Mattermost/input_Current Password_currentPassword'

2020-06-05 18:14:41 - [TEST_STEP][PASSED] - setText(findTestObject("Object Repository/Page_Town Square - test Mattermost/input_New Password_newPassword"), newpwd): Text '12345' is set on object 'Object Repository/Page_Town Square - test Mattermost/input_New Password_newPassword'

2020-06-05 18:14:41 - [MESSAGE][PASSED] - Text '12345' is set on object 'Object Repository/Page_Town Square - test Mattermost/input_New Password_newPassword'

2020-06-05 18:14:41 - [TEST_STEP][PASSED] - setText(findTestObject("Object Repository/Page_Town Square - test Mattermost/input_Retype New Password_confirmPassword"), newpwd1): Text '12345' is set on object 'Object Repository/Page_Town Square - test Mattermost/input_Retype New Password_confirmPassword'

2020-06-05 18:14:42 - [MESSAGE][PASSED] - Text '12345' is set on object 'Object Repository/Page_Town Square - test Mattermost/input_Retype New Password_confirmPassword'

2020-06-05 18:14:42 - [TEST_STEP][PASSED] - click(findTestObject("Object Repository/Page_Town Square - test Mattermost/span_Save")): Object: 'Object Repository/Page_Town Square - test Mattermost/span_Save' is clicked on

2020-06-05 18:14:42 - [MESSAGE][PASSED] - Object: 'Object Repository/Page_Town Square - test Mattermost/span_Save' is clicked on

2020-06-05 18:14:42 - [TEST_STEP][PASSED] - click(findTestObject("Object Repository/Page_Town Square - test Mattermost/label_Your password must contain between 5 _b964be")): Object: 'Object Repository/Page_Town Square - test Mattermost/label_Your password must contain between 5 _b964be' is clicked on

2020-06-05 18:14:43 - [MESSAGE][PASSED] - Object: 'Object Repository/Page_Town Square - test Mattermost/label_Your password must contain between 5 _b964be' is clicked on

2020-06-05 18:14:43 - [TEST_STEP][PASSED] - closeBrowser(): Browser is closed

2020-06-05 18:14:43 - [MESSAGE][PASSED] - Browser is closed]]></system-out>
         <system-err><![CDATA[]]></system-err>
      </testcase>
      <testcase name="Test Cases/datadriven/csv/TC_05_changePassword_wrong_new_password" time="19.802" classname="Test Cases/datadriven/csv/TC_05_changePassword_wrong_new_password" status="PASSED">
         <system-out><![CDATA[2020-06-05 18:14:43 - [TEST_CASE][PASSED] - Test Cases/datadriven/csv/TC_05_changePassword_wrong_new_password: Test Cases/datadriven/csv/TC_05_changePassword_wrong_new_password

2020-06-05 18:14:43 - [TEST_STEP][PASSED] - openBrowser(""): Browser is opened with url: ''

2020-06-05 18:14:43 - [MESSAGE][INFO] - Starting 'Chrome' driver

2020-06-05 18:14:43 - [MESSAGE][INFO] - Action delay is set to 0 milliseconds

2020-06-05 18:14:46 - [MESSAGE][PASSED] - Browser is opened with url: ''

2020-06-05 18:14:46 - [TEST_STEP][PASSED] - navigateToUrl("https://hw2katalonkattermost.herokuapp.com/login"): Navigate to 'https://hw2katalonkattermost.herokuapp.com/login' successfully

2020-06-05 18:14:50 - [MESSAGE][PASSED] - Navigate to 'https://hw2katalonkattermost.herokuapp.com/login' successfully

2020-06-05 18:14:50 - [TEST_STEP][PASSED] - setText(findTestObject("Object Repository/Page_Mattermost/input_All team communication in one place s_703ef5"), "vanhoang"): Text 'vanhoang' is set on object 'Object Repository/Page_Mattermost/input_All team communication in one place s_703ef5'

2020-06-05 18:14:54 - [MESSAGE][PASSED] - Text 'vanhoang' is set on object 'Object Repository/Page_Mattermost/input_All team communication in one place s_703ef5'

2020-06-05 18:14:54 - [TEST_STEP][PASSED] - setEncryptedText(findTestObject("Object Repository/Page_Mattermost/input_All team communication in one place s_2f2733"), "iGDxf8hSRT4="): Text ****** has been set on object 'Object Repository/Page_Mattermost/input_All team communication in one place s_2f2733'

2020-06-05 18:14:54 - [MESSAGE][PASSED] - Text ****** has been set on object 'Object Repository/Page_Mattermost/input_All team communication in one place s_2f2733'

2020-06-05 18:14:54 - [TEST_STEP][PASSED] - click(findTestObject("Object Repository/Page_Mattermost/span_Sign in")): Object: 'Object Repository/Page_Mattermost/span_Sign in' is clicked on

2020-06-05 18:14:55 - [MESSAGE][PASSED] - Object: 'Object Repository/Page_Mattermost/span_Sign in' is clicked on

2020-06-05 18:14:55 - [TEST_STEP][PASSED] - click(findTestObject("Object Repository/Page_Town Square - test Mattermost/button_vanhoang_style--none sidebar-header-_1c3d3c")): Object: 'Object Repository/Page_Town Square - test Mattermost/button_vanhoang_style--none sidebar-header-_1c3d3c' is clicked on

2020-06-05 18:14:58 - [MESSAGE][PASSED] - Object: 'Object Repository/Page_Town Square - test Mattermost/button_vanhoang_style--none sidebar-header-_1c3d3c' is clicked on

2020-06-05 18:14:58 - [TEST_STEP][PASSED] - click(findTestObject("Object Repository/Page_Town Square - test Mattermost/span_Account Settings")): Object: 'Object Repository/Page_Town Square - test Mattermost/span_Account Settings' is clicked on

2020-06-05 18:14:59 - [MESSAGE][PASSED] - Object: 'Object Repository/Page_Town Square - test Mattermost/span_Account Settings' is clicked on

2020-06-05 18:14:59 - [TEST_STEP][PASSED] - click(findTestObject("Object Repository/Page_Town Square - test Mattermost/button_Security")): Object: 'Object Repository/Page_Town Square - test Mattermost/button_Security' is clicked on

2020-06-05 18:14:59 - [MESSAGE][PASSED] - Object: 'Object Repository/Page_Town Square - test Mattermost/button_Security' is clicked on

2020-06-05 18:14:59 - [TEST_STEP][PASSED] - click(findTestObject("Page_ Town Square - aaaaaaaaaa Mattermost/div_PasswordEdit")): Object: 'Object Repository/Page_ Town Square - aaaaaaaaaa Mattermost/div_PasswordEdit' is clicked on

2020-06-05 18:15:00 - [MESSAGE][PASSED] - Object: 'Object Repository/Page_ Town Square - aaaaaaaaaa Mattermost/div_PasswordEdit' is clicked on

2020-06-05 18:15:00 - [TEST_STEP][PASSED] - setText(findTestObject("Object Repository/Page_Town Square - test Mattermost/input_Current Password_currentPassword"), curpwd): Text '12345' is set on object 'Object Repository/Page_Town Square - test Mattermost/input_Current Password_currentPassword'

2020-06-05 18:15:01 - [MESSAGE][PASSED] - Text '12345' is set on object 'Object Repository/Page_Town Square - test Mattermost/input_Current Password_currentPassword'

2020-06-05 18:15:01 - [TEST_STEP][PASSED] - setText(findTestObject("Object Repository/Page_Town Square - test Mattermost/input_New Password_newPassword"), newpwd): Text '12345' is set on object 'Object Repository/Page_Town Square - test Mattermost/input_New Password_newPassword'

2020-06-05 18:15:01 - [MESSAGE][PASSED] - Text '12345' is set on object 'Object Repository/Page_Town Square - test Mattermost/input_New Password_newPassword'

2020-06-05 18:15:01 - [TEST_STEP][PASSED] - setText(findTestObject("Object Repository/Page_Town Square - test Mattermost/input_Retype New Password_confirmPassword"), newpwd1): Text '' is set on object 'Object Repository/Page_Town Square - test Mattermost/input_Retype New Password_confirmPassword'

2020-06-05 18:15:02 - [MESSAGE][PASSED] - Text '' is set on object 'Object Repository/Page_Town Square - test Mattermost/input_Retype New Password_confirmPassword'

2020-06-05 18:15:02 - [TEST_STEP][PASSED] - click(findTestObject("Object Repository/Page_Town Square - test Mattermost/span_Save")): Object: 'Object Repository/Page_Town Square - test Mattermost/span_Save' is clicked on

2020-06-05 18:15:02 - [MESSAGE][PASSED] - Object: 'Object Repository/Page_Town Square - test Mattermost/span_Save' is clicked on

2020-06-05 18:15:02 - [TEST_STEP][PASSED] - click(findTestObject("Object Repository/Page_Town Square - test Mattermost/label_Your password must contain between 5 _b964be")): Object: 'Object Repository/Page_Town Square - test Mattermost/label_Your password must contain between 5 _b964be' is clicked on

2020-06-05 18:15:03 - [MESSAGE][PASSED] - Object: 'Object Repository/Page_Town Square - test Mattermost/label_Your password must contain between 5 _b964be' is clicked on

2020-06-05 18:15:03 - [TEST_STEP][PASSED] - closeBrowser(): Browser is closed

2020-06-05 18:15:03 - [MESSAGE][PASSED] - Browser is closed]]></system-out>
         <system-err><![CDATA[]]></system-err>
      </testcase>
      <testcase name="Test Cases/datadriven/csv/TC_05_changePassword_wrong_new_password" time="19.303" classname="Test Cases/datadriven/csv/TC_05_changePassword_wrong_new_password" status="PASSED">
         <system-out><![CDATA[2020-06-05 18:15:03 - [TEST_CASE][PASSED] - Test Cases/datadriven/csv/TC_05_changePassword_wrong_new_password: Test Cases/datadriven/csv/TC_05_changePassword_wrong_new_password

2020-06-05 18:15:03 - [TEST_STEP][PASSED] - openBrowser(""): Browser is opened with url: ''

2020-06-05 18:15:03 - [MESSAGE][INFO] - Starting 'Chrome' driver

2020-06-05 18:15:03 - [MESSAGE][INFO] - Action delay is set to 0 milliseconds

2020-06-05 18:15:06 - [MESSAGE][PASSED] - Browser is opened with url: ''

2020-06-05 18:15:06 - [TEST_STEP][PASSED] - navigateToUrl("https://hw2katalonkattermost.herokuapp.com/login"): Navigate to 'https://hw2katalonkattermost.herokuapp.com/login' successfully

2020-06-05 18:15:09 - [MESSAGE][PASSED] - Navigate to 'https://hw2katalonkattermost.herokuapp.com/login' successfully

2020-06-05 18:15:09 - [TEST_STEP][PASSED] - setText(findTestObject("Object Repository/Page_Mattermost/input_All team communication in one place s_703ef5"), "vanhoang"): Text 'vanhoang' is set on object 'Object Repository/Page_Mattermost/input_All team communication in one place s_703ef5'

2020-06-05 18:15:13 - [MESSAGE][PASSED] - Text 'vanhoang' is set on object 'Object Repository/Page_Mattermost/input_All team communication in one place s_703ef5'

2020-06-05 18:15:13 - [TEST_STEP][PASSED] - setEncryptedText(findTestObject("Object Repository/Page_Mattermost/input_All team communication in one place s_2f2733"), "iGDxf8hSRT4="): Text ****** has been set on object 'Object Repository/Page_Mattermost/input_All team communication in one place s_2f2733'

2020-06-05 18:15:13 - [MESSAGE][PASSED] - Text ****** has been set on object 'Object Repository/Page_Mattermost/input_All team communication in one place s_2f2733'

2020-06-05 18:15:13 - [TEST_STEP][PASSED] - click(findTestObject("Object Repository/Page_Mattermost/span_Sign in")): Object: 'Object Repository/Page_Mattermost/span_Sign in' is clicked on

2020-06-05 18:15:14 - [MESSAGE][PASSED] - Object: 'Object Repository/Page_Mattermost/span_Sign in' is clicked on

2020-06-05 18:15:14 - [TEST_STEP][PASSED] - click(findTestObject("Object Repository/Page_Town Square - test Mattermost/button_vanhoang_style--none sidebar-header-_1c3d3c")): Object: 'Object Repository/Page_Town Square - test Mattermost/button_vanhoang_style--none sidebar-header-_1c3d3c' is clicked on

2020-06-05 18:15:17 - [MESSAGE][PASSED] - Object: 'Object Repository/Page_Town Square - test Mattermost/button_vanhoang_style--none sidebar-header-_1c3d3c' is clicked on

2020-06-05 18:15:17 - [TEST_STEP][PASSED] - click(findTestObject("Object Repository/Page_Town Square - test Mattermost/span_Account Settings")): Object: 'Object Repository/Page_Town Square - test Mattermost/span_Account Settings' is clicked on

2020-06-05 18:15:18 - [MESSAGE][PASSED] - Object: 'Object Repository/Page_Town Square - test Mattermost/span_Account Settings' is clicked on

2020-06-05 18:15:18 - [TEST_STEP][PASSED] - click(findTestObject("Object Repository/Page_Town Square - test Mattermost/button_Security")): Object: 'Object Repository/Page_Town Square - test Mattermost/button_Security' is clicked on

2020-06-05 18:15:19 - [MESSAGE][PASSED] - Object: 'Object Repository/Page_Town Square - test Mattermost/button_Security' is clicked on

2020-06-05 18:15:19 - [TEST_STEP][PASSED] - click(findTestObject("Page_ Town Square - aaaaaaaaaa Mattermost/div_PasswordEdit")): Object: 'Object Repository/Page_ Town Square - aaaaaaaaaa Mattermost/div_PasswordEdit' is clicked on

2020-06-05 18:15:19 - [MESSAGE][PASSED] - Object: 'Object Repository/Page_ Town Square - aaaaaaaaaa Mattermost/div_PasswordEdit' is clicked on

2020-06-05 18:15:19 - [TEST_STEP][PASSED] - setText(findTestObject("Object Repository/Page_Town Square - test Mattermost/input_Current Password_currentPassword"), curpwd): Text '12345' is set on object 'Object Repository/Page_Town Square - test Mattermost/input_Current Password_currentPassword'

2020-06-05 18:15:20 - [MESSAGE][PASSED] - Text '12345' is set on object 'Object Repository/Page_Town Square - test Mattermost/input_Current Password_currentPassword'

2020-06-05 18:15:20 - [TEST_STEP][PASSED] - setText(findTestObject("Object Repository/Page_Town Square - test Mattermost/input_New Password_newPassword"), newpwd): Text '' is set on object 'Object Repository/Page_Town Square - test Mattermost/input_New Password_newPassword'

2020-06-05 18:15:21 - [MESSAGE][PASSED] - Text '' is set on object 'Object Repository/Page_Town Square - test Mattermost/input_New Password_newPassword'

2020-06-05 18:15:21 - [TEST_STEP][PASSED] - setText(findTestObject("Object Repository/Page_Town Square - test Mattermost/input_Retype New Password_confirmPassword"), newpwd1): Text '12345' is set on object 'Object Repository/Page_Town Square - test Mattermost/input_Retype New Password_confirmPassword'

2020-06-05 18:15:21 - [MESSAGE][PASSED] - Text '12345' is set on object 'Object Repository/Page_Town Square - test Mattermost/input_Retype New Password_confirmPassword'

2020-06-05 18:15:21 - [TEST_STEP][PASSED] - click(findTestObject("Object Repository/Page_Town Square - test Mattermost/span_Save")): Object: 'Object Repository/Page_Town Square - test Mattermost/span_Save' is clicked on

2020-06-05 18:15:21 - [MESSAGE][PASSED] - Object: 'Object Repository/Page_Town Square - test Mattermost/span_Save' is clicked on

2020-06-05 18:15:21 - [TEST_STEP][PASSED] - click(findTestObject("Object Repository/Page_Town Square - test Mattermost/label_Your password must contain between 5 _b964be")): Object: 'Object Repository/Page_Town Square - test Mattermost/label_Your password must contain between 5 _b964be' is clicked on

2020-06-05 18:15:22 - [MESSAGE][PASSED] - Object: 'Object Repository/Page_Town Square - test Mattermost/label_Your password must contain between 5 _b964be' is clicked on

2020-06-05 18:15:22 - [TEST_STEP][PASSED] - closeBrowser(): Browser is closed

2020-06-05 18:15:22 - [MESSAGE][PASSED] - Browser is closed]]></system-out>
         <system-err><![CDATA[]]></system-err>
      </testcase>
      <testcase name="Test Cases/datadriven/csv/TC_05_changePassword_wrong_new_password" time="19.444" classname="Test Cases/datadriven/csv/TC_05_changePassword_wrong_new_password" status="PASSED">
         <system-out><![CDATA[2020-06-05 18:15:22 - [TEST_CASE][PASSED] - Test Cases/datadriven/csv/TC_05_changePassword_wrong_new_password: Test Cases/datadriven/csv/TC_05_changePassword_wrong_new_password

2020-06-05 18:15:22 - [TEST_STEP][PASSED] - openBrowser(""): Browser is opened with url: ''

2020-06-05 18:15:22 - [MESSAGE][INFO] - Starting 'Chrome' driver

2020-06-05 18:15:22 - [MESSAGE][INFO] - Action delay is set to 0 milliseconds

2020-06-05 18:15:26 - [MESSAGE][PASSED] - Browser is opened with url: ''

2020-06-05 18:15:26 - [TEST_STEP][PASSED] - navigateToUrl("https://hw2katalonkattermost.herokuapp.com/login"): Navigate to 'https://hw2katalonkattermost.herokuapp.com/login' successfully

2020-06-05 18:15:28 - [MESSAGE][PASSED] - Navigate to 'https://hw2katalonkattermost.herokuapp.com/login' successfully

2020-06-05 18:15:28 - [TEST_STEP][PASSED] - setText(findTestObject("Object Repository/Page_Mattermost/input_All team communication in one place s_703ef5"), "vanhoang"): Text 'vanhoang' is set on object 'Object Repository/Page_Mattermost/input_All team communication in one place s_703ef5'

2020-06-05 18:15:32 - [MESSAGE][PASSED] - Text 'vanhoang' is set on object 'Object Repository/Page_Mattermost/input_All team communication in one place s_703ef5'

2020-06-05 18:15:32 - [TEST_STEP][PASSED] - setEncryptedText(findTestObject("Object Repository/Page_Mattermost/input_All team communication in one place s_2f2733"), "iGDxf8hSRT4="): Text ****** has been set on object 'Object Repository/Page_Mattermost/input_All team communication in one place s_2f2733'

2020-06-05 18:15:33 - [MESSAGE][PASSED] - Text ****** has been set on object 'Object Repository/Page_Mattermost/input_All team communication in one place s_2f2733'

2020-06-05 18:15:33 - [TEST_STEP][PASSED] - click(findTestObject("Object Repository/Page_Mattermost/span_Sign in")): Object: 'Object Repository/Page_Mattermost/span_Sign in' is clicked on

2020-06-05 18:15:33 - [MESSAGE][PASSED] - Object: 'Object Repository/Page_Mattermost/span_Sign in' is clicked on

2020-06-05 18:15:33 - [TEST_STEP][PASSED] - click(findTestObject("Object Repository/Page_Town Square - test Mattermost/button_vanhoang_style--none sidebar-header-_1c3d3c")): Object: 'Object Repository/Page_Town Square - test Mattermost/button_vanhoang_style--none sidebar-header-_1c3d3c' is clicked on

2020-06-05 18:15:36 - [MESSAGE][PASSED] - Object: 'Object Repository/Page_Town Square - test Mattermost/button_vanhoang_style--none sidebar-header-_1c3d3c' is clicked on

2020-06-05 18:15:36 - [TEST_STEP][PASSED] - click(findTestObject("Object Repository/Page_Town Square - test Mattermost/span_Account Settings")): Object: 'Object Repository/Page_Town Square - test Mattermost/span_Account Settings' is clicked on

2020-06-05 18:15:37 - [MESSAGE][PASSED] - Object: 'Object Repository/Page_Town Square - test Mattermost/span_Account Settings' is clicked on

2020-06-05 18:15:37 - [TEST_STEP][PASSED] - click(findTestObject("Object Repository/Page_Town Square - test Mattermost/button_Security")): Object: 'Object Repository/Page_Town Square - test Mattermost/button_Security' is clicked on

2020-06-05 18:15:38 - [MESSAGE][PASSED] - Object: 'Object Repository/Page_Town Square - test Mattermost/button_Security' is clicked on

2020-06-05 18:15:38 - [TEST_STEP][PASSED] - click(findTestObject("Page_ Town Square - aaaaaaaaaa Mattermost/div_PasswordEdit")): Object: 'Object Repository/Page_ Town Square - aaaaaaaaaa Mattermost/div_PasswordEdit' is clicked on

2020-06-05 18:15:39 - [MESSAGE][PASSED] - Object: 'Object Repository/Page_ Town Square - aaaaaaaaaa Mattermost/div_PasswordEdit' is clicked on

2020-06-05 18:15:39 - [TEST_STEP][PASSED] - setText(findTestObject("Object Repository/Page_Town Square - test Mattermost/input_Current Password_currentPassword"), curpwd): Text '12345' is set on object 'Object Repository/Page_Town Square - test Mattermost/input_Current Password_currentPassword'

2020-06-05 18:15:39 - [MESSAGE][PASSED] - Text '12345' is set on object 'Object Repository/Page_Town Square - test Mattermost/input_Current Password_currentPassword'

2020-06-05 18:15:39 - [TEST_STEP][PASSED] - setText(findTestObject("Object Repository/Page_Town Square - test Mattermost/input_New Password_newPassword"), newpwd): Text '' is set on object 'Object Repository/Page_Town Square - test Mattermost/input_New Password_newPassword'

2020-06-05 18:15:40 - [MESSAGE][PASSED] - Text '' is set on object 'Object Repository/Page_Town Square - test Mattermost/input_New Password_newPassword'

2020-06-05 18:15:40 - [TEST_STEP][PASSED] - setText(findTestObject("Object Repository/Page_Town Square - test Mattermost/input_Retype New Password_confirmPassword"), newpwd1): Text '' is set on object 'Object Repository/Page_Town Square - test Mattermost/input_Retype New Password_confirmPassword'

2020-06-05 18:15:41 - [MESSAGE][PASSED] - Text '' is set on object 'Object Repository/Page_Town Square - test Mattermost/input_Retype New Password_confirmPassword'

2020-06-05 18:15:41 - [TEST_STEP][PASSED] - click(findTestObject("Object Repository/Page_Town Square - test Mattermost/span_Save")): Object: 'Object Repository/Page_Town Square - test Mattermost/span_Save' is clicked on

2020-06-05 18:15:41 - [MESSAGE][PASSED] - Object: 'Object Repository/Page_Town Square - test Mattermost/span_Save' is clicked on

2020-06-05 18:15:41 - [TEST_STEP][PASSED] - click(findTestObject("Object Repository/Page_Town Square - test Mattermost/label_Your password must contain between 5 _b964be")): Object: 'Object Repository/Page_Town Square - test Mattermost/label_Your password must contain between 5 _b964be' is clicked on

2020-06-05 18:15:41 - [MESSAGE][PASSED] - Object: 'Object Repository/Page_Town Square - test Mattermost/label_Your password must contain between 5 _b964be' is clicked on

2020-06-05 18:15:41 - [TEST_STEP][PASSED] - closeBrowser(): Browser is closed

2020-06-05 18:15:42 - [MESSAGE][PASSED] - Browser is closed]]></system-out>
         <system-err><![CDATA[]]></system-err>
      </testcase>
      <testcase name="Test Cases/datadriven/csv/TC_05_changePassword_wrong_new_password" time="63.003" classname="Test Cases/datadriven/csv/TC_05_changePassword_wrong_new_password" status="FAILED">
         <failure type="FAILED" message="Test Cases/datadriven/csv/TC_05_changePassword_wrong_new_password FAILED.
Reason:
com.kms.katalon.core.exception.StepFailedException: Unable to click on object 'Object Repository/Page_Town Square - test Mattermost/label_Your password must contain between 5 _b964be'
	at com.kms.katalon.core.webui.keyword.internal.WebUIKeywordMain.stepFailed(WebUIKeywordMain.groovy:64)
	at com.kms.katalon.core.webui.keyword.internal.WebUIKeywordMain.runKeyword(WebUIKeywordMain.groovy:26)
	at com.kms.katalon.core.webui.keyword.builtin.ClickKeyword.click(ClickKeyword.groovy:76)
	at com.kms.katalon.core.webui.keyword.builtin.ClickKeyword.execute(ClickKeyword.groovy:43)
	at com.kms.katalon.core.keyword.internal.KeywordExecutor.executeKeywordForPlatform(KeywordExecutor.groovy:72)
	at com.kms.katalon.core.webui.keyword.WebUiBuiltInKeywords.click(WebUiBuiltInKeywords.groovy:616)
	at com.kms.katalon.core.webui.keyword.WebUiBuiltInKeywords$click$3.call(Unknown Source)
	at TC_05_changePassword_wrong_new_password.run(TC_05_changePassword_wrong_new_password:48)
	at com.kms.katalon.core.main.ScriptEngine.run(ScriptEngine.java:194)
	at com.kms.katalon.core.main.ScriptEngine.runScriptAsRawText(ScriptEngine.java:119)
	at com.kms.katalon.core.main.TestCaseExecutor.runScript(TestCaseExecutor.java:337)
	at com.kms.katalon.core.main.TestCaseExecutor.doExecute(TestCaseExecutor.java:328)
	at com.kms.katalon.core.main.TestCaseExecutor.processExecutionPhase(TestCaseExecutor.java:307)
	at com.kms.katalon.core.main.TestCaseExecutor.accessMainPhase(TestCaseExecutor.java:299)
	at com.kms.katalon.core.main.TestCaseExecutor.execute(TestCaseExecutor.java:233)
	at com.kms.katalon.core.main.TestSuiteExecutor.accessTestCaseMainPhase(TestSuiteExecutor.java:169)
	at com.kms.katalon.core.main.TestSuiteExecutor.accessTestSuiteMainPhase(TestSuiteExecutor.java:142)
	at com.kms.katalon.core.main.TestSuiteExecutor.execute(TestSuiteExecutor.java:91)
	at com.kms.katalon.core.main.TestCaseMain.startTestSuite(TestCaseMain.java:157)
	at com.kms.katalon.core.main.TestCaseMain$startTestSuite$0.call(Unknown Source)
	at TempTestSuite1591354937913.run(TempTestSuite1591354937913.groovy:37)
Caused by: com.kms.katalon.core.webui.exception.WebElementNotFoundException: Web element with id: 'Object Repository/Page_Town Square - test Mattermost/label_Your password must contain between 5 _b964be' located by 'By.xpath: //label[@id='clientError']' not found
	at com.kms.katalon.core.webui.common.WebUiCommonHelper.findWebElement(WebUiCommonHelper.java:1154)
	at com.kms.katalon.core.webui.keyword.internal.WebUIAbstractKeyword.findWebElement(WebUIAbstractKeyword.groovy:27)
	at com.kms.katalon.core.webui.keyword.internal.WebUIAbstractKeyword.findWebElement(WebUIAbstractKeyword.groovy:26)
	at com.kms.katalon.core.webui.keyword.builtin.ClickKeyword$_click_closure1.doCall(ClickKeyword.groovy:67)
	at com.kms.katalon.core.webui.keyword.builtin.ClickKeyword$_click_closure1.call(ClickKeyword.groovy)
	at com.kms.katalon.core.webui.keyword.internal.WebUIKeywordMain.runKeyword(WebUIKeywordMain.groovy:20)
	... 19 more
"/>
         <system-out><![CDATA[2020-06-05 18:15:42 - [TEST_CASE][FAILED] - Test Cases/datadriven/csv/TC_05_changePassword_wrong_new_password: Test Cases/datadriven/csv/TC_05_changePassword_wrong_new_password FAILED.
Reason:
com.kms.katalon.core.exception.StepFailedException: Unable to click on object 'Object Repository/Page_Town Square - test Mattermost/label_Your password must contain between 5 _b964be'
	at com.kms.katalon.core.webui.keyword.internal.WebUIKeywordMain.stepFailed(WebUIKeywordMain.groovy:64)
	at com.kms.katalon.core.webui.keyword.internal.WebUIKeywordMain.runKeyword(WebUIKeywordMain.groovy:26)
	at com.kms.katalon.core.webui.keyword.builtin.ClickKeyword.click(ClickKeyword.groovy:76)
	at com.kms.katalon.core.webui.keyword.builtin.ClickKeyword.execute(ClickKeyword.groovy:43)
	at com.kms.katalon.core.keyword.internal.KeywordExecutor.executeKeywordForPlatform(KeywordExecutor.groovy:72)
	at com.kms.katalon.core.webui.keyword.WebUiBuiltInKeywords.click(WebUiBuiltInKeywords.groovy:616)
	at com.kms.katalon.core.webui.keyword.WebUiBuiltInKeywords$click$3.call(Unknown Source)
	at TC_05_changePassword_wrong_new_password.run(TC_05_changePassword_wrong_new_password:48)
	at com.kms.katalon.core.main.ScriptEngine.run(ScriptEngine.java:194)
	at com.kms.katalon.core.main.ScriptEngine.runScriptAsRawText(ScriptEngine.java:119)
	at com.kms.katalon.core.main.TestCaseExecutor.runScript(TestCaseExecutor.java:337)
	at com.kms.katalon.core.main.TestCaseExecutor.doExecute(TestCaseExecutor.java:328)
	at com.kms.katalon.core.main.TestCaseExecutor.processExecutionPhase(TestCaseExecutor.java:307)
	at com.kms.katalon.core.main.TestCaseExecutor.accessMainPhase(TestCaseExecutor.java:299)
	at com.kms.katalon.core.main.TestCaseExecutor.execute(TestCaseExecutor.java:233)
	at com.kms.katalon.core.main.TestSuiteExecutor.accessTestCaseMainPhase(TestSuiteExecutor.java:169)
	at com.kms.katalon.core.main.TestSuiteExecutor.accessTestSuiteMainPhase(TestSuiteExecutor.java:142)
	at com.kms.katalon.core.main.TestSuiteExecutor.execute(TestSuiteExecutor.java:91)
	at com.kms.katalon.core.main.TestCaseMain.startTestSuite(TestCaseMain.java:157)
	at com.kms.katalon.core.main.TestCaseMain$startTestSuite$0.call(Unknown Source)
	at TempTestSuite1591354937913.run(TempTestSuite1591354937913.groovy:37)
Caused by: com.kms.katalon.core.webui.exception.WebElementNotFoundException: Web element with id: 'Object Repository/Page_Town Square - test Mattermost/label_Your password must contain between 5 _b964be' located by 'By.xpath: //label[@id='clientError']' not found
	at com.kms.katalon.core.webui.common.WebUiCommonHelper.findWebElement(WebUiCommonHelper.java:1154)
	at com.kms.katalon.core.webui.keyword.internal.WebUIAbstractKeyword.findWebElement(WebUIAbstractKeyword.groovy:27)
	at com.kms.katalon.core.webui.keyword.internal.WebUIAbstractKeyword.findWebElement(WebUIAbstractKeyword.groovy:26)
	at com.kms.katalon.core.webui.keyword.builtin.ClickKeyword$_click_closure1.doCall(ClickKeyword.groovy:67)
	at com.kms.katalon.core.webui.keyword.builtin.ClickKeyword$_click_closure1.call(ClickKeyword.groovy)
	at com.kms.katalon.core.webui.keyword.internal.WebUIKeywordMain.runKeyword(WebUIKeywordMain.groovy:20)
	... 19 more


2020-06-05 18:15:42 - [TEST_STEP][PASSED] - openBrowser(""): Browser is opened with url: ''

2020-06-05 18:15:42 - [MESSAGE][INFO] - Starting 'Chrome' driver

2020-06-05 18:15:42 - [MESSAGE][INFO] - Action delay is set to 0 milliseconds

2020-06-05 18:15:45 - [MESSAGE][PASSED] - Browser is opened with url: ''

2020-06-05 18:15:45 - [TEST_STEP][PASSED] - navigateToUrl("https://hw2katalonkattermost.herokuapp.com/login"): Navigate to 'https://hw2katalonkattermost.herokuapp.com/login' successfully

2020-06-05 18:15:48 - [MESSAGE][PASSED] - Navigate to 'https://hw2katalonkattermost.herokuapp.com/login' successfully

2020-06-05 18:15:48 - [TEST_STEP][PASSED] - setText(findTestObject("Object Repository/Page_Mattermost/input_All team communication in one place s_703ef5"), "vanhoang"): Text 'vanhoang' is set on object 'Object Repository/Page_Mattermost/input_All team communication in one place s_703ef5'

2020-06-05 18:15:53 - [MESSAGE][PASSED] - Text 'vanhoang' is set on object 'Object Repository/Page_Mattermost/input_All team communication in one place s_703ef5'

2020-06-05 18:15:53 - [TEST_STEP][PASSED] - setEncryptedText(findTestObject("Object Repository/Page_Mattermost/input_All team communication in one place s_2f2733"), "iGDxf8hSRT4="): Text ****** has been set on object 'Object Repository/Page_Mattermost/input_All team communication in one place s_2f2733'

2020-06-05 18:15:53 - [MESSAGE][PASSED] - Text ****** has been set on object 'Object Repository/Page_Mattermost/input_All team communication in one place s_2f2733'

2020-06-05 18:15:53 - [TEST_STEP][PASSED] - click(findTestObject("Object Repository/Page_Mattermost/span_Sign in")): Object: 'Object Repository/Page_Mattermost/span_Sign in' is clicked on

2020-06-05 18:15:54 - [MESSAGE][PASSED] - Object: 'Object Repository/Page_Mattermost/span_Sign in' is clicked on

2020-06-05 18:15:54 - [TEST_STEP][PASSED] - click(findTestObject("Object Repository/Page_Town Square - test Mattermost/button_vanhoang_style--none sidebar-header-_1c3d3c")): Object: 'Object Repository/Page_Town Square - test Mattermost/button_vanhoang_style--none sidebar-header-_1c3d3c' is clicked on

2020-06-05 18:15:57 - [MESSAGE][PASSED] - Object: 'Object Repository/Page_Town Square - test Mattermost/button_vanhoang_style--none sidebar-header-_1c3d3c' is clicked on

2020-06-05 18:15:57 - [TEST_STEP][PASSED] - click(findTestObject("Object Repository/Page_Town Square - test Mattermost/span_Account Settings")): Object: 'Object Repository/Page_Town Square - test Mattermost/span_Account Settings' is clicked on

2020-06-05 18:15:58 - [MESSAGE][PASSED] - Object: 'Object Repository/Page_Town Square - test Mattermost/span_Account Settings' is clicked on

2020-06-05 18:15:58 - [TEST_STEP][PASSED] - click(findTestObject("Object Repository/Page_Town Square - test Mattermost/button_Security")): Object: 'Object Repository/Page_Town Square - test Mattermost/button_Security' is clicked on

2020-06-05 18:15:59 - [MESSAGE][PASSED] - Object: 'Object Repository/Page_Town Square - test Mattermost/button_Security' is clicked on

2020-06-05 18:15:59 - [TEST_STEP][PASSED] - click(findTestObject("Page_ Town Square - aaaaaaaaaa Mattermost/div_PasswordEdit")): Object: 'Object Repository/Page_ Town Square - aaaaaaaaaa Mattermost/div_PasswordEdit' is clicked on

2020-06-05 18:16:00 - [MESSAGE][PASSED] - Object: 'Object Repository/Page_ Town Square - aaaaaaaaaa Mattermost/div_PasswordEdit' is clicked on

2020-06-05 18:16:00 - [TEST_STEP][PASSED] - setText(findTestObject("Object Repository/Page_Town Square - test Mattermost/input_Current Password_currentPassword"), curpwd): Text '12345' is set on object 'Object Repository/Page_Town Square - test Mattermost/input_Current Password_currentPassword'

2020-06-05 18:16:00 - [MESSAGE][PASSED] - Text '12345' is set on object 'Object Repository/Page_Town Square - test Mattermost/input_Current Password_currentPassword'

2020-06-05 18:16:00 - [TEST_STEP][PASSED] - setText(findTestObject("Object Repository/Page_Town Square - test Mattermost/input_New Password_newPassword"), newpwd): Text '12345' is set on object 'Object Repository/Page_Town Square - test Mattermost/input_New Password_newPassword'

2020-06-05 18:16:01 - [MESSAGE][PASSED] - Text '12345' is set on object 'Object Repository/Page_Town Square - test Mattermost/input_New Password_newPassword'

2020-06-05 18:16:01 - [TEST_STEP][PASSED] - setText(findTestObject("Object Repository/Page_Town Square - test Mattermost/input_Retype New Password_confirmPassword"), newpwd1): Text '12345' is set on object 'Object Repository/Page_Town Square - test Mattermost/input_Retype New Password_confirmPassword'

2020-06-05 18:16:01 - [MESSAGE][PASSED] - Text '12345' is set on object 'Object Repository/Page_Town Square - test Mattermost/input_Retype New Password_confirmPassword'

2020-06-05 18:16:01 - [TEST_STEP][PASSED] - click(findTestObject("Object Repository/Page_Town Square - test Mattermost/span_Save")): Object: 'Object Repository/Page_Town Square - test Mattermost/span_Save' is clicked on

2020-06-05 18:16:02 - [MESSAGE][PASSED] - Object: 'Object Repository/Page_Town Square - test Mattermost/span_Save' is clicked on

2020-06-05 18:16:02 - [TEST_STEP][FAILED] - click(findTestObject("Object Repository/Page_Town Square - test Mattermost/label_Your password must contain between 5 _b964be")): Unable to click on object 'Object Repository/Page_Town Square - test Mattermost/label_Your password must contain between 5 _b964be' (Root cause: com.kms.katalon.core.exception.StepFailedException: Unable to click on object 'Object Repository/Page_Town Square - test Mattermost/label_Your password must contain between 5 _b964be'
	at com.kms.katalon.core.webui.keyword.internal.WebUIKeywordMain.stepFailed(WebUIKeywordMain.groovy:64)
	at com.kms.katalon.core.webui.keyword.internal.WebUIKeywordMain.runKeyword(WebUIKeywordMain.groovy:26)
	at com.kms.katalon.core.webui.keyword.builtin.ClickKeyword.click(ClickKeyword.groovy:76)
	at com.kms.katalon.core.webui.keyword.builtin.ClickKeyword.execute(ClickKeyword.groovy:43)
	at com.kms.katalon.core.keyword.internal.KeywordExecutor.executeKeywordForPlatform(KeywordExecutor.groovy:72)
	at com.kms.katalon.core.webui.keyword.WebUiBuiltInKeywords.click(WebUiBuiltInKeywords.groovy:616)
	at com.kms.katalon.core.webui.keyword.WebUiBuiltInKeywords$click$3.call(Unknown Source)
	at TC_05_changePassword_wrong_new_password.run(TC_05_changePassword_wrong_new_password:48)
	at com.kms.katalon.core.main.ScriptEngine.run(ScriptEngine.java:194)
	at com.kms.katalon.core.main.ScriptEngine.runScriptAsRawText(ScriptEngine.java:119)
	at com.kms.katalon.core.main.TestCaseExecutor.runScript(TestCaseExecutor.java:337)
	at com.kms.katalon.core.main.TestCaseExecutor.doExecute(TestCaseExecutor.java:328)
	at com.kms.katalon.core.main.TestCaseExecutor.processExecutionPhase(TestCaseExecutor.java:307)
	at com.kms.katalon.core.main.TestCaseExecutor.accessMainPhase(TestCaseExecutor.java:299)
	at com.kms.katalon.core.main.TestCaseExecutor.execute(TestCaseExecutor.java:233)
	at com.kms.katalon.core.main.TestSuiteExecutor.accessTestCaseMainPhase(TestSuiteExecutor.java:169)
	at com.kms.katalon.core.main.TestSuiteExecutor.accessTestSuiteMainPhase(TestSuiteExecutor.java:142)
	at com.kms.katalon.core.main.TestSuiteExecutor.execute(TestSuiteExecutor.java:91)
	at com.kms.katalon.core.main.TestCaseMain.startTestSuite(TestCaseMain.java:157)
	at com.kms.katalon.core.main.TestCaseMain$startTestSuite$0.call(Unknown Source)
	at TempTestSuite1591354937913.run(TempTestSuite1591354937913.groovy:37)
Caused by: com.kms.katalon.core.webui.exception.WebElementNotFoundException: Web element with id: 'Object Repository/Page_Town Square - test Mattermost/label_Your password must contain between 5 _b964be' located by 'By.xpath: //label[@id='clientError']' not found
	at com.kms.katalon.core.webui.common.WebUiCommonHelper.findWebElement(WebUiCommonHelper.java:1154)
	at com.kms.katalon.core.webui.keyword.internal.WebUIAbstractKeyword.findWebElement(WebUIAbstractKeyword.groovy:27)
	at com.kms.katalon.core.webui.keyword.internal.WebUIAbstractKeyword.findWebElement(WebUIAbstractKeyword.groovy:26)
	at com.kms.katalon.core.webui.keyword.builtin.ClickKeyword$_click_closure1.doCall(ClickKeyword.groovy:67)
	at com.kms.katalon.core.webui.keyword.builtin.ClickKeyword$_click_closure1.call(ClickKeyword.groovy)
	at com.kms.katalon.core.webui.keyword.internal.WebUIKeywordMain.runKeyword(WebUIKeywordMain.groovy:20)
	at com.kms.katalon.core.webui.keyword.builtin.ClickKeyword.click(ClickKeyword.groovy:76)
	at com.kms.katalon.core.webui.keyword.builtin.ClickKeyword.execute(ClickKeyword.groovy:43)
	at com.kms.katalon.core.keyword.internal.KeywordExecutor.executeKeywordForPlatform(KeywordExecutor.groovy:72)
	at com.kms.katalon.core.webui.keyword.WebUiBuiltInKeywords.click(WebUiBuiltInKeywords.groovy:616)
	at com.kms.katalon.core.webui.keyword.WebUiBuiltInKeywords$click$3.call(Unknown Source)
	at Script1591328257835.run(Script1591328257835.groovy:48)
	... 13 more
)

2020-06-05 18:16:45 - [MESSAGE][INFO] - Unable to find the element located by 'By.xpath: //label[@id='clientError']'. Please recheck the objects properties to make sure the desired element is located. 

2020-06-05 18:16:45 - [MESSAGE][FAILED] - Unable to click on object 'Object Repository/Page_Town Square - test Mattermost/label_Your password must contain between 5 _b964be' (Root cause: com.kms.katalon.core.exception.StepFailedException: Unable to click on object 'Object Repository/Page_Town Square - test Mattermost/label_Your password must contain between 5 _b964be'
	at com.kms.katalon.core.webui.keyword.internal.WebUIKeywordMain.stepFailed(WebUIKeywordMain.groovy:64)
	at com.kms.katalon.core.webui.keyword.internal.WebUIKeywordMain.runKeyword(WebUIKeywordMain.groovy:26)
	at com.kms.katalon.core.webui.keyword.builtin.ClickKeyword.click(ClickKeyword.groovy:76)
	at com.kms.katalon.core.webui.keyword.builtin.ClickKeyword.execute(ClickKeyword.groovy:43)
	at com.kms.katalon.core.keyword.internal.KeywordExecutor.executeKeywordForPlatform(KeywordExecutor.groovy:72)
	at com.kms.katalon.core.webui.keyword.WebUiBuiltInKeywords.click(WebUiBuiltInKeywords.groovy:616)
	at com.kms.katalon.core.webui.keyword.WebUiBuiltInKeywords$click$3.call(Unknown Source)
	at TC_05_changePassword_wrong_new_password.run(TC_05_changePassword_wrong_new_password:48)
	at com.kms.katalon.core.main.ScriptEngine.run(ScriptEngine.java:194)
	at com.kms.katalon.core.main.ScriptEngine.runScriptAsRawText(ScriptEngine.java:119)
	at com.kms.katalon.core.main.TestCaseExecutor.runScript(TestCaseExecutor.java:337)
	at com.kms.katalon.core.main.TestCaseExecutor.doExecute(TestCaseExecutor.java:328)
	at com.kms.katalon.core.main.TestCaseExecutor.processExecutionPhase(TestCaseExecutor.java:307)
	at com.kms.katalon.core.main.TestCaseExecutor.accessMainPhase(TestCaseExecutor.java:299)
	at com.kms.katalon.core.main.TestCaseExecutor.execute(TestCaseExecutor.java:233)
	at com.kms.katalon.core.main.TestSuiteExecutor.accessTestCaseMainPhase(TestSuiteExecutor.java:169)
	at com.kms.katalon.core.main.TestSuiteExecutor.accessTestSuiteMainPhase(TestSuiteExecutor.java:142)
	at com.kms.katalon.core.main.TestSuiteExecutor.execute(TestSuiteExecutor.java:91)
	at com.kms.katalon.core.main.TestCaseMain.startTestSuite(TestCaseMain.java:157)
	at com.kms.katalon.core.main.TestCaseMain$startTestSuite$0.call(Unknown Source)
	at TempTestSuite1591354937913.run(TempTestSuite1591354937913.groovy:37)
Caused by: com.kms.katalon.core.webui.exception.WebElementNotFoundException: Web element with id: 'Object Repository/Page_Town Square - test Mattermost/label_Your password must contain between 5 _b964be' located by 'By.xpath: //label[@id='clientError']' not found
	at com.kms.katalon.core.webui.common.WebUiCommonHelper.findWebElement(WebUiCommonHelper.java:1154)
	at com.kms.katalon.core.webui.keyword.internal.WebUIAbstractKeyword.findWebElement(WebUIAbstractKeyword.groovy:27)
	at com.kms.katalon.core.webui.keyword.internal.WebUIAbstractKeyword.findWebElement(WebUIAbstractKeyword.groovy:26)
	at com.kms.katalon.core.webui.keyword.builtin.ClickKeyword$_click_closure1.doCall(ClickKeyword.groovy:67)
	at com.kms.katalon.core.webui.keyword.builtin.ClickKeyword$_click_closure1.call(ClickKeyword.groovy)
	at com.kms.katalon.core.webui.keyword.internal.WebUIKeywordMain.runKeyword(WebUIKeywordMain.groovy:20)
	at com.kms.katalon.core.webui.keyword.builtin.ClickKeyword.click(ClickKeyword.groovy:76)
	at com.kms.katalon.core.webui.keyword.builtin.ClickKeyword.execute(ClickKeyword.groovy:43)
	at com.kms.katalon.core.keyword.internal.KeywordExecutor.executeKeywordForPlatform(KeywordExecutor.groovy:72)
	at com.kms.katalon.core.webui.keyword.WebUiBuiltInKeywords.click(WebUiBuiltInKeywords.groovy:616)
	at com.kms.katalon.core.webui.keyword.WebUiBuiltInKeywords$click$3.call(Unknown Source)
	at Script1591328257835.run(Script1591328257835.groovy:48)
	... 13 more
)
[[ATTACHMENT|C:\\Users\\Van Hoang\\git\\1512660_hw2_katalon\\Reports\\20200605_180217\\Run all test cases\\20200605_180217\\1591355805130.png]]]]></system-out>
         <system-err><![CDATA[2020-06-05 18:15:42 - [TEST_CASE][FAILED] - Test Cases/datadriven/csv/TC_05_changePassword_wrong_new_password: Test Cases/datadriven/csv/TC_05_changePassword_wrong_new_password FAILED.
Reason:
com.kms.katalon.core.exception.StepFailedException: Unable to click on object 'Object Repository/Page_Town Square - test Mattermost/label_Your password must contain between 5 _b964be'
	at com.kms.katalon.core.webui.keyword.internal.WebUIKeywordMain.stepFailed(WebUIKeywordMain.groovy:64)
	at com.kms.katalon.core.webui.keyword.internal.WebUIKeywordMain.runKeyword(WebUIKeywordMain.groovy:26)
	at com.kms.katalon.core.webui.keyword.builtin.ClickKeyword.click(ClickKeyword.groovy:76)
	at com.kms.katalon.core.webui.keyword.builtin.ClickKeyword.execute(ClickKeyword.groovy:43)
	at com.kms.katalon.core.keyword.internal.KeywordExecutor.executeKeywordForPlatform(KeywordExecutor.groovy:72)
	at com.kms.katalon.core.webui.keyword.WebUiBuiltInKeywords.click(WebUiBuiltInKeywords.groovy:616)
	at com.kms.katalon.core.webui.keyword.WebUiBuiltInKeywords$click$3.call(Unknown Source)
	at TC_05_changePassword_wrong_new_password.run(TC_05_changePassword_wrong_new_password:48)
	at com.kms.katalon.core.main.ScriptEngine.run(ScriptEngine.java:194)
	at com.kms.katalon.core.main.ScriptEngine.runScriptAsRawText(ScriptEngine.java:119)
	at com.kms.katalon.core.main.TestCaseExecutor.runScript(TestCaseExecutor.java:337)
	at com.kms.katalon.core.main.TestCaseExecutor.doExecute(TestCaseExecutor.java:328)
	at com.kms.katalon.core.main.TestCaseExecutor.processExecutionPhase(TestCaseExecutor.java:307)
	at com.kms.katalon.core.main.TestCaseExecutor.accessMainPhase(TestCaseExecutor.java:299)
	at com.kms.katalon.core.main.TestCaseExecutor.execute(TestCaseExecutor.java:233)
	at com.kms.katalon.core.main.TestSuiteExecutor.accessTestCaseMainPhase(TestSuiteExecutor.java:169)
	at com.kms.katalon.core.main.TestSuiteExecutor.accessTestSuiteMainPhase(TestSuiteExecutor.java:142)
	at com.kms.katalon.core.main.TestSuiteExecutor.execute(TestSuiteExecutor.java:91)
	at com.kms.katalon.core.main.TestCaseMain.startTestSuite(TestCaseMain.java:157)
	at com.kms.katalon.core.main.TestCaseMain$startTestSuite$0.call(Unknown Source)
	at TempTestSuite1591354937913.run(TempTestSuite1591354937913.groovy:37)
Caused by: com.kms.katalon.core.webui.exception.WebElementNotFoundException: Web element with id: 'Object Repository/Page_Town Square - test Mattermost/label_Your password must contain between 5 _b964be' located by 'By.xpath: //label[@id='clientError']' not found
	at com.kms.katalon.core.webui.common.WebUiCommonHelper.findWebElement(WebUiCommonHelper.java:1154)
	at com.kms.katalon.core.webui.keyword.internal.WebUIAbstractKeyword.findWebElement(WebUIAbstractKeyword.groovy:27)
	at com.kms.katalon.core.webui.keyword.internal.WebUIAbstractKeyword.findWebElement(WebUIAbstractKeyword.groovy:26)
	at com.kms.katalon.core.webui.keyword.builtin.ClickKeyword$_click_closure1.doCall(ClickKeyword.groovy:67)
	at com.kms.katalon.core.webui.keyword.builtin.ClickKeyword$_click_closure1.call(ClickKeyword.groovy)
	at com.kms.katalon.core.webui.keyword.internal.WebUIKeywordMain.runKeyword(WebUIKeywordMain.groovy:20)
	... 19 more]]></system-err>
      </testcase>
      <testcase name="Test Cases/api/TC_41_APT_create_new_channel" time="1.611" classname="Test Cases/api/TC_41_APT_create_new_channel" status="PASSED">
         <system-out><![CDATA[2020-06-05 18:16:45 - [TEST_CASE][PASSED] - Test Cases/api/TC_41_APT_create_new_channel: Test Cases/api/TC_41_APT_create_new_channel

2020-06-05 18:16:45 - [TEST_STEP][PASSED] - sendRequest(findTestObject("API_TEST/41_API_POST_create_new_channel")): Send request successfully

2020-06-05 18:16:46 - [MESSAGE][INFO] - HAR: C:\Users\Van Hoang\git\1512660_hw2_katalon\Reports\20200605_180217\Run all test cases\20200605_180217\requests\main\0.har

2020-06-05 18:16:47 - [MESSAGE][PASSED] - Send request successfully]]></system-out>
         <system-err><![CDATA[]]></system-err>
      </testcase>
      <testcase name="Test Cases/api/TC_42_API_change_channel_name" time="1.454" classname="Test Cases/api/TC_42_API_change_channel_name" status="PASSED">
         <system-out><![CDATA[2020-06-05 18:16:47 - [TEST_CASE][PASSED] - Test Cases/api/TC_42_API_change_channel_name: Test Cases/api/TC_42_API_change_channel_name

2020-06-05 18:16:47 - [TEST_STEP][PASSED] - sendRequest(findTestObject("API_TEST/42_API_PUT_change_channel_name")): Send request successfully

2020-06-05 18:16:48 - [MESSAGE][INFO] - HAR: C:\Users\Van Hoang\git\1512660_hw2_katalon\Reports\20200605_180217\Run all test cases\20200605_180217\requests\main\1.har

2020-06-05 18:16:48 - [MESSAGE][PASSED] - Send request successfully]]></system-out>
         <system-err><![CDATA[]]></system-err>
      </testcase>
      <testcase name="Test Cases/api/TC_43_API_change_team_name" time="1.097" classname="Test Cases/api/TC_43_API_change_team_name" status="PASSED">
         <system-out><![CDATA[2020-06-05 18:16:48 - [TEST_CASE][PASSED] - Test Cases/api/TC_43_API_change_team_name: Test Cases/api/TC_43_API_change_team_name

2020-06-05 18:16:48 - [TEST_STEP][PASSED] - sendRequest(findTestObject("API_TEST/43_API_PUT_change_teams_name")): Send request successfully

2020-06-05 18:16:49 - [MESSAGE][INFO] - HAR: C:\Users\Van Hoang\git\1512660_hw2_katalon\Reports\20200605_180217\Run all test cases\20200605_180217\requests\main\2.har

2020-06-05 18:16:49 - [MESSAGE][PASSED] - Send request successfully]]></system-out>
         <system-err><![CDATA[]]></system-err>
      </testcase>
      <testcase name="Test Cases/api/TC_44_API_change_user_role" time="1.12" classname="Test Cases/api/TC_44_API_change_user_role" status="PASSED">
         <system-out><![CDATA[2020-06-05 18:16:49 - [TEST_CASE][PASSED] - Test Cases/api/TC_44_API_change_user_role: Test Cases/api/TC_44_API_change_user_role

2020-06-05 18:16:49 - [TEST_STEP][PASSED] - sendRequest(findTestObject("API_TEST/44_API_PUT_change_user_role")): Send request successfully

2020-06-05 18:16:50 - [MESSAGE][INFO] - HAR: C:\Users\Van Hoang\git\1512660_hw2_katalon\Reports\20200605_180217\Run all test cases\20200605_180217\requests\main\3.har

2020-06-05 18:16:50 - [MESSAGE][PASSED] - Send request successfully]]></system-out>
         <system-err><![CDATA[]]></system-err>
      </testcase>
      <testcase name="Test Cases/api/TC_45_API_change_user_name" time="1.092" classname="Test Cases/api/TC_45_API_change_user_name" status="PASSED">
         <system-out><![CDATA[2020-06-05 18:16:50 - [TEST_CASE][PASSED] - Test Cases/api/TC_45_API_change_user_name: Test Cases/api/TC_45_API_change_user_name

2020-06-05 18:16:50 - [TEST_STEP][PASSED] - sendRequest(findTestObject("API_TEST/45_API_PUT_change_name")): Send request successfully

2020-06-05 18:16:51 - [MESSAGE][INFO] - HAR: C:\Users\Van Hoang\git\1512660_hw2_katalon\Reports\20200605_180217\Run all test cases\20200605_180217\requests\main\4.har

2020-06-05 18:16:51 - [MESSAGE][PASSED] - Send request successfully]]></system-out>
         <system-err><![CDATA[]]></system-err>
      </testcase>
      <testcase name="Test Cases/api/TC_46_API_team_info" time="1.112" classname="Test Cases/api/TC_46_API_team_info" status="PASSED">
         <system-out><![CDATA[2020-06-05 18:16:51 - [TEST_CASE][PASSED] - Test Cases/api/TC_46_API_team_info: Test Cases/api/TC_46_API_team_info

2020-06-05 18:16:51 - [TEST_STEP][PASSED] - sendRequest(findTestObject("API_TEST/46_API_GET_team_inf")): Send request successfully

2020-06-05 18:16:52 - [MESSAGE][INFO] - HAR: C:\Users\Van Hoang\git\1512660_hw2_katalon\Reports\20200605_180217\Run all test cases\20200605_180217\requests\main\5.har

2020-06-05 18:16:52 - [MESSAGE][PASSED] - Send request successfully]]></system-out>
         <system-err><![CDATA[]]></system-err>
      </testcase>
      <testcase name="Test Cases/api/TC_47_API_channel_info" time="1.102" classname="Test Cases/api/TC_47_API_channel_info" status="PASSED">
         <system-out><![CDATA[2020-06-05 18:16:52 - [TEST_CASE][PASSED] - Test Cases/api/TC_47_API_channel_info: Test Cases/api/TC_47_API_channel_info

2020-06-05 18:16:53 - [TEST_STEP][PASSED] - sendRequest(findTestObject("API_TEST/47_API_GET_channel_inf")): Send request successfully

2020-06-05 18:16:54 - [MESSAGE][INFO] - HAR: C:\Users\Van Hoang\git\1512660_hw2_katalon\Reports\20200605_180217\Run all test cases\20200605_180217\requests\main\6.har

2020-06-05 18:16:54 - [MESSAGE][PASSED] - Send request successfully]]></system-out>
         <system-err><![CDATA[]]></system-err>
      </testcase>
      <testcase name="Test Cases/api/TC_48_API_user_info" time="0.61" classname="Test Cases/api/TC_48_API_user_info" status="PASSED">
         <system-out><![CDATA[2020-06-05 18:16:54 - [TEST_CASE][PASSED] - Test Cases/api/TC_48_API_user_info: Test Cases/api/TC_48_API_user_info

2020-06-05 18:16:54 - [TEST_STEP][PASSED] - sendRequest(findTestObject("API_TEST/48_API_GET_user")): Send request successfully

2020-06-05 18:16:54 - [MESSAGE][INFO] - HAR: C:\Users\Van Hoang\git\1512660_hw2_katalon\Reports\20200605_180217\Run all test cases\20200605_180217\requests\main\7.har

2020-06-05 18:16:54 - [MESSAGE][PASSED] - Send request successfully]]></system-out>
         <system-err><![CDATA[]]></system-err>
      </testcase>
      <testcase name="Test Cases/api/TC_49_API_find_user" time="1.11" classname="Test Cases/api/TC_49_API_find_user" status="PASSED">
         <system-out><![CDATA[2020-06-05 18:16:54 - [TEST_CASE][PASSED] - Test Cases/api/TC_49_API_find_user: Test Cases/api/TC_49_API_find_user

2020-06-05 18:16:54 - [TEST_STEP][PASSED] - sendRequest(findTestObject("API_TEST/49_API_POST_user_byusn")): Send request successfully

2020-06-05 18:16:55 - [MESSAGE][INFO] - HAR: C:\Users\Van Hoang\git\1512660_hw2_katalon\Reports\20200605_180217\Run all test cases\20200605_180217\requests\main\8.har

2020-06-05 18:16:55 - [MESSAGE][PASSED] - Send request successfully]]></system-out>
         <system-err><![CDATA[]]></system-err>
      </testcase>
      <testcase name="Test Cases/api/TC_50_API_login" time="1.386" classname="Test Cases/api/TC_50_API_login" status="PASSED">
         <system-out><![CDATA[2020-06-05 18:16:55 - [TEST_CASE][PASSED] - Test Cases/api/TC_50_API_login: Test Cases/api/TC_50_API_login

2020-06-05 18:16:55 - [TEST_STEP][PASSED] - sendRequest(findTestObject("API_TEST/50_API_POST_login")): Send request successfully

2020-06-05 18:16:57 - [MESSAGE][INFO] - HAR: C:\Users\Van Hoang\git\1512660_hw2_katalon\Reports\20200605_180217\Run all test cases\20200605_180217\requests\main\9.har

2020-06-05 18:16:57 - [MESSAGE][PASSED] - Send request successfully]]></system-out>
         <system-err><![CDATA[]]></system-err>
      </testcase>
      <system-out><![CDATA[2020-06-05 18:02:25 - [TEST_SUITE][FAILED] - Run all test cases: Test Cases/datadriven/csv/TC_04_changePassword_success FAILED.
Reason:
com.kms.katalon.core.exception.StepFailedException: Unable to click on object 'Object Repository/Page_Town Square - test Mattermost/label_Your password must contain between 5 _b964be'
	at com.kms.katalon.core.webui.keyword.internal.WebUIKeywordMain.stepFailed(WebUIKeywordMain.groovy:64)
	at com.kms.katalon.core.webui.keyword.internal.WebUIKeywordMain.runKeyword(WebUIKeywordMain.groovy:26)
	at com.kms.katalon.core.webui.keyword.builtin.ClickKeyword.click(ClickKeyword.groovy:76)
	at com.kms.katalon.core.webui.keyword.builtin.ClickKeyword.execute(ClickKeyword.groovy:43)
	at com.kms.katalon.core.keyword.internal.KeywordExecutor.executeKeywordForPlatform(KeywordExecutor.groovy:72)
	at com.kms.katalon.core.webui.keyword.WebUiBuiltInKeywords.click(WebUiBuiltInKeywords.groovy:616)
	at com.kms.katalon.core.webui.keyword.WebUiBuiltInKeywords$click$3.call(Unknown Source)
	at TC_04_changePassword_success.run(TC_04_changePassword_success:48)
	at com.kms.katalon.core.main.ScriptEngine.run(ScriptEngine.java:194)
	at com.kms.katalon.core.main.ScriptEngine.runScriptAsRawText(ScriptEngine.java:119)
	at com.kms.katalon.core.main.TestCaseExecutor.runScript(TestCaseExecutor.java:337)
	at com.kms.katalon.core.main.TestCaseExecutor.doExecute(TestCaseExecutor.java:328)
	at com.kms.katalon.core.main.TestCaseExecutor.processExecutionPhase(TestCaseExecutor.java:307)
	at com.kms.katalon.core.main.TestCaseExecutor.accessMainPhase(TestCaseExecutor.java:299)
	at com.kms.katalon.core.main.TestCaseExecutor.execute(TestCaseExecutor.java:233)
	at com.kms.katalon.core.main.TestSuiteExecutor.accessTestCaseMainPhase(TestSuiteExecutor.java:169)
	at com.kms.katalon.core.main.TestSuiteExecutor.accessTestSuiteMainPhase(TestSuiteExecutor.java:142)
	at com.kms.katalon.core.main.TestSuiteExecutor.execute(TestSuiteExecutor.java:91)
	at com.kms.katalon.core.main.TestCaseMain.startTestSuite(TestCaseMain.java:157)
	at com.kms.katalon.core.main.TestCaseMain$startTestSuite$0.call(Unknown Source)
	at TempTestSuite1591354937913.run(TempTestSuite1591354937913.groovy:37)
Caused by: com.kms.katalon.core.webui.exception.WebElementNotFoundException: Web element with id: 'Object Repository/Page_Town Square - test Mattermost/label_Your password must contain between 5 _b964be' located by 'By.xpath: //label[@id='clientError']' not found
	at com.kms.katalon.core.webui.common.WebUiCommonHelper.findWebElement(WebUiCommonHelper.java:1154)
	at com.kms.katalon.core.webui.keyword.internal.WebUIAbstractKeyword.findWebElement(WebUIAbstractKeyword.groovy:27)
	at com.kms.katalon.core.webui.keyword.internal.WebUIAbstractKeyword.findWebElement(WebUIAbstractKeyword.groovy:26)
	at com.kms.katalon.core.webui.keyword.builtin.ClickKeyword$_click_closure1.doCall(ClickKeyword.groovy:67)
	at com.kms.katalon.core.webui.keyword.builtin.ClickKeyword$_click_closure1.call(ClickKeyword.groovy)
	at com.kms.katalon.core.webui.keyword.internal.WebUIKeywordMain.runKeyword(WebUIKeywordMain.groovy:20)
	... 19 more]]></system-out>
      <system-err><![CDATA[2020-06-05 18:02:25 - [TEST_SUITE][FAILED] - Run all test cases: Test Cases/datadriven/csv/TC_04_changePassword_success FAILED.
Reason:
com.kms.katalon.core.exception.StepFailedException: Unable to click on object 'Object Repository/Page_Town Square - test Mattermost/label_Your password must contain between 5 _b964be'
	at com.kms.katalon.core.webui.keyword.internal.WebUIKeywordMain.stepFailed(WebUIKeywordMain.groovy:64)
	at com.kms.katalon.core.webui.keyword.internal.WebUIKeywordMain.runKeyword(WebUIKeywordMain.groovy:26)
	at com.kms.katalon.core.webui.keyword.builtin.ClickKeyword.click(ClickKeyword.groovy:76)
	at com.kms.katalon.core.webui.keyword.builtin.ClickKeyword.execute(ClickKeyword.groovy:43)
	at com.kms.katalon.core.keyword.internal.KeywordExecutor.executeKeywordForPlatform(KeywordExecutor.groovy:72)
	at com.kms.katalon.core.webui.keyword.WebUiBuiltInKeywords.click(WebUiBuiltInKeywords.groovy:616)
	at com.kms.katalon.core.webui.keyword.WebUiBuiltInKeywords$click$3.call(Unknown Source)
	at TC_04_changePassword_success.run(TC_04_changePassword_success:48)
	at com.kms.katalon.core.main.ScriptEngine.run(ScriptEngine.java:194)
	at com.kms.katalon.core.main.ScriptEngine.runScriptAsRawText(ScriptEngine.java:119)
	at com.kms.katalon.core.main.TestCaseExecutor.runScript(TestCaseExecutor.java:337)
	at com.kms.katalon.core.main.TestCaseExecutor.doExecute(TestCaseExecutor.java:328)
	at com.kms.katalon.core.main.TestCaseExecutor.processExecutionPhase(TestCaseExecutor.java:307)
	at com.kms.katalon.core.main.TestCaseExecutor.accessMainPhase(TestCaseExecutor.java:299)
	at com.kms.katalon.core.main.TestCaseExecutor.execute(TestCaseExecutor.java:233)
	at com.kms.katalon.core.main.TestSuiteExecutor.accessTestCaseMainPhase(TestSuiteExecutor.java:169)
	at com.kms.katalon.core.main.TestSuiteExecutor.accessTestSuiteMainPhase(TestSuiteExecutor.java:142)
	at com.kms.katalon.core.main.TestSuiteExecutor.execute(TestSuiteExecutor.java:91)
	at com.kms.katalon.core.main.TestCaseMain.startTestSuite(TestCaseMain.java:157)
	at com.kms.katalon.core.main.TestCaseMain$startTestSuite$0.call(Unknown Source)
	at TempTestSuite1591354937913.run(TempTestSuite1591354937913.groovy:37)
Caused by: com.kms.katalon.core.webui.exception.WebElementNotFoundException: Web element with id: 'Object Repository/Page_Town Square - test Mattermost/label_Your password must contain between 5 _b964be' located by 'By.xpath: //label[@id='clientError']' not found
	at com.kms.katalon.core.webui.common.WebUiCommonHelper.findWebElement(WebUiCommonHelper.java:1154)
	at com.kms.katalon.core.webui.keyword.internal.WebUIAbstractKeyword.findWebElement(WebUIAbstractKeyword.groovy:27)
	at com.kms.katalon.core.webui.keyword.internal.WebUIAbstractKeyword.findWebElement(WebUIAbstractKeyword.groovy:26)
	at com.kms.katalon.core.webui.keyword.builtin.ClickKeyword$_click_closure1.doCall(ClickKeyword.groovy:67)
	at com.kms.katalon.core.webui.keyword.builtin.ClickKeyword$_click_closure1.call(ClickKeyword.groovy)
	at com.kms.katalon.core.webui.keyword.internal.WebUIKeywordMain.runKeyword(WebUIKeywordMain.groovy:20)
	... 19 more]]></system-err>
   </testsuite>
</testsuites>
